Clearnesse Freyview Marbleiron Foxvale Morwald Woodice Valhaven Courtcastle Westvale Violetley Eriwall Oldmoor Morwall Butterbush Oakmere Esterfall Goldwyvern Dellwyn Newby Buttermead Corbank Ironriver Courtwall Foxhaven Ironshore Clearnesse
25
Clearnesse Clearnesse
Freyview Freyview
Marbleiron Marbleiron
Foxvale Foxvale
Morwald Morwald
Woodice Woodice
Valhaven Valhaven
Courtcastle Courtcastle
Westvale Westvale
Violetley Violetley
Eriwall Eriwall
Oldmoor Oldmoor
Morwall Morwall
Butterbush Butterbush
Oakmere Oakmere
Esterfall Esterfall
Goldwyvern Goldwyvern
Dellwyn Dellwyn
Newby Newby
Buttermead Buttermead
Corbank Corbank
Ironriver Ironriver
Courtwall Courtwall
Foxhaven Foxhaven
Ironshore Ironshore
