Shoreburn Mallowway Woodice Eastcastle Butterhill Corbank Bushgate Westerlight Butterway Esterash Silverlea Esterfall Rosegate Fairsage Strongfall Orbarrow Butterbush Clearland Courtwall Oldmoor Wooddell Flowerfield Morwald Redlake Bluelake Morwall Violetfay Applecastle Southwheat Highmont Deephedge Fogland Wildemarsh Snowshore Silverbarrow Courtcastle Brightrock Buttermead Freymere Northwynne Fairice Windbridge Stonefair Goldcrest Lightmere Coldville Newmill Ironriver Ironshore Valhaven Starryhill Ostwynne Springfox Violetley Wellbank Janholt Marbleiron Silverwitch Mallowbridge Stoneglass Dellwyn Northriver Rosemill Icenesse Courtedge Seamoor Bluedell Greenshore Southpine Goldwyvern Eriwall Wolflea Snowsage Greyice Irondeer Newby Freyview Mallowness Redwell Erilyn Blackbush Clearnesse Fieldedge Brightmere Flowermill Westvale Summermage Greensummer Oakmere Orfort Bluedale Lochmage Shoreburn
92
Shoreburn Shoreburn
Mallowway Mallowway
Woodice Westmill Woodice
Eastcastle Eastcastle
Butterhill Butterhill
Corbank Corbank
Bushgate Bushgate
Westerlight Bluewyn Westerlight
Butterway Butterway
Esterash Esterash
Silverlea Silverlea
Esterfall Wellmage Esterfall
Rosegate Rosegate
Fairsage Fairsage
Strongfall Strongfall
Orbarrow Orbarrow
Butterbush Butterbush
Clearland Clearland
Courtwall Courtwall
Oldmoor Verthedge Oldmoor
Wooddell Wooddell
Flowerfield Flowerfield
Morwald Morwald
Redlake Redlake
Bluelake Bluelake
Morwall Morwall
Violetfay Violetfay
Applecastle Applecastle
Southwheat Southwheat
Highmont Highmont
Deephedge Deephedge
Fogland Fogland
Wildemarsh Wildemarsh
Snowshore Snowshore
Silverbarrow Silverbarrow
Courtcastle Courtcastle
Brightrock Brightrock
Buttermead Buttermead
Freymere Freymere
Northwynne Northwynne
Fairice Fairice
Windbridge Windbridge
Stonefair Stonefair
Goldcrest Goldcrest
Lightmere Lightmere
Coldville Coldville
Newmill Newmill
Ironriver Ironriver
Ironshore Ironshore
Valhaven Valhaven
Starryhill Foxhaven Starryhill
Ostwynne Ostwynne
Springfox Springfox
Violetley Violetley
Wellbank Wellbank
Janholt Janholt
Marbleiron Marbleiron
Silverwitch Silverwitch
Mallowbridge Mallowbridge
Stoneglass Stoneglass
Dellwyn Mistshore Dellwyn
Northriver Northriver
Rosemill Rosemill
Icenesse Icenesse
Courtedge Courtedge
Seamoor Seamoor
Bluedell Bluedell
Greenshore Greenshore
Southpine Southpine
Goldwyvern Goldwyvern
Eriwall Foxvale Eriwall
Wolflea Wolflea
Snowsage Snowsage
Greyice Greyice
Irondeer Irondeer
Newby Newby
Freyview Freyview
Mallowness Mallowness
Redwell Redwell
Erilyn Erilyn
Blackbush Blackbush
Clearnesse Clearnesse
Fieldedge Fieldedge
Brightmere Newley Brightmere
Flowermill Flowermill
Westvale Westvale
Summermage Summermage
Greensummer Greensummer
Oakmere Oakmere
Orfort Orfort
Bluedale Bluedale
Lochmage Lochmage
