Brightmere Westmill Butterbush Bluedell Freyview Foxvale Corbank Goldwyvern Oldmoor Morwald Wellmage Lightmere Esterfall Southwheat Oakmere Greenshore Eastcastle Courtcastle Ironriver Greyice Valhaven Foxhaven Buttermead Rosemill Westerlight Erilyn Violetley Wolflea Bushgate Westvale Newby Clearland Ironshore Woodice Eriwall Stoneglass Fairsage Dellwyn Clearnesse Stonefair Esterash Morwall Wildemarsh Marbleiron Lochmage Snowshore Newley Irondeer Brightmere
48
Brightmere Brightmere
Westmill Westmill
Butterbush Butterbush
Bluedell Courtwall Bluedell
Freyview Freyview
Foxvale Foxvale
Corbank Corbank
Goldwyvern Goldwyvern
Oldmoor Oldmoor
Morwald Morwald
Wellmage Wellmage
Lightmere Lightmere
Esterfall Esterfall
Southwheat Southwheat
Oakmere Oakmere
Greenshore Greenshore
Eastcastle Eastcastle
Courtcastle Courtcastle
Ironriver Ironriver
Greyice Greyice
Valhaven Valhaven
Foxhaven Foxhaven
Buttermead Buttermead
Rosemill Rosemill
Westerlight Westerlight
Erilyn Erilyn
Violetley Shoreburn Violetley
Wolflea Wolflea
Bushgate Bushgate
Westvale Westvale
Newby Newby
Clearland Clearland
Ironshore Ironshore
Woodice Woodice
Eriwall Eriwall
Stoneglass Stoneglass
Fairsage Fairsage
Dellwyn Dellwyn
Clearnesse Clearnesse
Stonefair Stonefair
Esterash Esterash
Morwall Morwall
Wildemarsh Wildemarsh
Marbleiron Marbleiron
Lochmage Lochmage
Snowshore Snowshore
Newley Newley
Irondeer Irondeer
