129 99 31 88 115 197 51 34 48 97 101 170 73 170 200 197 51 34 109 184 85 133 13 92 110 154 196 154 110 10 118 13 92 121 192 121 92 179 76 179 92 13 118 10 118 45 94 27 165 40 3 90 71 64 119 94 139 19 43 72 21 72 79 72 21 101 170 200 160 108 11 96 70 25 46 2 4 138 102 133 106 181 8 142 8 181 32 145 99 129
43
31 61 31
88 1 88
115 115
34 34
97 97
101 148 52
73 73 136
170 58
109 109
184 184
85 85
133 133
13 13
154 193 154
196 37 196
110 157
10 28 10 100
192 103 175
121 121
92 124
76 49 76
118 166 22 118
94 94
40 40
90 91
64 64
119 163
139 139
19 19 7
43 43
21 190 151 67
79 112 79
160 160
70 70
25 16 25
46 46
2 55
4 4
106 178 106
181 181 169
142 130 142
32 187
145 127 172 145 82
