FacultyClub EarthquakeLibrary Morrison Sproul BanwayBuilding BerkeleyLawLibrary CITRIS MathLibrary Koshland MSRI AquaticCenter Bowles Bechtel WooHonFai BrainImagingCenter LawSchool Boalt ArtHistoryLibrary Durham AlumniHouse McCone HearstFieldAnnex NewspapersLibrary AnthropologyLibrary StudentUnion LawrenceofScience SproulPlaza Etcheverry Underhill EarthLibrary TAAP NorthGate Pimentel OptometryLibrary Jacobs BioscienceLibrary SEAsianLibrary FoundersRock Warren UniversityHouse MartinezCommons PacificFilmArchive Cheit StowPlaza Senior EthnicLibrary MelvinLaboratory Investigative HearstGreekTheatre Hilgard DonnerLaboratory MediaCenter UpperHearstParking VisualCenter AndersenAuditorium MaxwellField SimpsonCenter FoxCottage Davis Latimer CesarChavez Durant Wellman Wheeler CareerCenter EnergyBuilding OBrien Stephens Birge LeConte Campbell IRLE SpringerGateway IdaHouse EngineeringLibrary LatinAmerican BerkeleyWayWest Unit3 Stanley HearstFountain Hildebrand Mulford BancroftDance Giauque MLK BancroftLibrary Library FPF HealthServices EastAsianLibrary PhysicsLibrary BioscienceLibrary FacultyClub
91
FacultyClub FacultyClub
EarthquakeLibrary EarthquakeLibrary
Morrison Morrison
Sproul Sproul
BanwayBuilding BanwayBuilding
BerkeleyLawLibrary BerkeleyLawLibrary
CITRIS Spieker CITRIS
MathLibrary MathLibrary
Koshland Koshland
MSRI MSRI
AquaticCenter AquaticCenter
Bowles Bowles
Bechtel Bechtel
WooHonFai WooHonFai
BrainImagingCenter SocialLibrary BrainImagingCenter
LawSchool LawSchool
Boalt Boalt
ArtHistoryLibrary ArtHistoryLibrary
Durham Durham
AlumniHouse AlumniHouse
McCone McCone
HearstFieldAnnex HearstFieldAnnex
NewspapersLibrary NewspapersLibrary
AnthropologyLibrary AnthropologyLibrary
StudentUnion StudentUnion
LawrenceofScience LawrenceofScience
SproulPlaza SproulPlaza
Etcheverry Etcheverry
Underhill Underhill
EarthLibrary EarthLibrary
TAAP Manville TAAP
NorthGate NorthGate
Pimentel HearstGym Pimentel
OptometryLibrary OptometryLibrary
Jacobs Jacobs
BioscienceLibrary BioscienceLibrary
SEAsianLibrary SEAsianLibrary
FoundersRock FoundersRock
Warren Warren
UniversityHouse UniversityHouse
MartinezCommons MartinezCommons
PacificFilmArchive PacificFilmArchive
Cheit Cheit
StowPlaza StowPlaza
Senior Senior
EthnicLibrary EthnicLibrary
MelvinLaboratory MelvinLaboratory
Investigative Investigative
HearstGreekTheatre HearstGreekTheatre
Hilgard Hilgard
DonnerLaboratory DonnerLaboratory
MediaCenter MediaCenter
UpperHearstParking UpperHearstParking
VisualCenter VisualCenter
AndersenAuditorium AndersenAuditorium
MaxwellField MaxwellField
SimpsonCenter SimpsonCenter
FoxCottage FoxCottage
Davis InternationalHouse Davis
Latimer Latimer
CesarChavez CesarChavez
Durant Durant
Wellman Wellman
Wheeler Wheeler
CareerCenter Soda CareerCenter
EnergyBuilding EnergyBuilding
OBrien OBrien
Stephens Stephens
Birge Birge
LeConte LeConte
Campbell Campbell
IRLE IRLE
SpringerGateway SpringerGateway
IdaHouse IdaHouse
EngineeringLibrary EngineeringLibrary
LatinAmerican LatinAmerican
BerkeleyWayWest BerkeleyWayWest
Unit3 Unit3
Stanley Stanley
HearstFountain VLSB HearstFountain
Hildebrand Hildebrand
Mulford Mulford
BancroftDance BancroftDance
Giauque Giauque
MLK MLK
BancroftLibrary SutardjaDai BancroftLibrary
Library Library
FPF FPF
HealthServices HealthServices
EastAsianLibrary EastAsianLibrary
PhysicsLibrary Evans PhysicsLibrary
