FacultyClub Etcheverry HearstGym BioscienceLibrary Manville Hilgard Cheit Wheeler Durham MartinezCommons SutardjaDai UniversityHouse FPF EarthquakeLibrary Spieker Warren Mulford Morrison BrainImagingCenter PacificFilmArchive LawrenceofScience OBrien FacultyClub
21
FacultyClub FacultyClub
Etcheverry Etcheverry
HearstGym HearstGym
BioscienceLibrary BioscienceLibrary
Manville Pimentel Manville
Hilgard Hilgard
Cheit Cheit
Wheeler Wheeler
Durham Durham
MartinezCommons SproulPlaza
SutardjaDai SutardjaDai
UniversityHouse UniversityHouse
FPF FPF
EarthquakeLibrary EarthquakeLibrary
Spieker CareerCenter Spieker
Mulford Mulford
Morrison Morrison
BrainImagingCenter StudentUnion BrainImagingCenter
PacificFilmArchive PacificFilmArchive
LawrenceofScience LawrenceofScience
OBrien Library OBrien
