FacultyClub EarthquakeLibrary Durham IRLE Cheit Investigative MartinezCommons UniversityHouse SproulPlaza EarthLibrary StudentUnion SutardjaDai Warren OBrien Spieker ArtHistoryLibrary MediaCenter BioscienceLibrary BancroftDance NewspapersLibrary LawrenceofScience EnergyBuilding HearstGym Unit3 Jacobs BrainImagingCenter Mulford SutardjaDai InternationalHouse Etcheverry FacultyClub CITRIS DonnerLaboratory FacultyClub Koshland MelvinLaboratory FPF Birge StowPlaza Sproul AnthropologyLibrary OptometryLibrary Library AndersenAuditorium Stephens Morrison FacultyClub
43
FacultyClub FacultyClub
EarthquakeLibrary EarthquakeLibrary
Durham Durham
IRLE IRLE
Cheit Wheeler Cheit
Investigative Investigative
MartinezCommons MartinezCommons
UniversityHouse UniversityHouse
SproulPlaza SproulPlaza
EarthLibrary EarthLibrary
StudentUnion StudentUnion
SutardjaDai SutardjaDai
Warren PacificFilmArchive Warren
OBrien OBrien
Spieker Spieker
ArtHistoryLibrary ArtHistoryLibrary
MediaCenter MediaCenter
BioscienceLibrary Hilgard BioscienceLibrary
BancroftDance BancroftDance
NewspapersLibrary NewspapersLibrary
LawrenceofScience LawrenceofScience
EnergyBuilding EnergyBuilding
HearstGym HearstGym
Unit3 Manville Unit3
Jacobs Pimentel Jacobs
BrainImagingCenter BrainImagingCenter
Mulford Mulford
InternationalHouse InternationalHouse
Etcheverry Etcheverry
CITRIS CITRIS
DonnerLaboratory SpringerGateway DonnerLaboratory
Koshland Koshland
MelvinLaboratory MelvinLaboratory
FPF FPF
Birge Birge
StowPlaza CareerCenter StowPlaza
Sproul Sproul
AnthropologyLibrary AnthropologyLibrary
OptometryLibrary OptometryLibrary
Library Library
AndersenAuditorium AndersenAuditorium
Stephens Stephens
Morrison Morrison
