0 60 52 172 153 35 6 90 25 141 178 49 103 139 18 67 71 113 106 96 91 105 66 114 135 56 19 82 117 158 44 80 197 134 26 133 13 3 94 173 175 188 161 42 32 181 47 33 8 171 180 92 154 123 75 97 199 168 99 87 48 174 136 69 167 162 64 132 143 119 195 177 15 51 145 76 191 65 55 17 38 85 131 149 120 148 88 155 102 169 0
88
60 112 60
52 52
172 172
153 153
35 74 35
90 90
25 25
141 141
178 178
49 93 49
103 46 103
139 139
18 18
67 67
71 73 71
113 113
106 106
96 96
91 91
105 105
66 58
114 140 114
135 135
56 56
19 19
82 82
117 117
158 158
44 44
80 80
197 197
134 134
26 26
133 133
13 13
3 3
94 94
173 173
175 175
188 188
161 161
42 42
32 32
181 181
47 47
33 170 33
8 8
171 171
180 180
92 92
154 154
123 123
75 75
97 97
199 199
168 168
99 99
87 87
48 77 48
174 174
136 136
69 124 69
167 167
162 162
64 64
132 132
143 143
119 119
195 195
177 177
15 15
51 51
145 145
76 76
191 191
65 65
55 55
17 17
38 38
85 85
131 131
149 149
120 120
148 148
88 88
155 155
102 102
169 83 169
