1 15 2 32 87 107 23 104 61 193 86 164 94 52 82 26 48 89 14 22 63 36 86 18 92 28 84 172 62 92 97 24 97 25 4 10 77 25 100 58 17 58 35 57 78 3 55 19 161 69 13 66 31 66 70 80 88 44 40 44 59 33 9 99 141 67 41 16 12 52 46 52 98 52 12 64 42 95 53 55 136 72 82 28 83 167 101 159 39 71 9 111 96 5 30 69 68 76 79 32 2 96 111 75 65 54 65 1
74
1 7
15 15
2 2
32 32
87 27 87
23 23
104 73
61 93 38 61
86 86
94 11 94
52 52
82 82
26 26
48 48
89 89
14 14
22 22
63 63
18 18
92 92
28 28
84 84
62 62
97 97
24 37 24
25 25
4 81 4
77 49 77
100 100
58 58
17 50 17
35 35
57 60 57
78 78
3 3
19 19
69 69
13 8 5 13
66 66 43
31 47 31
70 70
80 36 20 80
88 34 88
44 44
40 45 40
59 59
33 85 29 33
99 99
67 67
41 41
16 16
12 51 12
46 46
98 98
64 64
42 42
95 95
53 21 6 53
55 55
72 74 56 72
83 83
101 101
39 39
71 71
9 9
111 91 90
30 30
68 68
76 76
79 79
96 96
75 75
65 65
54 10 54
