159 77 140 14 56 93 65 51 148 41 20 41 129 15 71 139 100 59 100 181 100 139 71 15 129 41 148 47 182 48 141 32 79 160 88 131 44 107 134 107 189 32 98 65 93 154 93 56 96 56 156 31 114 92 158 74 158 102 5 159 164 6 52 156 64 57 63 13 63 57 64 177 111 177 64 156 56 14 97 126 172 152 19 137 76 149 4 149 140 77 159 109 180 193 53 137 85 54 200 10 66 36 17 133 173 27 173 152 195 136 49 46 37 46 142 127 137 101 25 45 72 45 25 138 25 101 137 127 109 159
61
159 22
77 77 190
140 140
14 14
93 93
65 26 65 165
51 51
148 148
41 41
20 11 87
15 15 167
71 71 157
139 139
100 100 199
59 40 59
181 21 181
47 47
48 48
32 32 98
79 3 79
88 88
107 107
134 120 134
154 2 154
96 191 96
156 156
31 28 31
114 35 114
92 116
158 158 99
74 185 74
102 123 82 102
6 43 6 52
64 64
63 63 121
13 106 13
111 128 34 111
177 174
97 97
126 126
172 86 172
4 60 4
109 109
180 122 180
193 24 178 193
53 53
137 76 137
85 85
200 200
10 10
36 36
17 17
133 133
27 169 145
46 46 192
37 38 37
101 101 132
45 45
72 7 72
138 155 138
127 146 61
