Home46 Home48 Home82 Home15 Home13 Home30 Home55 Home60 Home86 Home35 Home39 Home41 Home71 Home17 Home44 Home62 Home14 Home24 Home64 Home48 Home82 Home89 Home31 Home38 Home8 Home49 Home9 Home49 Home83 Home63 Home83 Home49 Home88 Home85 Home88 Home49 Home46
20
Home48 Home48 Home80
Home82 Home82
Home15 Home57 Home13
Home30 Home5 Home30
Home55 Home55
Home60 Home60
Home35 Home68
Home39 Home42 Home39
Home41 Home41
Home71 Home11 Home71
Home62 Home62
Home24 Home27
Home64 Home40
Home31 Home31
Home9 Home45 Home9 Home28
Home49 Home49
Home83 Home83
Home63 Home69 Home66 Home63
Home88 Home33
Home85 Home12 Home85
