Home141 Home15 Home53 Home44 Home96 Home29 Home158 Home73 Home28 Home35 Home143 Home82 Home143 Home88 Home103 Home36 Home7 Home127 Home62 Home134 Home149 Home88 Home11 Home88 Home149 Home20 Home31 Home20 Home109 Home157 Home92 Home157 Home3 Home28 Home73 Home28 Home67 Home100 Home166 Home45 Home60 Home16 Home60 Home65 Home110 Home79 Home170 Home164 Home53 Home174 Home173 Home34 Home174 Home86 Home5 Home63 Home83 Home27 Home111 Home151 Home121 Home63 Home5 Home76 Home95 Home37 Home29 Home64 Home87 Home101 Home66 Home91 Home115 Home120 Home25 Home16 Home51 Home147 Home93 Home89 Home32 Home154 Home141
57
Home15 Home15
Home44 Home44
Home96 Home96
Home29 Home48
Home73 Home55 Home161 Home114 Home106
Home35 Home35
Home143 Home143 Home122
Home82 Home171 Home81 Home177 Home105 Home82
Home103 Home103
Home36 Home36
Home7 Home7
Home127 Home127
Home62 Home62
Home134 Home152 Home132 Home134
Home88 Home154 Home88
Home11 Home47 Home1 Home11
Home149 Home149
Home20 Home20
Home31 Home172 Home50 Home31
Home157 Home157
Home92 Home43 Home92
Home3 Home3
Home28 Home126 Home144
Home67 Home67
Home100 Home165 Home100
Home166 Home75
Home45 Home45
Home60 Home136 Home60
Home16 Home131 Home16 Home112
Home110 Home110
Home170 Home170
Home164 Home164
Home53 Home97 Home34 Home53
Home173 Home173
Home34 Home176
Home86 Home86
Home5 Home5 Home124
Home63 Home63
Home83 Home83
Home27 Home27
Home111 Home111
Home151 Home167
Home121 Home156 Home26
Home76 Home76
Home37 Home37 Home13
Home64 Home64
Home87 Home135 Home87
Home101 Home4
Home66 Home66
Home91 Home91
Home120 Home69 Home120
Home25 Home25 Home74
Home51 Home51
Home147 Home147
Home89 Home89
Home32 Home125 Home32
Home154 Home128
