K AL AX Z AD BX B CA BC N AA A BE G BT M F AJ AS BP AQ BA AB B AH Q BN BK CD CO J AF CH Y L BG BR BL D BO BQ P AE CR AI C AZ H T AG BV A AK D BJ BM E BY AT R X AW BI I BB AC O AM AR BW BU CC BF AV A CT AY E W CU AP CN CF CE CP B BZ CJ CM CL S AU CK CV CG K
89
K K
AL AL
AX AX
Z Z
AD AD
BX BX
CA CA
BC BC
N N
AA AA
BE BE
G G
BT BT
M M
F F
AJ AJ
AS AS
BP BP
AQ AQ
BA BA
AB AB
AH AH
Q Q
BN BD BN
BK BK
CD CD
CO CO
J J
AF CS AF
CH CH
Y Y
L L
BG BH BG
BR BR
BL BL
BO BO
BQ BQ
P P
AE AE
CR CR
AI AI
C C
AZ AZ
H H
T T
AG AG
BV BV
A A CI
AK AK
D D
BJ BJ
BM BM
BY BY
AT AT
R R
X X
AW CB AW
BI BI
I I
BB BB
AC AC
O O
AM AM
AR AR
BW BW
BU BU
CC CC
BF BS BF
AV AV
CT CT
AY AY
E E
W W
CU CU
AP U AP
CN CN
CF CQ CF
CE CE
CP CP
B B
BZ V BZ
CJ AO CJ
CM CM
CL CL
S S
AU AU
CK AN CK
CV CV
CG CG
