lllIl1I 11IIII1 lIIlII1 II11l1l lIIl11l IIlI1lI llIIII1 I111I1I 11Il111 Ill1I11 IlI1II1 11I1llI 1l11lII 11lI11I lII111l lll1111 l1lll11 lll1111 l1IllI1 IlI1Il1 l1IIl1l 1I1l1Il 11111lI lI1l111 l1lllll 1IlIl1I 1I1lllI lll1I1l I1llII1 l1IllI1 I11I111 l1IllI1 111lI1I IIlIllI Il1Il1I lI11III IlI1II1 1I1I1lI l1I111I 1111I11 II11l1l IIl1l1I I1llll1 Ill11II 11IIII1 lllIl1I
34
11IIII1 11IIII1
lIIlII1 lIIlII1
II11l1l II11l1l lIl111I
lIIl11l II1Il1I 1I1I1l1 lIIl11l
llIIII1 I11I11l llIIII1
I111I1I I111I1I
Ill1I11 Ill1I11
IlI1II1 IlI1II1
1l11lII 1l11lII
11lI11I 11lI11I
lII111l lII111l
l1lll11 l1Ill11 l1lll11
l1IllI1 1llI111 I1ll1II III1llI l1IllI1
IlI1Il1 IlI1Il1
l1IIl1l l1IIl1l
1I1l1Il 1I1l1Il
11111lI I11111l 11111lI
lI1l111 lI1l111 1l1lIlI 1I11Ill
l1lllll l1lllll
1IlIl1I 1IlIl1I
1I1lllI 1I1lllI
lll1I1l lIllIll lll1I1l
I1llII1 I1llII1
I11I111 ll111ll I11I111
111lI1I 111lI1I
IIlIllI IIlIllI
Il1Il1I Il1Il1I
lI11III III111I lI11III
1I1I1lI 1I1I1lI
l1I111I 1lIl11I l1I111I
1111I11 l1l11l1 llI1lII
IIl1l1I IIl1l1I
I1llll1 I1llll1
Ill11II Ill11II
