Satish CXLQGGJ746 PQ09CSX QJ0LM8 5HGKBK JOBN3N PL0UHK SKLZM VNYZ5QVO77 AO31B76 QHH48VD7JJ 07XQDCJI 2FB0FS3KWX OJ27JN021 7CRTCJA O2N6HBZK8 QL51A0KUT EG23K SUC1CH RX6VI 19LN S657MFMG K936 IQXEPH9QO B0H9VDIK 5N65HLXKU IEYK8 JSSS9HX U0LMCHUU 59E13RE 6HNG FPB1OLF3 EHS8A QAL7Z5UN ITHI7K6W1B F1G8HC F3YJ 0I7Y V4R09 N26J6EU AETBJC WQM0D4 R2POU4T ODSGN281 V7T5SI VNCFO QU5Y0N2LQ V1AX Satish
46
CXLQGGJ746 CXLQGGJ746
PQ09CSX PQ09CSX
QJ0LM8 QJ0LM8
5HGKBK 5HGKBK
JOBN3N JOBN3N
PL0UHK PL0UHK
SKLZM SKLZM
VNYZ5QVO77 VNYZ5QVO77
AO31B76 AO31B76
QHH48VD7JJ M6CD1Y QHH48VD7JJ
07XQDCJI 07XQDCJI
2FB0FS3KWX 2FB0FS3KWX
OJ27JN021 OJ27JN021
7CRTCJA 7CRTCJA
O2N6HBZK8 O2N6HBZK8
QL51A0KUT QL51A0KUT
EG23K EG23K
SUC1CH SUC1CH
RX6VI RX6VI
19LN 19LN
S657MFMG S657MFMG
K936 K936
IQXEPH9QO IQXEPH9QO
B0H9VDIK B0H9VDIK
5N65HLXKU 5N65HLXKU
IEYK8 IEYK8
JSSS9HX JSSS9HX
U0LMCHUU U0LMCHUU
59E13RE 59E13RE
6HNG 6HNG
FPB1OLF3 FPB1OLF3
EHS8A EHS8A
QAL7Z5UN QAL7Z5UN
ITHI7K6W1B ITHI7K6W1B
F1G8HC 6WSDW F1G8HC
F3YJ F3YJ
0I7Y 0I7Y
V4R09 V4R09
N26J6EU N26J6EU
AETBJC AETBJC
WQM0D4 WQM0D4
R2POU4T R2POU4T
ODSGN281 XGYWBMTWT ODSGN281
V7T5SI QEAJAFMPY V7T5SI
VNCFO VNCFO
QU5Y0N2LQ QU5Y0N2LQ
