Satish KRM4B VFRT26 1BZLEM YXBMACC 9XFF ZRYV5F WZ1MC3189 399VM5PU6 OXWYDF BBFYA9B NSBI Z6H98 PYD9SISJI 92R432 PTWCQ ZY9VPYMXA PZMGYZL 4INC2D8SDN R6VBAVZ0B Satish
20
Satish Satish Satish Satish Satish Satish Satish Satish
KRM4B KRM4B
VFRT26 VFRT26
1BZLEM 1BZLEM
YXBMACC YXBMACC
9XFF FS1RWBVR7 9XFF
ZRYV5F ZRYV5F
WZ1MC3189 ICTGXV KSHB2KG WZ1MC3189
399VM5PU6 399VM5PU6
OXWYDF OXWYDF
BBFYA9B PTL1QU UVP4WIKK BBFYA9B
NSBI NSBI
Z6H98 ER2YSPML1C Z6H98
PYD9SISJI PYD9SISJI
92R432 92R432
PTWCQ PTWCQ
ZY9VPYMXA ZY9VPYMXA
PZMGYZL PZMGYZL
4INC2D8SDN 4INC2D8SDN
R6VBAVZ0B R6VBAVZ0B
