Satish 4C88SXD PUW25N 01G9IQ2 KCOFJD ARTWTP9 LU68 M71OYIS RP28W1 EEZS HQG39M B3R68HYWZ W6YZ5IB LM7KL5G3V O44VZ DNIV2BOR2P DST5W4G0 PMXEOGGIQ E37ZKA8WK 91ZONFE QW15YTSV H41HZ6 E2DHWGC HM48FZD0 26PG YSRPP GN4G0L2 HBQM42U LU68 3WJYJDDU VGYKKKOFLZ 6PVQIBNB9 GNVXN E5HD 2BLLD3SK 7622OJ ET82NVH9 Q7Z37G5 FM2HEMVR1 LU68 W6YZ5IB CKNDWG ZMZIWZ 4UE11 LQQ5IH MXJIYJYNH4 W6YZ5IB ETNCY9XH2 CV6NHW7M J2ETZ1C CXQDH6YMZ8 5XYO YQB2CII950 LU68 DYYG23O LU68 ETB2 2B1K6EW9CL LBR67PCKBJ 3IXHQXHYBV P6RI91D87 79KTC8AS9 9K8PLAET 9V10EOH E9DZLL M649OA ZMQ5BH L7QS0UEPJ Q7ZEY 7GAD3F CB93 B690 FWM5C 8MDFNIK8AY MLKOJ JX6GCY 1UCE 0TRB9358 W71YV1R66L LU68 VOAV 02X2C 9QJRN G90OCSZY FPZT ZH2INF 5HULMUDLAQ 3J6SSA GH8C G4QE3I 8UPUEGO FM2G14H8I H1LQ91V PIW6IC50D 4P0LGP0 4VE7V Satish
87
4C88SXD 4C88SXD
PUW25N PUW25N
01G9IQ2 01G9IQ2
KCOFJD KCOFJD
ARTWTP9 ARTWTP9
M71OYIS M71OYIS
RP28W1 IHN21LA4 RP28W1
EEZS EEZS
HQG39M HQG39M
B3R68HYWZ B3R68HYWZ
LM7KL5G3V LM7KL5G3V
O44VZ O44VZ
DNIV2BOR2P DNIV2BOR2P
DST5W4G0 KBI1CALMNJ DST5W4G0
PMXEOGGIQ PMXEOGGIQ
E37ZKA8WK E37ZKA8WK
91ZONFE 91ZONFE
QW15YTSV QW15YTSV
H41HZ6 H41HZ6
E2DHWGC E2DHWGC
HM48FZD0 HM48FZD0
26PG GILAN21GR3 26PG
YSRPP YSRPP
GN4G0L2 GN4G0L2
HBQM42U HBQM42U
3WJYJDDU 3WJYJDDU
VGYKKKOFLZ VGYKKKOFLZ
6PVQIBNB9 6PVQIBNB9
GNVXN 8TH7QVQY GNVXN
E5HD E5HD
2BLLD3SK 2BLLD3SK
7622OJ 7622OJ
ET82NVH9 ET82NVH9
Q7Z37G5 Q7Z37G5
FM2HEMVR1 ZZACWP FM2HEMVR1
LU68 M35E
CKNDWG CKNDWG
ZMZIWZ ZMZIWZ
4UE11 4UE11
LQQ5IH LQQ5IH
MXJIYJYNH4 MXJIYJYNH4
ETNCY9XH2 ETNCY9XH2
CV6NHW7M 7T8I47 CV6NHW7M
J2ETZ1C J2ETZ1C
CXQDH6YMZ8 CXQDH6YMZ8
5XYO SQLSVN 5XYO
YQB2CII950 YQB2CII950
DYYG23O DYYG23O
ETB2 ETB2
2B1K6EW9CL 2B1K6EW9CL
LBR67PCKBJ LBR67PCKBJ
3IXHQXHYBV 3IXHQXHYBV
P6RI91D87 P6RI91D87
79KTC8AS9 79KTC8AS9
9K8PLAET A8WYICH3 9K8PLAET
9V10EOH 9V10EOH
E9DZLL E9DZLL
M649OA M649OA
ZMQ5BH ZMQ5BH
L7QS0UEPJ L7QS0UEPJ
Q7ZEY Q7ZEY
7GAD3F 7GAD3F
CB93 CB93
B690 B690
FWM5C FWM5C
8MDFNIK8AY 8MDFNIK8AY
MLKOJ MLKOJ
JX6GCY JX6GCY
1UCE YU3U1T 1UCE
0TRB9358 0TRB9358
W71YV1R66L W71YV1R66L
VOAV VOAV
02X2C C8WREP 02X2C
9QJRN 9QJRN
G90OCSZY G90OCSZY
FPZT FPZT
ZH2INF ZH2INF
5HULMUDLAQ 5HULMUDLAQ
3J6SSA 3J6SSA
GH8C GH8C
G4QE3I G4QE3I
8UPUEGO 8UPUEGO
FM2G14H8I FM2G14H8I
H1LQ91V A118 H1LQ91V
PIW6IC50D PIW6IC50D
4P0LGP0 EFIKTK4Y0Y 4P0LGP0
4VE7V DDB26ZHC 4VE7V
