129 137 89 80 161 80 84 101 4 11 13 180 108 12 103 141 158 66 107 109 32 105 32 29 157 195 6 85 56 99 156 71 194 22 25 7 59 178 26 61 91 2 96 76 97 63 123 49 53 121 150 49 155 17 8 48 8 57 191 96 87 5 40 88 33 2 188 16 54 14 55 31 10 110 73 21 64 190 177 28 15 0 160 27 126 39 98 100 30 4 197 92 183 47 116 44 129 83 129
77
137 137
89 89
161 9 161
84 84
101 101
4 81 4
11 11
13 142 50 13
180 180
108 114 125 108
103 103
158 158
66 66
107 122 107
109 109
105 105 192
29 29
157 157
195 195
6 51 6
85 23 85
56 56
99 99
156 156
194 194
25 25 196
7 151 175
59 95 59
178 178
26 128 163 26
61 61
91 91
2 2
76 76
97 97
63 63
123 123
49 49
53 53
121 171 121
150 150
155 155
17 17
8 8
48 189 48
57 57
191 191
96 96
87 87
5 174 5
40 40
88 88
33 33
188 188
16 16
54 152
14 14
55 55
110 110
21 21
64 64
190 190
177 65 177
15 15
0 145 82 0
160 160
126 126
39 39
98 98
100 100
30 184
197 197
92 92
183 183
47 58 62
44 44
83 130 36
