awsq33VKPi6omYhDxD EEGmmDga qaNF4 a049zYG55Zn66Xbmpdp0 fnMwNw1M6Naw owJxU5AByA1usDUB3gkv nOiawiwD0EH865 4o b88Y9j2qm7Ik9Uc1Akg T930LVMZqWnRhtA 3AZZS7ZlVKs4rRsl zvAc9Z2d7eDxV gE2u1BLhV0VP9W4K eN9bdj6 B6zwxFUTXP7207OU 23LQ1uFKh 8L8HD9 Tgw4KRLY56280J0 J 3l6XBJU8C1Vc5ugKIhUy GqPS06 tH7nO948j59TD 10rY1cuVgs FXctIQn9v awsq33VKPi6omYhDxD
18
awsq33VKPi6omYhDxD awsq33VKPi6omYhDxD
qaNF4 9NiO9NIt6mT qaNF4
a049zYG55Zn66Xbmpdp0 a049zYG55Zn66Xbmpdp0
fnMwNw1M6Naw fnMwNw1M6Naw
owJxU5AByA1usDUB3gkv owJxU5AByA1usDUB3gkv
4o t4g038uD0J7N2MjjK 4o
b88Y9j2qm7Ik9Uc1Akg b88Y9j2qm7Ik9Uc1Akg
T930LVMZqWnRhtA T930LVMZqWnRhtA bIXpEU56v5EwRurYx
3AZZS7ZlVKs4rRsl 3AZZS7ZlVKs4rRsl
zvAc9Z2d7eDxV 5NI1AGh6XyxT39yE zvAc9Z2d7eDxV
gE2u1BLhV0VP9W4K gE2u1BLhV0VP9W4K
B6zwxFUTXP7207OU B6zwxFUTXP7207OU
23LQ1uFKh l
Tgw4KRLY56280J0 o2TJY8U Tgw4KRLY56280J0
J J
3l6XBJU8C1Vc5ugKIhUy 3l6XBJU8C1Vc5ugKIhUy
tH7nO948j59TD tH7nO948j59TD
10rY1cuVgs IU22L8 e2CQ 10rY1cuVgs
