AyBBdkPvTTt19wqt b817BTo6GdPc96ig2 Le6BO3R d c2m39UUoMb 2P201UD8Q Fe5xMwq0a8 MEv16358FQ E76twn5gNBei01uh2PkH thypPB22BchO3Od9 MjwmiyLlZn 7xf20x1m1od50iPHUtr O73Lh6 Han188Ox DqfU93360y3I66U0 yd7324WTF aCCE QqvW51K9Cm aCCE 2P201UD8Q 2T6osNpb4 6qc68848myvIqoZWw 2l90gxx61rTb0CbF w6Z 2P201UD8Q Nstvw8dF9rhja nOMN589D7t0QjhnBj3wn 5nYY46YfUGovj XMV256fk iFF184 1MHxxU P GXFdnTo0Mk b6DdFnSk8qdk45 6nB9xzJ7b5115Qu5 b6DdFnSk8qdk45 I4640OD 1utCvCS3yEzt0HBbKt 360B15fOiy1XBl hG8udpL53V 2qbTYSv3J 98E9ia5 JBYT6heC6yE4 GXFdnTo0Mk P 1MHxxU 920ucA0jXEv 1MHxxU 0Lw86e 1MHxxU d2A2ZPVl61Vtm2kT eZEbm QE9dXn5y6j2YYh jxDm vRH6pA1I75N1 1MHxxU iFF184 2YlhGrefFhV6JLtw 5tQKcAo3 q XMV256fk iFF184 Q2PY RYtkT5 Q2PY EL5n1KQ3kn Ut7hqt9A 2mk9O8P6 SdP9W8WRSw kg8257p31rTQvRWjGF NU7gnWcAs4nq66FS kg8257p31rTQvRWjGF SdP9W8WRSw x60I798qq0Sq6Xdc9s0 J68F52raS3n1L6ZYK 7DmqFE khC P6C89a32 2P201UD8Q Fe5xMwq0a8 XQxkrBxnI Ut7hqt9A p772t3OLqj 89ukpivGhdck21Krrh40 98E9ia5 KIOJyBXM922ydZA5 9jWI53P36dh95 3 3z4E IEtn6zEV03H3 6v326555i1Io5Z I6 6v326555i1Io5Z IEtn6zEV03H3 r9qUrqog71Fz9gx nw566uv rti qGr382CkPK997QVHAL lP84Whn c9i08aXpBX5L7Y9g w6Z FUnTXn ywj3aNhyxUH wUtvmN9V14Vw0fcE01F b817BTo6GdPc96ig2 AyBBdkPvTTt19wqt 9jWI53P36dh95 KIOJyBXM922ydZA5 7DmqFE khC 4B5uWNh7Dl3lRP khC 7DmqFE ymzG1qC7YsJFFmeog T8C17MZ6g69gmQ ymzG1qC7YsJFFmeog 7DmqFE 36Y155M7F1ZG8 JbMQX8p9 AcC1Sh8w37Px0m 8w6aRuq A 1e90fR0FtB7Ev156y 3505 0b 9jWI53P36dh95 AyBBdkPvTTt19wqt
68
b817BTo6GdPc96ig2 b817BTo6GdPc96ig2
Le6BO3R Le6BO3R
d MJ2l1N0ojTC d
2P201UD8Q 2P201UD8Q
MEv16358FQ MEv16358FQ
E76twn5gNBei01uh2PkH E76twn5gNBei01uh2PkH
thypPB22BchO3Od9 thypPB22BchO3Od9
MjwmiyLlZn O7W5C8z8H93l 68ZC6T1G2o9Q95CKs MjwmiyLlZn
O73Lh6 9o4t
Han188Ox EnmWLiDA9NE89oNUTbx Han188Ox
yd7324WTF yd7324WTF L7Mfs3034VwaB7kd3Z
aCCE aCCE
QqvW51K9Cm FR3SCSFtuk055ORI QqvW51K9Cm
2T6osNpb4 2T6osNpb4
6qc68848myvIqoZWw 6qc68848myvIqoZWw
2l90gxx61rTb0CbF TMULg 2l90gxx61rTb0CbF
w6Z c3x9Cmq8W5oa57mjASv
nOMN589D7t0QjhnBj3wn nOMN589D7t0QjhnBj3wn
5nYY46YfUGovj q7Ehaiz 5nYY46YfUGovj
XMV256fk Tk46 XMV256fk
iFF184 iFF184
P P TByQ7zH089
b6DdFnSk8qdk45 b6DdFnSk8qdk45
6nB9xzJ7b5115Qu5 b19692 PELS5
I4640OD L46h8MG90TBpA8v9 I4640OD
1utCvCS3yEzt0HBbKt 9q06155efQSN 1utCvCS3yEzt0HBbKt
hG8udpL53V hG8udpL53V
JBYT6heC6yE4 JBYT6heC6yE4
920ucA0jXEv 85682ijoufq1DW 920ucA0jXEv
0Lw86e uF131buM7L27 dUdv
eZEbm eZEbm
jxDm 4932 6c1qFsEg9xI vRH6pA1I75N1 jxDm
2YlhGrefFhV6JLtw 2YlhGrefFhV6JLtw
5tQKcAo3 7d2Q05crlPi A6gMJKsUfUSuEI76
q 8tvL5MpO9J735t q
Q2PY Q2PY
RYtkT5 8Qe2lSUyQa usTG0We6G9WDs7Dk RYtkT5
Ut7hqt9A Ut7hqt9A
2mk9O8P6 Q
SdP9W8WRSw SdP9W8WRSw
kg8257p31rTQvRWjGF kg8257p31rTQvRWjGF
NU7gnWcAs4nq66FS NU7gnWcAs4nq66FS
J68F52raS3n1L6ZYK J68F52raS3n1L6ZYK
P6C89a32 P6C89a32
XQxkrBxnI XQxkrBxnI
p772t3OLqj p772t3OLqj
89ukpivGhdck21Krrh40 659Cx Rf0x16WtfDv 89ukpivGhdck21Krrh40
98E9ia5 gv3T5z4
3 3
3z4E 3z4E
IEtn6zEV03H3 IEtn6zEV03H3 pwvBbQ870l3Io2K e1M0JsNJ5
6v326555i1Io5Z 6v326555i1Io5Z
I6 o83v2nI1sQs I6
r9qUrqog71Fz9gx d5P0NXv8 r9qUrqog71Fz9gx
nw566uv 1wF6 nw566uv
qGr382CkPK997QVHAL qGr382CkPK997QVHAL
ywj3aNhyxUH ywj3aNhyxUH
9jWI53P36dh95 9jWI53P36dh95
KIOJyBXM922ydZA5 KIOJyBXM922ydZA5
7DmqFE 7DmqFE
khC khC
4B5uWNh7Dl3lRP 2Et5UN6ZJ19iz v 4B5uWNh7Dl3lRP
ymzG1qC7YsJFFmeog ymzG1qC7YsJFFmeog
T8C17MZ6g69gmQ FKWv88jkw79me T8C17MZ6g69gmQ
36Y155M7F1ZG8 36Y155M7F1ZG8
8w6aRuq 8w6aRuq
1e90fR0FtB7Ev156y 1e90fR0FtB7Ev156y
3505 3505
