845LWU7Kg6167HQY Uyj5raM7C9SGCHQGUC y B4mQOl023dn1 5Ll49ySSWT043CtCd2 NQ3vX6W6H74aK53np 4l4aqvNKB KpBvy 4 TU76UjE52906 3 3k k r geUO1h 8M2OK8Px58 fgM12T 6RiHvQ4xTN5 9vq8gscs7dz1 eDv5MBdo MVvh 11l6P71DgEau1baEX4 77yN7eHZwfF99R2 J ElUTL D FL4V06094CU0zO3gJava H6pXAnE0KypnExX YLKBD54k pbE3R4QsB76l 3i80K09a 672Pt4Ytw8LW J 77yN7eHZwfF99R2 xaM1q4jQi3efYb0 2qgWbB40Ya16 MY3aL96Y u3Qv 95E0752p51t N8191M9E9v 48783322I5q9PFVPT a O58T 95fufpL7BuUW8Mng00jE O41Muu YKpC4gQmPKaU311w9eOT 4 0CwgepgS85xC4gx KKUFV29x8iO 1 i7lmV5iDIgl5f 845LWU7Kg6167HQY
37
845LWU7Kg6167HQY 845LWU7Kg6167HQY
y y
B4mQOl023dn1 B4mQOl023dn1
NQ3vX6W6H74aK53np NQ3vX6W6H74aK53np
4l4aqvNKB 4l4aqvNKB
KpBvy KpBvy
4 4
TU76UjE52906 TU76UjE52906
3 3
3k 3k
r ICQxh0Q58799CUd2 r
geUO1h geUO1h
8M2OK8Px58 8M2OK8Px58
fgM12T fgM12T eqYzN7b19UgNo1K
6RiHvQ4xTN5 6RiHvQ4xTN5
9vq8gscs7dz1 48783322I5q9PFVPT
eDv5MBdo 5Qkzz260R7 eDv5MBdo
MVvh DUiYDuR9yYFD5 MVvh
11l6P71DgEau1baEX4 11l6P71DgEau1baEX4
77yN7eHZwfF99R2 TBk5Pt5vt5SInt
J 7L X6SrYf57mSUQQ28C
ElUTL 122gt ElUTL
D D
H6pXAnE0KypnExX SmI7f H6pXAnE0KypnExX
YLKBD54k YLKBD54k
672Pt4Ytw8LW 672Pt4Ytw8LW
xaM1q4jQi3efYb0 xaM1q4jQi3efYb0
2qgWbB40Ya16 2qgWbB40Ya16
MY3aL96Y 5CCl0n2r5512 MY3aL96Y
u3Qv 42U0k6JhTQxPvUw8 EnhLq7BgTj8IN3Z2m u3Qv
95E0752p51t ZT3 95E0752p51t
N8191M9E9v 9 SL88w66v7
O58T O58T
O41Muu O41Muu
YKpC4gQmPKaU311w9eOT YKpC4gQmPKaU311w9eOT
KKUFV29x8iO ftk2 KKUFV29x8iO
1 5
