0 90 79 90 0 112 50 9 50 112 96 51 6 58 68 85 75 85 87 84 24 54 24 63 55 130 84 87 125 77 118 151 51 42 51 96 73 89 73 99 32 99 82 18 57 53 128 8 67 71 128 53 102 65 3 65 2 33 7 76 34 76 7 33 17 13 17 33 72 28 41 46 22 46 41 28 72 33 2 36 2 65 61 14 29 174 93 124 35 100 40 158 2 65 3 12 153 73 96 112 0 137 0 140 60 140 0
57
0 86 62 59 43 0 15
90 90
79 4 79
50 50
9 80 64 9
96 96
51 51 30 19 47
6 6
58 58
68 68
85 85
75 11 75
87 87
84 84 97
24 24
54 98 54
63 63
55 55
77 77
42 95 48 10 42
73 73
89 26 23 89
99 99
32 25 32
82 82
18 18
57 16 1 57
53 39 20 53
8 8
67 67
71 94 71
128 45
3 3 12
65 65 70
2 27 2 78
33 33 74
7 7
76 76
34 91 34
17 17 92 21
13 5 13
72 72 83
28 28
41 41
46 46
22 81 22
36 56 36
61 61
14 14
29 29
93 38 93
35 35
100 44
40 69 49 40
153 66
137 52 37
60 88 31 60
