loc0 loc25 loc138 loc32 loc150 loc109 loc65 loc84 loc8 loc11 loc197 loc83 loc79 loc42 loc46 loc37 loc75 loc112 loc157 loc62 loc76 loc82 loc78 loc53 loc122 loc96 loc134 loc16 loc160 loc106 loc44 loc77 loc129 loc66 loc34 loc113 loc20 loc165 loc164 loc184 loc10 loc168 loc11 loc67 loc65 loc92 loc114 loc93 loc162 loc150 loc131 loc27 loc127 loc156 loc64 loc191 loc39 loc28 loc187 loc89 loc116 loc36 loc49 loc118 loc91 loc183 loc38 loc179 loc41 loc117 loc62 loc188 loc120 loc131 loc69 loc167 loc0
58
loc25 loc25
loc138 loc138
loc32 loc14 loc10 loc32
loc150 loc17 loc150
loc109 loc177 loc109
loc84 loc84
loc197 loc197
loc83 loc186 loc83
loc42 loc42
loc46 loc46
loc37 loc192 loc37
loc75 loc75
loc112 loc112
loc157 loc157
loc62 loc82
loc76 loc182 loc97
loc78 loc78
loc53 loc54
loc122 loc196 loc122
loc96 loc96
loc134 loc134
loc160 loc45 loc160
loc106 loc52 loc106
loc44 loc172 loc100 loc198
loc129 loc15 loc129
loc66 loc31 loc66
loc34 loc147 loc57
loc113 loc113
loc20 loc20
loc165 loc165
loc164 loc164
loc184 loc184
loc168 loc168
loc11 loc11
loc67 loc67
loc92 loc92
loc93 loc93
loc162 loc162
loc131 loc131
loc27 loc27
loc156 loc156
loc191 loc191
loc39 loc39
loc28 loc28
loc187 loc187
loc89 loc89
loc116 loc116
loc36 loc36
loc49 loc105 loc130 loc49 loc144
loc118 loc118
loc183 loc183
loc179 loc179
loc41 loc119 loc47 loc41
loc117 loc85
loc188 loc188
loc120 loc8 loc120
loc69 loc185 loc69
loc167 loc167
