loc0 loc23 loc7 loc84 loc42 loc4 loc1 loc99 loc47 loc25 loc81 loc4 loc62 loc6 loc88 loc21 loc24 loc16 loc62 loc45 loc43 loc49 loc33 loc86 loc69 loc93 loc91 loc39 loc75 loc28 loc13 loc71 loc93 loc3 loc51 loc14 loc34 loc29 loc34 loc74 loc26 loc46 loc33 loc90 loc34 loc73 loc21 loc89 loc0
29
loc23 loc23
loc7 loc54 loc7
loc84 loc40 loc84
loc42 loc42
loc4 loc65
loc99 loc99
loc25 loc25
loc81 loc81
loc62 loc62
loc6 loc79 loc61 loc6
loc88 loc8 loc88
loc16 loc16
loc45 loc35 loc45
loc49 loc49
loc33 loc48 loc33
loc86 loc52 loc86
loc69 loc69
loc91 loc31 loc91
loc39 loc24 loc39
loc75 loc75
loc28 loc28
loc93 loc93
loc51 loc51
loc34 loc34
loc29 loc29
loc26 loc72 loc26
loc46 loc20
loc90 loc90
loc21 loc21
