a0 a1 a0 a3 c0 a3 a0 b6 b7 b8 b9 a0 c3 c4 c5 d2 c6 d1 a0 d3 c8 d3 a0 d5 e5 e6 e7 d7 a0 d6 e3 e2 e1 e0 d4 a0 d8 e9 d8 a0 f4 f5 g1 g2 g4 g5 g4 g6 i0 g8 f5 f4 a0 g9 a0 h2 i4 h2 a0 h7 i7 h7 a0 l0 l1 l2 l3 l4 l5 l6 l7 l8 l7 l6 l5 l4 l3 l2 l1 l0 a0 m4 n0 n1 n2 m5 n0 m4 a0 o9 o8 o7 o6 o5 o4 o3 o2 o1 o0 n9 n8 n7 n6 n5 n4 a0 p1 p2 p3 p4 p5 p6 p7 p8 h0 e8 g9 a0
68
a1 b3 b2 b1 b0
c0 c1 c0
a3 c2
a0 b5 b4 e4 i2 p0 i6 k9 k8 k7 k6 k5 k4 k3 k2 k1 k0 i3 i1 n4 p9
b6 b6
b7 b7
b8 b8
b9 b9
c3 c3
c4 c4
c5 c5
c6 c6
d3 c7
c8 c9 c8
e5 e5
e6 e6
e7 e7
e3 e3
e2 e2
e1 e1
e0 e0
e9 g0 e9
g1 g1
g2 g3 g2
g4 g4
g5 g7 g5
g6 g6
i0 i0
g8 g8
g9 e8 g9
i4 i5 i4
i7 i8 i7
h7 i9
l0 l0
l1 l1
l2 l2
l3 l3
l4 l4
l5 l5
l6 l6
l7 l7
l8 l9 l8
n0 n0
n1 n1
n2 n3 n2
o9 o9
o8 o8
o7 o7
o6 o6
o5 o5
o4 o4
o3 o3
o2 o2
o1 o1
o0 o0
n9 n9
n8 n8
n7 n7
n6 n6
n5 n5
p1 p1
p2 p2
p3 p3
p4 p4
p5 p5
p6 p6
p7 p7
p8 p8
