69 6 36 27 8 106 6 162 171 11 18 2 24 2 5 33 2 132 192 5 133 185 190 37 14 4 6 198 1 195 0 19 1 188 0 8 25 56 194 2 16 2 81 2 115 135 1 101 131 69
34
36 36
27 117 27
8 100 80 77 163
106 106
6 74 72 71 63 166
162 162
171 50 171
11 165 147 146 112 104 97 51 11
2 2 58 160 150 83 26
24 119 24
5 5 121
33 191 33
132 132
192 192
133 133
185 185
190 190
37 37
14 148 110 99 14
4 186 134 82 52 44
198 198
195 195
0 197 193
1 158 149 128 118 113 87 64 59 53 46 31 30 1
188 188
25 25
56 56
194 194
16 90 16
81 81
115 127 115
135 135
101 101
131 131
