74 123 81 123 109 161 20 181 142 42 11 140 181 20 96 184 136 194 57 86 57 63 66 63 170 172 170 63 139 138 34 18 34 52 155 90 64 165 176 178 37 53 131 91 65 59 65 170 15 148 105 117 39 14 166 131 53 37 152 47 127 193 51 199 133 54 179 168 4 193 34 94 163 129 141 61 116 120 198 100 73 125 103 125 73 146 73 100 134 112 76 56 135 151 33 108 183 25 44 107 112 134 100 173 100 198 130 28 58 28 113 49 8 123 74
68
123 123
81 167 81
109 109
161 161
142 142
42 42
11 99 11
140 140
20 20
96 96
184 184
136 136
86 86 128 31
63 63 174 115
66 50 66
172 12 5
139 139
138 138
18 72 18
52 32 52
155 155
90 90
64 17
165 171 165
178 178
53 53
91 91
59 60 59
15 192
105 105
39 39
14 14 118
131 200
152 16 152
47 47
127 127
193 193
51 51 77 190
199 111 199
133 133
54 54
179 179
4 4
94 94
163 163
129 129
61 61
116 116
120 120
198 198 143
100 100 97
73 73
125 98 83 125 157
103 95 27 103
146 45 146
134 134
76 89 76 154
56 80 56
135 135
108 108
25 23
44 44
107 107
112 114 112
173 132 173
130 130
58 58 158
113 88 113
