112 118 123 8 73 109 84 127 126 29 27 53 158 11 147 70 72 69 146 23 174 152 107 49 183 34 78 181 184 24 42 56 54 9 170 17 105 188 21 44 182 75 114 144 119 59 58 14 162 80 130 138 165 157 131 163 68 187 6 99 160 194 81 52 71 190 33 36 85 129 172 97 121 120 66 149 136 169 83 40 13 143 95 28 117 166 0 35 102 112
88
118 96 118
123 123
8 8
73 73
109 109
84 84
127 127
126 126
29 29
27 27
53 53
158 158
11 11
147 20 147
70 70
72 171 72
69 69
146 146
23 23
174 174
152 152
107 107
49 49
183 183
34 34
78 78
181 181
184 184
24 24
42 42
56 56
54 54
9 9
170 170
17 17
105 105
188 188
21 21
44 124 44
182 182
75 75
114 114
144 144
119 119
59 59
58 58
14 14
162 162
80 64 80
130 130
138 138
165 165
157 157
131 131
163 163
68 68
187 187
6 6
99 41 99
160 154 160
194 194
81 81
52 52
71 71
190 190
33 33
36 36
85 85
129 129
172 172
97 168 97
121 121
120 120
66 66
149 149
136 136
169 169
83 83
40 40
13 94 13
143 60 143
95 95
28 28
117 117
166 166
0 104 0
35 35
102 151 102
