Soda loc1 loc63 loc30 loc23 loc61 loc12 loc63 loc10 loc86 loc96 loc53 loc55 loc29 loc95 loc29 loc53 loc96 loc86 loc63 loc18 loc21 loc22 loc43 loc26 loc67 loc90 loc45 loc32 loc48 loc45 loc49 loc20 loc45 loc66 loc97 loc36 loc66 loc45 loc19 loc71 loc33 loc50 loc72 loc6 loc44 loc40 loc85 loc57 loc64 loc8 loc31 loc8 loc83 loc91 loc68 loc91 loc83 loc64 Soda
34
loc30 loc30
loc23 loc23
loc61 loc61
loc12 loc92 loc12
loc10 loc10
loc86 loc86
loc96 loc96 loc99
loc53 loc13 loc53
loc55 loc55
loc29 loc29
loc95 loc28 loc95
loc18 loc18
loc21 loc89 loc33 loc21
loc26 loc43 loc19 loc26
loc90 loc90
loc45 loc45 loc93 loc81
loc32 loc32
loc48 loc48
loc49 loc49
loc20 loc73 loc20
loc66 loc66
loc97 loc97
loc36 loc36
loc71 loc71
loc72 loc72
loc44 loc44
loc40 loc67 loc39 loc40
loc57 loc57
loc8 loc17 loc8
loc31 loc41 loc31
loc83 loc83
loc91 loc91
loc68 loc38 loc68
Soda Soda Soda Soda loc79
