Soda loc106 loc172 loc106 loc25 loc53 loc179 loc45 loc90 loc184 loc92 loc57 loc72 loc75 loc137 loc40 loc137 loc75 loc92 loc151 loc104 loc163 loc42 loc163 loc104 loc43 loc27 loc131 loc147 loc38 loc193 loc111 loc128 loc31 loc24 loc198 loc39 loc30 loc11 loc111 loc181 loc194 loc35 loc15 loc180 loc10 loc95 loc165 loc8 loc101 loc164 loc47 loc87 loc192 loc170 loc196 loc51 loc196 loc142 loc196 loc52 loc126 loc68 loc60 loc183 loc22 loc187 loc41 loc77 loc173 loc107 loc173 loc77 loc27 loc43 loc50 loc83 loc94 loc17 loc23 loc74 loc13 loc34 loc32 loc189 loc34 loc84 loc97 loc167 loc84 loc34 loc88 loc121 loc14 loc34 loc13 loc74 loc23 loc17 loc129 loc195 loc65 loc179 loc80 loc199 loc64 loc3 loc179 loc58 loc53 loc25 loc106 loc36 loc145 loc36 loc106 Soda
74
loc172 loc6 loc172
loc25 loc25
loc53 loc140 loc53
loc45 loc45
loc90 loc90
loc184 loc82
loc57 loc157 loc57 loc59
loc72 loc72
loc75 loc75
loc137 loc137
loc40 loc20 loc40
loc151 loc151
loc42 loc171 loc42
loc163 loc154 loc163
loc27 loc188
loc131 loc131
loc147 loc147
loc38 loc122 loc38
loc193 loc114 loc141 loc193
loc111 loc111
loc128 loc128
loc24 loc24
loc198 loc28 loc109
loc39 loc39 loc136
loc30 loc30
loc11 loc11
loc181 loc26 loc37 loc181
loc194 loc55 loc194
loc35 loc9 loc35
loc15 loc79 loc15
loc180 loc180
loc10 loc10
loc95 loc95
loc165 loc100 loc165
loc8 loc8
loc101 loc101
loc192 loc192
loc170 loc170
loc51 loc155 loc51 loc103
loc196 loc61 loc185
loc142 loc7 loc142
loc126 loc126
loc183 loc183
loc22 loc22
loc41 loc41
loc77 loc77
loc173 loc173
loc107 loc146 loc107
loc50 loc50
loc83 loc83
loc94 loc94
loc17 loc17
loc23 loc23
loc74 loc74
loc13 loc13
loc34 loc34 loc118 loc138
loc32 loc32
loc189 loc189
loc84 loc84
loc97 loc97
loc167 loc167
loc88 loc88
loc121 loc121
loc14 loc14
loc65 loc65
loc80 loc80
loc199 loc199
loc64 loc64
loc3 loc3
loc58 loc58
loc106 loc106
loc145 loc156 loc145
loc36 loc36
Soda Soda
