0 2 53 87 24 16 93 21 6 21 63 88 90 12 23 117 1 95 192 7 59 51 59 29 39 17 110 167 36 58 15 113 30 9 98 8 34 8 38 35 78 42 5 195 99 56 45 123 65 123 72 48 72 177 92 100 29 39 86 106 145 48 37 47 76 92 100 103 58 36 46 102 186 85 148 196 18 32 18 196 82 22 62 12 62 83 62 22 82 52 133 4 2 20 28 11 70 111 75 146 41 146 103 69 179 44 27 144 91 24 94 40 64 96 158 100 31 80 84 169 66 5 114 79 41 32 77 55 175 0
74
2 2
53 54 53
87 87
24 24
16 16
93 93
21 21
6 25 6
63 63
88 57 88
90 3 90
23 23
1 1
95 43 95
7 7
59 59
51 89 51
17 17
110 26
15 15
30 30
9 9
98 98
8 8
34 97 34
38 38
35 35
78 78
42 42
99 99
56 56
45 45
65 5 65
72 72
48 49 48
177 33
92 76 60 92
100 100 73 61
29 29
39 39
86 86
106 50 13
37 47 37
58 58
36 36
46 46
85 85
18 18
32 77 32
82 82
22 22
62 62 81
12 10 12
83 68 83
52 52
4 74 4
20 20
28 28
70 70
111 75
41 19 41
69 69
44 44 27
91 67 91
94 94
40 40
64 11 64
96 96
31 14 31
80 71 80
84 84
66 66
79 79
55 55
