48 73 171 25 42 9 129 141 2 23 39 85 152 136 129 141 196 162 123 114 157 194 193 98 16 40 176 138 78 7 154 115 10 159 197 61 173 145 118 58 164 77 69 113 182 94 126 119 8 190 185 78 138 199 155 143 125 143 155 3 170 161 38 147 36 55 47 84 51 180 94 140 175 165 34 50 67 98 101 43 87 107 45 191 66 74 66 107 133 107 177 92 54 72 163 173 35 81 148 21 79 11 6 132 62 173 163 171 73 48
77
48 20 48
73 73
171 171
25 25
42 42
9 9
129 129
141 141
2 2 56
23 23
39 39
85 85
152 29 152
136 136
196 46 196
123 123
157 157
194 194
193 52 193
98 98 103
16 16
40 40
176 176
138 138
78 78
7 7
154 110 53 154
115 115
10 10
159 120
197 197
145 145
118 118
58 58
164 164
77 19
69 69
113 181 113
182 182
126 126
119 119
190 190
185 185 109 64
199 199
155 155
143 143 167 137
125 179 125
3 3
170 170
38 117 38
147 147
36 36
55 55
84 60 135 84
51 5
180 156 180
175 175
165 165
34 34
67 67
101 101
87 87 90
107 107
45 151
191 191
74 149 74
66 66
133 93 133
177 158 177
72 108 186
35 35
148 148
21 21
79 79
11 11
173 88
163 163
