evdoyagqfp xawkqmfmmx xftptyrlvl jqtguzxxsl optviwhmbr ivugtsvtqb guuudgvhny vugkhjygfe xywdziunpr vugkhjygfe aruwdskzta lnicnhmajr qpxtrjvxpe tmatbexcil byyqgjwsrp ahqdrcepub afortwurqt zmfuudfatm afortwurqt xifuopshzj xwrvhrxnqy ebqxbaqnmm oegfbrwyrp wynbxuuxru epdwcjuvdr eooyfwmxln fczruomdab uhalgukdzb yriqtwavfx uhalgukdzb fczruomdab eooyfwmxln epdwcjuvdr kgktiatgjn qepegujmaa ixyurvbpvu qepegujmaa pcilmgdrgc jqtguzxxsl wynbxuuxru oegfbrwyrp xqwyvbvueh tvcolajnao lcrihrmoqu xkasbvrrxd gkcfktyute khisjiexts afrdrejwtp wtlzrefwav pbefrggyje unihwwnyqz kijbyyuzhd wtyqwjwskq ahqdrcepub gbdejcnknd ahqdrcepub byyqgjwsrp euqbrkzdsw zivwgfcxqi phknwbtipl fdgcygwgjf rnpokwoqgt bpbbtoptwg rfcbhdtwvm byyqgjwsrp tmatbexcil qpxtrjvxpe qiqnnrlapz qpxtrjvxpe lnicnhmajr kyrhqthnvz lndsfxewdc vkrlpmybdj jrusiskazm ichabbvkhm jrusiskazm vkrlpmybdj lndsfxewdc eqdxeqvtsb xnppuesbrr gllungmori qxuqrfzzob opmnfgpclg knfzsnhzvx qcktwemqbm xychpimpzb bulywvvpni wkwwcqjtxf osdeymjeil jrmlkfexfk seeyrseflx jrmlkfexfk osdeymjeil wkwwcqjtxf bulywvvpni xychpimpzb sipmuleqch wtlzrefwav mdyuzxshey ouxenssqdu kvfpaspidv zpjhxyylhb bswhowadhl ljhmnbaicr bswhowadhl xsjzeyxnpw ymvlfsdhbu nbjyrygtdh ymvlfsdhbu lazlsvgukx bbczvyonym mdyuzxshey wtlzrefwav bimtbhwsby ijbfzrqwct bbwcqzwyoz nwlccbonas bbwcqzwyoz ijbfzrqwct bimtbhwsby wtlzrefwav afrdrejwtp pwgublhwxg hofbtczdgp yqwistxtxc xywdziunpr vugkhjygfe guuudgvhny ivugtsvtqb optviwhmbr jqtguzxxsl xftptyrlvl mysadifwma xftptyrlvl evdoyagqfp
68
evdoyagqfp evdoyagqfp
xawkqmfmmx xawkqmfmmx
optviwhmbr vfdsalrajq optviwhmbr
ivugtsvtqb ivugtsvtqb
guuudgvhny guuudgvhny stdiixwrjc
vugkhjygfe vugkhjygfe
xywdziunpr oggftsricu xywdziunpr
aruwdskzta aruwdskzta
lnicnhmajr lnicnhmajr
qpxtrjvxpe qpxtrjvxpe
tmatbexcil tmatbexcil
byyqgjwsrp byyqgjwsrp qxfgqgbbdn
ahqdrcepub ahqdrcepub
afortwurqt afortwurqt
zmfuudfatm cttlxdtaiw zmfuudfatm
xifuopshzj xifuopshzj
xwrvhrxnqy xwrvhrxnqy
oegfbrwyrp oegfbrwyrp
wynbxuuxru voaumgrcuj wynbxuuxru tmrnpjqnxx
eooyfwmxln eooyfwmxln
uhalgukdzb uhalgukdzb
yriqtwavfx rkyixxpcbx gucdicwxmb
kgktiatgjn kgktiatgjn
qepegujmaa psiebvskfb qepegujmaa
ixyurvbpvu qfbvncxldf yiwwdwbzth
pcilmgdrgc etdxtwotzh ivgbjyugdu wwqchwdmtx pcilmgdrgc
xqwyvbvueh xqwyvbvueh
tvcolajnao smwxdupkdv tvcolajnao
lcrihrmoqu tgbmxdmvwe lcrihrmoqu
xkasbvrrxd xkasbvrrxd
pbefrggyje pbefrggyje
kijbyyuzhd kijbyyuzhd
gbdejcnknd vnzypgtlkj gbdejcnknd
euqbrkzdsw euqbrkzdsw
zivwgfcxqi zivwgfcxqi
fdgcygwgjf fdgcygwgjf
rnpokwoqgt rnpokwoqgt
qiqnnrlapz ldnozwuuuq qiqnnrlapz
kyrhqthnvz kyrhqthnvz
lndsfxewdc lndsfxewdc
vkrlpmybdj vkrlpmybdj
jrusiskazm jrusiskazm
ichabbvkhm oavtmpaqji ichabbvkhm
eqdxeqvtsb eqdxeqvtsb
xnppuesbrr xnppuesbrr
qxuqrfzzob qxuqrfzzob
xychpimpzb xychpimpzb
bulywvvpni bulywvvpni
wkwwcqjtxf wkwwcqjtxf lkvtxfwozs
osdeymjeil osdeymjeil
jrmlkfexfk jrmlkfexfk scesbtewjx
seeyrseflx hkempoemlv seeyrseflx
wtlzrefwav wtlzrefwav
mdyuzxshey mdyuzxshey
ouxenssqdu ouxenssqdu
kvfpaspidv kvfpaspidv
bswhowadhl bswhowadhl tgkujfknod
ljhmnbaicr pdljcbluhp qgfchcatzi
ymvlfsdhbu aokbiptbzc ymvlfsdhbu
nbjyrygtdh cpwyxulkjm nbjyrygtdh
bbczvyonym hsjqtjkukk bbczvyonym
bimtbhwsby bimtbhwsby
bbwcqzwyoz bbwcqzwyoz
nwlccbonas itbfnxnauh xguvjomcdt nwlccbonas
afrdrejwtp afrdrejwtp
hofbtczdgp hofbtczdgp
xftptyrlvl uooysjrxsb fluzhooehk kvxwqiryyu
mysadifwma bnmegnfgii mysadifwma
