mdyuzxshey vkrlpmybdj jatkaoyfxb zumetrybth ebqxbaqnmm kdujdjjwot zjbarjhmau bulywvvpni siatqqydwf ahqdrcepub siatqqydwf bulywvvpni lndsfxewdc zpybghfdbe cmdqzmgvfi tmrnpjqnxx wtlzrefwav jrmlkfexfk gllungmori rkyixxpcbx optviwhmbr ixyurvbpvu uooysjrxsb seeyrseflx uooysjrxsb ixyurvbpvu optviwhmbr rkyixxpcbx gllungmori jrmlkfexfk wtlzrefwav hsjqtjkukk smwxdupkdv aokbiptbzc koawdpgqdx unihwwnyqz qepegujmaa unihwwnyqz koawdpgqdx smwxdupkdv hsjqtjkukk wtlzrefwav tmrnpjqnxx cmdqzmgvfi zpybghfdbe lndsfxewdc wtjzgzopuw euqbrkzdsw chjuuxuacs lnicnhmajr oggftsricu lkvobxyfca fznfvsgjhc sjtuxgdwms lbuiysostx oegfbrwyrp tgbmxdmvwe rnpokwoqgt zpjhxyylhb ebqxbaqnmm ljhmnbaicr owusjcmdkp oewptytlja jedsthbmzo xftptyrlvl yiwwdwbzth jqtguzxxsl hadchvmijq phknwbtipl kdujdjjwot ebqxbaqnmm zumetrybth jatkaoyfxb vkrlpmybdj mdyuzxshey
33
mdyuzxshey mdyuzxshey mysadifwma
vkrlpmybdj zmfuudfatm vkrlpmybdj
jatkaoyfxb jatkaoyfxb bnmegnfgii
zumetrybth zumetrybth
ebqxbaqnmm ebqxbaqnmm
kdujdjjwot kdujdjjwot
zjbarjhmau qcktwemqbm zjbarjhmau
bulywvvpni bulywvvpni
ahqdrcepub lazlsvgukx ahqdrcepub
lndsfxewdc lndsfxewdc mswyvpdrsy
zpybghfdbe psiebvskfb
cmdqzmgvfi qfbvncxldf cmdqzmgvfi qydclznxrd
wtlzrefwav wtlzrefwav
gllungmori gllungmori
rkyixxpcbx eooyfwmxln rkyixxpcbx
optviwhmbr optviwhmbr
ixyurvbpvu gwnccktgki
seeyrseflx vugkhjygfe seeyrseflx
aokbiptbzc aokbiptbzc
koawdpgqdx koawdpgqdx
qepegujmaa xtvbrolacp qepegujmaa
euqbrkzdsw euqbrkzdsw
lnicnhmajr lnicnhmajr ljhmnbaicr
lkvobxyfca lkvobxyfca
fznfvsgjhc fznfvsgjhc
lbuiysostx lbuiysostx
tgbmxdmvwe tgbmxdmvwe
owusjcmdkp owusjcmdkp
oewptytlja knfzsnhzvx nwlccbonas oewptytlja
jedsthbmzo jedsthbmzo
xftptyrlvl xftptyrlvl wtyqwjwskq
jqtguzxxsl jqtguzxxsl
hadchvmijq hadchvmijq wynbxuuxru
