lVOvaZXqjnb1QiPN4SL LxrqIj6vUJmAulbGEsz 6yczq9OEfSPk2s1GodH WMcq9fQKeLJk5Y0CDTR pBC7kb6YvcSm2XysuzG CgrHnsmUEaKbL2Bu9fI PmQXT3OGFtJDs9diWZV wVe6HY1xINUrGjoPvBR 5VbntkgFqTX8w9sYai2 H73qxghnr8SspNjtPW5 K7nbuQS5FWTkmHyhi69 asp20NJKvZUtDiW1Trx ctr2CvsehWx0ENY16wO DQw9naPXAhyUOL6tvVl 1V4PG7oEw2rS9xRO3Bj 7aRmJfDh4vEt258Ai9L d6UiSTzYoMpXGw48gAD bf47z98om5ZMUVORjG0 Sz9FxGJ7CPMEbUovXQq lZ2Ga35MbPOtokD1gF0 cbGv0lH2ekt7XznaK9Q ejNRIidB4gvrEPnTV8U QKaVhgAPN7MzZXkIJif tmubz8TR6MEqo04GaXQ rqNcZ8MUzDE3H2ekKJp ydR9gWXJkKALx6CwnN5 6yczq9OEfSPk2s1GodH LxrqIj6vUJmAulbGEsz lVOvaZXqjnb1QiPN4SL
25
lVOvaZXqjnb1QiPN4SL lVOvaZXqjnb1QiPN4SL lVOvaZXqjnb1QiPN4SL lVOvaZXqjnb1QiPN4SL lVOvaZXqjnb1QiPN4SL
LxrqIj6vUJmAulbGEsz bWTReYw0BhlvS4MOVfL LxrqIj6vUJmAulbGEsz
WMcq9fQKeLJk5Y0CDTR WMcq9fQKeLJk5Y0CDTR
pBC7kb6YvcSm2XysuzG pBC7kb6YvcSm2XysuzG
CgrHnsmUEaKbL2Bu9fI CgrHnsmUEaKbL2Bu9fI
PmQXT3OGFtJDs9diWZV PmQXT3OGFtJDs9diWZV
wVe6HY1xINUrGjoPvBR wVe6HY1xINUrGjoPvBR
5VbntkgFqTX8w9sYai2 5VbntkgFqTX8w9sYai2
H73qxghnr8SspNjtPW5 H73qxghnr8SspNjtPW5
K7nbuQS5FWTkmHyhi69 K7nbuQS5FWTkmHyhi69
asp20NJKvZUtDiW1Trx asp20NJKvZUtDiW1Trx
ctr2CvsehWx0ENY16wO ctr2CvsehWx0ENY16wO
DQw9naPXAhyUOL6tvVl DQw9naPXAhyUOL6tvVl
1V4PG7oEw2rS9xRO3Bj 1V4PG7oEw2rS9xRO3Bj
7aRmJfDh4vEt258Ai9L 7aRmJfDh4vEt258Ai9L
d6UiSTzYoMpXGw48gAD d6UiSTzYoMpXGw48gAD
bf47z98om5ZMUVORjG0 bf47z98om5ZMUVORjG0
Sz9FxGJ7CPMEbUovXQq Sz9FxGJ7CPMEbUovXQq
lZ2Ga35MbPOtokD1gF0 lZ2Ga35MbPOtokD1gF0
cbGv0lH2ekt7XznaK9Q cbGv0lH2ekt7XznaK9Q
ejNRIidB4gvrEPnTV8U ejNRIidB4gvrEPnTV8U
QKaVhgAPN7MzZXkIJif QKaVhgAPN7MzZXkIJif
tmubz8TR6MEqo04GaXQ tmubz8TR6MEqo04GaXQ
rqNcZ8MUzDE3H2ekKJp Dea9uc7gshQNXqSrGwR yReNFSdk9pj46IBuJlD 7ylUw023cBhQYobkz4m YioPekqCUnASaBF9NdH 9TnE82lFzgSRfhLcjty UIJTGnEvaFfWoB4pReZ M5bN0l7KCxBwZvTjOzI YkRo3m4NGhXuEbHLgis zROkalGf12roedQWiBZ gPuR31xAk9zvU6NTyj8 ofc35ZL6ED4Qs9nYgtu w94BKFb1ecikMGfS70L WFoj1MI7y5B3zXtAgZ8 9ZJNwSv0RBa6MeqIpmt ZCNy86nGLY4wfo1cWje J3FvU9WXMbfo8m0ZhcD oarTSh6swBUepOyZfIL qe0CW9YTfri5FH8nzhZ ZYgsVSN6W2mIfqFPXei wG9ACiZlVUHDz67EehO PjaGwqf8CSFyxQX6Tph q2hnSgjm30BKapPZH8v prEdKF8t2xfGRCWhIb6 rqNcZ8MUzDE3H2ekKJp
6yczq9OEfSPk2s1GodH PMi5mGhrzJqWAYD3BHv lVOvaZXqjnb1QiPN4SL 6yczq9OEfSPk2s1GodH
