0 1 155 1 5 116 117 5 9 161 9 10 114 115 10 199 10 11 130 131 11 179 11 12 139 138 12 18 103 102 18 21 140 21 25 125 124 25 26 158 26 31 119 118 31 34 121 120 34 38 146 38 39 107 106 39 40 134 135 40 41 112 113 41 123 122 41 44 105 104 44 45 175 45 46 172 46 47 152 47 164 47 49 194 49 53 176 53 54 191 54 57 137 136 57 188 57 58 101 100 58 60 109 108 60 128 129 60 69 110 111 69 78 185 78 83 167 83 84 133 132 84 143 84 87 149 87 90 182 90 94 127 126 94 0
79
155 156 155
1 157
116 116
117 117
161 162 161
9 163
114 114
115 115
10 197
199 198 199
130 130
131 131
179 180 179
11 181
139 139
138 138
103 103
102 102
140 141 140
21 142
125 125
124 124
158 159 158
26 160
119 119
118 118
121 121
120 120
146 147 146
38 148
107 107
106 106
134 134
135 135
112 112
113 113
123 123
122 122
105 105
104 104
44 170
175 174 175
45 173
172 171 172
152 153 152
47 154 166
164 165 164
194 195 194
49 196
176 177 176
53 178
191 192 191
54 193
137 137
136 136
188 189 188
57 190
101 101
100 100
109 109
108 108
128 128
129 129
110 110
111 111
185 186 185
78 187
167 168 167
83 169
133 133
132 132
143 144 143
84 145
149 150 149
87 151
182 183 182
90 184
127 127
126 126
