0 110 57 110 94 125 190 159 129 189 139 134 39 2 39 35 37 35 120 47 120 102 120 123 67 66 12 10 155 74 125 128 117 168 165 40 135 79 140 142 141 132 186 42 186 187 185 149 160 54 90 92 90 170 69 184 154 64 104 17 104 114 150 20 95 65 27 25 30 32 58 55 95 145 15 100 44 105 108 82 84 124 179 195 144 180 182 180 99 130 0
72
0 78 3
110 110 113
57 56 57
94 94
125 125
190 192
159 159
129 72 129
189 189
139 139
134 134
39 39
2 28 13 2
35 35 38
37 36 37
120 120 122
47 183 47
102 101 102
123 123
67 67
66 66
12 11 12
74 74
128 128
117 166
168 168
40 43
135 135 138 52
79 79
142 142
141 141
132 131 132
186 186 116
42 41 42
187 187
149 149
160 161 136 160
54 54
92 91 92
170 172
69 69
184 184
154 154
64 64
104 104
17 16 17
114 114
150 152
20 20
95 95 87 97
65 65 68
27 27 118
25 25
30 30
32 32
58 58
55 55
145 148 145
15 15
100 100
44 44
105 105
108 108
82 82
124 124
179 179
195 197 195
144 144
182 182 181
180 180
99 99
130 133
