loc0 loc58 loc31 loc66 loc39 loc84 loc30 loc63 loc18 loc54 loc36 loc90 loc45 loc63 loc3 loc93 loc12 loc57 loc33 loc60 loc15 loc69 loc42 loc87 loc7 loc88 loc34 loc85 loc13 loc76 loc22 loc70 loc26 loc53 loc25 loc79 loc71 loc17 loc62 loc44 loc89 loc8 loc98 loc41 loc95 loc5 loc86 loc50 loc59 loc47 loc92 loc11 loc65 loc46 loc82 loc1 loc73 loc29 loc65 loc2 loc94 loc40 loc58 loc0
43
loc31 loc31
loc66 loc48
loc39 loc39
loc30 loc30
loc63 loc27
loc18 loc18
loc54 loc9
loc36 loc36
loc45 loc45
loc3 loc3
loc12 loc12
loc33 loc33
loc60 loc6 loc21
loc15 loc15
loc42 loc42
loc87 loc24
loc7 loc7
loc34 loc34
loc13 loc13
loc22 loc22
loc70 loc43
loc26 loc26
loc53 loc35
loc25 loc25
loc79 loc16
loc17 loc17
loc44 loc44
loc8 loc8
loc41 loc41
loc95 loc23
loc5 loc5
loc86 loc32 loc14
loc50 loc50
loc47 loc47
loc11 loc11
loc65 loc20 loc38
loc46 loc46
loc82 loc10 loc28 loc19 loc37
loc1 loc1
loc29 loc29
loc2 loc2
loc40 loc40
loc58 loc49 loc4
