loc0 loc148 loc58 loc103 loc13 loc166 loc79 loc151 loc34 loc187 loc70 loc124 loc7 loc169 loc26 loc107 loc53 loc179 loc44 loc161 loc80 loc125 loc62 loc158 loc86 loc125 loc98 loc152 loc71 loc143 loc169 loc142 loc97 loc133 loc78 loc150 loc42 loc133 loc16 loc196 loc43 loc115 loc166 loc184 loc50 loc122 loc94 loc193 loc67 loc157 loc12 loc129 loc75 loc183 loc30 loc123 loc87 loc159 loc24 loc177 loc96 loc195 loc15 loc168 loc87 loc186 loc6 loc183 loc3 loc138 loc66 loc174 loc48 loc189 loc18 loc135 loc27 loc117 loc63 loc108 loc9 loc162 loc81 loc135 loc54 loc180 loc72 loc153 loc1 loc163 loc10 loc109 loc146 loc65 loc164 loc2 loc128 loc74 loc110 loc74 loc128 loc173 loc38 loc113 loc77 loc185 loc32 loc131 loc56 loc155 loc173 loc164 loc73 loc181 loc37 loc136 loc100 loc172 loc91 loc163 loc111 loc22 loc157 loc85 loc193 loc0
82
loc148 loc31 loc40 loc76
loc58 loc58
loc13 loc13
loc79 loc79
loc34 loc34
loc187 loc61
loc70 loc70
loc7 loc7
loc26 loc26
loc107 loc35
loc53 loc53
loc179 loc89 loc17
loc44 loc44
loc80 loc80
loc125 loc23
loc62 loc62
loc158 loc59 loc68
loc86 loc86
loc98 loc98
loc71 loc71
loc143 loc8
loc97 loc97
loc133 loc52
loc78 loc78
loc150 loc69
loc42 loc42
loc16 loc16
loc196 loc88
loc43 loc43
loc115 loc25
loc50 loc50
loc122 loc95
loc94 loc94
loc67 loc67
loc157 loc4 loc21 loc49
loc12 loc12
loc75 loc75
loc30 loc30
loc123 loc93 loc33
loc87 loc87
loc24 loc24
loc96 loc96
loc195 loc60 loc51
loc15 loc15
loc6 loc6
loc3 loc3
loc66 loc66
loc174 loc84
loc48 loc48
loc189 loc57 loc99
loc18 loc18
loc135 loc36
loc27 loc27
loc63 loc63
loc9 loc9
loc81 loc81
loc54 loc54
loc180 loc39
loc72 loc72
loc153 loc45 loc90
loc1 loc1
loc10 loc10
loc109 loc46 loc64 loc19
loc146 loc20
loc65 loc65
loc2 loc2
loc74 loc74
loc110 loc92 loc47 loc11
loc38 loc38
loc113 loc41 loc29 loc5
loc77 loc77
loc185 loc83 loc14
loc32 loc32
loc56 loc56
loc73 loc73
loc37 loc37
loc136 loc28
loc100 loc100
loc172 loc55 loc82
loc91 loc91
loc22 loc22
loc85 loc85
