loc0 loc31 loc1 loc36 loc28 loc10 loc47 loc2 loc38 loc29 loc31 loc4 loc30 loc13 loc39 loc6 loc42 loc24 loc33 loc15 loc48 loc12 loc39 loc16 loc34 loc17 loc26 loc8 loc32 loc5 loc29 loc19 loc31 loc0
24
loc0 loc0 loc0 loc0 loc0 loc0 loc0 loc0
loc1 loc1
loc36 loc9 loc18
loc10 loc10
loc2 loc2
loc38 loc11 loc20
loc31 loc22
loc4 loc4
loc30 loc21
loc13 loc13
loc6 loc6
loc42 loc7
loc24 loc24
loc15 loc15
loc48 loc3
loc12 loc12
loc16 loc16
loc34 loc25
loc17 loc17
loc8 loc8
loc32 loc23
loc5 loc5
loc29 loc14
loc19 loc19
