99 176 103 52 22 8 129 54 88 196 97 43 18 133 148 16 53 74 166 84 160 120 180 23 78 7 113 0 177 169 104 55 69 100 81 126 49 107 142 118 107 117 187 68 182 20 138 30 157 96 56 43 66 137 185 45 85 174 19 12 1 58 102 48 26 199 154 167 76 105 131 159 106 95 24 194 40 2 112 71 146 86 128 164 95 184 67 188 79 178 175 32 98 36 155 110 151 176 99
80
99 99
176 35
103 103
22 22
8 8
129 28
54 61
88 88
196 47
97 97
18 18
133 124
148 148
16 190 17
53 53
166 166
160 160
120 171
180 180
23 165
78 78
7 111
113 114 51 59 170
0 0
169 169
104 82 130
55 55
69 173 83 25
100 100
81 9
126 126
49 123 125 27 10
107 163 94 158
142 70 142
118 4
117 117
68 68
182 5
20 20
30 30
157 119 172
96 132
56 56
66 66
137 150
185 185
45 41
85 186 127
174 174
19 33
12 12
1 1
58 149
102 102
48 122
26 26
199 42 39
167 167
76 92 161
131 131
106 106
24 24
40 40
2 63
112 112
71 192
146 146
86 168 181
128 73 80
164 164
95 183
184 184
188 188
79 75
178 178
175 15
32 90 34
98 98
155 155
151 151
