loc59 loc70 loc37 loc54 loc16 loc43 loc65 loc6 loc51 loc36 loc81 loc32 loc30 loc71 loc72 loc47 loc74 loc62 loc68 loc29 loc2 loc95 loc41 loc88 loc42 loc90 loc33 loc35 loc4 loc52 loc31 loc5 loc25 loc50 loc45 loc97 loc23 loc28 loc46 loc92 loc98 loc84 loc83 loc89 loc59
43
loc70 loc70
loc37 loc37
loc54 loc54
loc16 loc16
loc43 loc43
loc65 loc65
loc6 loc6
loc51 loc17 loc51
loc36 loc36
loc81 loc81
loc32 loc32
loc30 loc13 loc30
loc71 loc71
loc72 loc72
loc47 loc47
loc74 loc74
loc62 loc62
loc68 loc20 loc68
loc29 loc29
loc2 loc2
loc95 loc95
loc41 loc41
loc88 loc88
loc42 loc34 loc42
loc90 loc14 loc1 loc90
loc33 loc33
loc35 loc35
loc4 loc4
loc52 loc52
loc31 loc31
loc5 loc5
loc25 loc25
loc50 loc11 loc50
loc45 loc45
loc97 loc97
loc23 loc23
loc28 loc28
loc46 loc46
loc92 loc92
loc98 loc98
loc84 loc84
loc83 loc83
loc89 loc89
