loc189 loc0 loc17 loc47 loc163 loc77 loc150 loc183 loc83 loc128 loc195 loc50 loc4 loc69 loc111 loc113 loc146 loc95 loc188 loc86 loc164 loc36 loc70 loc65 loc145 loc180 loc20 loc152 loc127 loc117 loc169 loc125 loc62 loc54 loc27 loc94 loc172 loc168 loc61 loc191 loc136 loc79 loc104 loc143 loc74 loc153 loc100 loc101 loc26 loc31 loc159 loc23 loc109 loc22 loc40 loc133 loc73 loc38 loc88 loc37 loc162 loc185 loc15 loc156 loc98 loc142 loc139 loc16 loc78 loc158 loc41 loc194 loc39 loc55 loc135 loc96 loc58 loc53 loc148 loc59 loc66 loc165 loc114 loc85 loc147 loc177 loc108 loc161 loc76 loc154 loc112 loc189
90
loc0 loc0
loc17 loc17
loc47 loc47
loc163 loc163
loc77 loc77
loc150 loc150
loc183 loc183
loc83 loc83
loc128 loc128
loc195 loc195
loc50 loc50
loc4 loc4
loc69 loc34 loc69
loc111 loc190 loc129 loc111
loc113 loc113
loc146 loc146
loc95 loc95
loc188 loc188
loc86 loc86
loc164 loc164
loc36 loc11 loc36
loc70 loc70
loc65 loc65
loc145 loc184 loc25 loc145
loc180 loc180
loc20 loc20
loc152 loc32 loc18 loc152
loc127 loc127
loc117 loc117
loc169 loc169
loc125 loc125
loc62 loc62
loc54 loc54
loc27 loc27
loc94 loc94
loc172 loc172
loc168 loc168
loc61 loc61
loc191 loc191
loc136 loc136
loc79 loc79
loc104 loc104
loc143 loc143
loc74 loc74
loc153 loc153
loc100 loc100
loc101 loc101
loc26 loc26
loc31 loc31
loc159 loc159
loc23 loc23
loc109 loc109
loc22 loc22
loc40 loc40
loc133 loc133
loc73 loc73
loc38 loc38
loc88 loc88
loc37 loc37
loc162 loc162
loc185 loc185
loc15 loc15
loc156 loc156
loc98 loc119 loc98
loc142 loc142
loc139 loc139
loc16 loc16
loc78 loc78
loc158 loc158
loc41 loc41
loc194 loc194
loc39 loc39
loc55 loc55
loc135 loc135
loc96 loc96
loc58 loc58
loc53 loc53
loc148 loc148
loc59 loc131 loc59
loc66 loc66
loc165 loc165
loc114 loc114
loc85 loc85
loc147 loc147
loc177 loc177
loc108 loc108
loc161 loc161
loc76 loc76
loc154 loc154
loc112 loc112
