81 34 16 108 18 20 23 24 27 33 36 189 48 52 53 58 59 64 69 71 77 78 1 159 9 17 35 41 43 45 46 49 57 70 74 76 80 84 87 90 109 124 130 135 138 145 89 156 158 162 164 165 166 178 183 184 197 199 85 86 88 92 93 95 96 100 103 117 121 123 125 127 132 141 150 152 154 161 115 167 126 179 180 182 188 191 195 196 198 200 81
90
81 81
34 14 12 8 34
16 16
108 108
18 18
20 20
23 23
24 24
27 27
33 33
36 36
189 189
48 48
52 52
53 53
58 58
59 59
64 64
69 69
71 71
77 77
78 78
1 1
159 159
9 107 9
17 17
35 35
41 41
43 43
45 45
46 46
49 49
57 57
70 70
74 74
76 76
80 80
84 84
87 87
90 90
109 109
124 124
130 130
135 135
138 138
145 145
89 89
156 156
158 158
162 162
164 164
165 165
166 166
178 178
183 183
184 184
197 197
199 199
85 85
86 86
88 88
92 92
93 93
95 95
96 96
100 100
103 103
117 117
121 121
123 123
125 125
127 127
132 132
141 141
150 150
152 152
154 154
161 161
115 115
167 56 167
126 170 153 97 65 42 126
179 179
180 180
182 182
188 188
191 191
195 195
196 196
198 198
200 200
