10 2 1 3 21 11 12 29 41 37 38 8 7 34 42 43 35 39 36 6 22 23 10 50 51 52 53 54 193 56 57 58 59 199 61 62 63 64 66 67 68 69 71 72 73 74 76 77 78 79 81 82 83 84 86 87 88 89 91 92 93 94 96 97 98 99 101 102 103 104 106 107 108 109 111 112 196 197 198 190 191 192 185 184 187 186 50 10
83
2 2
1 1
3 5 3
21 21
11 11
12 12
29 15 29
41 41
37 37
38 38
8 8
7 7
34 34
42 42
43 43
35 32 35
39 39
36 36
6 6
22 22
23 25 23
51 51
52 52
53 53
54 54
193 193
56 56
57 57
58 58
59 59
199 199
61 61
62 62
63 63
64 64
66 66
67 67
68 68
69 69
71 71
72 72
73 73
74 74
76 76
77 77
78 78
79 79
81 81
82 82
83 83
84 84
86 86
87 87
88 88
89 89
91 91
92 92
93 93
94 94
96 96
97 97
98 98
99 99
101 101
102 102
103 103
104 104
106 106
107 107
108 108
109 109
111 111
112 112
196 196
197 197
198 198
190 190
191 191
192 192
185 185
184 184
187 187
186 186
