0 56 7 54 96 17 62 5 87 46 70 0 89 85 35 20 63 24 59 11 40 8 88 69 26 50 22 67 25 64 81 23 60 55 31 97 58 3 48 100 44 76 28 0 33 51 92 65 84 77 36 90 79 0 99 27 49 68 1 78 32 4 66 95 93 10 2 43 74 37 75 83 71 21 94 80 86 29 14 73 52 2 91 0
77
56 56
7 7
54 18 54
96 6 96
17 17
62 62
5 5
87 87
46 72 38 46
70 70
89 82 45 89
85 16 85
35 35
20 20
63 63
24 24
59 59
11 34 1 11
40 40
8 8
88 98 61 88
69 69
26 26
50 50
22 22
67 19 67
25 15 25
64 64
81 81
23 23
60 60
55 55
31 31
97 97
58 58
3 3
48 48
100 100
44 44
76 76
28 42 12 28
33 33
51 51
92 92
65 65
84 84
77 77
36 41 36
90 90
79 79
99 99
27 39 27
49 49
68 57 53 68
78 9 78
32 32
4 4
66 66
95 95
93 93
10 10
2 30 2
43 43
74 74
37 47 37
75 75
83 83
71 71
21 13 21
94 94
80 80
86 86
29 29
14 14
73 73
52 52
91 91
