0 30 28 26 25 23 32 20 19 17 85 86 83 81 80 79 78 77 76 75 63 62 58 54 53 51 49 48 45 44 42 38 37 33 117 116 112 115 113 114 115 112 ViksNode 107 106 102 100 99 96 93 92 14 11 9 8 7 6 5 4 5 6 9 12 13 14 92 93 96 98 100 122 100 101 102 105 107 ViksNode 112 116 117 33 34 33 38 42 44 49 50 52 54 58 59 58 62 70 64 73 72 76 77 78 79 80 82 90 17 21 20 32 23 26 28 0
38
30 30
25 25
20 20
19 19
86 86
80 80
78 78
76 74
63 63
53 53
48 48
42 42 43
37 37
117 117
113 113
114 114
106 106
99 99
93 94
8 8
7 7
4 3 4
9 10
13 13
14 15
122 123 121
101 104
105 108
107 130
34 35 36
44 47
54 56 55
59 59 60
70 71 70
73 73
17 18
21 21
28 27
