destitute Loomis Rio Darwin ripe papal septillion transpiration Andersen creekside Hewlett decor swordfish Auberge Modesto Elizabethan Halstead Andersen Vega bobble Dominican Bleeker minion slowdown amateur illusion Andersen embassy Andersen choice shroud McCall mediate extractor Bernini MN Isfahan balustrade midget funny Gilmore Hindi connubial schedule stanza Injun jewel Auberge diligent swingy Bleeker tate trill fatten Andersen yogurt Fisk anvil Curtis destitute
50
Loomis Loomis
Rio Rio
Darwin Darwin
ripe ripe
papal papal
septillion septillion
transpiration transpiration
creekside creekside
Hewlett Hewlett
decor decor
swordfish swordfish
Auberge Auberge
Modesto Modesto
Elizabethan Elizabethan
Halstead Halstead
Andersen Andersen
Vega Vega
bobble bobble
Dominican Dominican
Bleeker Bleeker
minion minion
slowdown slowdown
amateur amateur
illusion illusion
embassy embassy
choice choice
shroud shroud
McCall McCall
mediate mediate
extractor extractor
MN MN
Isfahan Isfahan
balustrade balustrade
midget midget
funny funny
Gilmore Gilmore
Hindi Hindi
connubial connubial
schedule schedule
stanza stanza
Injun Injun
jewel jewel
diligent diligent
swingy swingy
tate tate
trill trill
fatten fatten
yogurt yogurt
Fisk Fisk
anvil anvil
