woebegone MN Andersen extrovert Tucson Durango Irvin Durango explosion archive barnacle broil thirteen involuntary icon Amtrak Modesto Durango Vega Durango slowdown involuntary spill Simon Elizabethan dull swingy Fisk December Fisk Elizabethan papal Irvin postscript trimester Curtis directory bat Winchester connubial Halstead oriole PDP Sunday PDP limitate inform millennium funky archive secondary ripe bunch Amtrak directory Curtis illusion transfuse MN yogurt Simon Rodney Auberge archive MN relaxation Irvin sinh Durango bifurcate atom transonic involuntary felony casserole MN monotonous Durango noon Halstead renaissance limpkin equipping numerology Gilmore simulate funny McCall diligent numerology stanza bunch viscous bacteria septillion bacteria wingspread funny Amtrak tate felony fulsome shovel Amtrak woebegone
67
Andersen Andersen
extrovert extrovert
Tucson Tucson
Irvin mack Irvin
explosion explosion
archive archive sphalerite softball
barnacle barnacle
broil broil
thirteen thirteen
involuntary backplate involuntary
icon update coarse icon
Modesto Modesto
Vega Vega
slowdown slowdown
spill mitre spill
dull Wheller dull
swingy swingy
Fisk Fisk mediate
December Zorn December
papal car papal
postscript postscript
trimester trimester
Curtis deduce Curtis
bat bat
Winchester Winchester
connubial anvil connubial
oriole oriole
PDP PDP
Sunday whatsoever silage Sunday
limitate limitate
inform inform
millennium millennium
funky swordfish funky
secondary secondary
bunch midstream bunch
directory directory
illusion griddle illusion
transfuse catenate transfuse
yogurt yogurt
Simon Goodrich Darwin Simon
Rodney Rodney
Auberge Auberge
relaxation relaxation
sinh sinh
Durango Reilly Hewlett Durango
bifurcate bifurcate
transonic transonic
felony babysat Isfahan felony thoroughfare
casserole casserole
MN exothermic
monotonous dreadnought monotonous
noon noon
renaissance renaissance
equipping equipping
Gilmore Gilmore
simulate Stephen simulate
funny funny imperishable yearn
McCall McCall
diligent diligent
numerology numerology
stanza administer stanza
viscous viscous
septillion septillion
wingspread wingspread
tate tate
fulsome embroil fulsome
shovel choice shovel
