exothermic felony Irvin decor shovel lordosis midget amateur Bernini Curtis combine Iowa swordfish namesake McCall Andersen extrovert sacrifice exothermic
18
felony yogurt felony
Irvin Irvin
decor decor
shovel shovel
lordosis Halstead lordosis
midget midget
amateur amateur
Bernini coarse Tucson Bernini
Curtis Curtis
combine Injun trill combine
Iowa Iowa
swordfish wafer swordfish
namesake FPC namesake
McCall McCall
Andersen Andersen
extrovert extrovert
sacrifice sacrifice
exothermic exothermic exothermic exothermic
