Loc151 Loc130 Loc4 Loc48 Loc0 Loc177 Loc41 Loc98 Loc101 Loc3 Loc165 Loc172 Loc184 Loc3 Loc170 Loc115 Loc36 Loc104 Loc0 Loc128 Loc16 Loc77 Loc13 Loc6 Loc127 Loc68 Loc62 Loc46 Loc122 Loc94 Loc17 Loc0 Loc38 Loc190 Loc123 Loc111 Loc125 Loc50 Loc167 Loc183 Loc181 Loc194 Loc15 Loc157 Loc72 Loc120 Loc43 Loc154 Loc109 Loc61 Loc65 Loc138 Loc92 Loc49 Loc33 Loc0 Loc160 Loc158 Loc166 Loc54 Loc96 Loc85 Loc118 Loc141 Loc59 Loc124 Loc102 Loc47 Loc21 Loc89 Loc0 Loc173 Loc1 Loc99 Loc117 Loc52 Loc70 Loc126 Loc93 Loc161 Loc147 Loc180 Loc34 Loc55 Loc195 Loc3 Loc2 Loc163 Loc27 Loc110 Loc182 Loc135 Loc131 Loc171 Loc0 Loc151
86
Loc151 Loc151
Loc130 Loc130
Loc4 Loc4
Loc48 Loc48
Loc177 Loc177
Loc41 Loc41
Loc98 Loc98
Loc101 Loc57 Loc101
Loc165 Loc165
Loc172 Loc172
Loc184 Loc184
Loc3 Loc3
Loc170 Loc170
Loc115 Loc115
Loc36 Loc36
Loc104 Loc156 Loc104
Loc128 Loc128
Loc16 Loc16
Loc77 Loc77
Loc13 Loc13
Loc6 Loc66 Loc6
Loc127 Loc127
Loc68 Loc68
Loc62 Loc62
Loc46 Loc46
Loc122 Loc122
Loc94 Loc94
Loc17 Loc17
Loc38 Loc38
Loc190 Loc190
Loc123 Loc123
Loc111 Loc185 Loc111
Loc125 Loc125
Loc50 Loc50
Loc167 Loc167
Loc183 Loc183
Loc181 Loc181
Loc194 Loc194
Loc15 Loc15
Loc157 Loc157
Loc72 Loc72
Loc120 Loc120
Loc43 Loc43
Loc154 Loc154
Loc109 Loc109
Loc61 Loc134 Loc61
Loc65 Loc65
Loc138 Loc138
Loc92 Loc92
Loc49 Loc49
Loc33 Loc148 Loc33
Loc160 Loc160
Loc158 Loc142 Loc158
Loc166 Loc166
Loc54 Loc54
Loc96 Loc96
Loc85 Loc7 Loc85
Loc118 Loc118
Loc141 Loc141
Loc59 Loc59
Loc124 Loc124
Loc102 Loc102
Loc47 Loc47
Loc21 Loc21
Loc89 Loc89
Loc173 Loc187 Loc58 Loc173
Loc99 Loc99
Loc117 Loc117
Loc52 Loc52
Loc70 Loc70
Loc126 Loc126
Loc93 Loc93
Loc161 Loc161
Loc147 Loc147
Loc180 Loc180
Loc34 Loc32 Loc34
Loc55 Loc55
Loc195 Loc195
Loc2 Loc2
Loc163 Loc163
Loc27 Loc27
Loc110 Loc24 Loc28 Loc110
Loc182 Loc20 Loc182
Loc135 Loc135
Loc131 Loc131
Loc171 Loc171
