Loc35 Loc7 Loc31 Loc46 Loc58 Loc51 Loc95 Loc67 Loc70 Loc44 Loc23 Loc1 Loc28 Loc77 Loc63 Loc66 Loc14 Loc41 Loc64 Loc65 Loc48 Loc52 Loc93 Loc78 Loc4 Loc92 Loc25 Loc10 Loc15 Loc79 Loc90 Loc73 Loc24 Loc0 Loc86 Loc74 Loc22 Loc80 Loc62 Loc89 Loc34 Loc35
40
Loc7 Loc7
Loc31 Loc31
Loc46 Loc46
Loc58 Loc37 Loc58
Loc51 Loc51
Loc95 Loc54 Loc95
Loc67 Loc13 Loc67
Loc70 Loc33 Loc70
Loc44 Loc44
Loc23 Loc97 Loc23
Loc1 Loc1
Loc28 Loc28
Loc77 Loc84 Loc47 Loc77
Loc63 Loc63
Loc66 Loc66
Loc14 Loc14
Loc41 Loc41
Loc64 Loc64
Loc65 Loc39 Loc65
Loc48 Loc48
Loc52 Loc71 Loc52
Loc93 Loc93
Loc78 Loc78
Loc4 Loc81 Loc4
Loc92 Loc92
Loc25 Loc25
Loc10 Loc10
Loc15 Loc15
Loc79 Loc79
Loc90 Loc90
Loc73 Loc73
Loc24 Loc24
Loc0 Loc0
Loc86 Loc86
Loc74 Loc74
Loc22 Loc22
Loc80 Loc80
Loc62 Loc62
Loc89 Loc89
Loc34 Loc34
