1 8 9 3 16 22 30 17 43 27 19 6 28 7 36 18 44 31 38 13 32 2 29 5 24 4 26 45 35 10 42 48 39 25 41 34 14 23 21 47 11 12 20 46 33 15 40 1
47
8 123 56
9 73 72
3 112 97
16 133 91
22 94 71
30 101 95
17 66 60
43 136 64
27 140 78
19 125 99 98 53
6 126 119
28 131 83
7 120 107
36 130 110
18 69 63
44 114 102
31 143 70
38 111 61
13 109 79
32 139 135
2 81 62
29 129 96
5 93 90
24 134 88
4 118 51
26 121 100
45 122 74
35 92 84
10 132 76
42 104 89
48 68 58
39 57 52
25 86 80
41 137 106
34 77 50
14 105 75
23 108 55
21 138 82
47 141 113
11 142 65
12 116 59
20 124 115
46 144 54
33 127 67
15 103 85
40 117 87
1 128 49
