g3ylJsdLuC idQHxtSnxr 0mnwiU4XrT u4LnQNaaiz yvMowGbkvn vUu8ijgxxf KUJdxKVZFO fXy828RCG4 Pijq8aHqIR s3eMpsYH00 oIVQ2qkgnR WAi18jd2vJ Tk8ERvdKxF oCk2Yieytb 33omYiVXOD 5SSy593K31 WvFZJEkTrw RUc8Sio5IX 2eMl9AO5o8 Tk8ERvdKxF WAi18jd2vJ oIVQ2qkgnR 0hs3CNDF4L nFqfAnhO3U Pijq8aHqIR qnkfLCmfDn QTNhZIciNJ CSjLrGbUz3 QTNhZIciNJ 2S929yZddP YpRs8m6oyX oEdovEhrWM qnkfLCmfDn yU6iUY8YgO XOxGPscMMG WcyuqGYOzU XOxGPscMMG yU6iUY8YgO qnkfLCmfDn Pijq8aHqIR lfdanPGo3c jBYJ7v19BQ qjDSEKmZMW FqFik17fFH XW1Wn7EqpN GQ4F0g3Mdj XW1Wn7EqpN GQ4F0g3Mdj fXy828RCG4 KUJdxKVZFO 0wTk0mYkLH g2I4si69gU u4FAx2sHZm 1TfvXd6dPZ u4FAx2sHZm g2I4si69gU 0wTk0mYkLH KUJdxKVZFO 7g0Idy1nzK 03xK87sjTf 7g0Idy1nzK BNkM7qaRNw IA0Uf143OT mwzQG3SxnO IA0Uf143OT JD3uem81Lg D0kECQ0RvI emYRLTiyj9 LeZK9UvMT9 LIaAthcOOG 5hWe1EOa3M IA0Uf143OT uvoepIQg9n IA0Uf143OT BNkM7qaRNw yky49wE4YG 723MhcLxt0 yky49wE4YG YAqGe4tKAP FvzkpZRSj8 PcFJuErB3q CxfzSa2YOV M2hatQPY96 tubjzjzUpV 8ZKCAWlImg t25XjDwQhD 2fevl06VRg 33omYiVXOD N6YnWF3Aqg Oiowits7js 12ECENJIev 7wS9dKOnJR 723MhcLxt0 yky49wE4YG YAqGe4tKAP 33omYiVXOD bsEkAY2K41 Q1N77BLmyb TSSOUimHPg BUMLJo6sc3 idQHxtSnxr dj8JMfo3hX 4znnlMjVra MXIvZpEPtW biWuM2iRnz mok9StGG0X TSSOUimHPg BUMLJo6sc3 srT70dfQEr Pz3egMzKU8 srT70dfQEr K05xB79KZo srT70dfQEr RN0bCAV6rQ srT70dfQEr BUMLJo6sc3 idQHxtSnxr g3ylJsdLuC
63
idQHxtSnxr idQHxtSnxr onlLq65Azx
0mnwiU4XrT wRn7Oi1bcW 0mnwiU4XrT
u4LnQNaaiz u4LnQNaaiz
yvMowGbkvn yvMowGbkvn
vUu8ijgxxf vUu8ijgxxf
KUJdxKVZFO KUJdxKVZFO
fXy828RCG4 fXy828RCG4
Pijq8aHqIR Pijq8aHqIR
s3eMpsYH00 s3eMpsYH00
oIVQ2qkgnR oIVQ2qkgnR bhojeHeddF
WAi18jd2vJ KHDeTTvJC1 WAi18jd2vJ S8BtTu4yH9
Tk8ERvdKxF Tk8ERvdKxF uIf3wnJUdn
oCk2Yieytb bWDewy6WbV oCk2Yieytb
5SSy593K31 5SSy593K31
WvFZJEkTrw aEo62SfMqH WvFZJEkTrw
0hs3CNDF4L 0hs3CNDF4L
qnkfLCmfDn qnkfLCmfDn dMOAUqH7Z3 h5Si5BAPN0
QTNhZIciNJ QTNhZIciNJ
CSjLrGbUz3 xtp1B5q0W1 CSjLrGbUz3
2S929yZddP 1QXjsHNYao 2S929yZddP
YpRs8m6oyX YpRs8m6oyX
oEdovEhrWM CUEWGmB7Gt KpxiCfRqh3 oEdovEhrWM
yU6iUY8YgO yU6iUY8YgO
WcyuqGYOzU oWmQcQwHPo WcyuqGYOzU
lfdanPGo3c lfdanPGo3c
jBYJ7v19BQ jBYJ7v19BQ
qjDSEKmZMW qjDSEKmZMW
GQ4F0g3Mdj TyL7NE2puV GQ4F0g3Mdj TP2TNyk7wl
XW1Wn7EqpN 8KtuAXHUy3 XW1Wn7EqpN
0wTk0mYkLH 0wTk0mYkLH
g2I4si69gU g2I4si69gU IT4pKw3giW oVMPVsMWrZ
u4FAx2sHZm u4FAx2sHZm 2OsmeZV9xh
1TfvXd6dPZ mbSdju1TJK 1TfvXd6dPZ
7g0Idy1nzK 7g0Idy1nzK
03xK87sjTf nKHFs5cKTX 03xK87sjTf
BNkM7qaRNw XlU2fx0ZPn BNkM7qaRNw
IA0Uf143OT IA0Uf143OT
mwzQG3SxnO 97ZNlakBoq mwzQG3SxnO
JD3uem81Lg r8njDwxc2t JD3uem81Lg
emYRLTiyj9 emYRLTiyj9
LeZK9UvMT9 LeZK9UvMT9
uvoepIQg9n LCKLTNE1vp uvoepIQg9n
yky49wE4YG yky49wE4YG WRd4lScvm6 Pv5LMSkQii
723MhcLxt0 TBzLS0OAYU 723MhcLxt0
YAqGe4tKAP YAqGe4tKAP
FvzkpZRSj8 FvzkpZRSj8
CxfzSa2YOV CxfzSa2YOV
M2hatQPY96 M2hatQPY96
tubjzjzUpV tubjzjzUpV
8ZKCAWlImg z9nRKYQ1ub t25XjDwQhD
Oiowits7js Oiowits7js
12ECENJIev 12ECENJIev
bsEkAY2K41 bsEkAY2K41
Q1N77BLmyb Q1N77BLmyb
TSSOUimHPg x7iq98BiN3
dj8JMfo3hX QrJxLpX875 dj8JMfo3hX
4znnlMjVra 4znnlMjVra
biWuM2iRnz biWuM2iRnz
BUMLJo6sc3 BUMLJo6sc3 fecMfiAuGC jPXsbXPNMq
srT70dfQEr srT70dfQEr
Pz3egMzKU8 gZXiityEnU Pz3egMzKU8
K05xB79KZo 2O61j91J3T K05xB79KZo
RN0bCAV6rQ pk0Vh75DnH RN0bCAV6rQ
