6Zg7j6t8kt ka4cgDWgq7 GSDEYlNcCM 97dvK2Az7S GSDEYlNcCM 4JtfcKJvHu H0NdoJawvz oQb2PqTM8x bc4pLp9tiD MpRNDD0glq 4ViGHxfdlc dyS1o5lQHD OpwMnuSGmp uXkvSfF7Kv pm1Yq2dCLL Ma7DUhMrCQ 0gqiqztWgj fhmE7A9rVl gSP0irArmo M9d0z6OccV 79JJ9GZF8c fbxiHLAsv4 KpPj50fAfy vCSWEyz4PC TH1GgoG5GU Octagmmhko 1koyFI8rlU G05S6XZiBa 4RZs4XFvF9 OR78sPVsV9 ECFKqOm791 fbxiHLAsv4 rCrtLJTXdv tvKOOMQ7Sv Iroa6leixY R0OKpbbX8l b3jUAAPOlA cqCbnI2bkr NgxnYo41LY I1RTFIGWhc YrPP1U1r20 ckEVpwA8CD YrPP1U1r20 I1RTFIGWhc NgxnYo41LY UgxUR9jKcJ 1iUrZ2N0MA gSP0irArmo YZKJeBb8Pe dojrtYXceT wXTrLT9dUx 1aPtXDhYtV ESDdDChkYw 1iUrZ2N0MA ReGEuwhnqY 8pgnfE3xKu vD4d0BZ03p zH4Z0p0Ftj VWD9Yy5Xrg HpRVhY9Btb ka4cgDWgq7 lrFRnKniRv 6Zg7j6t8kt
44
ka4cgDWgq7 ka4cgDWgq7
GSDEYlNcCM GSDEYlNcCM
97dvK2Az7S Dkc5CxJ6RV 97dvK2Az7S
4JtfcKJvHu 4JtfcKJvHu
H0NdoJawvz H0NdoJawvz
bc4pLp9tiD OGWcs2X8pk
MpRNDD0glq MpRNDD0glq
4ViGHxfdlc 4ViGHxfdlc
OpwMnuSGmp OpwMnuSGmp
uXkvSfF7Kv uXkvSfF7Kv
pm1Yq2dCLL iyQiEnpG35
0gqiqztWgj 0gqiqztWgj
fhmE7A9rVl fhmE7A9rVl
gSP0irArmo N08DpqDewo
M9d0z6OccV M9d0z6OccV
79JJ9GZF8c s8EkvbOYAX 79JJ9GZF8c
fbxiHLAsv4 fbxiHLAsv4
KpPj50fAfy KpPj50fAfy
vCSWEyz4PC vCSWEyz4PC
TH1GgoG5GU TH1GgoG5GU
Octagmmhko Octagmmhko
1koyFI8rlU 1koyFI8rlU
G05S6XZiBa G05S6XZiBa
4RZs4XFvF9 4RZs4XFvF9
OR78sPVsV9 EZQ9HUGjRN
tvKOOMQ7Sv tvKOOMQ7Sv
Iroa6leixY Iroa6leixY
b3jUAAPOlA b3jUAAPOlA
cqCbnI2bkr cqCbnI2bkr
NgxnYo41LY 4lUeyqYb0U NgxnYo41LY
YrPP1U1r20 YrPP1U1r20 7cteJXIZM1
ckEVpwA8CD ckEVpwA8CD YQKcyMibnc
I1RTFIGWhc I1RTFIGWhc
UgxUR9jKcJ UgxUR9jKcJ
YZKJeBb8Pe YZKJeBb8Pe
dojrtYXceT dojrtYXceT
wXTrLT9dUx wXTrLT9dUx
1aPtXDhYtV 1aPtXDhYtV
ESDdDChkYw ESDdDChkYw
8pgnfE3xKu oRs9wR3IGE 8pgnfE3xKu
vD4d0BZ03p vD4d0BZ03p
zH4Z0p0Ftj zH4Z0p0Ftj
VWD9Yy5Xrg VWD9Yy5Xrg
lrFRnKniRv lrFRnKniRv
