ctUVEJSyNR Z82QDWb0Pr T3o9dNVbcG TDmNOuGJBk pxgZ5VHtpD 6lpxgUxCxO VbPBW7rmhF BtCEVbHoQI oPQmRUijH5 gLI8ArV2Ui osdKgXyg1e MuYreynm57 f91pUtm9EZ vzXeZbLrSW UphA2uAaYC HEqjxwCWnl zUWT7uduzq uVIshS2g8a VBTKstUXwG uVIshS2g8a qg08r1Pg6g N4DMbR59L3 I4iTN5KXjB TDmNOuGJBk T3o9dNVbcG RLF9v27sOQ VbPBW7rmhF QwY2G6aX6c 8Jejdr7ynm 7d3UA4fKWz Z82QDWb0Pr ctUVEJSyNR
22
Z82QDWb0Pr Z82QDWb0Pr U5XdtBFGOe IU0Ia8127Z
T3o9dNVbcG T3o9dNVbcG
TDmNOuGJBk TDmNOuGJBk
6lpxgUxCxO 6lpxgUxCxO
BtCEVbHoQI HG8olhhcTZ BtCEVbHoQI
oPQmRUijH5 oPQmRUijH5
gLI8ArV2Ui gLI8ArV2Ui
osdKgXyg1e osdKgXyg1e
MuYreynm57 MuYreynm57
f91pUtm9EZ f91pUtm9EZ
vzXeZbLrSW vzXeZbLrSW
UphA2uAaYC UphA2uAaYC
zUWT7uduzq zUWT7uduzq
VBTKstUXwG 8UaR4YpZys VBTKstUXwG
qg08r1Pg6g qg08r1Pg6g
N4DMbR59L3 MzId8uwrPz
I4iTN5KXjB I4iTN5KXjB
RLF9v27sOQ RLF9v27sOQ
QwY2G6aX6c QwY2G6aX6c
8Jejdr7ynm 8Jejdr7ynm
7d3UA4fKWz 7d3UA4fKWz
ctUVEJSyNR ctUVEJSyNR ctUVEJSyNR
