1 1bF 1 1eJ 1aJ 1bX 1cJ 1aA 1cU 1cW 1cX 1dH 1aA 1dT 1dV 1dW 1dZ 1aA 1eA 1eH 1aA 1eI 1aC 1bO 1 1aG 1cC 1aX 1aC 1
20
1 1aL 1 1bR 1bJ 1bE 1aR 1dS 1dJ 1dG 1dF 1dE 1cR 1cI 1cD
1bF 1dP 1dD 1dA 1cZ 1cY 1cV 1cO 1cN 1cH 1bF
1eJ 1eJ
1aJ 1bW 1bV 1bU 1bT 1bS 1bQ 1bP 1bM 1bL 1bK 1bG 1bC 1bA 1aZ 1aY 1aW 1aT 1aQ 1aM 1aI 1aE 1aC 1aB 1aA 1aJ
1bX 1cG 1cF 1cE 1cB 1bY 1bB 1bX
1cJ 1cT 1cS 1cQ 1cP 1cK 1cJ
1cU 1cU
1cW 1cW
1cX 1dC 1cX
1dH 1dR 1dO 1dN 1dK 1dI 1dH
1dT 1dT
1dV 1dV
1dW 1dY 1dW
1dZ 1dZ
1eA 1eG 1eF 1eE 1eD 1eC 1eB 1eA
1eH 1eH
1eI 1bN 1bH 1bD 1aV 1aU 1aS 1aP 1aN 1aK 1eI
1bO 1bO
1cC 1dM 1cC
1aX 1aX
