153 170 15 129 12 34 113 58 50 156 192 5 53 77 178 68 118 169 35 90 23 90 2 56 50 160 187 51 98 147 70 163 83 8 177 137 41 108 81 79 172 26 85 136 7 146 194 135 32 16 126 183 86 13 196 192 7 126 124 183 182 11 168 89 49 105 152 28 150 134 82 19 24 83 183 171 50 52 96 145 57 128 99 86 47 120 36 21 161 60 0 105 43 105 138 61 40 195 70 180 197 89 140 83 184 83 153
79
153 153
170 170
15 15
129 129
12 93 12
34 34
113 113
58 58
50 50
156 156
192 29 192
5 5
53 53
77 95 77
68 68
118 118
169 169
35 35
90 40 90
23 23
2 2
56 56
160 37 127 160
187 187
98 3 88 122 98
147 42 147
163 163
8 8
177 177
137 137
41 41
108 108
81 119 81
79 79
172 172
26 26
136 136
146 146
194 194
135 135
16 16
126 126
86 86
13 13
196 196
7 7
124 4 124
182 182
11 11
168 168
89 20 89
49 167 49
152 152
28 74 28
150 150
134 134
19 19
83 83
171 171
52 179 52
145 178 145
128 96 128
99 99
47 47
120 120
36 188 36
21 21
161 161
60 112 60
0 0
43 43
138 131 138
61 61
195 195
70 70
180 180
197 197
140 140
184 184
