y1ueyuwp svhmnjst1e q847myi 7og7qr4t86 kab7t8o7qjj xllfi9b hk8azedo934p3 8eg2mee w4qoh15 eq5c5ygub 2y9obuu p53u2x9bku99j t9q1ztn8723 ehy39 3hlob94j5u yida2btlrgcd2it mqt67y9n ywksl5wd 4cddmu86gmo 95nsenz6 quxig9xz2 bmicm4au j2pso94 p4fcg3ba jjeivv4j55 l12pu 31raz5hp9v z3qc9ub vehkyi71w 9956fi f3vyq53xc kc3zwg52 q2cvwfhr6pl5 rkd38ui5s4 q2cvwfhr6pl5 6u33i t9z1zz96r 38s4jyp4eu z3qc9ub umnww3 svhmnjst1e y1ueyuwp
33
svhmnjst1e svhmnjst1e
q847myi q847myi
7og7qr4t86 8cfvpx26xwcwt 7og7qr4t86
kab7t8o7qjj my85gnmouy kab7t8o7qjj
xllfi9b xllfi9b
8eg2mee 8eg2mee
w4qoh15 w4qoh15
eq5c5ygub eq5c5ygub
2y9obuu yik8cqxn2 2y9obuu
p53u2x9bku99j p53u2x9bku99j
t9q1ztn8723 t9q1ztn8723
ehy39 ehy39
3hlob94j5u 3hlob94j5u
yida2btlrgcd2it yida2btlrgcd2it
mqt67y9n mqt67y9n
ywksl5wd 8erlfq kch7lui7 ywksl5wd
4cddmu86gmo 4cddmu86gmo
95nsenz6 95nsenz6
quxig9xz2 quxig9xz2
bmicm4au bmicm4au
j2pso94 j2pso94
jjeivv4j55 jjeivv4j55
l12pu l12pu
31raz5hp9v 31raz5hp9v
vehkyi71w vehkyi71w
9956fi 9956fi
f3vyq53xc fhrrge 2bwd2j swoprer f3vyq53xc
kc3zwg52 u4xzrfm7f kc3zwg52
rkd38ui5s4 rkd38ui5s4
6u33i 6u33i
38s4jyp4eu uus7jirbe 38s4jyp4eu
z3qc9ub vnsdusp
umnww3 umnww3
