htb26qt 59yzvtv og6n7bgq8h p9mtts yx6dguko a5u8g4sej ligw3mffc nm7ud hc2hf5t8 tu8xxomxhi grn3uqx9y 7pbkkbbpw xpxnortd mucolb1r f92ere3 tjwldi itbc25it1yep dt4ljfgjkizpq uzsjpl5f5 8m3pascg kxhc6t8tu 9egqgrh7x4e kwtb3cg txlltgki 4w6uhigzl y3eg7gqq6 zjh83ae 87jxa 52a3fj2zh 9lvbrlgk ozag34bm9 pwqxinlzb3s 1161ildqnj 1ca2x2cnc mw8g2qjo1 iffsi lnnsb9 ht1efrhmh itrx5fucdq t4iedm q42s9z886w5 aplkk57cpzm ligw3mffc ilaz9q 812l47wm a8cy4e1t8 ysiw8m4l k3qywmpr h1gz5hzz yhp7wbv9 hq5mh8mi pt2n7hl hyc885fvjls fej54ps5j 8jea4n4ez siimi45 3khitn6 x73l73jp yr44oj2 37v6d vl6czuab zou7sx9w art44ncra yr44oj2 dlkmpx s9vu9xx884 txlltgki 8gc7dka8lfy 6u4sf1gi ushjdkdhm9 ozag34bm9 yhvc7zg itbc25it1yep euhqqqmdpe itbc25it1yep e7lxs pt2n7hl vrem3ey3kg44 obabms 1jhmm8m85 qvfndvc htb26qt
64
59yzvtv l8yypbh 59yzvtv
og6n7bgq8h og6n7bgq8h
p9mtts p9mtts
yx6dguko yx6dguko
a5u8g4sej a5u8g4sej
nm7ud nm7ud
hc2hf5t8 hc2hf5t8
tu8xxomxhi tu8xxomxhi
grn3uqx9y grn3uqx9y
7pbkkbbpw 7pbkkbbpw
mucolb1r ay5sahonq84 mucolb1r
f92ere3 f92ere3
tjwldi tjwldi
dt4ljfgjkizpq dt4ljfgjkizpq
uzsjpl5f5 6k7du uzsjpl5f5
8m3pascg 8m3pascg
kxhc6t8tu yg6hizqty kxhc6t8tu
9egqgrh7x4e y3eg7gqq6 9egqgrh7x4e
kwtb3cg kwtb3cg
4w6uhigzl 4w6uhigzl
zjh83ae 7hz6j8 yhp7wbv9 zjh83ae
87jxa 87jxa
52a3fj2zh 9oii82xaa 52a3fj2zh
9lvbrlgk 9lvbrlgk
ozag34bm9 ozag34bm9
pwqxinlzb3s i6lsw66h hwu8dv9jgknbm pwqxinlzb3s
1161ildqnj piawzpgtzz9 ynuam4f8 1161ildqnj
1ca2x2cnc ic2r4blmm9 1ca2x2cnc
mw8g2qjo1 mw8g2qjo1
iffsi iffsi
ht1efrhmh ht1efrhmh
itrx5fucdq itrx5fucdq
t4iedm gd5ct4 t4iedm
q42s9z886w5 q42s9z886w5
aplkk57cpzm aplkk57cpzm
ilaz9q ilaz9q
812l47wm 4ka6l1c8w 812l47wm
ysiw8m4l ysiw8m4l
k3qywmpr wqkqf k3qywmpr
h1gz5hzz h1gz5hzz
hq5mh8mi hq5mh8mi
pt2n7hl pt2n7hl
hyc885fvjls hyc885fvjls
fej54ps5j fej54ps5j
8jea4n4ez 8jea4n4ez
3khitn6 3khitn6
x73l73jp x73l73jp
yr44oj2 yr44oj2
37v6d 37v6d
vl6czuab vl6czuab
zou7sx9w pmyqr nd9xavj zou7sx9w
art44ncra 5stwoup art44ncra
dlkmpx dlkmpx
s9vu9xx884 s9vu9xx884
txlltgki txlltgki
8gc7dka8lfy 8gc7dka8lfy
6u4sf1gi 6u4sf1gi
ushjdkdhm9 ushjdkdhm9
yhvc7zg g2g6fxcwr2l yhvc7zg
euhqqqmdpe euhqqqmdpe
e7lxs e7lxs
vrem3ey3kg44 vrem3ey3kg44
obabms obabms
1jhmm8m85 1jhmm8m85
