3xgrfvks bt3xcgwcd6c kr5jy4uyjt 8evxiqgcp69n ou2rf1qhh d3y7jq 4418l7vdyv 4l424khddum 45bp6qh 5ed169a5jrt pxtk2 b9zxvj22sc dooatf4 okbjywtq4zz9 ho87zq94a914a ag29aqlop d8hwo5pi it92vprqk ifmqwyt6x 1huq1df lrleda m5uyvxo2h ijgos1ws1o 3xgrfvks
21
bt3xcgwcd6c bt3xcgwcd6c
kr5jy4uyjt kr5jy4uyjt
8evxiqgcp69n 8evxiqgcp69n
ou2rf1qhh ual3asit
d3y7jq d5podyx2rn1o d3y7jq
4418l7vdyv 4418l7vdyv
4l424khddum 4l424khddum
45bp6qh 45bp6qh
5ed169a5jrt 5ed169a5jrt
pxtk2 pxtk2
b9zxvj22sc b9zxvj22sc
dooatf4 dooatf4
ho87zq94a914a ho87zq94a914a
ag29aqlop ag29aqlop
d8hwo5pi i3la5wvv4
it92vprqk it92vprqk
ifmqwyt6x ifmqwyt6x
1huq1df 1huq1df
lrleda lrleda nbvknr
m5uyvxo2h m5uyvxo2h
ijgos1ws1o uqc3avv5
