index97 index1 index39 index15 index3 index84 index23 index27 index32 index35 index42 index16 index70 index29 index43 index38 index83 index2 index94 index76 index25 index6 index41 index14 index13 index72 index58 index9 index8 index48 index26 index57 index60 index96 index31 index48 index78 index22 index91 index71 index10 index85 index44 index68 index73 index33 index7 index63 index51 index97
45
index97 index97
index1 index1
index39 index39
index15 index15
index3 index3
index84 index11 index49 index79
index23 index23
index27 index27
index32 index32
index35 index35
index42 index42
index16 index52 index59
index70 index70
index29 index29
index43 index43
index38 index38
index2 index2
index94 index94
index76 index76
index25 index25
index6 index6
index41 index41
index14 index0 index14
index13 index24 index13
index72 index72
index58 index58
index9 index9
index8 index8
index48 index48
index26 index26
index57 index57
index60 index60
index31 index31
index78 index78
index22 index22
index91 index91
index10 index10
index85 index85
index44 index44
index68 index68
index73 index73
index33 index33
index7 index7
index63 index63
index51 index51
