index26 index48 index1 index32 index38 index27 index19 index10 index41 index13 index5 index0 index7 index25 index2 index39 index24 index40 index33 index43 index35 index26
20
index26 index26
index48 index15 index48
index1 index1
index32 index32
index38 index38
index27 index27
index19 index19
index10 index10
index41 index44 index16 index41
index13 index13
index5 index5
index7 index7
index25 index25
index2 index31 index2
index39 index39
index24 index24
index40 index40
index33 index33
index43 index9 index43
index35 index35
