ZfI6StUliqd8YxBr0zVp Z6746tUNXH05XsKVq5bc WEpQsV1SPLNjRDFxWGJw 98jc4TOf5CFD5ooRLXKs SI1jqone3x4IZwZ6qVW6 ZBTm8fkarNXg3vLUAnt8 SI1jqone3x4IZwZ6qVW6 QGzcn6XPemZ0IhmCJCmq Fa64KRccvM4rqOgxBKtu ip0vmcqzxYgrY2Mc3Bu9 zs8puphf0SbuOBS6XpM9 uYmver98TgwbkIsM8XgU gX6xMy6pWnenI68kwgcu gj1PIUxoUprs5rKMLNpv oeCop1Abe4Jnm8NehklA mMagcNSN7U8s7oy3e0j4 Hxhi6IYOb3B8uxHbGYVt a5U0eplwXr4BNJCc524G YzWX8RqUW0YPFsebUKYP Af4sQnaDf5G2yrOfmk45 Z38PT2VWeDoNiuh4rc0v UoiNiYnewh16WNDFqvYW ZfI6StUliqd8YxBr0zVp
18
ZfI6StUliqd8YxBr0zVp ZfI6StUliqd8YxBr0zVp
Z6746tUNXH05XsKVq5bc Z6746tUNXH05XsKVq5bc
WEpQsV1SPLNjRDFxWGJw WEpQsV1SPLNjRDFxWGJw
98jc4TOf5CFD5ooRLXKs 98jc4TOf5CFD5ooRLXKs
SI1jqone3x4IZwZ6qVW6 SI1jqone3x4IZwZ6qVW6
ZBTm8fkarNXg3vLUAnt8 gGXF4imn3IOLlYGD81XA ZBTm8fkarNXg3vLUAnt8
QGzcn6XPemZ0IhmCJCmq 5JVto9dbOz4Lu3AeAOZD cC9SZGtAtirSBnbvLWzt QGzcn6XPemZ0IhmCJCmq
Fa64KRccvM4rqOgxBKtu Fa64KRccvM4rqOgxBKtu
ip0vmcqzxYgrY2Mc3Bu9 ip0vmcqzxYgrY2Mc3Bu9
zs8puphf0SbuOBS6XpM9 zs8puphf0SbuOBS6XpM9
uYmver98TgwbkIsM8XgU uYmver98TgwbkIsM8XgU
gX6xMy6pWnenI68kwgcu gX6xMy6pWnenI68kwgcu
gj1PIUxoUprs5rKMLNpv BFat56YSkekx77JCOMI4 gj1PIUxoUprs5rKMLNpv
mMagcNSN7U8s7oy3e0j4 mMagcNSN7U8s7oy3e0j4
Hxhi6IYOb3B8uxHbGYVt Hxhi6IYOb3B8uxHbGYVt
YzWX8RqUW0YPFsebUKYP YzWX8RqUW0YPFsebUKYP
Af4sQnaDf5G2yrOfmk45 RnnCc8OgQLqPe5HvvbS3 QUmdpeJNwq8Od3rclrVL QBaUzVWA62rnfcsnEShZ Af4sQnaDf5G2yrOfmk45
UoiNiYnewh16WNDFqvYW UoiNiYnewh16WNDFqvYW
