M2S9flVUcYP2sJdh8LXf H59EihDjhfpS7ToXFM3L cdaizmjQrCe5Vnwy3JQF sH3pvLOfMUrEGUrmsHCu Dc1wEVV3kuOZotG6pNlL 93aDiM8K0XhtiVcCVKi2 vodEvdIApqt0N3TZsbxN cdaizmjQrCe5Vnwy3JQF tVhIJJgs0kEFaQx1hdWm Jjat3uJ5XboI9kZe0522 sZojFweTE55bBWYz0Tda fmFrd4vggNac5TkiFJAd XmlH4l2BXG35TF70bZqZ MtQDjkLToWj4d53MMhKG k7k4sHxeh1pR4sOjcVuj MtQDjkLToWj4d53MMhKG LNMZej67uy0Whvqp5OR1 PbYOO88SokShsv7XrgBm Dt5YfbjQq6VoKnyw6Zav PbYOO88SokShsv7XrgBm dOKaHsIcDX32wPXAX2Gt yHMPX8vHctuUweyLluyz 5gumrx48u1yPpF6ivPOI vxiwkV1b5fV2sGCBFsRQ jgcWqrcniA4q9WNs9xkc oWxP87H6AXwFzF0dpB9d 4bQwji0D4wyEDLd54MWv 9GrchmlNCDIapQ9OnEYh 9Jr76N4fnNot7SNYqBKG jgcWqrcniA4q9WNs9xkc LxEzX08MG9T8knIYbul0 8KfYYXeMqM0D4nShLOzi tUowOUG1V7iCXBCMR0AT JajH9BPb1gw5kQ2oTRnP zdtRVpQ9lVyEhNj9Evpp uy6RcQAYd3ATM1Icq3my ECCnzlgsMEvTYjNwAlfM Eu0wGcDBBrgvePzHfqrS m1IYiQsUBuvvpTv7yWXO PbYOO88SokShsv7XrgBm W4IxjYZtRN88GGSV9Uoc 0zL2lyKxPHODDF48l5vJ L8bxdxuDa5issn2PiN3u EtrZREkmL456viQQJ9Rb Pqf0Sn4UvsBLaxz7WO4n 48nWZMVqWDxfH9uMf2U3 RV5D5yksO9rCY6rkv8aJ nbZglhhmYQAPQz4eETaj tvhjts5qETlydZX7IsvU S8uMGvUglWyhnfV5Wzdp dKH5OdpmJKCU83bbXVxZ 6t76eBKiZ6qd2L92px9I PZrpdQAa8H8tkrajh08J PbYOO88SokShsv7XrgBm M2S9flVUcYP2sJdh8LXf
38
M2S9flVUcYP2sJdh8LXf M2S9flVUcYP2sJdh8LXf
H59EihDjhfpS7ToXFM3L H59EihDjhfpS7ToXFM3L
sH3pvLOfMUrEGUrmsHCu sH3pvLOfMUrEGUrmsHCu
93aDiM8K0XhtiVcCVKi2 Bc6dudheE3WGLxP0iDdK 93aDiM8K0XhtiVcCVKi2
vodEvdIApqt0N3TZsbxN vodEvdIApqt0N3TZsbxN
cdaizmjQrCe5Vnwy3JQF cdaizmjQrCe5Vnwy3JQF
tVhIJJgs0kEFaQx1hdWm Z0DuoZMcx6oyDPWFznMK tVhIJJgs0kEFaQx1hdWm
Jjat3uJ5XboI9kZe0522 Jjat3uJ5XboI9kZe0522
fmFrd4vggNac5TkiFJAd Z8MZ2JfftjeVVnGFSOQe fmFrd4vggNac5TkiFJAd
XmlH4l2BXG35TF70bZqZ NMTjl1jsvrb7y2ggdCSc XmlH4l2BXG35TF70bZqZ
k7k4sHxeh1pR4sOjcVuj k7k4sHxeh1pR4sOjcVuj
LNMZej67uy0Whvqp5OR1 LNMZej67uy0Whvqp5OR1
Dt5YfbjQq6VoKnyw6Zav Dt5YfbjQq6VoKnyw6Zav
dOKaHsIcDX32wPXAX2Gt dOKaHsIcDX32wPXAX2Gt
yHMPX8vHctuUweyLluyz yHMPX8vHctuUweyLluyz
5gumrx48u1yPpF6ivPOI 5gumrx48u1yPpF6ivPOI
vxiwkV1b5fV2sGCBFsRQ gZVNRDm5p6aX5QEEX8UG vxiwkV1b5fV2sGCBFsRQ
oWxP87H6AXwFzF0dpB9d oWxP87H6AXwFzF0dpB9d
4bQwji0D4wyEDLd54MWv 4bQwji0D4wyEDLd54MWv
9GrchmlNCDIapQ9OnEYh 9GrchmlNCDIapQ9OnEYh
9Jr76N4fnNot7SNYqBKG 9Jr76N4fnNot7SNYqBKG
jgcWqrcniA4q9WNs9xkc jgcWqrcniA4q9WNs9xkc
8KfYYXeMqM0D4nShLOzi v0QJIKD4q7sFXrzFSb6J 8KfYYXeMqM0D4nShLOzi
tUowOUG1V7iCXBCMR0AT tUowOUG1V7iCXBCMR0AT
zdtRVpQ9lVyEhNj9Evpp zdtRVpQ9lVyEhNj9Evpp
uy6RcQAYd3ATM1Icq3my LxEzX08MG9T8knIYbul0 uy6RcQAYd3ATM1Icq3my
ECCnzlgsMEvTYjNwAlfM ECCnzlgsMEvTYjNwAlfM
Eu0wGcDBBrgvePzHfqrS Eu0wGcDBBrgvePzHfqrS
m1IYiQsUBuvvpTv7yWXO m1IYiQsUBuvvpTv7yWXO
W4IxjYZtRN88GGSV9Uoc W4IxjYZtRN88GGSV9Uoc
L8bxdxuDa5issn2PiN3u yZPIHwySFuIdRJCMzjnz L8bxdxuDa5issn2PiN3u
EtrZREkmL456viQQJ9Rb EtrZREkmL456viQQJ9Rb
Pqf0Sn4UvsBLaxz7WO4n Pqf0Sn4UvsBLaxz7WO4n
48nWZMVqWDxfH9uMf2U3 zD7ErBenXxsG4D9b5TEV 48nWZMVqWDxfH9uMf2U3
nbZglhhmYQAPQz4eETaj pNXWB5geApaSjbsCCT4J nbZglhhmYQAPQz4eETaj
S8uMGvUglWyhnfV5Wzdp S8uMGvUglWyhnfV5Wzdp
dKH5OdpmJKCU83bbXVxZ 0uvEfLgT4s8ImTk9VWBt Kfu1pc3YPMGebW7Iu8ex dKH5OdpmJKCU83bbXVxZ
PZrpdQAa8H8tkrajh08J PZrpdQAa8H8tkrajh08J
