hC71hIuyRaST3AiaSZqg cXmjc3Wu4kjM1IHGgfA5 9WdSftrlWeJdclTkQ4Ss Wf6tYlitgmZKoXfughsS UQEmoPmHSH2FlTDuXOEx RNtZ6m1O9hQj2ovJiJE3 YygsiZkXDS9oQ07w4psX oakCd1HozhO35GtImcF2 OAcbYkMyAi1Iu0vWaaFc 5doygtE58PVlrfBbaaxD nOsoIFzZBhdd6bjP45Ba Z2YJKymsE6JEohxl2CgC 2TderjwrXrNV2UBZ77eD LI8fhHKJlh7mQx1nNK0m IWOalMs6IXX5Ln6F9Eov 2QgUKFj4HV0dn5Ia55tj QYsTJmc2IUi36H1YK47s Tgouk8HApNFShyYjQedR D3gODzQIzHZRe5A487BX g5fwwkfUKem4JdibLkXM PFAHK1LPbENiUm01N8B0 xtgYSd34f56WAH3CCBpW IC3wlDskAWyf0o1M61kl b7ZT2hEEnAs84vAc9csm b9q1t3OMZ6dXE5R6ca5w vXrEXAmThLoQVXFImZcg 7DZfG4yobV0xCcSaxf27 uwYFKqdXzHrDjwNLVxGZ 6jnt0RQvUBeXBhrLOwzh 1uTE034Q24DWmybWBbX4 4MuL6AbQo2ozZ4x7psrd 1wSeohNTb1oCspxe2x4j 7DZfG4yobV0xCcSaxf27 kuIwHVHn49UEM4TprHKr D3gODzQIzHZRe5A487BX KqTw626stjcdChciHrJ6 OLGSBuAPLZmdhTN6ApoS 8w6JkwNghwwfzVWZlMG6 1uTE034Q24DWmybWBbX4 RNtZ6m1O9hQj2ovJiJE3 JuSdCG8HSUzwufkmRvTN 8IUV6HBSYn47shRwVW5F 1uTE034Q24DWmybWBbX4 DmIjX4adnoqSEDmx2f39 yMXdJdorJpzOHHt9uIfg FE29I03FH1qEyEvIQNGT uwYFKqdXzHrDjwNLVxGZ WgneGAZv4qtDq8Q5DYZf NWAZrSnr0i1Dj5TA6dLc 24YcTAlCtPoNC11H3BAQ fuNQ8Sfy86k6zaBQjwEz EfhuR5UGBxqkoqdQBn2E QHOT9LWV0s6xVVreglDh SbMznZDIZs7TTEfAUGt3 g6Fit1BcwBIbAAJnBKGn OBEPyJuvhH0Z9VoT2UNC 7DZfG4yobV0xCcSaxf27 z0rRwRZbA1TaaAgS8PYu 7DZfG4yobV0xCcSaxf27 t9sTQNaMU9o2HF5pm7xT 5doygtE58PVlrfBbaaxD Mufarp9xGx29xj0P1ijS D3gODzQIzHZRe5A487BX Dv6lwBgjbbZceuQXFzFf 9WdSftrlWeJdclTkQ4Ss sCcEFmBkhTop4sycKzuM uwYFKqdXzHrDjwNLVxGZ VkEnPX1CQCoh4CxlXSlf 6KcltWtleWJ6izN3XL0F EEWjQ3rZ3GM9oucA2vc5 qyWH5Ui5kFJGpXM7i2RZ P6PcaiimLTne6w5m7SJi ymIUUgCvgB7r5le0Mh11 oq1GulTWdKtwAlNIQxnY 2dfprAgHp3T6RrgooKgP Mi1upMhcgP7iV16OWKN5 NXZByMrsstrrXRLxVcyg qsbRHSDlSHG3Ep5gugbq 3MmCPAjYheu6g9TkIxDm ElLrRzuv43VPHSxgF9aR TrUW9m3qjkTMvqHNRot0 zbsjvfwSdNExCnTFLo8x 4wWd3kvalFkda9M583i7 btiXecpJBKmrIHtQ7jPA nnG2z19YXqYOoAxMQkFV 9WdSftrlWeJdclTkQ4Ss x81SdeDfzbsk8wgCHcJT CgUyoeVDFzkf0g6EiF8w eULKHiriYHElwEbrQo2X 1uTE034Q24DWmybWBbX4 aGWdv30UuUFiszMErlJF cXmjc3Wu4kjM1IHGgfA5 61VEe5QpRdEG1AHTZmSn 9WdSftrlWeJdclTkQ4Ss rW1b1NT9NaRlIIxoT8XF W5rNQea9NsCafaUbLgWC C5aQkckiWq5qVUhbiI57 oakCd1HozhO35GtImcF2 yXrak2UUHdgFCsCWvgfp uwYFKqdXzHrDjwNLVxGZ nmwnnNlPCMIjajSEo2R3 63EFNMvLteBrV7Lj9nA4 dsEyS8WvuzfBZPrbbzZx RDnAjQbgrCahBSBieO1p 6KcltWtleWJ6izN3XL0F wqyhoOJuJuNfuZ1c9ZhU 1uTE034Q24DWmybWBbX4 R22TNV5lr1tmI44FcHvv bw0K7NVh1sgqlnescYkX 3MmCPAjYheu6g9TkIxDm 468JV90VoJDfHRf7bwGC v0QCMKnmfkXllH4nQHen oakCd1HozhO35GtImcF2 hC71hIuyRaST3AiaSZqg
83
cXmjc3Wu4kjM1IHGgfA5 COVfDobG5VcfcSxLDUch cXmjc3Wu4kjM1IHGgfA5
Wf6tYlitgmZKoXfughsS Ca5sYccbD9TUz7JLHrcf Wf6tYlitgmZKoXfughsS
UQEmoPmHSH2FlTDuXOEx UQEmoPmHSH2FlTDuXOEx
YygsiZkXDS9oQ07w4psX YygsiZkXDS9oQ07w4psX
OAcbYkMyAi1Iu0vWaaFc OAcbYkMyAi1Iu0vWaaFc
5doygtE58PVlrfBbaaxD 5doygtE58PVlrfBbaaxD
nOsoIFzZBhdd6bjP45Ba nOsoIFzZBhdd6bjP45Ba
Z2YJKymsE6JEohxl2CgC Z2YJKymsE6JEohxl2CgC
2TderjwrXrNV2UBZ77eD yMXdJdorJpzOHHt9uIfg 2TderjwrXrNV2UBZ77eD
LI8fhHKJlh7mQx1nNK0m LI8fhHKJlh7mQx1nNK0m
IWOalMs6IXX5Ln6F9Eov IWOalMs6IXX5Ln6F9Eov
2QgUKFj4HV0dn5Ia55tj 2QgUKFj4HV0dn5Ia55tj
QYsTJmc2IUi36H1YK47s QYsTJmc2IUi36H1YK47s
Tgouk8HApNFShyYjQedR Tgouk8HApNFShyYjQedR
g5fwwkfUKem4JdibLkXM g5fwwkfUKem4JdibLkXM
PFAHK1LPbENiUm01N8B0 PFAHK1LPbENiUm01N8B0
xtgYSd34f56WAH3CCBpW xtgYSd34f56WAH3CCBpW
IC3wlDskAWyf0o1M61kl IC3wlDskAWyf0o1M61kl
b9q1t3OMZ6dXE5R6ca5w b9q1t3OMZ6dXE5R6ca5w
vXrEXAmThLoQVXFImZcg vXrEXAmThLoQVXFImZcg
7DZfG4yobV0xCcSaxf27 7DZfG4yobV0xCcSaxf27
6jnt0RQvUBeXBhrLOwzh 6jnt0RQvUBeXBhrLOwzh
4MuL6AbQo2ozZ4x7psrd 4MuL6AbQo2ozZ4x7psrd
1wSeohNTb1oCspxe2x4j 1wSeohNTb1oCspxe2x4j
kuIwHVHn49UEM4TprHKr kuIwHVHn49UEM4TprHKr
KqTw626stjcdChciHrJ6 KqTw626stjcdChciHrJ6
OLGSBuAPLZmdhTN6ApoS OLGSBuAPLZmdhTN6ApoS
8w6JkwNghwwfzVWZlMG6 8w6JkwNghwwfzVWZlMG6
1uTE034Q24DWmybWBbX4 1uTE034Q24DWmybWBbX4
RNtZ6m1O9hQj2ovJiJE3 RNtZ6m1O9hQj2ovJiJE3
JuSdCG8HSUzwufkmRvTN JuSdCG8HSUzwufkmRvTN
8IUV6HBSYn47shRwVW5F 1ae7bJScGomdGEdgag5b mkGdh9qd7uj9x5W3Koxj 8IUV6HBSYn47shRwVW5F
DmIjX4adnoqSEDmx2f39 DmIjX4adnoqSEDmx2f39
FE29I03FH1qEyEvIQNGT FE29I03FH1qEyEvIQNGT
WgneGAZv4qtDq8Q5DYZf WgneGAZv4qtDq8Q5DYZf
NWAZrSnr0i1Dj5TA6dLc NWAZrSnr0i1Dj5TA6dLc
24YcTAlCtPoNC11H3BAQ jLS4UljOCe6h8LwAOGRX 24YcTAlCtPoNC11H3BAQ
fuNQ8Sfy86k6zaBQjwEz fuNQ8Sfy86k6zaBQjwEz
EfhuR5UGBxqkoqdQBn2E fzCA3w8Mu664WC0yRZb5
QHOT9LWV0s6xVVreglDh QHOT9LWV0s6xVVreglDh
g6Fit1BcwBIbAAJnBKGn 1Oc2bGjHzXrMLiYLik5Z g6Fit1BcwBIbAAJnBKGn
OBEPyJuvhH0Z9VoT2UNC OBEPyJuvhH0Z9VoT2UNC
z0rRwRZbA1TaaAgS8PYu z0rRwRZbA1TaaAgS8PYu
t9sTQNaMU9o2HF5pm7xT t9sTQNaMU9o2HF5pm7xT
Mufarp9xGx29xj0P1ijS lVjpvSHc5hBrS7dzTmI1 Mufarp9xGx29xj0P1ijS
Dv6lwBgjbbZceuQXFzFf Dv6lwBgjbbZceuQXFzFf
sCcEFmBkhTop4sycKzuM sCcEFmBkhTop4sycKzuM
VkEnPX1CQCoh4CxlXSlf VkEnPX1CQCoh4CxlXSlf
EEWjQ3rZ3GM9oucA2vc5 EEWjQ3rZ3GM9oucA2vc5
qyWH5Ui5kFJGpXM7i2RZ qyWH5Ui5kFJGpXM7i2RZ
P6PcaiimLTne6w5m7SJi P6PcaiimLTne6w5m7SJi
ymIUUgCvgB7r5le0Mh11 ymIUUgCvgB7r5le0Mh11
oq1GulTWdKtwAlNIQxnY oq1GulTWdKtwAlNIQxnY
2dfprAgHp3T6RrgooKgP 2dfprAgHp3T6RrgooKgP
Mi1upMhcgP7iV16OWKN5 Mi1upMhcgP7iV16OWKN5
NXZByMrsstrrXRLxVcyg gZiMcGUkLd8qaWleLH1T NXZByMrsstrrXRLxVcyg
qsbRHSDlSHG3Ep5gugbq qsbRHSDlSHG3Ep5gugbq
3MmCPAjYheu6g9TkIxDm 3MmCPAjYheu6g9TkIxDm
TrUW9m3qjkTMvqHNRot0 TrUW9m3qjkTMvqHNRot0
zbsjvfwSdNExCnTFLo8x zbsjvfwSdNExCnTFLo8x
4wWd3kvalFkda9M583i7 4wWd3kvalFkda9M583i7
btiXecpJBKmrIHtQ7jPA btiXecpJBKmrIHtQ7jPA
nnG2z19YXqYOoAxMQkFV 72cxNTZ1Tw5teVGiR2xj nnG2z19YXqYOoAxMQkFV
x81SdeDfzbsk8wgCHcJT x81SdeDfzbsk8wgCHcJT
CgUyoeVDFzkf0g6EiF8w CgUyoeVDFzkf0g6EiF8w
eULKHiriYHElwEbrQo2X eULKHiriYHElwEbrQo2X
aGWdv30UuUFiszMErlJF aGWdv30UuUFiszMErlJF
61VEe5QpRdEG1AHTZmSn 61VEe5QpRdEG1AHTZmSn
rW1b1NT9NaRlIIxoT8XF ddzqPXECnHQT4a4RIpSF rW1b1NT9NaRlIIxoT8XF
W5rNQea9NsCafaUbLgWC W5rNQea9NsCafaUbLgWC
C5aQkckiWq5qVUhbiI57 C5aQkckiWq5qVUhbiI57
oakCd1HozhO35GtImcF2 oakCd1HozhO35GtImcF2
yXrak2UUHdgFCsCWvgfp RSJQdRAK7H6zYHVeXyPj yXrak2UUHdgFCsCWvgfp
nmwnnNlPCMIjajSEo2R3 laRDyozSdXcFtmdQ5VqD 2YL9dYowMkTTxjU0fVal nmwnnNlPCMIjajSEo2R3
63EFNMvLteBrV7Lj9nA4 63EFNMvLteBrV7Lj9nA4
dsEyS8WvuzfBZPrbbzZx dsEyS8WvuzfBZPrbbzZx
RDnAjQbgrCahBSBieO1p RDnAjQbgrCahBSBieO1p
6KcltWtleWJ6izN3XL0F 6KcltWtleWJ6izN3XL0F
wqyhoOJuJuNfuZ1c9ZhU EqrhH8oFQmMRN10foGjV wqyhoOJuJuNfuZ1c9ZhU
R22TNV5lr1tmI44FcHvv R22TNV5lr1tmI44FcHvv
bw0K7NVh1sgqlnescYkX bw0K7NVh1sgqlnescYkX
468JV90VoJDfHRf7bwGC l5OFQGDhW1xJJ8ERuglz NqvNOj5h3GSbJm5NawjL 468JV90VoJDfHRf7bwGC
v0QCMKnmfkXllH4nQHen v0QCMKnmfkXllH4nQHen
