Jacksonville Milwaukee Austin Milwaukee Tucson Columbus Detroit Tulsa Albuquerque Oakland Phoenix OklahomaCity FortWorth SanJose Indianapolis SanJose Boston SanAntonio Detroit Tulsa Minneapolis Chicago ColoradoSprings Houston Philadelphia Oakland LongBeach LasVegas Seattle Portland Arlington Louisville Atlanta Jacksonville
21
Milwaukee ElPaso
Austin Memphis Austin
Tucson Tucson
Columbus Columbus
Tulsa Tulsa
Albuquerque Albuquerque
Phoenix Phoenix
FortWorth FortWorth
SanJose SanJose
Indianapolis LosAngeles Indianapolis
Boston Boston
Minneapolis Minneapolis
ColoradoSprings VirginiaBeach
Philadelphia Philadelphia
LongBeach LongBeach
LasVegas LasVegas
Seattle Seattle
Portland Portland
Louisville Louisville
Atlanta Fresno SanFrancisco Atlanta
Jacksonville Jacksonville
