Chattanooga ElPaso LasVegas Plano Austin DesMoines Cincinnati Albuquerque Waco LongBeach Waco Riverside Knoxville Berkeley Springfield SantaClarita Paterson Oakland FortLauderdale NewportNews Alexandria Detroit BatonRouge Bakersfield Toledo GardenGrove Madison Murfreesboro Milwaukee Norfolk Scottsdale Riverside Indianapolis Phoenix LittleRock Fremont Honolulu Portland SanBernardino Joliet Madison Lincoln OklahomaCity Irvine Norfolk Raleigh Hayward Akron Oakland SaintPaul Washington SanJose Syracuse Houston Denton Austin Tacoma LongBeach GrandPrairie CapeCoral LittleRock Indianapolis Fayetteville Aurora Orange Henderson Toledo Atlanta Chicago Naperville Orlando Orange Anaheim Orange Frisco Norfolk Mesa Richmond Mesa Miami FortLauderdale Savannah Cincinnati Tucson Tempe Tucson Fontana Surprise Anchorage Midland Dayton Boise GrandRapids Buffalo CorpusChristi Worcester NewYork Yonkers Lubbock Corona FortWorth Corona Jackson Brownsville Boston Salem PembrokePines Syracuse NewYork Yonkers Durham MorenoValley Chattanooga Cleveland SanAntonio Memphis CorpusChristi ElPaso Chattanooga
73
ElPaso ElPaso
Plano Plano
Austin Austin
DesMoines DesMoines
Cincinnati Cincinnati
Albuquerque LosAngeles
Waco Waco
LongBeach GrandPrairie
Knoxville Knoxville
Berkeley Berkeley
Springfield Spokane Springfield
Paterson Paterson
NewportNews Orlando NewportNews
Alexandria Alexandria
Detroit Vancouver
BatonRouge BatonRouge
Bakersfield Oceanside Bakersfield
GardenGrove GardenGrove
Murfreesboro Charlotte Murfreesboro
Scottsdale Scottsdale
Riverside Riverside
Indianapolis Indianapolis
Phoenix Phoenix
LittleRock LittleRock Shreveport
Fremont Fremont
Honolulu SanFrancisco Honolulu
SanBernardino Boise Fontana SanJose SanBernardino
Joliet Joliet
Madison Madison
Lincoln Lincoln
OklahomaCity SantaAna
Irvine Irvine
Raleigh Raleigh
Hayward SantaClarita Jacksonville Hayward
Akron Newark Akron
SaintPaul Washington SaintPaul
Syracuse Syracuse
Denton Denton
Tacoma Oxnard Tacoma
CapeCoral CapeCoral
Fayetteville Fayetteville
Aurora Lexington Baltimore Aurora
Orange Orange
Henderson Henderson
Toledo Toledo
Chicago Chicago
Naperville Naperville
Anaheim Tallahassee ChulaVista NewYork Anaheim
Frisco KansasCity Frisco
Richmond Richmond
FortLauderdale SanDiego FortLauderdale
Savannah McAllen Savannah
Tempe Tempe
Surprise Surprise
Anchorage Anchorage
Midland Midland
Dayton PortStLucie
GrandRapids GrandRapids
Buffalo Pomona Buffalo
Worcester Worcester
Lubbock Louisville Lubbock
Corona Corona
FortWorth Glendale FortWorth
Jackson Jackson
Brownsville Brownsville
Boston Boston
Salem Ontario Salem
PembrokePines Olathe
Yonkers Yonkers
Durham Durham
Cleveland Cleveland
SanAntonio SanAntonio
Memphis Wichita Memphis
