SaintPaul SanJose SanDiego ChulaVista Charlotte Phoenix Durham Toledo JerseyCity ChulaVista Baltimore LongBeach Dallas Scottsdale Honolulu ChulaVista SanDiego SanJose Madison SanFrancisco Stockton Milwaukee Columbus Glendale Hialeah Glendale Columbus Milwaukee StPetersburg VirginiaBeach Tucson Detroit Denver JerseyCity Austin ElPaso Chandler NewOrleans KansasCity Fresno Buffalo Irvine SaintPaul
28
SanJose SanJose
SanDiego SanDiego
ChulaVista StPetersburg Cincinnati
Charlotte Charlotte
Phoenix Phoenix
Durham SantaAna Durham
Toledo Atlanta Tampa
Baltimore Indianapolis Anchorage FortWorth FortWayne Baltimore
LongBeach LongBeach
Dallas Dallas
Scottsdale Newark Scottsdale
Honolulu Memphis Honolulu
Madison Madison
Stockton Houston Stockton
Glendale Glendale
Hialeah OklahomaCity Hialeah
Columbus Columbus
Milwaukee Milwaukee
StPetersburg Lubbock Henderson
Tucson Tucson Raleigh
Denver Denver
JerseyCity Laredo Lincoln JerseyCity
Austin Austin SanAntonio
ElPaso Bakersfield ElPaso
Chandler Chandler
NewOrleans NewOrleans
Fresno Aurora Lexington Plano Pittsburgh Spokane Chesapeake
Buffalo WinstonSalem
