Porterton Dianashire Burgessview Billton Banksburgh Yvonneborough Parkermouth Yvonneborough Banksburgh Simmonsburgh Michaelville Simmonsburgh Banksburgh Billton Burgessview Marcusburgh Tylerbury Marcusburgh Fletcherland Kingview Williamschester Kingview Fletcherland Marcusburgh Matthewburgh Bondfort Shawnmouth Bondfort Adamview Bondfort Matthewburgh Virginiastad Robinsonmouth Virginiastad Matthewburgh Marcusburgh Burgessview Williamfort Moodyburgh Gregoryberg Smithfort Gregoryberg Moodyburgh Heatherberg Thomasborough Heatherberg Moodyburgh Williamfort Thomasville Lopezburgh Byrdfurt Lopezburgh Thomasville Williamfort Williamport Ashleystad Codyton Ashleystad Holthaven Ashleystad Williamport Williamfort Burgessview Dianashire Ashleyborough Osborneville Payneview Jacksonville Jennifertown Jacksonville Payneview Barnesmouth Harrisport Barnesmouth Payneview Teresafort Smithtown Teresafort Payneview Osborneville Christophermouth Shawnhaven Christophermouth Osborneville Ashleyborough Clarkberg Burtonview Murphyside Bakertown Murphyside Burtonview Clarkberg Reevestown Judithview Michaelview Judithview Reevestown Clarkberg Ashleyborough Paulburgh Robertsstad Toddtown Swansonshire Toddtown Robertsstad Paulburgh Walltown Scotttown Jacksonview Scotttown Walltown Callahantown Maryport Callahantown Walltown Paulburgh Ashleyborough Dianashire Porterton Wallton Derekmouth Charlesberg Kevinberg Patriciabury Kevinberg Adamside Kevinberg Charlesberg Sethland Ellisstad Sethland Charlesberg Weberbury Kimberlyburgh Weberbury Charlesberg Derekmouth Jeffreyfort Johnsonchester Jeffreyfort Garytown Audreyfort Garytown Jeffreyfort Derekmouth Geraldside Joseport Gabrielburgh Joseport Hallborough Joseport Geraldside Michellehaven Ramosborough Michellehaven Cranemouth Michellehaven Geraldside Derekmouth Wallton Danielleport Cooperton Lopezborough Waltersmouth Lopezborough Cooperton Danielleport Melissaview Cheyennefurt Watsonville Cheyennefurt Melissaview Campbellhaven Annberg Campbellhaven Melissaview Danielleport Scottburgh Laurenbury Haleview Laurenbury Scottburgh Danielleport Wallton Davisstad Newmanburgh Gallowaymouth Rioshaven Gallowaymouth Newmanburgh Davisstad Jacksonton Singletonton Clarkbury Singletonton Jacksonton Davisstad Leechester Pettyton Bondmouth Pettyton Leechester Davisstad Wallton Porterton
50
Parkermouth Shawnfort Parkermouth
Michaelville Williamland Michaelville
Tylerbury Wilsonstad Hansonbury
Fletcherland Ortizberg
Williamschester Mirandaview Williamschester
Shawnmouth Buckleyside Priceville Shawnmouth
Adamview Harrisborough Adamview
Robinsonmouth Horneside Robinsonmouth
Virginiastad Johnsonberg
Smithfort Millerborough Smithfort
Thomasborough Ortegaberg Masseyside Thomasborough
Lopezburgh Leahmouth
Byrdfurt Garciamouth Loweryborough Byrdfurt
Codyton Ryanside Mindyview Codyton
Holthaven Vickiville Holthaven
Jennifertown Feliciaville Jennifertown
Jacksonville Christopherhaven
Harrisport Brendaview Harrisport
Barnesmouth Clarkborough
Teresafort Calvinton
Smithtown Jacksonland Abigailville Smithtown
Shawnhaven Dannyside Candaceborough
Bakertown Jameston Derekville Bakertown
Michaelview Clarenceview Michaelview
Swansonshire Abigailhaven Swansonshire
Jacksonview Danielville Jacksonview
Maryport Reynoldsview Combsville Maryport
Walltown Williamshire
Patriciabury Thomasmouth Troyfort Patriciabury
Adamside Bradberg Andrewschester Adamside
Sethland Tannerhaven
Ellisstad Osbornemouth Ellisstad
Kimberlyburgh Candiceland Kimberlyburgh
Weberbury Clarkport
Johnsonchester Susanfort Nealfurt
Audreyfort Patriciaside Audreyfort
Gabrielburgh Hodgesstad Gabrielburgh
Hallborough Kylieview Hallborough
Ramosborough Fordhaven Ramosborough
Cranemouth Joneschester Cranemouth
Waltersmouth Adkinsberg Adamport
Cheyennefurt Thompsonshire
Watsonville Robertomouth Christyland Watsonville
Annberg Houstonchester Dyerport Annberg
Haleview Hallstad Haleview
Rioshaven Josephstad Rioshaven
Clarkbury Jermaineton Clarkbury
Bondmouth Taylorton Mercedesmouth Bondmouth
Pettyton Jonesfurt
Leechester Suttonville
