Hernandezville Joelview Downsville Richardhaven Tammychester Richardhaven Downsville Joelview Farmerside Ryanton Williamsmouth Mcdonaldmouth Williamsmouth Ryanton Farmerside Ralphtown Garciaport Charlesburgh Garciaport Ralphtown Stricklandbury Tylermouth Stricklandbury Ralphtown Farmerside Gabriellabury Courtneyfurt Gabriellabury Farmerside Joelview Mitchellchester Lopezmouth Heathermouth Lopezview Heathermouth Lopezmouth Dixonton Keithton Dixonton Francesmouth Dixonton Lopezmouth Mitchellchester Joelview Hernandezville Beckyshire Derekton Wallaceville Morenoside Wallaceville Derekton Beckyshire Ponceville Mcculloughchester Jonestown Kellyfort Jonestown Barbarachester Jonestown Mcculloughchester Crystalchester Smithmouth Crystalchester Mcculloughchester Ponceville Bridgesville Riveramouth Martinton Riveramouth Bradshawside Riveramouth Bridgesville Esparzaberg Kristinbury Esparzaberg Thomasburgh Esparzaberg Bridgesville Dennisstad Wilsonburgh Dennisstad Bridgesville Ponceville Garymouth Camposstad Donaldstad Camposstad Garymouth Christophertown Crystaltown Christophertown Garymouth Ponceville Beckyshire Hernandezville
27
Tammychester Rebeccaton Tammychester
Downsville Haasville
Williamsmouth Johnstonmouth
Mcdonaldmouth Adkinsfurt Mcdonaldmouth
Charlesburgh Angelaview Charlesburgh
Tylermouth Deanstad Tylermouth
Gabriellabury Hendersonchester
Courtneyfurt Morrisbury Contrerasland
Heathermouth Emilymouth
Lopezview Robertsfort Lopezview
Keithton Aprilstad Andrewland Keithton
Francesmouth Richardville Francesmouth
Lopezmouth Huynhton
Derekton Belindamouth
Morenoside Johnport Amberfurt
Kellyfort Pittsland Tinatown Kellyfort
Barbarachester Jonesberg Barbarachester
Smithmouth Robertborough Smithmouth
Martinton Deborahfort Brianland Martinton
Bradshawside Wandaside Bradshawside
Kristinbury Allenberg Kristinbury
Thomasburgh Sanchezland Johnsonmouth Thomasburgh
Wilsonburgh Harristown Josephton Wilsonburgh
Donaldstad Thomastown Donaldstad
Camposstad Williamsville
Crystaltown Johnsontown Crystaltown
Hernandezville Hernandezville
