A0 A4 A6 D2 A1 F3 A8 E1 F4 F9 G0 G3 I3 J1 A2 B4 A9 B1 H6 E3 C2 C5 D1 D3 D4 D7 J3 J9 G1 B0 C7 D0 D8 E4 F2 G2 H7 I5 I6 A5 A7 B3 B5 C0 C4 C6 E2 E7 E9 F1 G4 G8 H1 H2 H8 I0 I1 I7 I8 J0 J4 B2 B9 F7 J5 A3 B7 J6 J7 B8 J8 K0 B6 C1 C3 C9 D5 D6 E0 E6 E8 F0 F5 F6 F8 G5 D9 G6 G7 G9 H0 H3 C8 E5 H4 H5 H9 I2 I4 I9 J2 A0
100
A4 A4
A6 A6
D2 D2
A1 A1
F3 F3
A8 A8
E1 E1
F4 F4
F9 F9
G0 G0
G3 G3
I3 I3
J1 J1
A2 A2
B4 B4
A9 A9
B1 B1
H6 H6
E3 E3
C2 C2
C5 C5
D1 D1
D3 D3
D4 D4
D7 D7
J3 J3
J9 J9
G1 G1
B0 B0
C7 C7
D0 D0
D8 D8
E4 E4
F2 F2
G2 G2
H7 H7
I5 I5
I6 I6
A5 A5
A7 A7
B3 B3
B5 B5
C0 C0
C4 C4
C6 C6
E2 E2
E7 E7
E9 E9
F1 F1
G4 G4
G8 G8
H1 H1
H2 H2
H8 H8
I0 I0
I1 I1
I7 I7
I8 I8
J0 J0
J4 J4
B2 B2
B9 B9
F7 F7
J5 J5
A3 A3
B7 B7
J6 J6
J7 J7
B8 B8
J8 J8
K0 K0
B6 B6
C1 C1
C3 C3
C9 C9
D5 D5
D6 D6
E0 E0
E6 E6
E8 E8
F0 F0
F5 F5
F6 F6
F8 F8
G5 G5
D9 D9
G6 G6
G7 G7
G9 G9
H0 H0
H3 H3
C8 C8
E5 E5
H4 H4
H5 H5
H9 H9
I2 I2
I4 I4
I9 I9
J2 J2
