0 23 88 64 15 33 30 194 28 75 5 12 53 20 62 134 44 85 1 85 84 41 32 59 97 31 86 66 145 16 70 93 21 80 74 5 198 10 71 94 83 176 9 6 24 89 29 82 40 42 72 48 50 34 55 57 4 60 54 92 99 79 17 87 18 11 91 98 47 22 51 13 68 77 98 65 26 107 67 56 14 78 0
75
0 0
23 23
88 88
64 64
15 15
33 76 33
30 8 30
194 61
28 38 28
75 75
5 5
12 12
53 53
20 81 20
62 62
44 44
85 85
1 69 58 1
84 84
41 41
32 32
59 59
97 97
31 2 31
86 86
66 66
16 16
70 25 70
93 93
21 21
80 43 3 80
74 74
10 10
71 71
94 94
83 83
176 37 35 19
9 52 9
6 6
24 46 24
89 89
29 29
82 82
40 40
42 45 42
72 72
48 63 48
50 7 50
34 34
55 90 55
57 57
4 4
60 60
54 49 54
92 92
99 27 99
79 73 79
17 17
87 95 87
18 18
11 11
91 91
98 98
47 47
22 22
51 51
13 13
68 68
77 77
65 65
26 26
67 96 39 67
56 56
14 14
78 36 78
