K B CA EN FD BJ DV BF R AS AH EU BX DP GL GR CM DN EZ CH FU FM DZ I AX BA G BE BY V GO FI DD FZ CB FO T EK GE Z BG DR BQ EG EV AF BB CW CV X AE ED GC AG EO GR BL M U DC EB AN DS FP CE EQ GF CT GI FJ P EC FE FV AP BO CO DB BI FG AU FR GK FT BR CJ FH CQ DX EM BP GJ Y AJ DK DI EL DG CF AM CD BH K
90
K FS
B B
CA GD
EN EN
FD FD
BJ BJ
DV DV
BF BF
R R
AS AS
AH AW AH
EU EU
BX BX
DP DP
GL EJ GL
GR GR
CM CM
DN EH
EZ EZ
FU FU
FM FM
DZ DZ AB
I I
AX AX
BA BA
G G
BE BE
BY BY
V V
GO GO
FI FI
FZ FZ
CB CB
FO FO
T T
EK EK
GE GE
Z Z
BG BG
DR DR FX
BQ BQ
EG EG
EV CY EV
AF AF
BB L BB
CW CW
X X
ED ED
GC GC
AG GG AG
EO EO
BL BL
M M
U U
DC DC
AN AN
DS DH DS
FP FP
CE CE
EQ EQ
GF GF
CT CT
GI GI
FJ FJ
P P
EC EC
FE FE
FV FV
BO BO
DB DB
BI BI
FG FG
FR FR
GK GK
BR BR
CJ CJ
FH FH CK
CQ CQ
DX DX
EM EA EM
BP BP
GJ GJ
Y Y
AJ AJ
DK DK
DI DI
EL EL
DG DG
CF CF
AM AM
