89 100 87 61 122 102 143 72 70 136 3 64 31 6 70 119 179 16 161 145 33 96 38 41 37 99 124 59 110 104 188 21 86 173 86 56 156 51 189 29 94 85 162 32 28 132 39 190 103 79 73 133 49 4 127 101 78 27 48 78 169 5 111 83 11 65 82 109 112 199 128 140 144 194 133 118 1 12 89
65
89 187 69
100 199 100
61 61
122 122
102 178 102
143 114 125
72 148 58 13
70 135 192 70
136 136
3 3
64 18 64
31 107 31
6 6
179 98 179
16 16
145 149
33 121 25 33
96 96
38 81 38
41 41
37 37
99 44 99
124 124
59 75 59
188 197 188
21 21
86 86
173 130 173
56 155 56
156 156
51 51
189 189
29 29
94 151 94
85 85 146
32 32
132 195 132
39 39
190 190
79 36 79
73 193 97 73
49 49
4 4
127 88 80 127
101 101
78 78
27 27
48 9 48
169 169
5 172 5
111 111
83 83
11 11
65 191 65
82 147 82
109 183 109
112 112
128 23 128
140 140
144 160 144
194 194 141
133 133
118 118
1 1
12 12
