fmdhlepsteinstdnkill epsteindlsfdntmkillh dnkillepsteinlshdtfm mftkillepsteinndlhsd dnkillepsteinlshdtfm epsteinkillmsftnddlh dmepsteinfnhltkillsd fshtdepsteinmldnkill lndsdkilltmepsteinhf hsndepsteindlmtkillf tlmsdhdnkillfepstein fmsepsteindntldhkill epsteindfhlmdnskillt fmsepsteindntldhkill fshtdepsteinmldnkill epsteinskilldlndhmtf killnsfmhdepsteindtl nfdhkilllsmtepsteind hkilldfepsteinmdlnts fdshnmkillepsteinltd killmlepsteindthnfsd ddtmkillepsteinflsnh hepsteinsddnfkillmlt lthfkilldnsmepsteind nltdmsfepsteinkilldh hnfdtmlepsteinkillds msfltdkillnepsteinhd dmepsteinfnhltkillsd stepsteinhkillfmnldd epsteindlsfdntmkillh dnkillepsteinlshdtfm killepsteinlhtfdsmdn epsteinlshkilldnfdmt flepsteindndhmtkills killdmnsfhldepsteint ddlmnftepsteinhskill fhndskillepsteintldm lhsepsteindtdnmkillf lnsmkilltfdepsteindh hnsdkilllftdmepstein nepsteinlmdkilldhfts ntlepsteindmfdshkill hnsdkilllftdmepstein epsteinfsddmthkillnl tlsfdmdepsteinnhkill fddsepsteinhnlkilltm fepsteinhsntddkilllm fddsepsteinhnlkilltm nhmkilllsftepsteindd fmdhlepsteinstdnkill
33
epsteindlsfdntmkillh epsteindlsfdntmkillh
dnkillepsteinlshdtfm dnkillepsteinlshdtfm lmhdtfdepsteinnkills lhepsteinkilldtnmfsd
mftkillepsteinndlhsd mftkillepsteinndlhsd
epsteinkillmsftnddlh epsteinkillmsftnddlh
dmepsteinfnhltkillsd dmepsteinfnhltkillsd
fshtdepsteinmldnkill fshtdepsteinmldnkill
lndsdkilltmepsteinhf lndsdkilltmepsteinhf
hsndepsteindlmtkillf hsndepsteindlmtkillf
tlmsdhdnkillfepstein epsteinmhndfkilltdls tmlepsteinsdnfkillhd lsdepsteinfmkillndth tlmsdhdnkillfepstein
fmsepsteindntldhkill fmsepsteindntldhkill
epsteindfhlmdnskillt dlnsthfmepsteinkilld epsteindfhlmdnskillt
epsteinskilldlndhmtf epsteinskilldlndhmtf
killnsfmhdepsteindtl killnsfmhdepsteindtl
nfdhkilllsmtepsteind dfkilllmtepsteinhdsn nfdhkilllsmtepsteind
fdshnmkillepsteinltd fdshnmkillepsteinltd
ddtmkillepsteinflsnh ddtmkillepsteinflsnh
hepsteinsddnfkillmlt nkilltdhlmdepsteinsf hepsteinsddnfkillmlt
nltdmsfepsteinkilldh nltdmsfepsteinkilldh
hnfdtmlepsteinkillds hsdfepsteintlnkilldm hdepsteinskillldtnfm msfltdkillnepsteinhd hnfdtmlepsteinkillds
stepsteinhkillfmnldd stepsteinhkillfmnldd
killepsteinlhtfdsmdn dhkilllsepsteinmntdf killepsteinlhtfdsmdn
epsteinlshkilldnfdmt epsteinlshkilldnfdmt
flepsteindndhmtkills flepsteindndhmtkills
killdmnsfhldepsteint epsteintdkilllnfdhms ndkillftdsmepsteinlh killdmnsfhldepsteint
ddlmnftepsteinhskill ddlmnftepsteinhskill
fhndskillepsteintldm fhndskillepsteintldm
lnsmkilltfdepsteindh lnsmkilltfdepsteindh
hnsdkilllftdmepstein hnsdkilllftdmepstein dhepsteindsnlkillfmt depsteinnlsfmhtkilld
nepsteinlmdkilldhfts nepsteinlmdkilldhfts
ntlepsteindmfdshkill killmlepsteindthnfsd ntlepsteindmfdshkill
tlsfdmdepsteinnhkill tlsfdmdepsteinnhkill
fepsteinhsntddkilllm fepsteinhsntddkilllm
nhmkilllsftepsteindd nhmkilllsftepsteindd
