dldkilltnmhfepsteins msddkilllthepsteinfn dlfdkilltepsteinhnms fhnmkillepsteinsdltd depsteinftndhmkillsl tldkillhsfnmepsteind depsteinlfnmkilldsht tsmdepsteinkillhfdln lkilldtnmsepsteindfh dhmkillfdltnsepstein hnsepsteinmkillfddtl dhmkillfdltnsepstein mhdskillldftnepstein killtdslhfdepsteinnm shfnmltepsteindkilld killdldepsteinmfsthn epsteinfthkilldnslmd ntmdhepsteinsdkillfl fddsmepsteintnkillhl dhsepsteintlkillmfnd epsteinhdkillltsmfdn mdkillntepsteindfhsl tndskilldfepsteinmhl mdkillntepsteindfhsl dmldfhskillntepstein mfndlsdepsteinhkillt nfltdmkillsdepsteinh killhtdmdlnsfepstein ltfnsdhepsteinkilldm killhtdmdlnsfepstein hmdkilllnepsteinfsdt lsmftnepsteinkillhdd dflstmkillepsteindhn killdepsteinmfltdshn tsdnhkilllmepsteindf tdfkillslepsteinhdmn sldhnfmtdkillepstein fhdmnepsteindkillslt hndsmfkilltldepstein hsepsteinfkillnmddtl nmdhepsteinkilltfsld epsteinhnkillsldfdmt mkilldlshdtfepsteinn lepsteindsmnhftdkill epsteinldtnfmshdkill fdmtdepsteinkilllsnh mdkilllfdnstepsteinh fdmtdepsteinkilllsnh mfndlsdepsteinhkillt smtepsteinkilldfnhdl sdnmepsteinkilldfhlt fmhlnkilldepsteindst mdkillnlsdtepsteinhf nftmskilldldepsteinh hnddkilltslmfepstein thdlskillnfdmepstein dmtlsfhnkilldepstein hnddkilltslmfepstein lkillfthdsepsteindnm ndkillthdepsteinlsmf dftkillhmldnepsteins hmndfkillslepsteintd epsteindmshtfldnkill killthsepsteindmlfdn depsteinslkillhdftmn nkillddfthsmepsteinl shfnmltepsteindkilld killtdslhfdepsteinnm dkillldfepsteintsmnh killtdslhfdepsteinnm dtsmdnlhfepsteinkill mkillthfdlnepsteinds skillthlfndepsteindm fsepsteindkillhmtdln dkillnmhldstfepstein hdntepsteinkilllsdfm mhkillepsteinddlfsnt hdntepsteinkilllsdfm dkillnmhldstfepstein epsteinshlkilldmnfdt dfdepsteintlnskillhm epsteinshlkilldmnfdt dkillnmhldstfepstein fsepsteindkillhmtdln killhdfnsepsteinmltd epsteinfsltkillnhddm killmdshdtnflepstein sdndhepsteinltkillfm lmkillepsteintsndfhd hepsteinntdkillsdmfl lmkillepsteintsndfhd lhsntdepsteindkillmf tdkillepsteinsmhdfnl depsteinlfnmkilldsht tsmdepsteinkillhfdln killfthnmsdlepsteind killsepsteindmtflhnd msddkilllthepsteinfn dldkilltnmhfepsteins
69
msddkilllthepsteinfn msddkilllthepsteinfn
dlfdkilltepsteinhnms dlfdkilltepsteinhnms
fhnmkillepsteinsdltd fhnmkillepsteinsdltd lepsteindnhstfdmkill
depsteinftndhmkillsl depsteinftndhmkillsl hepsteinnfdmlsdtkill epsteindkilltlmnhsfd thnkillmddsepsteinfl
tldkillhsfnmepsteind tldkillhsfnmepsteind
lkilldtnmsepsteindfh mkillldnhepsteinstfd epsteintfhndkilllmsd lkilldtnmsepsteindfh
dhmkillfdltnsepstein dhmkillfdltnsepstein
hnsepsteinmkillfddtl dhtepsteinkillsdflmn hnsepsteinmkillfddtl
mhdskillldftnepstein mhdskillldftnepstein
killtdslhfdepsteinnm fmtnkilldepsteindhsl slepsteinkillfmddhtn killtdslhfdepsteinnm
killdldepsteinmfsthn dnldkillhmfstepstein
epsteinfthkilldnslmd epsteinfthkilldnslmd
ntmdhepsteinsdkillfl ntmdhepsteinsdkillfl
fddsmepsteintnkillhl mndtkillepsteindlfhs fddsmepsteintnkillhl
dhsepsteintlkillmfnd dhsepsteintlkillmfnd
epsteinhdkillltsmfdn epsteinhdkillltsmfdn
mdkillntepsteindfhsl mdkillntepsteindfhsl
tndskilldfepsteinmhl dkillnmsfhtlepsteind tndskilldfepsteinmhl
dmldfhskillntepstein dmldfhskillntepstein
mfndlsdepsteinhkillt killmfndshdtepsteinl sdlhfnmdepsteintkill
nfltdmkillsdepsteinh nfltdmkillsdepsteinh
killhtdmdlnsfepstein sndldftmkillepsteinh killhtdmdlnsfepstein
ltfnsdhepsteinkilldm tepsteinmdfldhnskill killtdmsdfhnepsteinl ltfnsdhepsteinkilldm
hmdkilllnepsteinfsdt hmdkilllnepsteinfsdt
lsmftnepsteinkillhdd lsmftnepsteinkillhdd
dflstmkillepsteindhn dflstmkillepsteindhn
killdepsteinmfltdshn killdepsteinmfltdshn
tsdnhkilllmepsteindf tsdnhkilllmepsteindf
tdfkillslepsteinhdmn tdfkillslepsteinhdmn
sldhnfmtdkillepstein msepsteintlhnfkilldd sldhnfmtdkillepstein tepsteinhsdkillmldfn
fhdmnepsteindkillslt fhdmnepsteindkillslt
nmdhepsteinkilltfsld nmdhepsteinkilltfsld
epsteinhnkillsldfdmt epsteinhnkillsldfdmt
mkilldlshdtfepsteinn mkilldlshdtfepsteinn
epsteinldtnfmshdkill epsteinldtnfmshdkill
mdkilllfdnstepsteinh lkillepsteintdshmfnd mdkilllfdnstepsteinh
fdmtdepsteinkilllsnh fdmtdepsteinkilllsnh
smtepsteinkilldfnhdl killdldepsteinmfsthn
mdkillnlsdtepsteinhf mdkillnlsdtepsteinhf
nftmskilldldepsteinh nftmskilldldepsteinh
thdlskillnfdmepstein lepsteinkilldhfmstnd thdlskillnfdmepstein
dmtlsfhnkilldepstein dmtlsfhnkilldepstein
hnddkilltslmfepstein killtepsteinddhlmnsf
lkillfthdsepsteindnm dtnkillsepsteinmdfhl
ndkillthdepsteinlsmf ndkillthdepsteinlsmf
hmndfkillslepsteintd hmndfkillslepsteintd
epsteindmshtfldnkill hsepsteinfkillnmddtl epsteindmshtfldnkill
killthsepsteindmlfdn nepsteindhkillltmsfd killthsepsteindmlfdn
depsteinslkillhdftmn depsteinslkillhdftmn
shfnmltepsteindkilld shfnmltepsteindkilld
dkillldfepsteintsmnh ldfsmnepsteinkilltdh dlshdtepsteinnkillfm
dtsmdnlhfepsteinkill dtsmdnlhfepsteinkill
mkillthfdlnepsteinds mkillthfdlnepsteinds
skillthlfndepsteindm skillthlfndepsteindm
fsepsteindkillhmtdln fsepsteindkillhmtdln epsteinlmkillfshnddt
mhkillepsteinddlfsnt mhkillepsteinddlfsnt epsteinsnmflhtdkilld
dfdepsteintlnskillhm ldepsteindhkilltsmfn dfdepsteintlnskillhm
dkillnmhldstfepstein skillmfepsteinthddnl dkillnmhldstfepstein
killhdfnsepsteinmltd killhdfnsepsteinmltd
epsteinfsltkillnhddm fmltddhnepsteinskill
killmdshdtnflepstein fdskillndtmepsteinlh
sdndhepsteinltkillfm hnskillepsteintfdmld dfkilllepsteinsnmhtd sdndhepsteinltkillfm
lmkillepsteintsndfhd ndshkilldmlepsteinft lmkillepsteintsndfhd
hepsteinntdkillsdmfl hepsteinntdkillsdmfl depsteintkilllnmsfdh
lhsntdepsteindkillmf lhsntdepsteindkillmf
tdkillepsteinsmhdfnl tdkillepsteinsmhdfnl
depsteinlfnmkilldsht lhepsteintndkilldsmf depsteinlfnmkilldsht
tsmdepsteinkillhfdln tsmdepsteinkillhfdln
killfthnmsdlepsteind killfthnmsdlepsteind
