tepsteinfdkilldlmhns killepsteintdldshfnm nfdhepsteinltsdmkill lepsteinfdkillsdnmht dhlepsteindkillsmtnf mfskillnhlddtepstein htskillepsteindnlfdm ndlmhepsteintdskillf tmhsnfepsteinldkilld hdepsteinsmdtnflkill fnlskillhtepsteindmd ldnmepsteinhfstdkill ndlepsteinhdtskillfm fnmhskilldepsteinltd msnepsteinfkillhtdld epsteinsdfmhltkillnd slepsteinftndkillmdh killepsteintdldshfnm nkillsdtdhfmlepstein epsteinthsdmndkillfl thsfnmkilldlepsteind killepsteintdldshfnm tepsteinfdkilldlmhns
18
killepsteintdldshfnm nlhtdsdepsteinfmkill snldmtkillfepsteindh killepsteintdldshfnm
nfdhepsteinltsdmkill nfdhepsteinltsdmkill
lepsteinfdkillsdnmht lepsteinfdkillsdnmht
dhlepsteindkillsmtnf dhlepsteindkillsmtnf
mfskillnhlddtepstein epsteindsmnlfdtkillh thmepsteinlkillfsndd
htskillepsteindnlfdm htskillepsteindnlfdm
ndlmhepsteintdskillf ndlmhepsteintdskillf
tmhsnfepsteinldkilld tmhsnfepsteinldkilld
hdepsteinsmdtnflkill hdepsteinsmdtnflkill
fnlskillhtepsteindmd fnlskillhtepsteindmd
ldnmepsteinhfstdkill skilldnmlhdftepstein hldmepsteindsnkilltf hepsteinnfstkilllmdd
ndlepsteinhdtskillfm ndlepsteinhdtskillfm
fnmhskilldepsteinltd fnmhskilldepsteinltd
msnepsteinfkillhtdld hkillmepsteinstdfdnl msnepsteinfkillhtdld
epsteinsdfmhltkillnd epsteinsdfmhltkillnd
nkillsdtdhfmlepstein nkillsdtdhfmlepstein
epsteinthsdmndkillfl epsteinthsdmndkillfl
thsfnmkilldlepsteind killnfhdsdltepsteinm tskillepsteinhfmddnl
