149 000 001 002 013 024 025 035 027 028 038 037 036 044 031 024 013 002 001 000 149 060 062 054 053 056 053 054 063 072 084 088 087 086 074 075 076 077 078 079 063 090 091 092 097 096 099 090 063 054 062 070 069 067 070 062 060 149 100 101 102 104 103 105 100 107 116 121 122 126 117 116 107 100 149
29
024 006
025 026
038 048
037 037
031 031
060 060
054 059 054
053 050 053
056 066 056
063 065 064
072 085
088 088
087 089
086 086
076 080 081
078 078 083
079 079
091 091
097 097
096 096
069 069
067 067
070 068
104 104
103 103
105 111
121 142 123
126 126
117 115
