BatonRouge AnnArbor Beaumont Albuquerque Abilene Aberdeen Arvada Aberdeen Boston Boulder Birmingham Abilene Anchorage Aberdeen Bradenton Aberdeen Buffalo Bethlehem Aberdeen Albany Aberdeen Barnstable Abilene Atlanta Burbank BatonRouge
18
BatonRouge BatonRouge
AnnArbor AnnArbor
Beaumont Beaumont
Albuquerque Albuquerque
Abilene Abilene
Arvada Arvada
Boston Boston
Boulder Boulder
Birmingham Bryan Birmingham
Anchorage Anchorage
Bradenton Cambridge Bradenton
Buffalo AtlanticCity Buffalo
Bethlehem Bethlehem
Aberdeen BoiseCity Amarillo Aberdeen Aurora
Albany Albany
Barnstable Barnstable
Atlanta Berkeley Atlanta
Burbank Burbank
