FortCollins Akron FortSmith Arvada Fargo Charleston Fargo FortWaltonBeach Amarillo Hickory Inglewood Lubbock Louisville Leominster Manchester Bakersfield Elkhart Bremerton Allentown AppleValley Corona Detroit Lacey Brighton Irving HuntingtonBeach Henderson BoiseCity BelAir LittleRock Greensboro Abilene Champaign Harrisburg Irvine Anaheim Kennewick LasVegas Layton Bloomington DesMoines GreenBay ColoradoSprings Layton Evansville FortWayne Fairfield Joliet Fairfield Lancaster Lorain Clarksville Jefferson Burbank Indianapolis Garland Albany Aberdeen Barnstable Brownsville Fayetteville Gilbert Jacksonville Beaumont Houston Downey Carrollton Laredo CollegeStation Canton FortWorth Fullerton Frederick Hampton Lafayette Hampton Bellevue Independence Knoxville FortCollins
63
FortCollins Hollywood FortCollins
Akron Elizabeth Akron
Arvada Erie Albuquerque Arvada
Fargo Fargo
Charleston BonitaSprings Baltimore
FortWaltonBeach FortWaltonBeach
Amarillo Alexandria Amarillo
Hickory Hickory
Inglewood Inglewood
Lubbock Lubbock
Louisville Louisville
Leominster Leominster
Manchester Atlanta Manchester
Bakersfield AnnArbor Bakersfield
Elkhart Elkhart
Bremerton Bremerton
Allentown Allentown
AppleValley AppleValley
Detroit Detroit
Lacey Lacey
Brighton Fremont Brighton
Irving Cary Irving
Henderson Grayslake Henderson
BoiseCity Eugene BoiseCity
LittleRock LittleRock
Abilene Abilene
Champaign Champaign
Harrisburg Fontana Harrisburg
Irvine Irvine
Anaheim Harlingen Anaheim
Kennewick Kennewick
LasVegas Cleveland Austin
Layton Layton Denver
DesMoines Chandler DesMoines
ColoradoSprings ColoradoSprings
Evansville Danbury Chicago Evansville
Fairfield Fairfield
Joliet LasCruces Joliet
Lancaster Anchorage Lancaster
Lorain CedarRapids Lorain
Clarksville Bradenton Dallas
Jefferson Jefferson
Burbank Burbank
Indianapolis Indianapolis
Garland GrandRapids Garland
Aberdeen Aberdeen
Barnstable Barnstable
Brownsville Brownsville
Fayetteville Appleton Fayetteville
Gilbert Augusta Gilbert
Jacksonville Kalamazoo Jacksonville
Beaumont Bethlehem Beaumont
Houston Houston DalyCity Fresno
Carrollton Carrollton
CollegeStation Boise ElPaso CollegeStation
Canton DavidsonCounty
FortWorth ElMonte CapeCoral Berkeley
Frederick Frederick
Hampton Hampton
Lafayette Lakewood Lafayette
Bellevue Lakeland Bellevue
Independence Independence
Knoxville Hemet Knoxville
