CorpusChristi Downey ElPaso Akron DalyCity Canton Clearwater BoiseCity Danbury Dallas BonitaSprings Albany AppleValley Aberdeen ColoradoSprings Chicago Denton Abilene Boulder Columbia Davenport Bloomington Austin Beaumont Akron Columbus Albuquerque Elizabeth Carrollton Abilene Chattanooga Escondido Abilene Augusta Allentown Durham Elkhart Champaign Anaheim Aberdeen Cincinnati CorpusChristi
33
CorpusChristi CapeCoral CorpusChristi
Downey ElMonte Alexandria Downey
ElPaso ElPaso
Akron Akron
DalyCity DalyCity
Canton Charleston Canton
Clearwater Clearwater
BoiseCity BoiseCity
Danbury Danbury
Dallas Dallas
BonitaSprings BonitaSprings
AppleValley Chandler AppleValley
ColoradoSprings ColoradoSprings
Chicago Bridgeport Appleton Chicago
Denton Denver Bremerton Denton
Boulder Bryan Boulder
Columbia Brownsville Columbia
Davenport Deltona BelAir Davenport
Bloomington Bloomington
Austin Asheville Austin
Beaumont Beaumont
Columbus Columbus
Albuquerque Albuquerque
Elizabeth Elizabeth
Carrollton Arvada Carrollton
Chattanooga Chattanooga
Escondido Escondido
Augusta Augusta
Durham Durham
Elkhart Elkhart
Champaign Champaign
Anaheim CathedralCity Anaheim
Cincinnati Amarillo Cincinnati
