152 27 75 50 183 185 111 31 146 170 129 108 89 187 156 45 160 85 14 7 184 179 0 95 35 166 64 51 130 94 13 94 173 24 143 24 149 41 73 41 90 116 165 51 154 78 123 54 115 59 53 102 181 125 5 113 4 104 121 155 62 119 101 139 36 142 87 171 110 65 139 134 169 62 152
45
27 97 27
75 75
50 153 50
183 9 183
111 168 111
31 112 31
170 170
108 8 136
89 89 60
45 45 79
160 157 175
85 96 85
184 184
0 145 0
95 95
35 35
166 81 166
51 51 172 2
130 180 130
94 105 94
13 38 42 13
143 151 143
149 163 149
73 92 73
41 126 41
90 90
116 56 116
165 165
78 78
54 54
53 53
181 181
5 182 5
113 113
104 12
121 121
155 58
101 37 101
139 139
142 28 142
87 87
171 66 171
65 65 144
134 134
169 169
