location34 location59 location89 location3 location79 location55 location135 location159 location143 location151 location71 location132 location168 location181 location5 location116 location33 location188 location12 location37 location12 location177 location24 location175 location105 location52 location111 location76 location104 location145 location63 location172 location14 location79 location149 location91 location182 location55 location174 location55 location79 location64 location122 location161 location116 location103 location100 location79 location96 location27 location96 location79 location180 location142 location88 location142 location92 location114 location92 location134 location199 location134 location92 location142 location158 location177 location2 location46 location125 location155 location189 location121 location123 location95 location92 location196 location90 location2 location177 location28 location45 location144 location109 location65 location178 location54 location177 location12 location163 location142 location180 location164 location165 location176 location21 location126 location19 location98 location115 location72 location136 location72 location168 location167 location2 location53 location192 location34
66
location34 location34
location59 location59
location89 location89
location3 location3
location79 location9 location6 location0 location79 location119
location55 location55
location135 location135
location159 location159
location143 location143
location151 location151
location71 location71
location132 location132
location181 location181
location5 location107
location188 location188
location12 location12 location38
location37 location47 location37
location24 location24
location175 location99 location175
location105 location105
location52 location52
location111 location111
location76 location76
location104 location130
location172 location172
location149 location149
location91 location91
location174 location137 location174
location64 location64
location122 location122
location161 location161
location103 location103
location96 location96
location27 location23 location27
location180 location180
location142 location86 location142 location120
location88 location15 location88
location92 location131 location92 location170 location157 location139
location114 location60 location114
location134 location134
location199 location194 location11 location199
location158 location39 location158
location177 location177 location187 location117 location68
location2 location2
location46 location17 location46
location125 location125
location155 location162 location155
location189 location189
location121 location121
location123 location140
location90 location90
location28 location28
location45 location45
location144 location144
location109 location109
location54 location54
location163 location163
location164 location164
location176 location176
location21 location21
location19 location197 location98
location115 location115
location72 location72
location136 location136
location167 location167
location192 location192
