4HOMU C7WKJ OIPRN P419D XEEQB SYV5N WI88U FC0PR L2PQE V8GEC 53Y1R DTPF4 TORQI 1F0YL 7U3JG K50JQ 6OA3K CFGE5 PXCIN L2PQE 945CN 2BUI5 A1QRL 945CN CM5WA 4WDJE W2M5C Q7FCL ELH5L UW44H Y61KP TBPBM M1HJR NPDI9 52MNN OKGKQ ZN2EP IZESQ TI35I RAAD4 HWKGJ H1LTE C45HH BVMDZ Q02X6 OLLV9 T9O11 PYPSO DCHO3 RU85S OKGKQ 8EXDQ OKGKQ C8O6I 45JXE LKP22 FRZVP 69BJO 768ZF FCYPJ IF7TL 6ACGE 0U9HU KC9RF Q5DAA 0D2BR L87XM 945CN 1RS2N 0VPRW OHJD0 ZZH8Z L2PQE 3AIXW WZB33 SKPO7 VHCFR AT3CI L2PQE WXZHF JXLE1 X180A LIRLU DDXG0 L2PQE ZRPB5 61QWU TY0L7 YJ67U 8CLEZ 4HOMU
76
C7WKJ C7WKJ
OIPRN OIPRN
P419D P419D
XEEQB XEEQB
SYV5N SYV5N
WI88U EDSMH WI88U
FC0PR FC0PR
V8GEC V8GEC
53Y1R 53Y1R
DTPF4 DTPF4
TORQI L2GJ5 TORQI
1F0YL 1F0YL
7U3JG 7U3JG
K50JQ K50JQ
6OA3K 6OA3K
CFGE5 CFGE5
PXCIN PXCIN
L2PQE TCC7B LEBVZ L2PQE
2BUI5 6WOBI 7GA8O 2BUI5
A1QRL A1QRL
CM5WA CM5WA
4WDJE BE5V8 4WDJE
W2M5C W2M5C
Q7FCL Q7FCL
ELH5L ELH5L
UW44H UW44H
Y61KP Y61KP
TBPBM TBPBM
M1HJR ZHSBU M1HJR
NPDI9 NPDI9
52MNN SA6G0 52MNN
ZN2EP ZN2EP
IZESQ IZESQ
TI35I TI35I
RAAD4 RAAD4
HWKGJ HWKGJ
H1LTE H1LTE
C45HH C45HH
BVMDZ BVMDZ
OLLV9 OLLV9
T9O11 T9O11
PYPSO PYPSO
DCHO3 DCHO3
RU85S HZHRA 50J5H RU85S
8EXDQ 8EXDQ
C8O6I C8O6I
45JXE PTADN DOLRQ 45JXE
LKP22 LLTLN MC71K V22SY LKP22
FRZVP FRZVP
69BJO 69BJO
FCYPJ 9WSXC FCYPJ
IF7TL IF7TL
6ACGE 6ACGE
0U9HU 0U9HU
KC9RF KC9RF
Q5DAA Q5DAA
0D2BR 0D2BR
945CN 945CN
1RS2N 1RS2N
0VPRW 0VPRW
ZZH8Z WP2MA ZZH8Z
3AIXW 3AIXW
WZB33 WZB33
SKPO7 SKPO7
VHCFR W2H22 VHCFR
AT3CI SHOOM 768ZF AT3CI
WXZHF WXZHF
JXLE1 JXLE1
X180A X180A
LIRLU 2C63O LIRLU
DDXG0 DDXG0
ZRPB5 PMFJ2 ZRPB5
61QWU 61QWU
TY0L7 TY0L7
YJ67U YJ67U
8CLEZ KOYRV 8CLEZ
