WNYCV UUOP5 18R1B H7R17 XRQ65 5I6U4 V11OW 1BUOS UDC3C TG5ZG 91RFG GAXPM CHXFM URMBF 1NBGE XDKMD QTZLJ WH9QK XPFOM ULCTZ 7CXN0 YMTTJ KB443 X2AM4 H8ZPW CUG55 BMC9X ZA57Z KRLTG 77EY5 QTZLJ 42QVU 1ACIU B8UZ8 KR27P EYREL GXYLV HR8IA OE5TB RFDQ4 XBRKQ HZ80H F07YB QSI1X 1UWW5 F5YBY XTUSM K1ZSD WNYCV
42
UUOP5 9HVLF UUOP5
18R1B 18R1B
XRQ65 EQWAL XRQ65
5I6U4 2KYXC 5I6U4
V11OW V11OW
1BUOS 1BUOS
TG5ZG TG5ZG
91RFG 91RFG
GAXPM GAXPM
URMBF 2FT0Z URMBF
1NBGE 1NBGE
XDKMD XDKMD
QTZLJ QTZLJ
WH9QK HHCET 65TK9
XPFOM XPFOM
ULCTZ ULCTZ
7CXN0 7CXN0
YMTTJ YMTTJ
KB443 KB443
X2AM4 X2AM4
H8ZPW H8ZPW
CUG55 CUG55
BMC9X BMC9X
ZA57Z ZA57Z
KRLTG KRLTG
77EY5 77EY5
42QVU 42QVU
1ACIU 1ACIU XD7IR
B8UZ8 B8UZ8
EYREL EYREL
GXYLV GXYLV
HR8IA HR8IA
OE5TB OE5TB
RFDQ4 BO3AW
XBRKQ H212X XBRKQ
HZ80H HZ80H
F07YB F07YB
QSI1X QSI1X
1UWW5 1UWW5
F5YBY F5YBY
XTUSM UGOIO XTUSM
K1ZSD K1ZSD
