fab8g Vjk2Z B3NSd dAx9s RgC1Q CT8M8 LBzlR 8xyrX G91ym 1SvIs iy8Ty 2Z0oU 9ZatH rzyrR F7m3U VUKiE Bw1D7 4GEPG qchZ3 GHmnJ 3FUsL ZlgGe BWyM2 BJ1iC wKKkJ 8tK4L obqW1 H6HgM HKgVO RnwlC tEdSo Lqz0g guI5B cDkiZ KB016 yM9nQ f5Qx2 G944F BybTG cQMFl aiycm KWmhW o4F0A RhMSo L54Jg adW6k PpZP8 lJfgZ 4b2sA lcarA n9AEE fhc2k 7J90B 9u8oD 8PY0r AGorf Nbb6U KzS0e l0HDP FW6DI Q0oXi nScgp c17Qf x8KLa wiGnS VIl39 mgHYN 5Ix1v sF84c Gt2w1 O1QPI nRTkO Flgse ciJ7c P5ucv 1OpM2 b4E7v pesnn 1xx4U TQZik cm8oa 0YoJb kCdcu 3XMfZ eDWES 4ORRk bD2TR TtUXd 015ql gwQSf DHhK9 uQK8T XDGuI bepE0 1pNjr lJJK2 tQXF5 HaHFT g1WJz fr0Bd fab8g
100
fab8g fab8g
Vjk2Z Vjk2Z
B3NSd B3NSd
dAx9s dAx9s
RgC1Q RgC1Q
CT8M8 CT8M8
LBzlR LBzlR
8xyrX 8xyrX
G91ym G91ym
1SvIs 1SvIs
iy8Ty iy8Ty
2Z0oU 2Z0oU
9ZatH 9ZatH
rzyrR rzyrR
F7m3U F7m3U
VUKiE VUKiE
Bw1D7 Bw1D7
4GEPG 4GEPG
qchZ3 qchZ3
GHmnJ GHmnJ
3FUsL 3FUsL
ZlgGe ZlgGe
BWyM2 BWyM2
BJ1iC BJ1iC
wKKkJ wKKkJ
8tK4L 8tK4L
obqW1 obqW1
H6HgM H6HgM
HKgVO HKgVO
RnwlC RnwlC
tEdSo tEdSo
Lqz0g Lqz0g
guI5B guI5B
cDkiZ cDkiZ
KB016 KB016
yM9nQ yM9nQ
f5Qx2 f5Qx2
G944F G944F
BybTG BybTG
cQMFl cQMFl
aiycm aiycm
KWmhW KWmhW
o4F0A o4F0A
RhMSo RhMSo
L54Jg L54Jg
adW6k adW6k
PpZP8 PpZP8
lJfgZ lJfgZ
4b2sA 4b2sA
lcarA lcarA
n9AEE n9AEE
fhc2k fhc2k
7J90B 7J90B
9u8oD 9u8oD
8PY0r 8PY0r
AGorf AGorf
Nbb6U Nbb6U
KzS0e KzS0e
l0HDP l0HDP
FW6DI FW6DI
Q0oXi Q0oXi
nScgp nScgp
c17Qf c17Qf
x8KLa x8KLa
wiGnS wiGnS
VIl39 VIl39
mgHYN mgHYN
5Ix1v 5Ix1v
sF84c sF84c
Gt2w1 Gt2w1
O1QPI O1QPI
nRTkO nRTkO
Flgse Flgse
ciJ7c ciJ7c
P5ucv P5ucv
1OpM2 1OpM2
b4E7v b4E7v
pesnn pesnn
1xx4U 1xx4U
TQZik TQZik
cm8oa cm8oa
0YoJb 0YoJb
kCdcu kCdcu
3XMfZ 3XMfZ
eDWES eDWES
4ORRk 4ORRk
bD2TR bD2TR
TtUXd TtUXd
015ql 015ql
gwQSf gwQSf
DHhK9 DHhK9
uQK8T uQK8T
XDGuI XDGuI
bepE0 bepE0
1pNjr 1pNjr
lJJK2 lJJK2
tQXF5 tQXF5
HaHFT HaHFT
g1WJz g1WJz
fr0Bd fr0Bd
