cy4fm C565q OFvld dU1Ub 9ZyoJ uWr4y X6hJp KYsbm Ib5xu LNh60 5rdYI 29Bwa yFKGt xyghb 8RNd8 SAUL4 7l0Vw BoNoJ w4BF1 wdXpe NvAYI yMPWG kbRYl G6G4p Ss744 C0eRL 7XIxZ di7h7 GHZOS F2nEN wdXpe BoNoJ vSPJ5 Xhpv3 Iks3D hOy4D 6ceXl uT5W0 C565q nogr2 hOy4D 8aYYW jse5F Vjg5l I2lfX zQjQm 19YKC rUUVt P8Fbf DCl5F FnVf8 yMPWG Cfmbw yFKGt cy4fm
39
C565q C565q
OFvld IjjWK EWhpw OFvld
dU1Ub dU1Ub
uWr4y uWr4y
X6hJp X6hJp
KYsbm KYsbm
LNh60 gk2cW LNh60
5rdYI 5rdYI
yFKGt yFKGt
8RNd8 8RNd8
7l0Vw 7l0Vw
w4BF1 w4BF1
wdXpe wdXpe
NvAYI P3lE7 NvAYI
yMPWG OoKEI 1H2uK yMPWG
kbRYl kbRYl
G6G4p G6G4p
C0eRL C0eRL
7XIxZ 7XIxZ
di7h7 di7h7
GHZOS GHZOS
F2nEN F2nEN
BoNoJ BoNoJ
vSPJ5 vSPJ5
Xhpv3 19YKC Xhpv3
Iks3D Iks3D
hOy4D tao9t hOy4D
6ceXl 6ceXl
uT5W0 uT5W0
nogr2 3iQ53 nogr2
8aYYW lA2MC 8aYYW
jse5F qt5AA jse5F
Vjg5l Vjg5l
zQjQm zQjQm
rUUVt rUUVt
P8Fbf P8Fbf
DCl5F DCl5F
FnVf8 FnVf8
Cfmbw Cfmbw
