0 92 159 2 123 94 122 178 177 15 144 60 64 35 112 113 35 64 60 143 142 191 192 2 164 101 43 100 49 183 130 95 131 184 41 134 186 33 18 147 80 146 7 153 51 152 198 197 151 51 7 146 194 193 145 80 147 18 33 179 124 97 125 180 179 33 185 133 91 78 31 106 167 168 107 31 78 91 66 41 181 127 77 33 119 50 118 175 21 115 25 116 14 93 156 30 104 59 103 165 166 30 136 85 137 188 187 136 30 189 139 96 140 96 141 15 23 109 110 170 169 109 23 196 149 88 148 195 8 161 160 0
87
92 158 157
159 159
123 123
94 121
122 122
178 178
177 177
15 164
144 144
112 171 112
113 172 113
35 114
143 143
142 142
191 191
192 192
101 101
43 102
100 163 100
183 183
130 130
95 132
131 131
184 184
134 134
186 186
147 147
146 146
153 153
152 152
198 198
197 197
151 151
194 194
193 193
145 145
179 179
124 124
97 126
125 125
180 180
185 185
133 133
106 106
167 167
168 168
107 107
31 108
91 135
181 182 181
127 127
77 129 128
119 119 176
50 120
118 118
175 175
115 173 115
25 117
116 174 116
93 155 154
156 156
104 104
59 105
103 103
165 165
166 166
136 136
85 138
137 137
188 188
187 187
189 189
139 139
140 190 140
141 141
110 111 110
170 170
169 169
109 109
196 196
149 149
88 150
148 148
195 195
161 161
160 160
0 162
