10 59 10 92 10 58 18 69 68 15 3 89 54 55 90 2 82 83 4 63 95 94 62 43 77 76 29 15 78 79 31 3 81 23 80 19 8 61 93 60 8 13 67 98 97 66 7 87 51 33 50 86 38 3 72 73 45 1 75 74 3 71 3 70 3 0 84 85 0 35 64 65 26 96 26 40 14 88 30 52 30 53 22 91 56 9 57 9 10
49
59 59
92 92
58 58
69 69
68 68
89 89
54 54
55 55
90 90
82 82
83 83
63 63
95 95
94 94
62 62
77 77
76 76
78 78
79 79
81 81
80 80
61 61
93 93
60 60
67 67
98 98
97 97
66 66
87 87
51 51
50 50
86 86
72 72
73 73
75 75
74 74
71 71
70 70
84 84
85 85
64 64
65 65
96 96
88 88
52 52
53 53
91 91
56 56
57 57
