0 1 3 7 15 31 15 32 65 32 66 32 15 7 16 33 67 33 16 34 69 34 70 34 16 7 3 8 17 35 17 36 73 36 74 36 17 8 18 37 75 37 76 37 18 38 78 38 18 8 3 1 4 9 19 39 79 39 80 39 19 40 82 40 19 9 20 41 83 41 20 42 85 42 86 42 20 9 4 10 21 43 88 43 21 44 89 44 90 44 21 10 22 45 91 45 92 45 22 46 94 46 22 10 4 1 0 2 5 11 23 47 95 47 96 47 23 48 23 11 24 49 24 11 5 12 25 52 25 12 26 53 26 54 26 12 5 2 6 13 27 55 27 56 27 13 28 58 28 13 6 14 29 14 30 61 30 14 6 2 0
49
31 130 129 128 127
65 132 131
66 134 133
67 136 135
33 138 137
69 140 139
70 142 141
8 143
17 144
35 146 145
73 148 147
74 150 149
75 152 151
76 154 153
18 156 155
78 158 157
79 160 159
80 162 161
19 163
40 164
82 166 165
83 168 167
41 170 169
85 172 171
86 174 173
21 176 175
88 178 177
89 180 179
90 182 181
91 184 183
92 186 185
46 188 187
94 190 189
95 192 191
96 194 193
48 198 197 196 195
49 100 199
24 104 103 102 101
52 106 105
53 108 107
54 110 109
55 112 111
56 114 113
27 115
28 116
58 118 117
6 119
29 122 121 120
61 126 125 124 123
