1 4 2 98 83 87 91 97 0 95 94 72 86 22 45 27 29 39 40 18 73 30 23 28 31 50 32 26 41 19 36 37 65 12 8 13 14 33 20 11 9 17 21 25 10 3 5 7 5 3 10 25 21 17 9 11 20 33 14 13 8 12 65 37 36 19 41 26 32 50 31 28 23 30 73 18 40 39 29 27 45 99 42 54 46 47 48 51 85 16 80 78 76 89 88 24 67 75 81 49 38 57 61 57 38 49 81 67 24 88 89 76 78 80 16 44 64 45 22 86 72 94 95 0 97 91 87 83 98 2 4 1
30
1 15
45 45
36 36
20 20
7 6 7
99 99
42 42
54 54
46 46
47 47
48 48
51 51
85 85
16 16
80 80
78 78
76 76
89 89
88 88
24 24
67 67
75 75
38 34 59 77 38
57 57
61 79 61
49 74 70 56 55 53 52 49
81 81 82 69 58 66 63 62 60 68 90
44 44
64 64
94 94
