55 69 9 7 15 23 27 71 87 89 90 1 93 98 3 4 48 31 41 0 45 51 61 13 34 70 85 73 75 80 0 108 99 102 1 104 32 57 77 16 1 18 20 21 29 36 1 46 58 60 72 106 83 96 107 1 55
50
55 55
69 69
9 9
7 7
15 15
23 23
27 65 63 25 6 2 27
71 71
87 87
89 89
90 90
93 93
98 98
3 3
4 4
48 112 67 62 37 11 48
31 31
41 41
45 49 45
51 54 51
61 12 61
13 13
34 34
70 79 42 70
85 85
73 73
75 75
80 80
108 108
99 99
102 102
104 104
32 32
57 57
77 103 77
16 16
18 18
20 20
21 21
29 29
36 36
1 44 39 110
46 52 46
58 58
60 60
72 81 35 72
106 106
83 94 92 83
96 100 96
107 107
