Soda LakeMerrit Doe GBC Stephans BWW RSF Wheeler Haas MemorialStadium Wellman Morgan GoldenStatePark Barrows MLK Hertz Mulford TheRoof Unit1 Foothill BC Blackwell Unit2 MainStacks Unit3 ClarkKerr Sproul Soda
26
LakeMerrit LakeMerrit
Doe Doe
GBC GBC
Stephans Stephans
BWW BWW
RSF RSF
Wheeler Wheeler
Haas Haas
MemorialStadium MemorialStadium
Wellman Wellman
Morgan Morgan
GoldenStatePark GoldenStatePark
Barrows Barrows
MLK MLK
Hertz Hertz
Mulford Mulford
TheRoof TheRoof
Unit1 Unit1
Foothill Foothill
BC BC
Blackwell Blackwell
Unit2 Unit2
MainStacks MainStacks
Unit3 Unit3
ClarkKerr ClarkKerr
Sproul Sproul
