Soda SantaBarbara Emeryville VictoryPoint SanMiguel Campanille CREAM AlphaChi Riverside SigmaKappa Gregoire BayStreet Compton Ashby MexicoCity Rasputin Cory BerkeleyHigh Mars Saturn AlphaCentauri Pomona BerkeleyHillel Perris Cory CafeTibet Sacramento Upland Chino Whittier Dwinelle SouthGate Guadalajara Tuhuamixtel Kips Tuxcacuesco Talpa ElGrullo Myto TripleRock Tako Cory Cancun BAMPFA Platano Tang Soda
40
SantaBarbara SantaBarbara
Emeryville Tijuana Emeryville
VictoryPoint VictoryPoint
SanMiguel SanMiguel
CREAM CREAM
AlphaChi AlphaChi
Riverside Riverside
SigmaKappa InternationalHouse SigmaKappa
Gregoire Gregoire
BayStreet BayStreet
Compton Compton
Ashby Fontana Ashby
MexicoCity MexicoCity
Rasputin Rasputin
BerkeleyHigh Jupiter BerkeleyHigh
Mars Venus Mars
Saturn Saturn
AlphaCentauri AlphaCentauri
Pomona ChiOmega Pomona
BerkeleyHillel BerkeleyHillel
Perris Perris
CafeTibet CafeTibet
Sacramento SanBernardino Sacramento
Upland Upland
Chino Chino
Whittier Whittier
SouthGate Jalisco SanDiego SouthGate
Guadalajara DeltaDelta Guadalajara
Tuhuamixtel Tuhuamixtel
Kips Kips
Tuxcacuesco Tuxcacuesco
Talpa Talpa
ElGrullo ElGrullo
Myto Myto
TripleRock TripleRock
Tako Tako
Cancun DKingGallery Cancun
BAMPFA BAMPFA
Platano Irvine LosAngeles FantasticComics Platano
Tang ChezPanisse Tang
