5 4 33 137 42 165 63 165 94 20 35 188 142 25 105 17 66 75 39 94 109 58 109 192 96 155 40 123 62 34 76 81 47 81 19 151 109 84 162 52 121 34 133 68 195 56 118 113 197 149 28 149 90 2 158 45 10 112 82 48 199 166 199 53 0 27 174 101 174 27 82 154 187 74 170 136 117 83 104 171 112 186 189 77 143 77 196 77 189 102 55 138 69 183 69 138 116 134 71 119 67 119 71 178 91 150 130 64 37 177 18 192 100 78 29 193 165 94 5
70
33 33
137 137
42 2 44 42
63 26 63
20 11 20
35 110 135
188 188
25 25
105 105
17 17
39 92 39
58 152 58
109 168 75
192 16 192
96 96 22
123 123
34 140 34
76 156 76
81 81
47 43 47
151 151
162 162
52 52
121 157
133 133
68 68
56 56
118 61
149 159 149
28 180 28
158 158 80
45 14
10 10
112 146 171
48 48
199 199
166 122 32
53 53
101 1 101
174 174
154 46 154
187 187
74 31
170 170
83 83
104 104
189 189 103
143 194 143
77 77
196 184 196
102 102
55 55
138 9 138
69 153 69
183 51 183
116 99 116
134 50
71 71
67 41 67
178 178
91 91
64 64
37 37
177 177
18 18 85
100 100
78 179 78
29 164
193 193
165 173
