A29 A67 A52 A36 A75 A82 A18 A47 A66 A47 A18 A81 A28 A45 A91 A4 A31 A4 A39 A76 A81 A18 A97 A13 A85 A12 A16 A32 A14 A32 A65 A54 A65 A79 A5 A55 A16 A12 A53 A12 A46 A49 A30 A6 A15 A6 A30 A6 A88 A6 A35 A96 A2 A7 A65 A0 A1 A19 A73 A41 A5 A29
35
A29 A27 A29
A67 A67
A52 A52
A36 A36
A82 A82
A18 A18
A47 A47
A66 A99 A66
A28 A28
A45 A10
A91 A91
A31 A51 A31
A39 A39
A76 A95
A81 A72 A34
A97 A97
A13 A13
A85 A85
A12 A12 A89 A59
A16 A16
A32 A32
A14 A92 A14
A65 A65
A54 A3 A54
A79 A79
A55 A55
A53 A90 A53
A6 A6 A35
A15 A38 A15
A30 A26 A30
A88 A60 A88
A96 A96
A2 A2
A7 A77 A68
A73 A69 A73
