A42 A100 A78 A107 A101 A95 A177 A121 A186 A34 A186 A143 A172 A73 A40 A74 A134 A163 A43 A84 A183 A100 A184 A23 A57 A176 A58 A35 A130 A2 A5 A44 A5 A136 A67 A13 A70 A13 A88 A56 A185 A193 A108 A9 A105 A16 A0 A98 A12 A124 A12 A98 A148 A98 A144 A106 A144 A98 A12 A139 A142 A83 A114 A72 A125 A182 A125 A72 A167 A77 A66 A170 A65 A82 A194 A82 A77 A115 A4 A7 A168 A54 A174 A162 A188 A187 A76 A39 A2 A189 A30 A191 A30 A196 A127 A32 A195 A39 A47 A128 A146 A118 A91 A93 A183 A100 A42
69
A42 A71 A42
A100 A100
A78 A78
A107 A107
A95 A17 A95
A177 A177
A34 A94 A34
A186 A111
A143 A143
A172 A172
A73 A123
A43 A43
A84 A84
A183 A183
A184 A184 A92
A23 A23
A57 A38 A57
A176 A176
A58 A58
A35 A35
A130 A130 A159
A44 A120 A21
A136 A136
A67 A51 A67
A70 A96 A70
A13 A13 A75
A88 A88 A113
A185 A185
A193 A193 A20 A40
A9 A9
A105 A105
A16 A16
A0 A0
A98 A98 A132
A124 A145 A124
A148 A192 A148
A144 A144
A106 A33 A106
A139 A139
A142 A142
A83 A103
A114 A114
A72 A72 A37
A125 A181
A182 A102 A182
A167 A167
A77 A77
A66 A126 A45
A65 A65
A82 A82
A194 A28 A194
A115 A179
A4 A4
A7 A7
A54 A54
A162 A122
A187 A198 A117 A187
A76 A76
A39 A39
A2 A2 A154 A135 A5
A189 A3 A189
A30 A90 A30
A191 A64 A46 A191
A196 A196
A127 A127
A32 A137 A32
A128 A128
A118 A118
A93 A93
