COM SGS SHN CHN COD GNQ PAK HUN JPN CHL COD PRK NIU IRN NIU CZE DEU CZE NIU NZL SGS MUS DJI MUS SGS COM REU SDN MEX POL MAC MHL CPV LIE LTU LIE CPV COK HND GRC GMB NGA NFK NGA FSM FIN FSM ESP GEO GHA GIB EGY FLK GBR FRA ESH EST SAU REU COM NER MYT NER COM QAT SGP NPL PRY BIH AZE BDI BHR BLM BEN BLZ RUS PYF HMD KGZ LAO LUX NIC AUS ATG PRT CRI MLT PSE NRU CAF BVT LKA LCA KOR HKG GUM HTI IDN MDG COM
66
SGS SGS KHM LBR
SHN SHN
CHN COG CHN
GNQ GNQ
PAK PAK
HUN HUN
JPN LBN JPN
COD COD
NIU NIU
IRN IOT DZA IRN
DEU CXR CYP DEU
NZL NZL
DJI DMA DJI
REU REU AFG
SDN SDN
MEX MEX
POL ARE PNG POL
MAC MAC
CPV MLI RWA CPV
LIE LIE
LTU KWT LTU
COK COK
HND MAR HND
GRC GRC
GMB PAN GMB
NFK ALA JEY NFK
FSM GIN FSM
FIN GAB FIN
ESP ESP
GEO GEO
GHA GHA
GIB GIB
EGY EGY
GBR GBR
FRA FRA
ESH ECU ESH
NER NER MTQ
MYT ARM MYT
COM COL
QAT ALB
SGP RUS
NPL MMR NPL
PRY MDA MOZ PRY
BIH BHS
AZE AZE
BDI BDI
BHR BMU BHR
BLM BLM
BEN BEN
HMD HMD
KGZ KNA
LAO LAO
LUX LUX
NIC ITA IRL ABW NIC
AUS AUS
ATG ATG
PSE PSE
NRU NRU
CAF CAF CIV
LKA LKA
LCA HRV
KOR KOR
HKG KAZ HKG
GUM GUM
HTI CAN HTI
IDN IDN
