DZA GBR FRA FRO GEO HND HMD ETH ECU FSM GIN FIN GIB CAF COG GTM GRD COL CCK BLR BES BLM BRA BHS DOM CUW DNK ARE CYM DZA ALB GMB GUY AUS DOM ASM ATF ATA GLP BGR BRB CAN COD CHE GRL HKG CIV BFA BMU BWA GAB GHA GIN ERI GGY GIB DZA
38
GBR GBR
FRA FRA
FRO FRO
GEO GEO
HMD HMD
ECU ECU
FSM FSM
FIN ABW AND FLK FIN
CAF CAF
COG COG
GTM HND
GRD GNQ CUB GRD
CCK CCK
BLR BLR
BES BES
BLM BLM
BRA GRC
BHS BHS
DOM DOM
CUW CUW
DNK DJI DNK
ARE ARE
CYM CXR CZE CYM
ALB ARG ALB
AUS AUS
ATF ATF
ATA ATA
BRB BRB
CAN CAN
COD BRN COD
CHE BVT CHE
GRL GLP
HKG HKG
BFA BGD BFA
BMU BDI BEN
GHA GHA
ERI ERI
DZA DZA DZA
