9c2647cde6e44cc385c8 211ddbbf614a47428f13 7e0770b0df094f329117 eff3a759e4134e70a252 5a3b69fa8cfb4982a27c 8fb88a81c320403c8940 af0a537d56ff42a99a0a d8780223b4744b5b91e5 8fb88a81c320403c8940 a22afbff48914ac888a0 00dd89601f03490d8809 a0f6a505c8184e86afc9 5215b0f0bd724c5cb095 d4f8d48cee014966a5b7 9a6fd45cb4d44509bce9 b3931f6d1087486cb913 d5bccd7804014eca8c6c 2783e022fae94929bf16 664988394a5f48d79e79 f2ab71e12a0b4ca8a555 ce2f0e6b8eb94a748c7d f2ab71e12a0b4ca8a555 dee15252c0e54b84beaf 4c8b2bb0f24f4375a715 0b82efcb8c2c45aeb8a2 934f0cae8959401e9aa3 e5d122afc38c45dea5ae 0f214fa889a6406e8826 8fb88a81c320403c8940 82654fedf62042cb92dc cd51464f29fe4984870b 849492e2a4f04946a2c6 54de46f8d4f647d1baa7 e5d122afc38c45dea5ae d8316f23d67e43ccb5e7 8fb88a81c320403c8940 ca0b4771edab4289a9de 1a4c9d2bea59474aa118 e5d122afc38c45dea5ae babcd00b2c484c36bc48 1c62a698c79e460eb5ff b3a599b5126842e1bf24 884e85a591684c7ebc61 a2e35f0c3c9143c68a9e 42e3ccb6ddd54a0aa3cb 8fb88a81c320403c8940 e6237b02869349c2bcc8 26a1d084007f489fba55 06635824d9b841f7b41e e5d122afc38c45dea5ae 0a53d934f24848f9bda3 dbfc82377b8f4429bc5e 2bcf7711ba8b49129f0c e5a9ca3b130945588284 8fb88a81c320403c8940 b927c43e198546078ea6 8fb88a81c320403c8940 e74a97c92dba4d8ea2d5 e05275dbed2540ddb1d0 df9c93ed7a63447389dd 529d899e8f2545bfbc5a e5d122afc38c45dea5ae 0753fe21061c4e058dad e5d122afc38c45dea5ae 404713e80e9740c9b7cd c947a496d2b34bb89bb9 09b94d1b44c348ceadb9 df9fcc997b4f4a18b94a ef84408a20334d7d9940 c69875060dcb453ead1a 2bcf7711ba8b49129f0c 76432c67ac2d44b384c1 12a170c171ef44d4b662 85ec82d3a96e4436a5a2 6cdca42ad550495aa84f 884523a7277b40f4972f 8a66a2d4fdf74f2e9b0e f2ab71e12a0b4ca8a555 fc38d8b64f88401c97fd 9070eab74d144b2d9fe3 f47cbc59a0584307a0f1 3574209d67b74478ae2e c15cfb41ef824fd2a1c0 a581f1b5cd374bd0ba96 44c8674ccef1477b965f c7ef0821b71641f390ee 19f204e30ad4442cb966 2bcf7711ba8b49129f0c 2b0e5d986b0a4f1cb926 5b3dce289f444b0aa162 f74897e94729433fa22f 33edfebd58804049be59 e3726a85ffc34b1282cf 205f1eddbda0478aada6 934f0cae8959401e9aa3 bbd144150de64860b03c 5fd6476364e640bea476 f2ab71e12a0b4ca8a555 5b7e4d089e434c6a9293 cfa4f7b46ab548c1a67a 205f1eddbda0478aada6 2bcf7711ba8b49129f0c ec162ad32a614344923a b42e69fcc93540ff9100 e5d122afc38c45dea5ae d484483c58914446843f 9c2647cde6e44cc385c8
81
9c2647cde6e44cc385c8 910d00572d9d42cebb4a
211ddbbf614a47428f13 5dc9f852f2454533879f 211ddbbf614a47428f13
7e0770b0df094f329117 7e0770b0df094f329117
eff3a759e4134e70a252 eff3a759e4134e70a252
5a3b69fa8cfb4982a27c 5a3b69fa8cfb4982a27c
af0a537d56ff42a99a0a af0a537d56ff42a99a0a
d8780223b4744b5b91e5 d8780223b4744b5b91e5
a22afbff48914ac888a0 a22afbff48914ac888a0
00dd89601f03490d8809 00dd89601f03490d8809
a0f6a505c8184e86afc9 a0f6a505c8184e86afc9
5215b0f0bd724c5cb095 5215b0f0bd724c5cb095
d4f8d48cee014966a5b7 bb5eae787bbc407b98a6 d4f8d48cee014966a5b7
b3931f6d1087486cb913 b3931f6d1087486cb913
d5bccd7804014eca8c6c d5bccd7804014eca8c6c
2783e022fae94929bf16 2783e022fae94929bf16
664988394a5f48d79e79 664988394a5f48d79e79
ce2f0e6b8eb94a748c7d ce2f0e6b8eb94a748c7d
dee15252c0e54b84beaf dee15252c0e54b84beaf
4c8b2bb0f24f4375a715 4c8b2bb0f24f4375a715
934f0cae8959401e9aa3 e0d1e21ff6cc4d64aff7 9b9da0cbe5514fabb1ae 934f0cae8959401e9aa3
0f214fa889a6406e8826 0f214fa889a6406e8826
82654fedf62042cb92dc 82654fedf62042cb92dc
cd51464f29fe4984870b cd51464f29fe4984870b
849492e2a4f04946a2c6 849492e2a4f04946a2c6
54de46f8d4f647d1baa7 54de46f8d4f647d1baa7
e5d122afc38c45dea5ae e5d122afc38c45dea5ae
d8316f23d67e43ccb5e7 d8316f23d67e43ccb5e7
ca0b4771edab4289a9de 74bfaa171ba342fc9e58 42f0effdbad6403aad72 ca0b4771edab4289a9de
1a4c9d2bea59474aa118 1a4c9d2bea59474aa118
babcd00b2c484c36bc48 babcd00b2c484c36bc48
1c62a698c79e460eb5ff 1c62a698c79e460eb5ff
b3a599b5126842e1bf24 b3a599b5126842e1bf24
884e85a591684c7ebc61 884e85a591684c7ebc61
a2e35f0c3c9143c68a9e a2e35f0c3c9143c68a9e
42e3ccb6ddd54a0aa3cb 42e3ccb6ddd54a0aa3cb
8fb88a81c320403c8940 fab56f22f8684dd18893 8fb88a81c320403c8940
e6237b02869349c2bcc8 e6237b02869349c2bcc8
26a1d084007f489fba55 26a1d084007f489fba55
06635824d9b841f7b41e 7a1df78f40b245bfbb97 06635824d9b841f7b41e
0a53d934f24848f9bda3 0a53d934f24848f9bda3
dbfc82377b8f4429bc5e dbfc82377b8f4429bc5e
2bcf7711ba8b49129f0c 2bcf7711ba8b49129f0c
e5a9ca3b130945588284 e5a9ca3b130945588284
b927c43e198546078ea6 b927c43e198546078ea6
e74a97c92dba4d8ea2d5 e74a97c92dba4d8ea2d5
e05275dbed2540ddb1d0 e05275dbed2540ddb1d0
df9c93ed7a63447389dd df9c93ed7a63447389dd
529d899e8f2545bfbc5a 8e02573f1324425c9311 87788962cd304b248baf 529d899e8f2545bfbc5a
0753fe21061c4e058dad 0753fe21061c4e058dad
404713e80e9740c9b7cd b96177c96ab740b3965b 404713e80e9740c9b7cd
c947a496d2b34bb89bb9 e87b98454fe24297b210 c947a496d2b34bb89bb9
09b94d1b44c348ceadb9 242983dadb1f4402a4a9 09b94d1b44c348ceadb9
df9fcc997b4f4a18b94a df9fcc997b4f4a18b94a
ef84408a20334d7d9940 ef84408a20334d7d9940
c69875060dcb453ead1a c69875060dcb453ead1a
76432c67ac2d44b384c1 76432c67ac2d44b384c1
12a170c171ef44d4b662 b47b7b94e7d74f398b8f 12a170c171ef44d4b662
85ec82d3a96e4436a5a2 85ec82d3a96e4436a5a2
884523a7277b40f4972f 884523a7277b40f4972f
8a66a2d4fdf74f2e9b0e 9a6fd45cb4d44509bce9 8a66a2d4fdf74f2e9b0e
fc38d8b64f88401c97fd fc38d8b64f88401c97fd
f47cbc59a0584307a0f1 f47cbc59a0584307a0f1
3574209d67b74478ae2e 3574209d67b74478ae2e
c15cfb41ef824fd2a1c0 c15cfb41ef824fd2a1c0
a581f1b5cd374bd0ba96 a581f1b5cd374bd0ba96
44c8674ccef1477b965f 44c8674ccef1477b965f
c7ef0821b71641f390ee c7ef0821b71641f390ee
19f204e30ad4442cb966 19f204e30ad4442cb966
2b0e5d986b0a4f1cb926 2b0e5d986b0a4f1cb926
5b3dce289f444b0aa162 5b3dce289f444b0aa162
f74897e94729433fa22f f74897e94729433fa22f
33edfebd58804049be59 33edfebd58804049be59
e3726a85ffc34b1282cf e3726a85ffc34b1282cf
205f1eddbda0478aada6 bd01ba7047cb4d04a847 9b93a8a7d0b543339985 205f1eddbda0478aada6
bbd144150de64860b03c bbd144150de64860b03c
5fd6476364e640bea476 53afa325a7d34c438292 fa1e4bc6ddcc462f984f 5fd6476364e640bea476
5b7e4d089e434c6a9293 5b7e4d089e434c6a9293
cfa4f7b46ab548c1a67a cfa4f7b46ab548c1a67a
ec162ad32a614344923a ec162ad32a614344923a
b42e69fcc93540ff9100 b42e69fcc93540ff9100
d484483c58914446843f d484483c58914446843f
