Soda 124 119 188 180 118 173 148 149 170 144 187 183 154 164 179 181 0 195 191 185 168 162 184 161 167 108 111 139 104 132 100 102 2 141 151 110 114 130 190 128 156 146 Soda 175 103 140 105 Soda 143 113 160 192 157 131 135 152 126 138 129 197 193 Soda 198 142 120 117 115 147 133 107 166 136 177 165 174 189 125 153 186 Soda 123 121 155 99 163 169 172 194 Soda
83
124 124
119 119
188 188
180 180
118 118
173 173
148 148
149 159 149
170 170
144 144
187 127 187
183 183
154 154
164 164
179 179
181 181
195 182 195
191 101 191
185 185
168 168
162 162
184 184
161 161
167 167
108 108
111 111
139 139
104 104
132 132
100 100
102 102
2 176
141 141
151 151
110 110
114 114
130 130
190 122 190
128 112 128
156 156
146 146
175 175
103 137 103
140 140
105 105
143 106 143
113 113
160 160
192 192
157 157
131 131
135 135
152 152
126 109 126
138 138
129 129
197 197
193 193
198 198
142 142
120 120
117 117
115 115
147 147
133 133
107 107
166 166
136 136
177 177
165 196 165
174 116 174
189 189
125 145 125
153 158 153
186 186
123 150 123
121 121
155 155
99 99
163 163
169 169
172 178 134 172
194 171 194
