Soda 73 42 37 10 19 11 61 38 99 18 74 40 48 91 62 51 55 66 82 70 32 34 97 2 92 33 24 7 13 15 46 56 35 88 53 30 31 83 54 50 43 60 89 2 29 67 79 65 87 95 39 8 96 44 71 72 14 20 26 52 41 17 27 64 75 68 58 77 49 81 Soda 93 80 5 57 69 59 85 36 84 23 47 63 90 28 9 101 94 22 100 78 2 76 3 Soda
90
Soda 3
73 73
42 42
37 6 37
10 25 10
19 19
11 11
61 61
38 38
99 99
18 18
74 74
40 40
48 48
91 91
62 62
51 51
55 55
66 66
82 82
70 70
32 32
34 34
97 97
92 92
33 33
24 24
7 7
13 4 13
15 15
46 46
56 56
35 35
88 88
53 53
30 30
31 31
83 83
54 54
50 50
43 43
60 60
89 89
29 29
67 2 67
79 21 79
65 65
87 87
95 95
39 39
8 8
96 96
44 44
71 71
72 72
14 14
20 20
26 16 26
52 52
41 41
17 17
27 27
64 86 64
75 75
68 68
58 58
77 77
49 49
81 81
93 93
80 80
5 5
57 57
69 69
59 59
85 85
36 36
84 84
23 23
47 47
63 45 63
90 90
28 28
9 9
101 101
94 12 94
22 22
100 98 100
78 78
76 76
