Wurster Moses Visitor Simon Class Hilgard Pennsylvania Hesse Maxwell Observatory Barrows Raleigh Juneau Idaho Honolulu Pitzer McLaughlin Cory Sutardja Frank Florida Gilman Silver Nevada North Chan Tennessee Moffitt Spieker Indianapolis Brain Alabama Kleeberger Goldman Recreational Salem Boston Stanley Optometry Massachusetts Montgomery Parking Hazardous Blackwell Anthony Oregon Simpson Vermont Sather Wurster
49
Wurster Wurster
Moses Moses
Visitor Visitor
Simon Simon
Class Class
Hilgard Hilgard
Pennsylvania Pennsylvania
Hesse California Hesse
Maxwell Maxwell
Observatory Observatory
Barrows Barrows
Raleigh Raleigh
Juneau Juneau
Idaho Idaho
Honolulu Honolulu
Pitzer Pitzer
McLaughlin McLaughlin
Cory Cory
Sutardja Sutardja
Frank Frank
Florida Florida
Gilman Gilman
Silver Silver
Nevada Nevada
North North
Chan Chan
Tennessee Tennessee
Moffitt Moffitt
Spieker Spieker
Indianapolis Indianapolis
Brain Brain
Alabama Alabama
Kleeberger Kleeberger
Goldman Goldman
Recreational Recreational
Salem Salem
Boston Boston
Stanley Stanley
Optometry Optometry
Massachusetts Massachusetts
Montgomery Montgomery
Parking Parking
Hazardous Hazardous
Blackwell Blackwell
Anthony Anthony
Oregon Oregon
Simpson Simpson
Vermont Vermont
Sather Sather
