Rhode Cleary Warren Blackwell Energy Utah Olympia Columbia BART CNMAT Austin Jefferson Lansing Hargrove Krutch Florida Mulford Durham Foothill Edwards Santa Birge Lower Salt Springer Police Tennessee Montana Boalt Sproul Barrows Simon West Montgomery Wisconsin International Nashville Little Moffitt Morrison Jones Insectary McLaughlin Jacobs Minnesota Maryland Maxwell Etcheverry Mathematical Hertz Stadium Trenton Concord Chvez Bowles Campanile Baton Silver Nevada Simpson Oregon LeConte Brain Moses Tang Berkeley Annapolis Kentucky Cheyenne East University Valley Donner Life Harrisburg Martin Hellman Grinnell Madison Columbus Clark Richmond Providence Durant Chou Hearst Topeka Mississippi Observatory Illinois Hawaii Bancroft Rhode
92
Rhode Rhode
Cleary Cleary
Warren Warren
Blackwell Blackwell
Energy Energy
Utah Utah
Olympia McEnerney Olympia
Columbia Columbia
BART BART
CNMAT CNMAT
Austin Austin
Jefferson Jefferson
Lansing Lansing
Hargrove Hargrove
Krutch Krutch
Florida Florida
Mulford Mulford
Durham Durham
Foothill Foothill
Edwards Edwards
Santa Santa
Birge Birge
Lower Lower
Salt Pennsylvania Salt
Springer Springer
Police Police
Tennessee Tennessee
Montana Hartford Montana
Boalt Boalt
Sproul Sproul
Barrows Barrows
Simon Simon
West West
Montgomery Montgomery
Wisconsin Wisconsin
International International
Nashville Nashville
Little Little
Moffitt Moffitt
Morrison Haste Morrison
Jones Jones
Insectary Insectary
McLaughlin McLaughlin
Jacobs Jacobs
Minnesota Minnesota
Maryland Maryland
Maxwell Class Maxwell
Etcheverry Heating Etcheverry
Mathematical Mathematical
Hertz Hertz
Stadium Stadium
Trenton Trenton
Concord Concord
Chvez Chvez
Bowles Bowles
Campanile Michigan Campanile
Baton Baton
Silver Silver
Nevada Nevada
Simpson Simpson
Oregon Oregon
LeConte LeConte
Brain Brain
Moses Cory Moses
Tang Tang
Berkeley Berkeley
Annapolis Annapolis
Kentucky Kentucky
Cheyenne Cheyenne
East East
University University
Valley Valley
Donner Donner
Life Life
Harrisburg Harrisburg
Martin Martin
Hellman Hellman
Grinnell Grinnell
Madison Madison
Columbus Columbus
Clark Clark
Richmond Richmond
Providence Providence
Durant Durant
Chou Chou
Hearst Hearst
Topeka Topeka
Mississippi Mississippi
Observatory Observatory
Illinois Illinois
Hawaii Hawaii
Bancroft Bancroft
