Donner Santa Helena Cyclotron North McCone Optometry Juneau Haas Providence Illinois Ishi Minnesota Old Tallahassee Gilman Foothill Gayley Recreational Phoenix Topeka Iowa Life Wurster Haste Donner
25
Donner Donner
Santa Santa
Helena Helena
Cyclotron Cyclotron
North North
McCone McCone
Optometry Optometry
Juneau Juneau
Haas Haas
Providence Providence
Illinois Illinois
Ishi Ishi
Minnesota Minnesota
Old Old
Tallahassee Tallahassee
Gilman Gilman
Foothill Foothill
Gayley Gayley
Recreational Recreational
Phoenix Phoenix
Topeka Topeka
Iowa Iowa
Life Life
Wurster Wurster
Haste Haste
