100 31 15 27 70 36 33 12 11 10 11 12 33 36 70 27 15 30 16 59 25 22 60 61 14 34 7 39 7 34 103 13 29 43 45 44 2 17 1 17 2 46 142 131 50 19 47 48 47 19 50 131 130 129 144 42 3 42 144 129 130 131 142 46 2 44 4 44 45 43 72 40 8 9 8 40 72 43 45 26 61 16 30 15 31 100 58 55 18 53 23 53 18 55 58 98 94 95 189 192 188 21 56 21 188 192 191 193 184 186 181 161 159 82 112 155 116 113 111 115 153 156 104 165 164 85 86 100
49
100 32 31
15 15
27 27
36 28 36
33 33
12 12
11 11
10 121 10
30 30
16 16
59 59
25 25
22 22
60 60
14 14
34 34
7 7
39 37 39
13 13
29 29
43 43
45 26 45
44 44
2 2
17 17
1 54 1
46 46
50 20 50
47 47
48 49 48
19 19
42 42
3 41 3
4 5 4
40 40
8 8
9 6 9
58 58
55 24 55
53 53 52
23 51 23
18 18
189 182
192 192
21 21
56 57 56
111 111
153 153
165 165
