BukitBatokEast Redhill Gombak DowntownCore LowerSeletar Safti Tengeh Frankel GhimMoh Sembawang JooKoon TanjongPagar SimpangNorth Bendemeer NeeSoon AirportRoad Tyersall Hillcrest CityHall Springleaf SwissClub RiverValley TiongBahruStation Sudong SungeiRoad Simei BukitBatokEast
22
BukitBatokEast LeonieHill
Redhill PearlsHill Redhill
DowntownCore DowntownCore
LowerSeletar LowerSeletar
Safti GaliBatuMandai Safti
Tengeh Tengeh
Frankel Frankel
GhimMoh GhimMoh
Sembawang Sembawang
JooKoon JooKoon
TanjongPagar TanjongPagar
SimpangNorth SimpangNorth
NeeSoon ChoaChuKang NeeSoon
Tyersall Tyersall
Hillcrest Hillcrest
CityHall CityHall
SwissClub SwissClub
RiverValley RiverValley
TiongBahruStation TiongBahruStation
Sudong Sudong
SungeiRoad SungeiRoad
Simei Simei
