LeonieHill ChangiPoint SungeiKadut KampongUbi Shipyard NeeSoon JurongWestCentral Outram MonksHill Gombak ConeyIsland CompassvaleTrafalgar Changi Ridout BishanEast Yishun Phillip SerangoonGarden Victoria Clementi Novena SungeiRoad KallangWay AnchorvaleBuangkok YioChuKang MandaiWest NorthCoast KampongGlam Semakau Frankel FarrerPark GreenwoodPark Guilin Sentosa PasirRisPark SembawangSprings PunggolTownCentre Woodgrove YishunCentral ClementiCentral ChangiWest AirportRoad Springleaf PasirPanjang2 TheWharves SingaporePolytechnic TuasBay YuhuaWestBoonLay TampinesWest PasirRisWestElias ChoaChuKangCentral NatureReserve Kranji OrangeGrove DefuIndustrialPark LeonieHill
43
SungeiKadut SungeiKadut
Shipyard Shipyard
NeeSoon NeeSoon
JurongWestCentral JurongWestCentral
Outram Sennett Outram
MonksHill MonksHill
ConeyIsland ConeyIsland
Ridout Ridout
BishanEast BishanEast
Yishun Yishun
Phillip Phillip
SerangoonGarden SerangoonGarden
Victoria Victoria
Novena Novena
SungeiRoad SungeiRoad
KallangWay KallangWay
AnchorvaleBuangkok AnchorvaleBuangkok
YioChuKang Boulevard YioChuKang
MandaiWest BukitBatokCentral MandaiWest
NorthCoast NorthCoast
KampongGlam KampongGlam
Semakau Semakau
FarrerPark FarrerPark
GreenwoodPark GreenwoodPark Trafalgar
Guilin Guilin
Sentosa Sentosa
SembawangSprings SembawangSprings
PunggolTownCentre PunggolTownCentre
Woodgrove Woodgrove
ClementiCentral ClementiCentral
ChangiWest ChangiWest
AirportRoad AirportRoad
Springleaf Springleaf
PasirPanjang2 PasirPanjang2
TheWharves Townsville
SingaporePolytechnic SingaporePolytechnic
TuasBay TanglinHalt TuasBay
YuhuaWestBoonLay YuhuaWestBoonLay
TampinesWest TampinesWest
ChoaChuKangCentral LoyangEast ChoaChuKangCentral
Kranji Kranji
OrangeGrove OrangeGrove
DefuIndustrialPark Tyersall DefuIndustrialPark
