YuhuaEast Sennett SerangoonGarden SingaporeRiver ChinaSquare Sentosa CityHall BayfrontSubzone Mandai PasirRis KianTeck BoonLayPlace LowerSeletar PearlsHill Sentosa TelokBlangahRise KianTeck Brickworks Serangoon Trafalgar OneTreeHill SembawangStraits Shipyard PasirRisPark BedokSouth Matilda Geylang OrangeGrove PeoplesPark BayfrontSubzone Punggol TagoreSindo SerangoonNorth BedokNorth IstanaNegara Sentosa JurongWestCentral OneNorth Sentosa AngMoKioTownCentre SungeiRoad WaterwayEast WestCoast Commonwealth KentRidge SembawangHills Chatsworth InstitutionHill Geylang TuasNorthPioneer Sentosa SouthernIslands HongKahNorth KeatHong PotongPasir SembawangHills Sentosa UluPandan YioChuKangEast PulauPunggolTimor ReservoirView EvertonPark ClementiNorth PasirRisDrive TohGuan PayaLebarEast Museum GeylangEast MountEmily KebunBahru Tampines BedokNorth BukitBatokWest Sentosa WoodlandsWest Northland Mountbatten JurongPort PeiChun DairyFarm PangSua Paterson SimpangNorth AlexandraNorth MountEmily Khatib SerangoonCentral Woodleigh BukitBatokSouth Woodleigh JooSengPayaLebar TampinesNorth Sembawang EastCoast ChangiPoint Cairnhill SungeiKadut Port RochorCanal BedokNorth MandaiEast Aljunied BoatQuay Saujana HougangCentral DefuIndustrialPark ChoaChuKang HongKah UpperThomson Kembangan YioChuKang BenoiSector Moulmein Tanglin TuasPromenade SungeiKadut TuasBay TiongBahru BedokNorth PunggolField SungeiKadut Geylang DhobyGhaut BedokNorth ChangiWest BedokNorth YuhuaEast
100
Sennett Sennett
SerangoonGarden SerangoonGarden
SingaporeRiver SingaporeRiver
ChinaSquare ChinaSquare
CityHall CityHall
Mandai Mandai
PasirRis PasirRis
BoonLayPlace BoonLayPlace
LowerSeletar LowerSeletar
PearlsHill PearlsHill
Sentosa Sentosa
TelokBlangahRise TelokBlangahRise
Brickworks Brickworks
Serangoon Serangoon
Trafalgar Trafalgar
OneTreeHill OneTreeHill
SembawangStraits SembawangStraits
Shipyard Shipyard
PasirRisPark PasirRisPark
BedokSouth BedokSouth
Matilda Matilda
Geylang Geylang
OrangeGrove OrangeGrove
PeoplesPark PeoplesPark
BayfrontSubzone BayfrontSubzone
Punggol Punggol
TagoreSindo TagoreSindo
SerangoonNorth SerangoonNorth
BedokNorth BedokNorth
IstanaNegara IstanaNegara
JurongWestCentral JurongWestCentral
OneNorth OneNorth
AngMoKioTownCentre AngMoKioTownCentre
SungeiRoad SungeiRoad
WaterwayEast WaterwayEast
Commonwealth Commonwealth
KentRidge KentRidge
Chatsworth Chatsworth
InstitutionHill InstitutionHill
TuasNorthPioneer TuasNorthPioneer
SouthernIslands SouthernIslands
HongKahNorth HongKahNorth
KeatHong KeatHong
SembawangHills SembawangHills
UluPandan UluPandan
YioChuKangEast YioChuKangEast
PulauPunggolTimor PulauPunggolTimor
ReservoirView ReservoirView
EvertonPark EvertonPark
ClementiNorth ClementiNorth
PasirRisDrive PasirRisDrive
TohGuan TohGuan
PayaLebarEast PayaLebarEast
Museum Museum
GeylangEast GeylangEast
KebunBahru KebunBahru
Tampines Tampines
BukitBatokWest BukitBatokWest
WoodlandsWest WoodlandsWest
Northland Northland
Mountbatten Mountbatten
JurongPort JurongPort
PeiChun PeiChun
DairyFarm DairyFarm
PangSua PangSua
Paterson Paterson
SimpangNorth SimpangNorth
AlexandraNorth AlexandraNorth
Khatib Khatib
SerangoonCentral SerangoonCentral
BukitBatokSouth BukitBatokSouth
JooSengPayaLebar JooSengPayaLebar
TampinesNorth TampinesNorth
Sembawang Sembawang
EastCoast EastCoast
ChangiPoint ChangiPoint
Cairnhill Cairnhill
Port Port
RochorCanal RochorCanal
MandaiEast MandaiEast
Aljunied Aljunied
BoatQuay BoatQuay
Saujana Saujana
HougangCentral HougangCentral
DefuIndustrialPark DefuIndustrialPark
ChoaChuKang ChoaChuKang
HongKah HongKah
UpperThomson UpperThomson
Kembangan Kembangan
YioChuKang YioChuKang
BenoiSector BenoiSector
Moulmein Moulmein
Tanglin Tanglin
TuasPromenade TuasPromenade
TuasBay TuasBay
TiongBahru TiongBahru
PunggolField PunggolField
SungeiKadut SungeiKadut
DhobyGhaut DhobyGhaut
ChangiWest ChangiWest
