139 18 134 25 101 11 127 16 186 140 54 21 30 13 43 64 17 111 30 21 78 9 84 189 167 79 21 128 15 31 131 125 88 118 15 14 27 80 67 81 122 114 133 148 138 77 138 82 5 37 166 89 1 47 96 47 191 187 20 58 74 58 1 106 11 106 60 106 69 72 2 153 112 41 44 68 91 112 130 36 158 145 166 172 16 26 16 197 178 95 5 35 104 35 71 104 146 193 161 34 173 128 184 147 2 85 139 157 176 139
71
18 18
134 134
25 25
101 101
127 127
186 186
21 21
30 30 144
13 13
43 57 43
64 64
111 111
78 78
9 9
84 84
189 189
79 79
128 128 182
15 15 142
31 31
131 105 131
125 125
118 118
27 188 27
67 67
81 81
122 109 122
114 114
148 148
138 138
77 123 77
82 82
5 5
37 23 37
89 89
1 1
47 47
96 152 96
191 191
187 187
58 58 156
74 32 7 74
106 106 14
11 147 11
60 39 60
69 69
72 72
2 2 153
112 112 113
41 22 41
44 44
91 91
130 130
158 119 98 158
145 145
172 172
16 16 108 65
26 48 26
178 178
95 95
104 33 104 75
35 35
71 71
146 146
161 165 161
173 173
184 184
85 85
139 141 198
157 8 157
176 176
