F8 C3 C8 A9 T0 H3 I6 B4 D5 K5 N2 Q0 E4 D9 E4 F9 I4 F2 C1 D4 P3 L6 H5 Q7 B3 F6 H3 S8 R8 O2 A6 S9 S6 O1 S0 D8 G9 G0 E2 Q8 A8 J7 N0 T9 B2 E5 A1 K1 D3 C2 L9 L0 G4 N8 F6 I2 A2 H2 D7 F1 Q3 P7 J2 I0 N4 A3 E7 L7 G6 E5 Q6 Q5 B0 C4 B4 R6 P7 S7 N7 N2 H1 I9 R9 D7 A5 K3 S5 J1 E0 T1 K7 R4 J0 D6 T5 P6 I3 R0 O3 S2 P5 H6 N1 A7 T5 P9 T5 T8 H0 I8 B5 L4 M5 F8 O3 F8
86
C3 C3
C8 C8
A9 A9
T0 T0
H3 H3
I6 I6
B4 B4
D5 N6 E8 D5
K5 K5
Q0 Q0
D9 D9 M6
E4 E4
F9 A0 F9
I4 I4
F2 F2
C1 C1
D4 D4
L6 L6
H5 M0 H5
Q7 Q7
B3 B3
F6 F6
R8 R8
O2 O2
S9 S9
O1 O1
S0 S0
D8 D8
G9 G9
G0 G0
E2 E2
Q8 Q8
A8 A8
N0 N0
T9 T9
B2 H4 B2
E5 E5
A1 A1
K1 K1
D3 D3
C2 C2
L9 L9
G4 G4
N8 N8
I2 I2
A2 A2
H2 H2
D7 D7
Q3 Q3
P7 P7
J2 J2
I0 F1 C0 I0
N4 N4
A3 A3 O5
E7 E7
G6 G6
Q5 Q5
B0 B0
C4 C4
R6 R6
S7 S7
N7 N7
N2 N2
H1 H1
I9 P2 I9
R9 R9
K3 K3
S5 G1 S5
J1 J1
T1 T1
R4 R4
J0 J0
T5 T5
P6 P6
I3 I3
R0 S8 R0
S2 S2
P5 P5
H6 H6
N1 N1
P9 K6 P9
T8 T8
H0 H0
I8 I8
M5 M5
O3 E3 O3
