Qwilfish Drampa Sandile Vullaby Drapion Vullaby Porygon2 Crawdaunt Metang Slurpuff Inkay Vespiquen Shellder Tsareena Scatterbug Crawdaunt Woobat Tsareena Shellos Vullaby Amoonguss Tauros Wailord Plusle Jumpluff Stufful Jumpluff Metapod Noibat Skiddo Skorupi Honedge Seaking Honedge Weepinbell Honedge Skorupi Magnemite Comfey Nincada Whismur Bounsweet Froakie Drampa Qwilfish
33
Qwilfish Qwilfish
Drampa Drampa
Sandile Simisear Sandile
Vullaby Vullaby Volcarona
Drapion Taillow Drapion
Porygon2 Porygon2
Crawdaunt Crawdaunt Weezing
Metang Metang
Slurpuff Slurpuff
Inkay Magmar Meloetta Inkay
Vespiquen Vespiquen
Shellder Shellder
Scatterbug Scatterbug
Woobat Woobat
Shellos Shellos
Amoonguss Amoonguss
Tauros Swadloon Kakuna Gengar Tauros
Wailord Wailord
Plusle Plusle
Jumpluff Steenee Jumpluff
Stufful Conkeldurr Stufful
Metapod Metapod
Noibat Noibat
Skiddo Skiddo
Skorupi Lotad Skorupi Munna
Honedge Honedge
Seaking Bastiodon Treecko Nincada Seaking
Weepinbell Escavalier Weepinbell
Magnemite Magnemite
Comfey Comfey
Whismur Whismur
Bounsweet Bounsweet
Froakie Froakie
