Qwilfish Drampa Gengar Tornadus Noibat Terrakion Metang Crawdaunt Porygon2 Meloetta Sandile Vullaby Jumpluff Xerneas Wailord Plusle Weezing Crawdaunt Scatterbug Taillow Drapion Lotad Amoonguss Crawdaunt Weezing Vespiquen Shellder Tsareena Whismur Stufful Conkeldurr Zekrom Weepinbell Honedge Noibat Skiddo Skorupi Munna Swadloon Magnemite Shellos Nincada Seaking Honedge Kakuna Lumineon Whismur Bounsweet Froakie Drampa Qwilfish
39
Qwilfish Tropius Qwilfish
Drampa Drampa
Gengar Gengar
Tornadus Politoed Tornadus
Noibat Noibat
Terrakion Terrakion
Metang Metapod Steenee Lotad Slurpuff Metang
Crawdaunt Crawdaunt
Porygon2 Porygon2
Meloetta Meloetta
Sandile Dewpider Simisear Sandile
Vullaby Volcarona Vullaby
Jumpluff Jumpluff
Xerneas Xerneas
Wailord Tauros Wailord
Plusle Plusle
Scatterbug Scatterbug
Taillow Taillow
Drapion Drapion
Amoonguss Amoonguss
Weezing Weezing
Vespiquen Wartortle Inkay Vespiquen
Shellder Shellder
Tsareena Paras Tsareena Woobat
Stufful Stufful
Conkeldurr Conkeldurr
Zekrom Zekrom
Weepinbell Escavalier
Skiddo Phanpy Skiddo
Skorupi Skorupi
Munna Munna
Swadloon Swadloon
Magnemite Yungoos Weepinbell Froakie Magnemite
Shellos Magmar
Nincada Comfey Whismur Shellos Slowbro Nincada
Seaking Bastiodon Treecko Honedge Seaking
Kakuna Kakuna
Lumineon Lumineon
Bounsweet Bounsweet
