Myrtle Montgomery Hollywood Brownsville Mobile Lorain Harlingen Kissimmee Nashua Appleton Leominster Moreno Aribel Abilene Hartford GreenBay Merced Huntington Miramar Albuquerque Cary Champaign Brownsville Bradenton Macon Hemet Dallas Albany Lansing Bloomington Medford Houma Cedar Davidson Brownsville Baltimore Collins Cathedral Bridgeport Collins Plen Huntington Muskegon Erie Minneapolis Lexington Kansas Joliet Deltona Alexandria Myrtle
43
Montgomery Montgomery
Hollywood Hollywood
Brownsville Brownsville
Mobile Mobile
Lorain Lorain
Harlingen Harlingen
Kissimmee Kissimmee
Nashua Nashua
Appleton Appleton
Leominster Houma Leominster
Moreno Moreno
Aribel Aribel
Abilene Abilene
Hartford Hartford
GreenBay Corpus GreenBay
Merced Merced
Miramar Chicago Miramar
Albuquerque Albuquerque
Cary Cary
Champaign Champaign
Bradenton Bradenton
Macon Barnstable Macon
Hemet Hemet
Dallas Chandler Dallas
Albany Albany
Lansing Lansing
Bloomington Bloomington
Medford Medford
Cedar Cedar
Davidson Davidson
Baltimore Baltimore
Cathedral Cathedral
Bridgeport Bridgeport
Plen Plen
Huntington Huntington
Muskegon Muskegon
Erie Grays Huntsville Erie
Minneapolis Minneapolis
Lexington Lexington
Kansas Kansas
Joliet Joliet
Deltona Deltona
Alexandria Alexandria
