Monroe Lewisville Allentown Miami Corpus Layton Canton Leominster Mobile Four Boulder Lacey Elizabeth Irving Three Detroit Montgomery Merced Dallas Gainesville Vista Greensboro Hartford Glendale Amarillo Mesquite Huntsville Collins Killeen Baltimore Brownsville Hickory Ten Kennewick Denver Monterey Bradenton Lakeland Hayward Denton Prairie Naples Hampton Modesto Hesperia Viejo Burlington Daytona Anchorage Apple Fayetteville Jacksonville Huntington Elkhart Lancaster Antioch Hagerstown Erie Athens Cleveland Julian Danbury Lafayette Rapids Arlington Bridgeport Abilene Charleston Laredo Seven Kissimmee Collins Akron Collins Carrollton Asheville Chesapeake Manchester Fairfield Danbury Mesa Albany Cambridge Lowell Aberdeen Boise Athens Muskegon Hagerstown Johnson Bethlehem CSprings Monroe
85
Monroe Clarksville Monroe
Lewisville Lewisville
Allentown Allentown
Miami Miami
Corpus Corpus
Layton Layton
Canton Canton
Leominster Leominster
Mobile Mobile
Four Four
Boulder Boulder
Lacey Melbourne Lacey
Elizabeth Elizabeth
Irving Baton Irving
Three Three
Detroit Detroit
Montgomery Montgomery
Merced Merced
Dallas Dallas
Gainesville Gainesville
Vista Vista
Greensboro Greensboro
Hartford Hartford
Glendale Glendale
Amarillo Austin Birmingham Amarillo
Mesquite Mesquite
Huntsville Huntsville
Killeen Killeen
Baltimore Kenosha Baltimore
Brownsville Brownsville
Hickory Hickory
Ten Ten
Kennewick Kennewick
Denver Denver
Monterey Monterey
Bradenton Bradenton
Lakeland Lakeland
Hayward Hayward
Denton Denton
Prairie Prairie
Naples Bedford Naples
Hampton Hampton
Modesto Gilbert Modesto
Hesperia Clarke Hesperia
Viejo Viejo
Burlington Dayton Burlington
Daytona Daytona
Anchorage Anchorage
Apple Apple
Fayetteville Fayetteville
Jacksonville Anaheim Jacksonville
Huntington Huntington
Elkhart Elkhart
Lancaster Havre Lancaster
Antioch Antioch
Hagerstown Hagerstown
Erie Erie
Athens Athens
Cleveland Cleveland
Julian Julian
Lafayette Lafayette
Rapids Davidson Rapids
Arlington Arlington
Bridgeport Bridgeport
Abilene Abilene
Charleston Charleston
Laredo Laredo
Seven Seven
Kissimmee Kissimmee
Akron Akron
Carrollton Carrollton
Asheville Asheville
Chesapeake Chesapeake
Manchester Cary Manchester
Fairfield Fairfield
Mesa Hialeah Mesa
Albany Albany
Cambridge Cambridge
Lowell Lowell
Aberdeen Aberdeen
Boise Boise
Muskegon Muskegon
Johnson Johnson
Bethlehem Bethlehem
CSprings Kailua
