Burlington Honolulu Davenport Merced Denver Rapids Chattanooga Independence Naperville Bridgeport Miramar Clarke Columbus Hampton Cedar Killeen Prairie Cambridge Buffalo Hayward Amarillo Greenville Louisville Burlington
22
Honolulu Honolulu
Davenport Davenport
Merced Merced
Denver Denver
Rapids Rapids
Chattanooga Chattanooga
Independence Independence
Naperville Naperville
Bridgeport Bridgeport
Miramar Miramar
Clarke Clarke
Columbus Columbus
Hampton Myrtle McAllen Hampton
Cedar Cedar
Killeen Killeen
Prairie Prairie
Cambridge Cambridge
Buffalo Buffalo
Hayward Hayward
Amarillo Amarillo
Greenville Greenville
Louisville Chicago Louisville
