DK AZ CR GT BL CD AY BE CE HJ CG EF FW HD CW AT CK ES HF EM GN GG AB EW BI DX AN GZ DL CS BR CX CY DD DF CI EP BW ED BZ DN HB FG BH AU DB DO DT BP DM DE ET CT AM CC HE DZ EN GB EO AK FN FD BC DU FP HI GX EB GY FA FT AO AG EY BF BV FH EA CP BM AV CU AA FB CM EL CA HC DK
88
AZ AZ
CR CR
GT GT
BL BL
CD CD
AY AY
BE BE
CE CE
HJ HJ
CG CG
EF EF
FW FW
HD HD
CW CW
AT AT
CK CK
ES ES
HF HF
EM EM
GN GN
GG GG
AB AB
EW EW
BI BI
DX DX
AN AN
GZ GZ
DL DP DL
CS CS
BR BR
CX CX
CY CY
DD DD
DF DF
CI CI
EP EP
BW BW
ED ED
BZ BZ
DN DN
HB FZ HB
FG FG
BH BH
AU AU
DB DB
DO DO
DT DT
BP BP
DM DM
DE DE
ET ET
CT CT
AM AM
CC EQ CC
HE HE
DZ DZ
EN GV EN
GB GB
EO EO
AK AK
FN FN
FD FD
BC BC
DU DU
FP GR FP
HI HI
GX GX
EB EB
GY GY
FA FA
FT FT
AO AO
AG AG
EY EY
BF BF
BV BV
FH FH
EA EA
CP CP
BM BM
AV AV
CU CU
AA AA
FB FB
CM CM
EL EL
CA CA
HC DI HC
