Soda AnthonyHall BerkeleyArtMuseum CalvinLaboratory CheitHall AlumniHouse CareerCenter DoeMemorialLibrary BlumHall BlackwellHall DonnerLab ChanShunAuditorium EtcheverryHall CNMAT ClarkKerrCampus DavisHall EvansDiamond BarrowLane BarrowsHall Cory BotanicalGarden Campanile BerkeleyWayWest BrainImagingCenter EdwardsStadium BanwayBldg CaliforniaHall ChouHall EastGate BancroftLibrary BoaltHall CyclotronRd CampbellHall DurantHall Soda
33
AnthonyHall AnthonyHall
BerkeleyArtMuseum BerkeleyArtMuseum
CalvinLaboratory CalvinLaboratory
CheitHall CheitHall
AlumniHouse AlumniHouse
CareerCenter Dwinelle VLSB CareerCenter
DoeMemorialLibrary DoeMemorialLibrary
BlumHall BirgeHall BlumHall
BlackwellHall EshlemanHall BlackwellHall
DonnerLab DonnerLab
ChanShunAuditorium ChanShunAuditorium
EtcheverryHall EtcheverryHall
CNMAT CNMAT
ClarkKerrCampus ClarkKerrCampus
DavisHall DavisHall
EvansDiamond EvansDiamond
BarrowLane BarrowLane
BarrowsHall BARTStation BarrowsHall
Cory Cory
BotanicalGarden BotanicalGarden
Campanile Campanile
BerkeleyWayWest BerkeleyWayWest
BrainImagingCenter BrainImagingCenter
EdwardsStadium EdwardsStadium
BanwayBldg BarkerHall BanwayBldg
CaliforniaHall CaliforniaHall
ChouHall ChouHall
EastGate EastGate
BancroftLibrary BancroftLibrary
BoaltHall BoaltHall
CyclotronRd CyclotronRd
CampbellHall EastAsianLibrary CampbellHall
DurantHall DurantHall
