Soda EtcheverryHall WicksonNaturalArea Emeryville SproulPlaza HertzHall Unit1 BancroftLibrary EastGate ChouHall StadiumRimWay HearstMiningCircle Benicia ZellerbachPlayhouse MulfordHall ZellerbachHall IshiCourt FoundersRock MinorHallAddition StHelena KleebergerFieldHouse SatherTower Pittsburg Alameda GiauqueHall Orinda Oakley WestGate Belmont FrankSchlessingerWay Brisbane SternHall WomenFacultyClub BarkerHall PimentelHall CalvinLaboratory HearstGreekTheatre GilmanHall SanPablo HargroveMusicLibrary NorthGateHall DonnerLab LewisHall EvansHall SanRamon Hillsborough Pacifica SanRafael Albany Unit3 Hayward Saratoga Cory Insectary ClearyHall Pinole BlumHall Campanile WursterHall Fairfield WheelerHall KroeberHall WestCircle MartinezCommons Soda
63
EtcheverryHall EtcheverryHall
WicksonNaturalArea WicksonNaturalArea
Emeryville Emeryville
SproulPlaza AnthonyHall SproulPlaza
HertzHall HertzHall
Unit1 Healdsburg Unit1
BancroftLibrary BancroftLibrary
EastGate EastGate
ChouHall ChouHall
StadiumRimWay StadiumRimWay
HearstMiningCircle HearstMiningCircle
Benicia Benicia
ZellerbachPlayhouse ZellerbachPlayhouse
MulfordHall MulfordHall
ZellerbachHall ZellerbachHall
IshiCourt ClarkKerrCampus IshiCourt
FoundersRock FoundersRock
MinorHallAddition MinorHallAddition
StHelena StHelena
KleebergerFieldHouse KleebergerFieldHouse
SatherTower SatherTower
Pittsburg Pittsburg
Alameda Alameda
GiauqueHall GiauqueHall
Orinda Orinda
Oakley Oakley
WestGate WestGate
Belmont Belmont
FrankSchlessingerWay FrankSchlessingerWay
Brisbane Brisbane
SternHall WellmanHall SternHall
WomenFacultyClub WomenFacultyClub
BarkerHall BarkerHall
PimentelHall PimentelHall
CalvinLaboratory CalvinLaboratory
HearstGreekTheatre HearstGreekTheatre
GilmanHall GoldmanField GilmanHall
SanPablo SanPablo
HargroveMusicLibrary HargroveMusicLibrary
NorthGateHall Piedmont NorthGateHall
DonnerLab DonnerLab
LewisHall LewisHall
EvansHall EvansHall
SanRamon SanRamon
Hillsborough Hillsborough
Pacifica LowerSproulPlaza Pacifica
SanRafael SanRafael
Albany Albany
Unit3 Unit3
Hayward Hayward
Saratoga Saratoga
Cory Cory
Insectary Insectary
ClearyHall ClearyHall
Pinole Pinole
BlumHall BlumHall
Campanile Campanile
WursterHall WursterHall
Fairfield Fairfield
WheelerHall WheelerHall
KroeberHall KroeberHall
WestCircle WestCircle
MartinezCommons MartinezCommons
