McLaughlinHall MoffittLibrary RedwoodGroveBotanica SamsPad KroeberHall EtcheverryHall WarrenHall HertzHall BancroftParkingStruc ResidentialStudentSe PublicAffairsOfficeo Library GrinnellNaturalArea FacultyGlade ZellerbachHall MagnesCollectionofJe WitterRugbyField SpiekerAquaticsCompl GiauqueHall EshlemanHall Unit3ResidentHall WomensFacultyClub InsectaryGreenhouse AnnaHeadAlumnaeHall Romeos GianniniHall StrawberryCanyonRecr UCBerkeleyExtension CNMAT1750ArchSt CampusSharedServices StephensHall GoldmanSchool LevineFrickeSoftball JonesChildStudyCente LegendsAquaticCenter SimpsonCenterforStud BerkeleyArtMuseumand SeniorHall EastAsianStudiesInst EvansDiamond EnergyBiosciencesBui HasteStreetChildDeve MathematicalSciences CareerCenter McLaughlinHall
44
McLaughlinHall BotanicalGarden VisitorCenter RecreationalSportsFa DurantHall McLaughlinHall
MoffittLibrary MoffittLibrary
RedwoodGroveBotanica RedwoodGroveBotanica
SamsPad SamsPad
KroeberHall KroeberHall
EtcheverryHall EtcheverryHall
WarrenHall WarrenHall
HertzHall HertzHall
BancroftParkingStruc BancroftParkingStruc
ResidentialStudentSe ResidentialStudentSe
PublicAffairsOfficeo PublicAffairsOfficeo
Library Library
GrinnellNaturalArea GrinnellNaturalArea
FacultyGlade FacultyGlade
ZellerbachHall ZellerbachHall
MagnesCollectionofJe MagnesCollectionofJe
WitterRugbyField WitterRugbyField
SpiekerAquaticsCompl SpiekerAquaticsCompl
GiauqueHall GiauqueHall
EshlemanHall EshlemanHall
Unit3ResidentHall Unit3ResidentHall
WomensFacultyClub WomensFacultyClub
InsectaryGreenhouse InsectaryGreenhouse
AnnaHeadAlumnaeHall AnnaHeadAlumnaeHall
Romeos Romeos
GianniniHall GianniniHall
StrawberryCanyonRecr StrawberryCanyonRecr
UCBerkeleyExtension UCBerkeleyExtension
CNMAT1750ArchSt CNMAT1750ArchSt
CampusSharedServices CampusSharedServices
StephensHall StephensHall
GoldmanSchool GoldmanSchool
LevineFrickeSoftball LevineFrickeSoftball
JonesChildStudyCente JonesChildStudyCente
LegendsAquaticCenter LegendsAquaticCenter
SimpsonCenterforStud SimpsonCenterforStud
BerkeleyArtMuseumand BerkeleyArtMuseumand
SeniorHall SeniorHall
EastAsianStudiesInst EastAsianStudiesInst
EvansDiamond EvansDiamond
EnergyBiosciencesBui EnergyBiosciencesBui
HasteStreetChildDeve HasteStreetChildDeve
MathematicalSciences MathematicalSciences
CareerCenter CareerCenter
