LegendsAquaticCenter DurantHall GolbousPlace ValleyLifeSciencesBu MemorialGlade LeConteHall GoldmanField EllsworthParkingStru LawSchool SatherTower InvestigativeReporti NorthField SoutheastAsianStudie StarrEastAsianLibrar SodaHall NorthGateHall LewisHall EucalyptusGrove LegendsAquaticCenter
18
DurantHall DurantHall
GolbousPlace GolbousPlace
ValleyLifeSciencesBu ValleyLifeSciencesBu
MemorialGlade MemorialGlade
LeConteHall LeConteHall
GoldmanField GoldmanField
EllsworthParkingStru EllsworthParkingStru
LawSchool LawSchool
SatherTower SatherTower
InvestigativeReporti InvestigativeReporti
NorthField NorthField
SoutheastAsianStudie SoutheastAsianStudie
StarrEastAsianLibrar StarrEastAsianLibrar
SodaHall SodaHall
NorthGateHall NorthGateHall
LewisHall LewisHall
EucalyptusGrove EucalyptusGrove
LegendsAquaticCenter CITRIS LevineFrickeSoftball LegendsAquaticCenter
