BerkeleyArtMuseumand LawSchool BancroftLibrary ArchitectsEngineersA CareerCenter HaasSchoolofBusiness EvansDiamond Demography PublicAffairsOfficeo ObservatoryHill KoretVisitorCenter MartinezCommons EdwardsTrackStadiumG SimonHall FoxCottage2350Bowdit LowerHearstParkingSt InternationalHouse Unit1ResidentHall EastAsianStudiesInst WellmanHall AHammock BanwayBuilding MaxwellFamilyFieldan ZellerbachHall CaliforniaHall ManvilleHall BowlesHall ClarkKerrCampus EnergyBiosciencesBui UpperHearstParkingSt GolbousPlace LatinAmericanStudies KoshlandHall SutardjaDaiHall UniversityHealthServ FacultyGlade CoryHall StanleyHall GraduateTheologicalU LeConteHall HenryHWheelerBrainIm InvestigativeReporti CesarEChavezStudentC LawrenceBerkeleyNati MariesHouse LiKaShingCenter BarrowsHall AnthonyHall WarrenHall ChancellorsEsplanade MulfordHall FallProgramforFreshm SpiekerAquaticsCompl LawrenceHallofScienc UniversityHouse IRLE Library HavilandHall MorrisonHall AcademicInnovationSt InsectaryGreenhouse SimpsonCenterforStud BancroftDanceStudio AlumniHouse NorthField PacificFilmArchiveBe EvansHall MosesHall EllsworthParkingStru MathematicalSciences GoldmanField HearstMemorialMining FacultyClub NaturalResourcesLabo MagnesCollectionofJe GianniniHall CheitHall Sebastians McLaughlinHall McConeHall BerkeleyArtMuseumand
80
BerkeleyArtMuseumand LegendsAquaticCenter SatherTower BerkeleyArtMuseumand
LawSchool LawSchool
BancroftLibrary BancroftLibrary
ArchitectsEngineersA ArchitectsEngineersA
CareerCenter CareerCenter
HaasSchoolofBusiness HaasSchoolofBusiness
EvansDiamond EvansDiamond
Demography Demography
PublicAffairsOfficeo PublicAffairsOfficeo
ObservatoryHill ObservatoryHill
KoretVisitorCenter KoretVisitorCenter
MartinezCommons MartinezCommons
EdwardsTrackStadiumG EdwardsTrackStadiumG
SimonHall SimonHall
FoxCottage2350Bowdit FoxCottage2350Bowdit
LowerHearstParkingSt LowerHearstParkingSt
InternationalHouse InternationalHouse
Unit1ResidentHall Unit1ResidentHall
EastAsianStudiesInst EastAsianStudiesInst
WellmanHall WellmanHall
AHammock AHammock
BanwayBuilding BanwayBuilding
MaxwellFamilyFieldan MaxwellFamilyFieldan
ZellerbachHall ZellerbachHall
CaliforniaHall CaliforniaHall
ManvilleHall ManvilleHall
BowlesHall BowlesHall
ClarkKerrCampus ClarkKerrCampus
EnergyBiosciencesBui EnergyBiosciencesBui
UpperHearstParkingSt UpperHearstParkingSt
GolbousPlace GolbousPlace
LatinAmericanStudies LatinAmericanStudies
KoshlandHall KoshlandHall
SutardjaDaiHall SutardjaDaiHall
UniversityHealthServ UniversityHealthServ
FacultyGlade FacultyGlade
CoryHall CoryHall
StanleyHall StanleyHall
GraduateTheologicalU GraduateTheologicalU
LeConteHall LeConteHall
HenryHWheelerBrainIm HenryHWheelerBrainIm
InvestigativeReporti InvestigativeReporti
CesarEChavezStudentC CesarEChavezStudentC
LawrenceBerkeleyNati LawrenceBerkeleyNati
MariesHouse MariesHouse
LiKaShingCenter LiKaShingCenter
BarrowsHall BarrowsHall
AnthonyHall AnthonyHall
WarrenHall WarrenHall
ChancellorsEsplanade ChancellorsEsplanade
MulfordHall MulfordHall
FallProgramforFreshm FallProgramforFreshm
SpiekerAquaticsCompl SpiekerAquaticsCompl
LawrenceHallofScienc LawrenceHallofScienc
UniversityHouse UniversityHouse
IRLE IRLE
Library Library
HavilandHall HavilandHall
MorrisonHall MorrisonHall
AcademicInnovationSt AcademicInnovationSt
InsectaryGreenhouse InsectaryGreenhouse
SimpsonCenterforStud SimpsonCenterforStud
BancroftDanceStudio BancroftDanceStudio
AlumniHouse AlumniHouse
NorthField NorthField
PacificFilmArchiveBe PacificFilmArchiveBe
EvansHall EvansHall
MosesHall MosesHall
EllsworthParkingStru EllsworthParkingStru
MathematicalSciences MathematicalSciences
GoldmanField GoldmanField
HearstMemorialMining HearstMemorialMining
FacultyClub FacultyClub
NaturalResourcesLabo NaturalResourcesLabo
MagnesCollectionofJe MagnesCollectionofJe
GianniniHall GianniniHall
CheitHall CheitHall
Sebastians Sebastians
McLaughlinHall McLaughlinHall
McConeHall McConeHall
