a ey dm t df ak ar aj gp fh gl ep bm bf al dn y cd eu dx j ea et fu ga b du k cl e cq de ag cp aa ah ab ct ae u dg h bz bb o cb az ci bd bi bl by br bv bc an ch ap m ck aw cs w cv gb gh em c er dq cu p eg l eq gn ex ed gm ev fz fr fd fy ew fa fs a
87
a a
ey ey
dm dm
t t
df df
ak ak
ar ar
aj aj
gp fg en gp
fh fh
gl gl
ep ep
bm bm
bf bf
al al
dn dn
y y
cd cd
eu eu
dx dx
j j
ea ea
et et
fu fu
ga ga
b ff fn dj fv b
du du
k k
cl cl
e dv e
cq cq
de de
ag ag
cp cp
aa aa
ah ah
ab ab
ct ct
ae ae
u u
dg dg
h h
bz bz
bb bb
o o
cb cb
az az
ci ci
bd bd
bi bi
bl bl
by by
br br
bv bv
bc bc
an an
ch ch
ap ap
m m
ck ck
aw aw
cs cs
w fb w
cv cv
gb gb
gh gh
em em
c ec do ee dt c
er er
dq dq
cu cu
p p
eg eg
l l
eq eq
gn gn
ex ex
ed ed
gm fl gm
ev ev
fz fz
fr fr
fd fd
fy fy
ew ew
fa fa
fs fs
