Pantheon Ahri ArcWarden Spectre Jhin Skarner Bard CrystalMaiden KogMaw Disruptor Anivia Tailyah Maokai Bristleback Tailyah Magnus Morgana MasterYi Draven SpiritBreaker MasterYi Nunu Ezreal Jayce Shyvana Ashe Rumble ChaosKnight Ziggs Akali Heimerdinger Tiny Malphite CentaurWarrunner Galio Phoenix Jax WraithKing Talon TrollWarlord NightStalker Jinx BountyHunter Kled Lux LoneDruid Pantheon
43
Ahri Slark Ahri
ArcWarden ArcWarden
Spectre Spectre
Jhin Jhin
Skarner Skarner
Bard Bard
CrystalMaiden CrystalMaiden
KogMaw KogMaw
Disruptor Disruptor
Anivia Anivia
Maokai Maokai
Bristleback Bristleback
Tailyah Tailyah
Magnus Magnus
Morgana Morgana
Draven Draven
SpiritBreaker SpiritBreaker
MasterYi MasterYi
Nunu Nunu
Ezreal Ezreal
Jayce Jayce
Shyvana Shyvana
Ashe Ashe
Rumble Rumble
ChaosKnight Xerath Lich ChaosKnight
Ziggs Ziggs
Akali Akali
Heimerdinger Heimerdinger
Tiny Tiny
Malphite Malphite
CentaurWarrunner CentaurWarrunner
Galio Galio
Phoenix Phoenix
Jax Lucian Jax
WraithKing WraithKing
Talon Talon
TrollWarlord TrollWarlord
NightStalker NightStalker
Jinx Jinx
BountyHunter BountyHunter
Kled Kled
Lux Lux
LoneDruid Oracle LoneDruid
