Fizz Bane Rumble Zed Orianna Nunu Syndra Beastmaster FacelessVoid Thresh Ekko Jayce Weaver Amumu StormSpirit CentaurWarrunner ShadowDemon Rubick Kennen Nidalee Katarina DeathProphet Pantheon Sven Timbersaw Gragas Slark Terrorblade Talon Tiny Xayah Yorick Vi Kayn Irelia Ryze Trundle Leona Vladimir Magnus LeBlanc ShadowFiend Kled Huskar Warlock Oracle Sniper Annie Heimerdinger Azir Janna JarvanIV LoneDruid Medusa BountyHunter Fiddlesticks Ziggs Morphling WinterWyvern Omniknight VelKoz ShadowShaman NightStalker Quinn Singed Kassadin KhaZix Mirana Brewmaster Cassiopeia Lucian Chen SpiritBreaker Puck Tristana TahmKench Zilean Techies Viktor Nasus Undying Fizz
81
Fizz Fizz
Bane Visage Bane
Rumble Rumble
Zed Zed
Orianna Orianna
Nunu Jinx Nunu
Syndra Syndra
Beastmaster Beastmaster
FacelessVoid FacelessVoid
Thresh Thresh
Ekko Ekko
Jayce Karma Sona Jayce
Weaver Weaver
Amumu Amumu
StormSpirit StormSpirit
CentaurWarrunner CentaurWarrunner
ShadowDemon ShadowDemon
Rubick Rubick
Kennen Kennen
Nidalee Nidalee
Katarina Katarina
DeathProphet DeathProphet
Pantheon Pantheon
Sven Slardar Sven
Timbersaw Timbersaw
Gragas Gragas
Slark Slark
Terrorblade Terrorblade
Talon Talon
Tiny Tiny
Xayah Xayah
Yorick Yorick
Vi Vi
Kayn TrollWarlord Kayn
Irelia Irelia
Ryze Ryze
Trundle Trundle
Leona Rengar Leona
Vladimir Vladimir
Magnus Magnus
LeBlanc LeBlanc
ShadowFiend ShadowFiend
Kled Kled
Huskar Huskar
Warlock Warlock
Oracle Oracle
Sniper Sniper
Annie Annie
Heimerdinger Heimerdinger
Azir Azir
Janna Janna
JarvanIV JarvanIV
LoneDruid LoneDruid
Medusa Medusa
BountyHunter Venomancer BountyHunter
Fiddlesticks Fiddlesticks
Ziggs Ziggs
Morphling Morphling
WinterWyvern WinterWyvern
Omniknight Omniknight
VelKoz VelKoz
ShadowShaman ShadowShaman
NightStalker NightStalker
Quinn Quinn
Singed Singed
Kassadin Kassadin
KhaZix KhaZix
Mirana Mirana
Brewmaster Brewmaster
Cassiopeia Cassiopeia
Lucian Lucian
Chen Chen
SpiritBreaker SpiritBreaker
Puck Puck
Tristana Tristana
TahmKench TahmKench
Zilean Zilean
Techies Techies
Viktor Viktor
Nasus Nasus
Undying Undying
