0 2 3 4 5 4 3 2 0 7 8 74 66 62 58 56 52 55 54 55 52 56 58 62 66 74 8 10 11 71 68 64 68 71 11 10 26 28 12 73 69 65 69 73 12 28 27 28 29 34 38 75 95 96 97 96 95 75 38 34 29 35 39 37 84 87 82 87 84 37 39 35 29 30 32 31 14 15 16 99 78 76 40 31 14 17 18 19 18 17 14 47 45 42 45 47 48 49 50 93 89 94 88 80 43 91 43 44 90 92 49 48 47 14 31 30 33 41 81 41 33 30 28 26 10 72 67 63 59 57 59 63 67 72 10 9 24 9 7 0
79
0 22 1 21 0
3 3
4 4
5 6 5
2 2
74 74
66 66
62 62
58 58
56 56
52 52
55 55
54 53 54
8 8
10 10
11 11
71 71
68 68
64 60 64
26 26
28 28
12 12
73 73
69 69
65 70 61 65
27 77 27
29 29
34 34
38 38
75 75
95 95
96 96
97 98 97
35 35
39 39
37 37
84 84
87 87
82 83 82
30 30
32 32
31 31
14 13 14
15 15
16 16
99 85 99
78 78
76 76
40 40
18 18
19 20 19
17 17
45 45
42 86 42
48 48
49 49
50 50
93 93
89 89
94 94
88 88
80 80
43 43
91 91 46
44 44
90 90
92 92
47 47
33 36 33
41 41
81 79 81
72 72
67 67
63 63
59 59
57 51 57
24 23 24
9 9
7 7 25
