6 1 4 0 7 2 6 11 15 13 14 16 19 10 18 11 24 20 23 26 24 30 38 30 42 40 48 44 42 55 51 55 67 60 65 63 62 67 73 74 77 75 79 72 78 73 80 81 80 96 90 95 97 98 94 96 103 105 101 102 107 109 106 105 103 111 114 112 115 111 124 128 120 125 124 133 139 134 130 137 138 132 133 143 146 147 149 148 143 158 150 158 168 166 167 163 168 172 170 176 172 189 180 186 184 181 187 180 189 199 196 191 190 194 197 198 199 6
75
1 1
4 4
0 8 0
7 7
15 15
14 14
19 19
10 10
18 18
20 21 20
23 23
26 26
30 31
38 39 36 38
40 41 40
48 46 48
51 59 50 51
55 57
67 69
60 60
65 65
63 63
62 62
74 74
77 77
75 75
79 79
78 78
81 87 81
80 85 88
90 90
95 95
97 97
98 98
105 105
101 101
107 107
109 109
106 106
111 113
114 114
112 112
115 118 115
124 126
128 129 128
120 120
125 125
139 139
134 134
130 130
137 137
132 132
146 146
147 144 145
149 149
148 148
158 152
150 157 153 150
168 164
166 166
167 167
163 163
170 179 178 170
176 176
172 177
186 186
184 182
181 181
187 187
180 185
196 196
191 191
190 190
194 194
198 198
