L16 L135 L99 L129 L9 L104 L126 L84 L8 L116 L101 L116 L8 L84 L114 L79 L12 L28 L148 L91 L43 L52 L67 L55 L100 L140 L62 L82 L153 L22 L7 L22 L94 L147 L13 L76 L38 L134 L74 L11 L107 L35 L88 L77 L109 L21 L94 L131 L141 L110 L53 L65 L5 L130 L1 L152 L95 L19 L124 L63 L103 L20 L146 L47 L133 L144 L119 L90 L40 L143 L4 L149 L138 L37 L87 L150 L145 L128 L0 L113 L16
69
L16 L29 L16
L99 L99
L129 L129
L9 L9
L104 L104
L126 L126
L84 L84 L56
L8 L8
L101 L101 L93
L116 L2
L114 L114
L79 L79
L12 L12
L28 L28
L91 L91
L43 L43
L52 L52
L67 L67
L100 L100
L140 L140
L62 L62
L82 L82
L153 L153
L22 L22
L7 L24 L7
L94 L94 L85 L78
L147 L147
L13 L139 L89
L76 L76
L38 L38
L134 L125 L134
L74 L74
L11 L11
L107 L107
L35 L106 L35
L77 L70 L77
L109 L109
L21 L21
L131 L131
L141 L141
L110 L110
L53 L53
L65 L65
L5 L18 L5
L130 L130
L1 L1
L152 L152
L95 L95
L124 L124
L63 L61 L27 L63
L103 L103
L20 L20
L146 L146
L47 L47
L133 L68 L133
L144 L144
L119 L119 L75 L72 L80
L90 L92 L90
L40 L40
L143 L143
L4 L4
L149 L149
L138 L138
L37 L142
L87 L87
L150 L151 L150
L145 L145
L128 L128
L113 L83
