5 0 1 2 3 4 5 11 8 9 10 6 11 17 12 13 14 15 16 17 23 18 22 21 20 23 29 24 25 26 27 28 29 35 33 32 31 30 34 35 41 36 37 38 39 40 41 47 43 42 46 45 44 47 53 51 50 49 48 53 59 54 55 56 57 58 59 65 60 64 63 62 61 65 71 69 70 66 67 71 77 72 73 74 75 77 83 78 79 80 81 83 89 84 88 87 86 89 95 90 94 93 92 91 95 101 97 98 99 100 101 107 105 104 103 102 107 113 119 125 131 137 143 149 155 161 167 173 179 5
81
0 0
1 1
2 2
3 3
4 4
8 7 8
9 9
10 10
6 6
12 12
13 13
14 14
15 15
16 16
18 19 18
22 22
21 21
20 20
24 24
25 25
26 26
27 27
28 28
33 33
32 32
31 31
30 30
34 34
36 36
37 37
38 38
39 39
40 40
43 43
42 42
46 46
45 45
44 44
51 51
50 50
49 49
48 48 52
54 54
55 55
56 56
57 57
58 58
60 60
64 64
63 63
62 62
61 61
69 68 69
70 70
66 66
67 67
72 72
73 73
74 74
75 75 76
78 78
79 79
80 80
81 81 82
84 85 84
88 88
87 87
86 86
90 90
94 94
93 93
92 92
91 91
97 96 97
98 98
99 99
100 100
105 105
104 104
103 103
102 102 106
