0 4 0 108 105 110 109 24 19 18 11 8 9 133 131 132 128 135 142 148 143 137 6 10 13 10 26 27 33 31 23 28 36 39 34 40 44 49 55 61 76 77 73 68 64 56 138 18 75 82 80 119 123 125 120 122 127 15 22 89 81 86 78 84 33 32 28 60 65 67 62 70 65 25 28 29 30 49 47 43 42 45 51 43 104 97 89 94 93 98 96 101 93 95 103 111 117 113 114 120 145 0
86
0 0
4 12 4
108 108
105 105
110 110
109 109
24 24
19 19
18 18
11 11
8 5 8
9 9
133 133
131 131
132 132
128 128
135 135
142 142
148 148
143 143
137 137
10 10
13 13
26 26
27 27
33 33
31 31
23 141 16 23
36 36
39 39
34 34
40 40
44 44
49 49
55 55
76 7 76
77 77
73 73
68 68
64 64
56 56
138 138
75 69 75
82 82
80 80
119 119
123 123
125 125
120 120
122 122
127 127
15 15
22 22
81 81
86 86
78 85 78
84 83 84
32 32
60 60
65 66 65
67 67
62 146 62
70 70
25 25
28 28
29 29
30 30
47 47
43 35 43
42 42
45 45
51 53 51
104 104
97 97
89 89
94 94
93 93 134
98 98
96 96
101 101
95 95
111 111
117 117
113 113
114 118 114
145 145
