1 170 190 140 11 3 60 180 40 159 34 165 6 161 97 9 131 87 127 70 197 119 20 132 42 129 7 195 67 36 78 100 53 143 65 176 116 64 112 21 95 160 108 121 149 117 16 184 59 182 99 91 29 155 27 164 153 81 183 14 68 25 94 32 191 151 92 28 13 178 52 122 192 12 142 123 44 147 57 120 152 172 186 79 114 118 76 148 137 97 126 1
87
170 170
190 190
140 140
11 11
3 3
60 60
180 180
40 40
159 159
34 34
165 165
6 6
161 161
97 97
9 89 35 9
131 131
87 87
127 17 127
70 70
197 197
119 119
20 2 20
132 132
42 42
129 129
7 7
67 67 188
36 36
78 78
100 100
53 53
143 143
65 65
176 176
116 116
64 64
112 112
21 21
95 95
160 160
108 108
121 121
149 149
117 117
16 16
184 184
59 59
182 182
99 99
91 139 91 167
29 29
155 155
27 27
164 164
153 153
81 81
183 183
14 45 14
68 181 68
25 25
94 94
32 77 32
191 191
151 151
92 163 92
28 28
13 13
178 178
52 52
122 122
192 192
12 12
142 142
123 74 123
44 44
147 147
57 57
120 120
172 172
186 186
79 79
114 114
118 118
76 76 93
148 148
137 137
126 126
