187 68 7 110 2 36 8 20 172 78 166 173 30 3 72 136 12 161 191 13 190 169 6 111 1 90 1 108 132 93 41 146 69 39 160 165 1 154 97 54 89 6 134 44 180 117 140 58 157 83 33 1 53 1 176 65 183 175 142 128 124 133 131 109 4 181 71 148 1 15 82 127 11 92 184 2 150 12 171 0 114 79 163 4 152 6 52 23 119 1 87 1 162 1 32 45 70 199 5 63 48 0 94 86 13 59 5 42 9 120 153 17 156 47 67 196 12 187
87
68 68
7 7
110 110
36 36
8 8
172 172
78 164 78
166 166
173 173
30 2 30
72 72
136 136
161 107 161
191 191
190 190
169 169
6 12 6
111 111
90 90
108 108
132 132
93 93
41 41
146 146
69 69
39 39
160 160
165 165
154 154
97 97
54 55 54
89 80 89
134 134
44 44
180 180
117 73 117
140 140
58 126 95 58
157 157
83 83
33 33
53 53
176 176
65 65
183 183
175 175
142 142
128 9 128
124 23 124
133 133
131 131
109 109
181 181
71 71
148 148
15 15
82 82
127 127
92 92
184 184
150 150
171 171
114 114
79 79
163 163
152 152
52 52
119 119
87 87
162 162
32 32
45 45
70 70
199 199
63 63
48 48
94 94
86 86
13 13
59 59
42 42
120 120
153 29 153
156 156
47 47
67 18 67
196 196
