location1 location38 location17 location10 location6 location89 location75 location21 location36 location19 location2 location54 location66 location71 location29 location51 location42 location44 location23 location59 location52 location46 location45 location58 location30 location57 location35 location43 location78 location77 location79 location80 location95 location74 location91 location48 location99 location56 location49 location90 location1
40
location1 location31
location38 location38
location17 location17
location10 location10
location6 location6
location89 location89
location75 location9 location75
location21 location21
location36 location36
location19 location19
location2 location2
location54 location53 location54
location66 location66
location71 location71
location29 location8 location29
location51 location51
location42 location42
location44 location44
location23 location47 location23
location59 location59
location52 location52
location46 location46
location45 location45
location58 location58
location30 location30
location57 location57
location35 location35
location43 location83 location43
location78 location78
location77 location72 location40 location3 location77
location79 location79
location80 location80
location95 location95
location74 location74
location91 location32 location91
location48 location48
location99 location99
location56 location94 location56
location49 location49
location90 location90
