location1 location20 location169 location127 location154 location165 location116 location10 location69 location49 location140 location16 location107 location190 location92 location57 location17 location175 location32 location96 location95 location195 location196 location94 location130 location159 location129 location40 location46 location91 location68 location161 location146 location139 location97 location184 location157 location44 location12 location128 location74 location181 location172 location37 location100 location136 location105 location180 location106 location188 location93 location179 location158 location118 location182 location110 location143 location90 location178 location27 location1
59
location20 location133 location56 location26 location20
location169 location169
location127 location127
location154 location154
location165 location165
location116 location116
location10 location10
location69 location69
location49 location3 location49
location140 location140
location16 location197 location13 location16
location107 location107
location190 location190
location92 location92
location57 location57
location17 location152 location17
location175 location175
location32 location87 location32
location96 location85 location96
location95 location150 location2 location95
location195 location195
location196 location196
location94 location22 location94
location130 location130
location159 location159
location129 location129
location40 location40
location46 location123 location46
location91 location91
location68 location68
location161 location35 location161
location146 location146
location139 location75 location139
location97 location97
location184 location82 location199 location114 location184
location157 location149 location6 location157
location44 location5 location44
location12 location111 location12
location128 location25 location128
location74 location74
location181 location58 location181
location172 location172
location37 location177 location65 location164 location37
location100 location193 location185 location33 location100
location136 location30 location109 location11 location136
location105 location105
location180 location180
location106 location59 location106
location188 location188
location93 location93
location179 location179
location158 location28 location158
location118 location148 location43 location118
location182 location182
location110 location142 location110
location143 location186 location171 location143
location90 location90
location178 location178
location27 location108 location27
