0 18 85 100 52 78 25 29 37 19 22 49 98 12 42 4 88 89 47 9 41 30 87 71 44 66 1 74 27 45 64 93 2 15 11 86 81 10 28 60 67 32 176 76 35 38 20 19 59 57 51 69 92 70 91 58 24 73 84 68 14 72 6 63 135 94 26 3 83 31 16 48 46 5 95 62 13 17 33 36 61 53 54 77 56 79 34 97 8 82 40 96 75 65 50 0
92
18 18
85 85
100 100
52 52
78 78
25 21 25
29 29
37 37
19 19
22 22
49 49
98 98
12 12 80
42 42
4 4
88 88
89 89
47 47
9 9
41 41
30 30
87 87
71 71
44 44
66 66
1 1
74 74
27 27
45 45
64 64
93 93
2 2
15 15
11 11
86 86
81 81
10 10
28 28
60 90 60
67 67
32 32
76 76
35 35
38 39 38
20 20
59 59
57 57
51 51
69 69
92 92
70 70
91 91
58 58
24 24
73 73
84 84
68 68
14 14
72 72
6 6
63 63
135 23 43
94 94
26 26
3 3
83 83
31 31
16 16
48 48
46 46
5 5
95 95
62 62
13 13
17 17
33 33
36 36
61 61
53 53
54 7 54
77 77
56 56
79 79
34 99 34
97 97
8 8
82 82
40 40
96 96
75 55 75
65 65
50 50
