0 7 39 155 161 139 23 45 37 25 123 147 81 85 89 63 5 113 159 97 115 47 131 105 179 135 93 127 175 117 99 151 21 107 31 141 27 91 137 33 177 43 119 15 187 197 71 75 195 101 59 49 13 191 29 79 181 17 11 55 103 111 65 95 51 83 183 69 109 153 145 67 133 125 35 173 53 199 165 129 1 149 189 9 77 157 121 193 87 19 185 61 143 41 167 57 171 73 3 169 163 0
100
7 7
39 39
155 155
161 161
139 139
23 23
45 45
37 37
25 25
123 123
147 147
81 81
85 85
89 89
63 63
5 5
113 113
159 159
97 97
115 115
47 47
131 131
105 105
179 179
135 135
93 93
127 127
175 175
117 117
99 99
151 151
21 21
107 107
31 31
141 141
27 27
91 91
137 137
33 33
177 177
43 43
119 119
15 15
187 187
197 197
71 71
75 75
195 195
101 101
59 59
49 49
13 13
191 191
29 29
79 79
181 181
17 17
11 11
55 55
103 103
111 111
65 65
95 95
51 51
83 83
183 183
69 69
109 109
153 153
145 145
67 67
133 133
125 125
35 35
173 173
53 53
199 199
165 165
129 129
1 1
149 149
189 189
9 9
77 77
157 157
121 121
193 193
87 87
19 19
185 185
61 61
143 143
41 41
167 167
57 57
171 171
73 73
3 3
169 169
163 163
