0 17 51 3 8 143 125 160 129 22 86 52 133 119 69 21 182 24 142 126 105 174 3 39 78 179 46 136 77 62 113 197 80 23 183 191 13 195 60 45 58 31 33 18 93 19 32 38 1 96 159 16 51 131 50 157 9 18 163 3 178 192 2 4 109 12 19 180 194 185 74 156 39 177 49 68 94 190 115 9 189 15 188 193 198 1 158 0
71
0 0
17 17
51 51
3 3
8 116 103 8
143 143
125 125
160 160
129 129
86 86
52 52
133 133
119 119
69 69
21 21
182 182
24 70 24
142 142
126 126
105 105
174 174
39 39
78 78
179 179
46 46
136 136
77 77
62 62
197 197
80 80
183 184 43 183
191 191
195 195
60 60
58 58
31 31
33 33
18 18
93 93
19 19
32 35 32
38 38
96 96
159 159
16 16
131 131
50 50
157 157
9 9
163 163
178 178
192 192
2 2
4 4
109 109
12 12
180 199 180
194 194
185 185
74 29 74
156 156
177 177
68 68
94 94
190 190
115 115
189 189
188 170 188
193 193
198 198
158 158
