190 75 166 56 45 153 5 172 5 153 68 25 117 89 100 179 64 55 64 65 38 145 52 103 168 23 186 57 169 176 84 192 69 108 54 163 93 165 67 33 58 83 58 114 92 132 152 24 189 111 67 147 133 156 1 142 43 95 162 108 118 181 102 109 66 71 182 2 99 2 182 113 182 20 40 90 193 139 115 177 173 81 76 49 185 112 85 98 46 62 155 190
71
166 166
56 56
45 45
153 153
5 5
172 47 172
68 10 68
25 104 22
117 30 117
100 100
179 11 179
55 34 55 36
64 44
65 65
38 38
145 137 121
52 138 61 52
103 141 103
168 168
23 23
186 186
57 57
169 169
176 21 176
84 84
192 192
69 69
108 3 108
54 50 32 54
163 163
93 164 93
165 136 165
67 8 67
33 33
83 129 83
114 114
92 106 92
132 132
152 152
24 116
189 189
111 111
147 27
133 133
156 156
1 1
142 142
95 95
162 162
118 118
181 181
102 29 198 102
109 109
66 66
71 195 71
182 182
2 2
99 188 99
113 94 123 113
40 40
193 146 193
139 139
177 101 177
173 173
76 60 76
185 185
112 112
85 149
46 46
62 62
190 135
