Loc1 Loc12 Loc126 Loc131 Loc144 Loc31 Loc112 Loc29 Loc128 Loc29 Loc180 Loc45 Loc161 Loc117 Loc73 Loc5 Loc165 Loc176 Loc143 Loc130 Loc102 Loc114 Loc166 Loc178 Loc199 Loc68 Loc82 Loc154 Loc146 Loc98 Loc26 Loc55 Loc164 Loc119 Loc8 Loc198 Loc188 Loc145 Loc33 Loc137 Loc113 Loc160 Loc183 Loc110 Loc50 Loc18 Loc135 Loc36 Loc150 Loc72 Loc91 Loc129 Loc19 Loc88 Loc83 Loc60 Loc183 Loc92 Loc63 Loc69 Loc51 Loc92 Loc194 Loc184 Loc29 Loc153 Loc172 Loc157 Loc59 Loc46 Loc187 Loc6 Loc39 Loc89 Loc164 Loc127 Loc104 Loc122 Loc4 Loc38 Loc167 Loc184 Loc171 Loc152 Loc127 Loc16 Loc175 Loc148 Loc111 Loc196 Loc3 Loc64 Loc61 Loc97 Loc1
77
Loc1 Loc1
Loc12 Loc12
Loc126 Loc126
Loc131 Loc62 Loc131
Loc144 Loc144
Loc31 Loc192 Loc76 Loc31
Loc112 Loc112
Loc29 Loc132 Loc29
Loc128 Loc85 Loc128
Loc180 Loc180
Loc45 Loc45
Loc161 Loc161
Loc117 Loc117
Loc73 Loc73
Loc5 Loc5
Loc165 Loc37 Loc121
Loc130 Loc130
Loc102 Loc102
Loc114 Loc114
Loc166 Loc166 Loc156
Loc178 Loc66 Loc178
Loc199 Loc58 Loc199
Loc68 Loc68
Loc82 Loc82
Loc154 Loc154
Loc98 Loc98
Loc26 Loc26 Loc99
Loc55 Loc55
Loc164 Loc164 Loc123 Loc155
Loc119 Loc119
Loc8 Loc8
Loc198 Loc198
Loc188 Loc188
Loc145 Loc145
Loc33 Loc33
Loc113 Loc113
Loc160 Loc160
Loc183 Loc183
Loc110 Loc110
Loc50 Loc50
Loc18 Loc18
Loc135 Loc135
Loc36 Loc36 Loc13
Loc150 Loc44 Loc150
Loc72 Loc72
Loc91 Loc91
Loc19 Loc19
Loc83 Loc83
Loc60 Loc60 Loc186
Loc92 Loc92 Loc106
Loc63 Loc63
Loc69 Loc69
Loc51 Loc177 Loc51
Loc194 Loc70 Loc194
Loc153 Loc153
Loc172 Loc172 Loc15
Loc157 Loc87 Loc157
Loc59 Loc59
Loc187 Loc187
Loc6 Loc6 Loc115
Loc39 Loc39
Loc89 Loc89
Loc127 Loc28 Loc127
Loc104 Loc104
Loc122 Loc122
Loc4 Loc4
Loc38 Loc38
Loc167 Loc167
Loc171 Loc171
Loc152 Loc152
Loc16 Loc22
Loc175 Loc175
Loc111 Loc111
Loc196 Loc169 Loc196
Loc3 Loc3
Loc64 Loc64
Loc97 Loc97
