Loc1 Loc37 Loc49 Loc25 Loc53 Loc65 Loc21 Loc9 Loc3 Loc73 Loc47 Loc60 Loc43 Loc64 Loc55 Loc42 Loc62 Loc44 Loc25 Loc56 Loc78 Loc32 Loc17 Loc7 Loc2 Loc31 Loc2 Loc34 Loc50 Loc70 Loc16 Loc46 Loc79 Loc38 Loc59 Loc10 Loc75 Loc6 Loc94 Loc4 Loc87 Loc18 Loc98 Loc72 Loc41 Loc97 Loc13 Loc92 Loc57 Loc69 Loc65 Loc88 Loc45 Loc37 Loc1
38
Loc49 Loc49
Loc25 Loc25
Loc53 Loc53
Loc65 Loc65 Loc81
Loc21 Loc21
Loc9 Loc9
Loc3 Loc29 Loc3
Loc47 Loc47
Loc43 Loc43
Loc55 Loc80 Loc55
Loc42 Loc42
Loc62 Loc62
Loc56 Loc56
Loc32 Loc32
Loc17 Loc17
Loc7 Loc68 Loc7
Loc2 Loc2 Loc11
Loc31 Loc0 Loc22
Loc34 Loc91 Loc34
Loc50 Loc50
Loc70 Loc70
Loc46 Loc46
Loc79 Loc79
Loc38 Loc38
Loc10 Loc10
Loc75 Loc52
Loc6 Loc6
Loc4 Loc4
Loc87 Loc87 Loc74
Loc18 Loc90 Loc63 Loc18
Loc98 Loc98
Loc72 Loc15 Loc72
Loc41 Loc41
Loc13 Loc13
Loc92 Loc92
Loc69 Loc69
Loc45 Loc76 Loc45
Loc37 Loc19
