114 91 67 98 100 28 85 199 188 81 182 57 117 1 35 149 45 164 154 62 108 51 95 53 10 133 191 76 190 29 74 175 173 0 135 187 108 92 47 26 18 26 164 75 109 181 148 42 120 15 113 89 59 43 70 132 183 146 169 84 38 87 104 176 130 16 124 31 14 3 7 96 147 32 24 179 167 103 33 48 112 166 170 102 174 94 49 78 161 119 171 127 111 115 37 5 195 196 134 177 69 99 114
89
114 114
91 91
67 67
98 98
100 100
28 28
199 199
188 188
81 81
182 182
117 117
1 1
35 35
149 149
164 164
154 154
62 62
108 108
51 51
95 95
53 53
10 10
133 133
191 191
76 76
29 29
74 74
175 175
173 173
0 0
135 135 93
187 187
92 92
47 47
26 26
18 63 18
75 75
109 109
181 21 181
148 148
42 42
120 66
15 15
89 89
59 131 59
43 197 43
70 70
132 12
183 183
146 146
169 169
84 84
38 38
87 87
176 176
16 16
124 124
31 31
14 14
3 4 3
7 7
96 96
147 36 147
32 32
24 24
167 167
103 103
33 33
112 105 112
166 166
170 170
102 102
174 150 174
94 94
49 49
78 78
161 161
119 119
171 171
127 155 127
111 111
115 115
37 37
5 41 5
195 195
196 196
134 134
177 177
69 69
