gc as ac ab cm dg u ds et bn b v ai dn gq a bq fe e ff ga dx fq fk a gn by bc ah ao cv cl ee cj bi a gh fd fo bl an ad bx ap bb fn gj di gi d dh en ae dq aw b dj gg dp do bp a fi bj ge a eq ft bu y cz bv j cp fh fr gm dy cg fy br er am a ep ck go db az fa fw b co gk gc
86
as as
ac ac
ab ab
cm cm
dg dg
u u
ds ds
et et
bn bn
b b
v v
ai ai
dn dn
gq gq
a at a
bq bq
fe fe
e e
ff ff
ga ga
dx dx
fq fq
fk fk
gn gn
by p by
bc bc
ah ah
ao ao
cv cv
cl cs cl
ee ee
cj cj
bi el bi
gh gh
fd fd
fo fo
bl bl
an an
ad ad
bx bx
ap ap
bb bt bb
fn ey fn
gj cq gj
di di
gi gi
d d
dh dh
en en
ae ae
dq dq
aw aw
dj dj
gg gg
dp dp
do do
bp bp
fi fi
bj bj
ge ge
eq eq
ft ft
bu bu
y es y
cz cz
bv bv
j j
cp cr cp
fh fh
fr dw q fr
gm gm
dy dy
cg cg
fy fy
br g br
er er
am am
ep ep
ck ck
go go
db db
az cn az
fa fa
fw fw
co co
gk em gk
