Liam Isaiah Joseph Mateo Alexander Mason Jayden Cooper Adrian Mateo Sebastian Josiah Eli Dominic Carter Dominic Roman Jacob William Aiden Julian Luke Noah Jaxson Michael Ezra Thomas Dylan Owen Jose Sawyer Colton Logan Ethan Brayden Caleb Daniel Isaiah Liam
24
Liam Liam Liam
Joseph Joseph
Alexander Alexander
Mason Elijah Mason
Jayden Henry Jayden
Cooper Matthew
Sebastian David Sebastian
Josiah Lucas
Eli Wyatt Jackson
Dominic Oliver
Carter Benjamin Carter
Jacob Jacob
William William Logan
Aiden Aiden
Luke Luke
Noah Noah
Michael Michael
Thomas James
Dylan Dylan
Owen Owen
Sawyer John
Ethan Ethan
Brayden Samuel
Daniel Daniel
