Liam Jordan Jack Joshua Lucas Noah Maverick Anthony Maverick Alex Roman Jayden Roman Alex Cooper Timothy Max Lincoln Dylan Andrew Oliver Patrick Easton Richard Aiden Mateo Miguel Amir Aaron Marcus Waylon Asher John Matthew Jayce Henry Malachi Adam Malachi Bryson Leo Jesus Gabriel Cameron Caleb Nicholas Caleb Elliott Jeremy Joel Dominic Maximus Joseph Jude Nathan Connor Jasper Elliot Grayson Elliot Jasper Ethan Weston Kevin John Bennett Landon William Beau Eric Samuel Emmanuel Gael Wyatt Gael Jameson Matteo Eric Matteo Brody Christian Brody Ryker Charles Tucker Aiden Richard Zachary Hunter Steven James Steven Xavier Ryan Nolan Elijah Nolan Miles Luke Kingston Dean Zachary Jude Joseph Robert Joseph Jude Theodore Jude Zachary Jonathan Brayden Jonathan Preston Jose Ezra Ezekiel Ezra Jose Ashton Grant Ashton Connor Jasper Ethan Weston Ivan Hudson Jameson Benjamin Jameson Matteo Julian Josiah Justin Kai Xander Leonardo Jordan Liam
67
Liam Liam
Jordan Jordan
Jack Jack
Joshua Joshua
Lucas Lucas
Noah Noah
Maverick Maverick
Anthony Angel Anthony
Jayden Jayden
Cooper Cooper
Lincoln Lincoln
Dylan Dylan
Andrew Andrew
Oliver Oliver
Easton Easton
Aiden Aiden
Mateo Mateo
Aaron Michael Aaron
Marcus Parker
John John
Matthew Matthew
Henry Henry
Adam Colton Adam
Bryson Leo Bryson
Gabriel Gabriel
Cameron Cameron
Caleb Caleb
Nicholas Daniel Nicholas
Elliott Carter
Dominic Dominic
Nathan Nathan
Connor Connor Elias
Grayson Alexander Grayson
Elliot David
Weston Jacob Jaxson
Landon Landon
William William
Samuel Samuel
Wyatt Ian Sebastian Wyatt
Eric Greyson
Christian Christian
Charles Mason Charles
Hunter Thomas Isaiah Hunter
James Isaac James
Xavier Xavier
Ryan Ryan
Nolan Logan Nolan
Elijah Adrian Elijah
Luke Luke
Zachary Eli
Joseph Joseph
Robert Robert
Theodore Austin Theodore
Jude Jace
Jonathan Jonathan
Brayden Asher Brayden
Jose Jose
Ezra Jackson Ezra
Ezekiel Jeremiah Ezekiel
Grant Owen
Ethan Ethan
Hudson Hudson
Benjamin Jaxon Benjamin
Julian Julian
Josiah Josiah
Kai Carson Christopher
Xander Evan Levi
