LOC16 LOC18 LOC15 LOC9 LOC33 LOC9 LOC15 LOC46 LOC25 LOC59 LOC37 LOC82 LOC4 LOC12 LOC1 LOC36 LOC26 LOC4 LOC5 LOC78 LOC14 LOC47 LOC14 LOC45 LOC3 LOC90 LOC56 LOC12 LOC61 LOC31 LOC89 LOC2 LOC98 LOC7 LOC53 LOC73 LOC6 LOC97 LOC22 LOC30 LOC57 LOC9 LOC52 LOC16
29
LOC18 LOC18
LOC15 LOC15
LOC9 LOC9 LOC85
LOC33 LOC96 LOC33
LOC46 LOC46
LOC25 LOC25
LOC59 LOC59
LOC37 LOC95 LOC37
LOC82 LOC28 LOC82
LOC12 LOC81 LOC12
LOC36 LOC36
LOC26 LOC26
LOC4 LOC4
LOC78 LOC43 LOC78
LOC47 LOC17 LOC47
LOC45 LOC79 LOC50 LOC45
LOC90 LOC20 LOC29 LOC90
LOC56 LOC56
LOC61 LOC23 LOC61
LOC31 LOC31
LOC89 LOC62 LOC89
LOC98 LOC98
LOC53 LOC53
LOC73 LOC73
LOC6 LOC99 LOC70 LOC3
LOC97 LOC97
LOC22 LOC22
LOC57 LOC57
LOC52 LOC52
