LOC60 LOC153 LOC17 LOC49 LOC116 LOC51 LOC133 LOC89 LOC63 LOC117 LOC162 LOC154 LOC97 LOC70 LOC64 LOC144 LOC137 LOC50 LOC134 LOC189 LOC61 LOC75 LOC68 LOC56 LOC68 LOC198 LOC48 LOC188 LOC170 LOC188 LOC194 LOC6 LOC59 LOC76 LOC72 LOC54 LOC67 LOC8 LOC119 LOC156 LOC46 LOC122 LOC24 LOC62 LOC120 LOC70 LOC153 LOC166 LOC153 LOC60
32
LOC17 LOC17
LOC116 LOC116
LOC51 LOC51
LOC133 LOC133
LOC89 LOC55 LOC96 LOC89
LOC63 LOC58 LOC63
LOC117 LOC139 LOC117
LOC97 LOC97
LOC64 LOC145 LOC64
LOC144 LOC144
LOC134 LOC134
LOC189 LOC189
LOC61 LOC180
LOC75 LOC192 LOC52
LOC68 LOC68 LOC158
LOC56 LOC18 LOC56
LOC198 LOC142
LOC48 LOC36 LOC48
LOC170 LOC164 LOC7 LOC170
LOC188 LOC190 LOC108
LOC194 LOC38 LOC80 LOC194
LOC6 LOC6
LOC59 LOC59
LOC76 LOC30 LOC177
LOC72 LOC72
LOC54 LOC54
LOC8 LOC8
LOC46 LOC65 LOC46
LOC24 LOC24
LOC62 LOC62 LOC161
LOC70 LOC70
LOC166 LOC160 LOC166
