zero three two one seven fourteen thirteen twelve eleven ten seventeen sixteen fifteen sixteen twentythree twentyfour twentyfive twentysix thirtythree thirtyfour thirtyfive twentynine thirty thirtyseven fortyfour fortythree fortyfour fortyfive fiftytwo fiftythree sixty fiftynine fiftyeight fiftynine sixtysix sixtyseven sixtyeight sixtynine seventy sixtyfour seventyone seventyseven eightyfour seventyeight seventynine eighty eightyseven eightysix eightyfive ninetyone ninetyeight ninetytwo ninetynine onehun onehunone onehuneight onehunnine onehunten onehuneleven onehuneighteen onehunseventeen onehunsixteen onehuntwentythree onehuntwentyfour onehuntwentyfive onehuntwentysix onehuntwenty onehuntwentyseven onehuntwentyeight onehunthirtyfive onehunthirtyfour onehunforty onehunthirtynine onehunfortysix onehunfortyfive onehunfortyfour onehunfortythree onehunfifty onehunfortynine onehunfortyeight onehunfiftyfour onehunsixtyone onehunsixty onehunfiftynine onehunsixtysix onehunsixtyfive onehunsixtyfour onehunsixtyfive onehunsixtysix onehunseventythree onehunseventyfour onehunseventyfive onehunsixtynine onehunseventy onehunseventyone onehunseventyeight onehunseventyseven onehunseventysix onehuneightytwo onehuneightyone onehuneighty onehuneightyseven onehunninetyfour onehunninetythree onehunninetytwo onehunninetyone onehuneightyfour onehunseventyseven onehunseventy onehunsixtythree onehunfiftysix onehunfortynine onehunfortytwo onehunthirtyfive onehuntwentyeight onehuntwentyone onehuntwenty onehunthirteen onehunnineteen onehuneighteen onehuneleven onehunfour ninetyseven ninety eightythree seventysix sixtynine sixtytwo fiftyfive fortyeight fortyone thirtyfour twentyseven twenty thirteen six zero
87
three three
two two
one one
seven seven
fourteen fourteen
twelve twelve
eleven eleven
ten ten
seventeen seventeen
sixteen sixteen
fifteen twenty fifteen
twentythree twentythree
twentyfive twentyfive
twentysix twentyseven twentysix
thirtythree thirtythree
thirtyfour thirtyfour
twentynine twentynine
thirtyseven thirtyeight thirtyseven
fortyfour fortyfour
fortythree fortynine fortythree
fortyfive fortyfive
fiftytwo fiftytwo
fiftythree fiftyfive fiftythree
sixty sixty
fiftyeight fiftyseven fiftyeight
sixtysix sixtysix
sixtyseven sixtyseven
sixtynine sixtynine
seventy seventy
sixtyfour sixtyfour
seventyone seventytwo seventyone
seventyseven seventyfive seventyseven
eightyfour eightyfour
seventyeight seventyeight
seventynine seventynine
eightyseven eightyseven
ninetyeight ninetyeight
ninetynine ninetynine
onehunone onehunone
onehuneight onehuneight
onehunten onehunten
onehuneleven onehuneleven
onehuneighteen onehuneighteen
onehunseventeen onehunseventeen
onehunsixteen onehunsixteen
onehuntwentythree onehuntwentythree
onehuntwentyfour onehuntwentyfour
onehuntwentysix onehuntwentysix
onehuntwentyseven onehuntwentyseven
onehuntwentyeight onehuntwentyeight onehunthirty
onehunthirtyfive onehunthirtyfive
onehunforty onehunforty
onehunfortysix onehunfortysix
onehunfortyfive onehunfortyfive
onehunfortyfour onehunfortyfour
onehunfortythree onehunfortythree
onehunfifty onehunfifty
onehunfortynine onehunfortynine
onehunfiftyfour onehunfiftyfour
onehunsixtyone onehunsixtyone
onehunsixty onehunsixty
onehunfiftynine onehunfiftynine onehunfiftyseven
onehunsixtysix onehunsixtysix
onehunsixtyfive onehunsixtyfive
onehunsixtyfour onehunsixtythree onehunsixtyfour
onehunseventythree onehunseventythree
onehunseventyfour onehunseventyfour
onehunseventyfive onehunseventyfive
onehunsixtynine onehunsixtynine
onehunseventy onehunseventy
onehunseventyone onehunseventyone
onehunseventyeight onehunseventyeight
onehunseventysix onehunseventysix
onehuneightytwo onehuneightytwo
onehuneightyone onehuneightyone
onehuneighty onehuneighty
onehuneightyseven onehuneightyseven
onehunninetyfour onehunninetyfour
onehunninetythree onehunninetythree
onehunninetytwo onehunninetytwo
onehunninetyone onehunninetyone onehunninety
onehuneightyfour onehuneightyfour
onehuntwentyone onehuntwentyone
onehunthirteen onehunthirteen
onehunnineteen onehunnineteen
eightythree eightytwo eightythree
six six
