zero two three ten eleven twelve thirteen twenty twentyone fifteen twentytwo twentythree twentyfour twentythree twentytwo twentynine thirty thirtyseven fortyfour fortyfive fortysix fortyseven fortyeight fiftyfive fiftysix fifty fiftysix fiftyfive sixtytwo sixtyone sixtyeight sixtyseven sixtysix sixtyfive sixtyfour seventy seventyseven eightyfour seventyeight seventynine eighty eightyone eightyeight eightyone seventyfour sixtyseven sixty fiftynine fiftyeight fiftyseven fifty fortythree thirtysix twentynine thirtyfive thirtyfour thirtythree twentysix nineteen twelve five six zero
37
two two
three three
ten ten
twelve twelve
thirteen fourteen
twenty twenty
fifteen fifteen
twentytwo twentytwo
twentyfour twentyfive twentyfour
twentynine twentynine
thirty thirty
thirtyseven thirtynine thirtysix thirtyseven
fortyfour fortyfour
fortyfive fortyfive
fortyseven fortyseven
fortyeight fortyeight
fiftyfive fiftythree fiftyfive
fifty fiftyone fifty
sixtytwo sixtytwo
sixtyone sixty sixtyone
sixtyeight sixtyeight
sixtyseven sixtyseven
sixtysix sixtysix
sixtyfive sixtyfive
seventy seventy
seventyseven seventyfive seventyone seventyseven
eightyfour eightyfour
seventyeight seventyeight
seventynine seventynine
eightyone eightytwo eightyone
eightyeight ninetyfive eightynine eightyseven eightyeight
fiftyseven fiftyseven
thirtyfive thirtyfive
thirtyfour thirtyfour
thirtythree thirtythree
five five four
six six
