zero five six seven fourteen thirteen twelve nineteen eighteen twentyfive thirtytwo thirtythree thirtyfour thirtyfive fortytwo fortyone forty thirtynine fortysix fortyfive fortyfour thirtyseven thirty twentythree sixteen nine two zero
21
zero three
five five
six six
seven seven
fourteen fourteen
thirteen thirteen
twelve twelve eleven
nineteen twenty nineteen
eighteen eighteen
twentyfive twentyfive
thirtytwo thirtyone thirtytwo
thirtyfour thirtyfour
thirtyfive thirtyfive
fortytwo fortytwo
forty forty
thirtynine thirtyeight
fortysix fortysix
fortyfive fortyfive
thirtyseven thirtyseven
sixteen fifteen sixteen
nine nine
