0 20 79 12 32 73 122 95 3 88 10 40 91 1 136 57 64 160 99 47 180 44 29 98 83 89 59 70 159 90 28 84 33 17 6 78 33 76 97 122 7 105 9 194 94 181 85 11 75 29 2 5 31 79 63 159 48 46 68 37 26 74 52 21 96 27 65 56 22 71 39 58 81 152 93 26 41 77 50 153 19 80 54 25 38 14 136 77 49 24 72 152 106 62 34 21 45 181 43 181 87 194 42 29 53 15 86 44 0
80
0 0
20 20
79 79
12 36 12
32 32
73 73
95 95
3 3
88 88
10 8 10
40 40
91 91
1 61 1
57 57
64 64
99 99
47 67 47
44 44
98 98
83 83
89 89
59 59
70 92 70
90 90
28 28
84 84
33 33
17 13 17
6 51 6
78 78
76 60 76
97 55 27 97
7 7
9 9
94 94
85 85
11 82 11
75 75
29 29
2 2
5 5
31 4 31
63 63
48 48
46 46
68 23 68
37 37
26 26
74 74
52 52
21 21
96 16 24 96
65 65
56 56
71 71
39 18 39
58 58
81 81
93 93
41 30 69 41
50 50
19 19
80 80
54 54
25 25
38 38
14 14
77 77
49 49
72 22 72
152 66
62 62
34 34
45 45
43 43
87 87
42 35 42
53 53
15 15
86 86
