0 3 117 191 140 104 18 109 45 95 100 95 45 109 164 142 105 142 150 106 7 119 7 106 153 158 108 115 108 194 118 98 36 125 101 125 36 98 118 91 8 151 106 154 175 112 116 103 116 112 72 24 93 104 18 109 180 114 12 132 102 132 12 113 78 110 78 113 178 138 104 140 191 117 3 0
32
191 191
140 140
104 139 138
109 166 163 162 161 167 165
100 123 122 121 120
164 164
142 142
105 146 145 144 143 141
150 150
119 199 198 197 171
106 152 151 149 148 147
153 153
158 158
115 187 186
108 160 159 157 156
194 194
125 125
101 130 129 128 127 126 124
118 196 195
154 154
175 175
103 137 136 135 134
116 190 189 188
112 177 176 174 173 172
180 180
114 185 184 183 182 181
102 131 155 133
132 132
110 170 169 168
113 179
178 178
117 193 192
