Afghanistan Albania Algeria Andorra Angola Antigu Argentina Armenia Australia Austria Austrian Azerbaijan Baden Bahrain Bangladesh Barbados Bavaria Belarus Belgium Belize Benin Bolivia Bosnia Botswana Brazil Brunei Brunswick Bulgaria Burkina Burma Burundi Cabo Cambodia Cameroon Canada Chad Chile China Colombia Comoros Costarica CotedIvoire Croatia Cuba Cyprus Czechi Czechoslovakia Congo Denmark Djibouti Dominica Dominicanrepublic Ecuador Egypt ElSalvador EquatorialGuinea Eritrea Estonia Eswatini Ethiopia Fiji Finland France Gabon Georgia Germany Ghana Greece Grenada Guatemala Guinea GuineaBissau Guyana Haiti Hanover HanseaticRepublics Hawaii Hesse HolySee Honduras Hungary Iceland India Indonesia Iran Iraq Ireland Israel Italy Jamaica Japan Jordan Kazakhstan Kenya Kiribati Korea Kosovo Kuwait Kyrgyzstan Kuwait Kosovo Korea Kiribati Kenya Kazakhstan Jordan Japan Jamaica Italy Israel Ireland Iraq Iran Indonesia India Iceland India Indonesia Iran Iraq Ireland Israel Italy Jamaica Japan Jordan Kazakhstan Kenya Kiribati Korea Kosovo Kuwait Kyrgyzstan Laos Afghanistan
98
Afghanistan Afghanistan
Albania Albania
Algeria Algeria
Andorra Andorra
Angola Angola
Antigu Antigu
Argentina Argentina
Armenia Armenia
Australia Australia
Austria Austria
Austrian Austrian
Azerbaijan Azerbaijan
Baden Baden
Bahrain Bahrain
Bangladesh Bangladesh
Barbados Barbados
Bavaria Bavaria
Belarus Belarus
Belgium Belgium
Belize Belize
Benin Benin
Bolivia Bolivia
Bosnia Bosnia
Botswana Botswana
Brazil Brazil
Brunei Brunei
Brunswick Brunswick
Bulgaria Bulgaria
Burkina Burkina
Burma Burma
Burundi Burundi
Cabo Cabo
Cambodia Cambodia
Cameroon Cameroon
Canada Canada
Chad Chad
Chile Chile
China China
Colombia Colombia
Comoros Comoros
Costarica Costarica
CotedIvoire CotedIvoire
Croatia Croatia
Cuba Cuba
Cyprus Cyprus
Czechi Czechi
Czechoslovakia Czechoslovakia
Congo Congo
Denmark Denmark
Djibouti Djibouti
Dominica Dominica
Dominicanrepublic Dominicanrepublic
Ecuador Ecuador
Egypt Egypt
ElSalvador ElSalvador
EquatorialGuinea EquatorialGuinea
Eritrea Eritrea
Estonia Estonia
Eswatini Eswatini
Ethiopia Ethiopia
Fiji Fiji
Finland Finland
France France
Gabon Gabon
Georgia Georgia
Germany Germany
Ghana Ghana
Greece Greece
Grenada Grenada
Guatemala Guatemala
Guinea Guinea
GuineaBissau GuineaBissau
Guyana Guyana
Haiti Haiti
Hanover Hanover
HanseaticRepublics HanseaticRepublics
Hawaii Hawaii
Hesse Hesse
HolySee HolySee
Honduras Honduras
Kyrgyzstan Kyrgyzstan Laos
Kuwait Kuwait
Kosovo Kosovo
Korea Korea
Kiribati Kiribati
Kenya Kenya
Kazakhstan Kazakhstan
Jordan Jordan
Japan Japan
Jamaica Jamaica
Italy Italy
Israel Israel
Ireland Ireland
Iraq Iraq
Iran Iran
Indonesia Indonesia
India India
Iceland Hungary Iceland
