equinox band uncertainty glove bark aisle fish brick remark essential paint seller houseplant fibre union disposition lamb photograph hiccup orange farewell dollar prejudice novel wilderness presidential chain analyst funeral dry jurisdiction flow slice explicit secretary clothes referee twitch tropical mastermind corpse muggy method equinox
43
equinox equinox
band band
uncertainty uncertainty
glove glove
bark bark
aisle aisle
fish fish
brick brick
remark remark
essential essential
paint paint
seller seller
houseplant houseplant
fibre fibre
union union
disposition disposition
lamb lamb
photograph photograph
hiccup hiccup
orange orange
farewell farewell
dollar dollar
prejudice prejudice
novel novel
wilderness wilderness
presidential presidential
chain chain
analyst analyst
funeral funeral
dry dry
jurisdiction jurisdiction
flow flow
slice slice
explicit explicit
secretary secretary
clothes clothes
referee referee
twitch twitch
tropical tropical
mastermind mastermind
corpse corpse
muggy muggy
method method
