pump need preoccupation hierarchy affect innovation shed exercise distributor impound formulate sweet engineer lemon row ensure pray park separate rock valley sticky button brain wear literature genetic packet sentiment ghost diagram wage physical parallel gloom lot appearance attractive mouse plug reflection shed anger pipe admiration shed forest unanimous abortion pedestrian nominate pursuit freedom consideration feign tip aspect minor fairy novel category mud hallway abortion line performance depressed privilege range polish title judicial reject survival pump
68
pump pump
need need
preoccupation leadership preoccupation
hierarchy hierarchy
affect affect
innovation innovation
exercise exercise
distributor distributor
impound impound
formulate formulate
sweet sweet
engineer engineer
lemon lemon
row row
ensure ensure
pray pray
park park
separate separate
rock rock
valley linger valley
sticky sticky
button button
brain brain
wear sacrifice wear
literature literature
genetic genetic
packet ground packet
sentiment float sentiment
ghost ghost
diagram guideline diagram
wage wage
physical physical
parallel parallel
gloom gloom
lot lot
appearance appearance
attractive attractive
mouse mouse
plug plug
reflection reflection
anger anger
pipe descent pipe
admiration admiration
forest forest
unanimous unanimous
pedestrian prospect pedestrian
nominate nominate
pursuit pursuit
freedom overlook freedom
consideration consideration
feign sit feign
tip tip
aspect aspect
minor minor
fairy fairy
category category
mud mud
hallway hallway
line line
performance performance
depressed depressed
privilege privilege
range range
polish polish
title title
judicial judicial
reject reject
survival survival
