paint wooden blade rake inherit desire finish glamorous determine complain learning ice same floor thumb imported indicate nutty measure diligent stink route ray slam paint
24
paint paint
wooden wooden
blade blade
rake rake
inherit inherit
desire desire
finish finish
glamorous glamorous
determine determine
complain complain
learning ambiguous learning
ice ice
same same
floor floor
thumb thumb
imported imported
indicate indicate
nutty nutty
measure measure
diligent diligent
stink stink
route route
ray ray
slam slam
