188645 0FB66D FA567E B833F0 657F93 0D7DE7 657F93 B7B073 A7E9D9 DBDC9A 94D700 3ADA02 61EDA9 E09D29 C98FE7 567883 143B88 07D80A C0766C 673B36 7E18E9 539A92 EC05F7 29B2A4 724A76 CEAE00 C0766C 7E5598 0FBCDC 84EBFF B3243F 628AB2 B3243F 1276AF 825884 4B39CA 61EDA9 35F60D 2C101C 35F60D B86446 31D332 DD2694 AD298D AE6906 784F83 7BF2B5 37F745 8D0852 D443EB 7BF2B5 D01E6B ACB11D FF8D45 298FDD 500783 35FF16 A5CCB5 188645
41
0FB66D 0FB66D
FA567E 9B9BDD
B833F0 B833F0
0D7DE7 467AB7 E954F7
B7B073 EF4D57 B7B073
A7E9D9 A7E9D9
DBDC9A 994F93 DBDC9A
94D700 94D700
3ADA02 D5356A 3ADA02
E09D29 E09D29
C98FE7 C98FE7
567883 44716B 6D778A
07D80A 07D80A
C0766C 3B1041
7E18E9 7E18E9
539A92 539A92
EC05F7 FD1783
29B2A4 29B2A4
724A76 724A76
7E5598 AFF8D1
0FBCDC 0A5C0E 0FBCDC
84EBFF 84EBFF
B3243F 9B0EC2
628AB2 D04F40 628AB2
1276AF 1276AF
825884 48C2D5
4B39CA 19FFAB
2C101C CB09C0 2C101C
35F60D AA8E14
B86446 4FBDE1
DD2694 DD2694
784F83 784F83
37F745 37F745
8D0852 8D0852
D443EB D7CAF9 D443EB
D01E6B D01E6B
FF8D45 FF8D45
500783 500783
35FF16 800641
A5CCB5 A5CCB5
188645 188645
