F1E81B 813B05 06C557 B7F75A 6CAF46 573788 2334E8 DE6899 825EC5 239994 8EBF8A 8C971D 86493E 4B3F8A 230A7C 85D6DB 4B97F1 0A147B 1F842B B69F55 06C557 596CF6 17BB75 E81014 8F17C0 59843B D1967A 3B4B53 E3C2C9 8015E0 29D5D7 9D4968 2BF7B5 E3C2C9 0CBC31 B69F55 8B519F 2595F1 4B3F8A 6E313C A94B37 8F495E 1977E0 D6CC7A E63884 6D51F4 783751 ABD8FE 20EAE7 846159 5BB557 90451D CEAC59 D4A75D 124C90 612FAA 8BFCAC EB719D 6B340B AE4A01 F1E81B E80628 13A782 C4303B 462226 7E1C6C 4CAD30 5C7062 F3EDB3 52C88C C953A6 6B622D 5F4E43 94941B 8F17C0 251939 4A28BA DD07FF 293D59 DD07FF 4099A6 85D6DB B47658 BB4908 112AE7 94A561 77A0B5 490F1E DEC4F2 E5E6C0 C9AF85 4A28BA AEFF96 C45E71 61199E 086D53 580DB7 2FEDFB CD2CA7 305D33 825EC5 CC9C14 04439C C3EF62 EB8E2E 36C862 AEFF96 DCE144 6F492E BB40E6 614224 BF6302 7829D7 17BB75 9096DB 36590B 66048A 13A782 06C557 93EBE3 8015E0 086D53 FFFD4B 17779E 770D1A AD0427 47FACD 0F5860 1111F7 C3B3E7 AD0427 D337F2 099830 1E1095 DD07FF F1E81B
85
F1E81B F1E81B
813B05 396D53 813B05
B7F75A 28F6D1 B7F75A
6CAF46 685D1A
573788 573788
DE6899 DE6899
239994 239994
8EBF8A 8EBF8A
86493E 86493E
230A7C 230A7C
85D6DB 63361A E51A66 85D6DB
4B97F1 14994D 4B97F1
1F842B 7E78F3 1F842B
B69F55 2CCB19 B69F55
596CF6 596CF6
E81014 E81014
59843B 59843B
D1967A 851F90 D1967A
3B4B53 3B4B53
E3C2C9 E3C2C9
8015E0 8015E0
29D5D7 29D5D7
2BF7B5 2BF7B5
0CBC31 0CBC31
8B519F 8B519F
2595F1 8B6C2F
6E313C 6E313C
8F495E 8F495E
D6CC7A D6CC7A
6D51F4 6D51F4
783751 783751
ABD8FE ABD8FE
20EAE7 20EAE7
5BB557 5BB557
90451D 90451D
CEAC59 CEAC59
D4A75D D4A75D
124C90 124C90
8BFCAC 8BFCAC
6B340B 6B340B
AE4A01 AE4A01 6966D7
E80628 14B430 E80628
C4303B C4303B
7E1C6C 7E1C6C
4CAD30 4CAD30
5C7062 5C7062
52C88C 52C88C
6B622D 6B622D
5F4E43 5F4E43
8F17C0 151BC9 8F17C0
4A28BA 4A28BA
293D59 293D59
4099A6 4099A6
B47658 B47658
BB4908 BB4908
94A561 94A561
77A0B5 77A0B5
490F1E 490F1E
E5E6C0 E5E6C0
C9AF85 C9AF85
AEFF96 AEFF96
61199E 61199E
086D53 4A5708 F33196
2FEDFB 2FEDFB
305D33 305D33
CC9C14 A1F104 CC9C14
C3EF62 C3EF62
36C862 36C862
DCE144 DCE144
BB40E6 BB40E6
614224 614224 FFEEBD
7829D7 7829D7
9096DB 9096DB
36590B 36590B
66048A 66048A
13A782 C18C9B
93EBE3 93EBE3
FFFD4B FFFD4B
17779E 17779E
770D1A 8417C8 770D1A
47FACD 47FACD
0F5860 0F5860
C3B3E7 C3B3E7
D337F2 D337F2
1E1095 1E1095
