context bedroom farmer store part road teaching aspect bread potato care currency satisfaction construction while departure anxiety drawing fat thanks bit soil ability part interaction context
21
context context
bedroom bedroom
farmer farmer
store store
road road
teaching teaching
aspect aspect
bread bread
care attempt state care
currency currency
satisfaction satisfaction
construction wood construction
while while
departure reality departure
anxiety anxiety
fat fat
thanks thanks
bit bit
soil soil
ability ability
interaction interaction
