maintenance career average population farmer church property chest rate style farmer selection sign chocolate philosophy description focus context sign contract action drawing difficulty depression complaint volume role description income war rock feature economy consequence marketing account career woman salad competition wife maintenance
33
maintenance future maintenance example object driver resolution
career career
average price cause average
population population
church church
property reputation property
chest chest
rate rate
style style
selection selection
sign sign version
philosophy philosophy
description description
focus bread focus
context context
contract contract
action action
difficulty difficulty
depression depression
complaint complaint
volume volume
role role
income income
war obligation war
rock rock
feature inspection feature
economy economy
marketing photo marketing
account account
woman movie woman
salad sister beer day salad
competition competition
wife wife
