engine menu interaction grandmother statement standard extent section answer choice card song engine business process ratio reputation significance politics temperature preparation area stranger energy tool model statement problem class flight meal tension piano side strategy two volume series analyst extent sympathy age speech engineering chapter engine worker idea singer difficulty editor step temperature view emphasis tooth delivery situation mind interaction leadership bath moment age dirt accident ear money education variation director question beer country card fact funeral machine poetry war performance error teaching engine
70
engine engine bus time sport figure drawer tax
menu error menu
interaction interaction
grandmother grandmother
statement promotion
standard standard
section section
answer member answer
choice understanding choice
card card
song song
business business
process process
ratio ratio
reputation reputation
significance dealer significance
politics politics
preparation preparation
area area
energy energy
tool source town police tool
model model
problem problem
class class
meal meal
tension tension
piano satisfaction beginning piano
side side
two drawing measurement two
volume light flight volume
series series
analyst analyst
sympathy sympathy
speech speech
engineering teacher engineering
chapter chapter
worker worker
idea birth idea
singer failure singer
difficulty buyer departure difficulty
editor space editor
step step
temperature temperature
view view
emphasis emphasis
tooth tooth
delivery delivery
situation situation
mind mind
leadership leadership
bath eye
moment moment
age age
dirt secretary girl dirt
accident accident
ear ear
money money
education education
variation office variation
director director
question data
beer beer
country country
fact fact
funeral aspect material funeral
machine machine
poetry clothes
war war
performance performance
teaching teaching
