S Q BM O AF D AZ E BP A CC I BA F BL AN AU CT X BK U K BG AC CK H CF P CS R M CM CB BZ AB AI T BR W C BD G CV J AT L BQ B AR AW Z AY Y N BE V S
56
Q BW Q AO
BM BM
O O
AF AF
D D
AZ AZ
E AA E
BP BP
A BU BY A
CC CC
I I
BA BA
F F
BL BL
AN AL CO BT AP BB CN BJ AJ AN
AU AU
CT CT
X X
BK BK
U U
K CL CI CH AX K
BG BG
AC AC
CK CK
H H
CF CF
P P
CS CS
R R
M M
CM CM
CB CQ BX CB
BZ BZ
AB AB
AI AI
T T
BR BR
W W
C CR C
BD BD
G G
CV CV
J J
AT AT
L L
BQ BQ
B B
AR AR
AW AK AM CW CP CU CA CE AV AQ AE BH CJ BN AD AH BI AW AG BS BO BC BF
Z Z
AY AY
Y Y
N CD AS N
BE BE
V BV V
S S
