a1 a192 a188 a187 a91 a11 a12 a13 a9 a10 a11 a155 a27 a26 a25 a29 a28 a27 a43 a42 a41 a40 a41 a45 a44 a43 a107 a75 a59 a58 a57 a56 a52 a51 a50 a49 a53 a54 a182 a22 a21 a22 a102 a101 a97 a98 a99 a100 a104 a105 a109 a108 a112 a113 a114 a115 a116 a120 a121 a125 a124 a123 a139 a140 a144 a145 a146 a147 a148 a149 a150 a38 a37 a38 a6 a86 a54 a70 a69 a68 a72 a73 a74 a75 a91 a90 a89 a88 a87 a86 a118 a134 a133 a132 a136 a137 a136 a135 a134 a166 a165 a161 a160 a159 a158 a157 a156 a155 a171 a170 a169 a173 a172 a176 a177 a178 a179 a180 a184 a185 a189 a190 a191 a192 a1
74
a1 a3 a83 a1
a188 a188
a187 a187
a91 a91
a11 a11
a12 a12
a13 a14
a9 a4 a9
a155 a155
a25 a19 a25
a29 a30
a28 a28
a27 a27
a43 a43
a41 a41
a40 a35 a38
a45 a46
a44 a44
a107 a107
a75 a76 a92 a75
a59 a59
a57 a62 a57
a51 a51
a49 a49
a54 a81 a54
a182 a182
a22 a22
a21 a17 a20
a97 a52 a94 a97
a99 a99
a100 a100
a105 a105
a109 a110
a108 a108
a113 a113
a115 a115
a121 a123 a121
a125 a126
a124 a124
a123 a60
a139 a139
a140 a140
a145 a145
a147 a147
a148 a148
a150 a150
a37 a36 a33
a38 a84
a6 a6
a86 a86
a70 a70
a69 a65
a68 a67 a68
a73 a78 a73
a89 a89
a118 a116 a118
a133 a129
a132 a131 a132
a137 a142 a137
a134 a134
a166 a102 a163 a166
a161 a161
a158 a158
a157 a153
a156 a156
a171 a171
a169 a164 a169
a173 a174
a172 a172
a177 a177
a179 a179
a180 a180
a185 a185
a190 a190
