a1 a96 a92 a91 a75 a11 a10 a9 a13 a12 a11 a43 a44 a45 a41 a40 a36 a35 a34 a33 a37 a38 a6 a22 a54 a70 a54 a53 a49 a48 a44 a43 a59 a60 a61 a60 a59 a75 a74 a73 a72 a68 a67 a66 a65 a64 a60 a59 a27 a91 a90 a89 a88 a84 a83 a97 a94 a95 a96 a1
32
a1 a1 a1 a1 a1 a1 a1 a1 a1
a92 a92
a91 a91
a75 a75
a11 a11 a52 a30 a46 a3 a25
a9 a9
a13 a14
a12 a12
a44 a44
a41 a41
a36 a36
a35 a35
a33 a33
a38 a38
a6 a51 a4 a6
a22 a19 a86 a17 a22
a54 a54
a70 a78 a20 a70
a49 a49
a43 a43 a28
a59 a59
a60 a60
a61 a62 a57
a73 a73
a68 a68
a67 a67
a65 a65
a27 a76 a27
a89 a89
a84 a84
a83 a81 a83
a94 a94
