Wheeler Evans Morrison Hertz Kroeber Lewis Greek Bechtel Greek Lewis Kroeber Hertz Morrison Evans Wheeler Dwinelle LeConte Birge Campbell Haviland Memorial Minor Haas Faculty FSM Baker McCone BigC Pavilion Simons Koja Simons Pavilion BigC McCone Baker RareTea Stonefire Minor Memorial McLaughlin South Stephens HearstAnnex Anthony Pimentel WayWest Warren Hearst Davis Hildebrand GenPlantBio Cheit Soda Moffitt VLSB Etcheverry Soda Sather Soda Moffitt VLSB Zellerbach MLK Dwinelle Wheeler
25
Morrison Morrison
Kroeber Kroeber Boalt
Bechtel Jacobs Bechtel
Birge Birge
Haas Haas
Baker Baker
Pavilion PeoplePark
Simons Unit2
Koja TriDelta Legends
McCone Fiji CKerr
Stonefire RSF Stonefire
Minor Hargrove
Memorial IHouse
McLaughlin McLaughlin
Stephens Moses
Anthony Anthony
Warren Warren
Hearst Cloyne Hearst
Davis Davis
Cheit Cheit
Moffitt Moffitt
Etcheverry Foothill Etcheverry
Sather Metropolitan OCF Unit3 Barker Martinez
Dwinelle Dwinelle
Wheeler Sproul
