Bowles Birge Bechtel Cory Jacob Evan Blackwell Evan Jacob Foothill Haviland Morgan Haviland Foothill Dwinelle HearstAnnex Dwinelle Haas Crossroads Lawrence UCTheatre Lawrence Crossroads Haas Dwinelle Foothill Davis Hildebrand Davis Foothill Jacob Hertz CVStarr Unit3 CKerr Unit3 CVStarr Hertz Jacob TopDog Starbucks Chipotle Starbucks TopDog Jacob Cory Stanley Campbell Stanley LeConte Campanile Wurster McCone Spats Stonefire PiLambda Stonefire Spats McCone Wurster Campanile Bongo Campanile LeConte VLSB Boalt Kresge Boalt VLSB LeConte Stanley Moses Wellman Moses Greek Unit2 Wolf Unit2 Greek Moses Pimentel Stacks Pimentel Moses Stanley Cory Bechtel Minor Memorial Maxwell Memorial Minor Bechtel Baker Strada Baker Bechtel Latimer Edwards Latimer Mulford Bowles Calvin Bowles
43
Birge Birge
Evan Cloyne Evan BearFoodCourt
Blackwell GenPlantBio Blackwell
Foothill Foothill Unit1
Morgan Martinez Morgan
HearstAnnex Lothlorien HearstAnnex
Haas Pavilion Haas
Crossroads Crossroads
UCTheatre NCEM UCTheatre
Hildebrand YogurtPark Hildebrand
Davis Browns
Unit3 Unit3
CKerr Ridge WayWest CKerr
Jacob Barker
Chipotle MFoundry Chipotle
TopDog GammaPhiBeta
Campbell Koshland Doe Campbell
Campanile Campanile
Wurster Zellerbach Wurster
Spats Spats
PiLambda PiAlphaPhi PiLambda
Bongo Cheeseboard ShengKee Bongo
VLSB VLSB
Boalt Boalt NorthGate
Kresge Castro PeoplesPark Kresge
LeConte ALS RSF
Moses Moses Gypsys
Wellman Sutardja Wellman
Greek Greek Safeway
Unit2 IndianRock Unit2
Wolf StrawberryCreek Wolf
Stacks Sherman Stacks
Cory Extension
Maxwell Barrows Maxwell
Memorial AlphaSigmaPhi TacoBell
Baker Simons Baker Daiso
Strada RoseGarden Strada
Bechtel Wilde
Latimer Rochdale Mulford
Edwards Easterly Edwards
Mulford Crescent
Calvin Graduate Etcheverry Calvin
Bowles LaVals
