0 3 4 96 11 3 29 75 3 0 17 5 17 77 17 70 17 35 31 25 31 64 31 57 31 89 86 10 20 86 81 86 0 100 101 108 101 109 101 110 101 111 101 112 101 113 101 115 101 100 102 100 103 100 104 100 105 100 106 100 107 100 0
35
4 87 63 49 14 4
96 96
11 58 55
29 29
75 54 28 18 75
3 56 51
17 17 44 66 68 13
5 42 5
77 22 77
70 65 70
35 35
31 31 53
25 25 59 24
64 7 72
57 21 57
89 26 1 89
86 90 86 98 62 85
10 10 99 83
20 43 20
81 82 81
100 100
101 101 117 198
108 160 158 156 154
109 167 109
110 175 173 172 171 169 168
111 178 177
112 182 180 179 112
113 189 188 113
115 196 194
102 124 123 121 118 102
103 130 128 127
104 136 104
105 138 105
106 149 147 146 145 144 142 106
107 153 152 151
