MapLocation152 MapLocation12 MapLocation103 MapLocation3 MapLocation106 MapLocation41 MapLocation185 MapLocation9 MapLocation7 MapLocation10 MapLocation22 MapLocation189 MapLocation67 MapLocation19 MapLocation18 MapLocation17 MapLocation173 MapLocation62 MapLocation23 MapLocation116 MapLocation0 MapLocation81 MapLocation148 MapLocation1 MapLocation198 MapLocation16 MapLocation15 MapLocation14 MapLocation109 MapLocation85 MapLocation70 MapLocation50 MapLocation129 MapLocation42 MapLocation28 MapLocation107 MapLocation96 MapLocation69 MapLocation13 MapLocation60 MapLocation136 MapLocation104 MapLocation56 MapLocation175 MapLocation102 MapLocation123 MapLocation100 MapLocation94 MapLocation35 MapLocation1 MapLocation119 MapLocation170 MapLocation149 MapLocation43 MapLocation61 MapLocation121 MapLocation72 MapLocation79 MapLocation125 MapLocation86 MapLocation53 MapLocation111 MapLocation118 MapLocation156 MapLocation97 MapLocation154 MapLocation8 MapLocation133 MapLocation153 MapLocation150 MapLocation182 MapLocation20 MapLocation71 MapLocation128 MapLocation183 MapLocation137 MapLocation122 MapLocation92 MapLocation171 MapLocation105 MapLocation135 MapLocation192 MapLocation29 MapLocation179 MapLocation166 MapLocation57 MapLocation99 MapLocation161 MapLocation76 MapLocation77 MapLocation152
86
MapLocation152 MapLocation152
MapLocation12 MapLocation12
MapLocation103 MapLocation103
MapLocation106 MapLocation106
MapLocation41 MapLocation114 MapLocation41
MapLocation185 MapLocation185
MapLocation9 MapLocation9
MapLocation7 MapLocation7
MapLocation10 MapLocation10
MapLocation22 MapLocation22
MapLocation189 MapLocation189
MapLocation67 MapLocation67
MapLocation19 MapLocation19
MapLocation18 MapLocation18
MapLocation17 MapLocation146 MapLocation17
MapLocation173 MapLocation173
MapLocation62 MapLocation62
MapLocation23 MapLocation23
MapLocation116 MapLocation116
MapLocation81 MapLocation81
MapLocation148 MapLocation148
MapLocation198 MapLocation198
MapLocation16 MapLocation16
MapLocation15 MapLocation15
MapLocation14 MapLocation14
MapLocation109 MapLocation109
MapLocation85 MapLocation85
MapLocation70 MapLocation70
MapLocation50 MapLocation50
MapLocation129 MapLocation129
MapLocation42 MapLocation42
MapLocation28 MapLocation164 MapLocation59 MapLocation28
MapLocation107 MapLocation107
MapLocation96 MapLocation96
MapLocation69 MapLocation69
MapLocation13 MapLocation13
MapLocation60 MapLocation60
MapLocation136 MapLocation136
MapLocation104 MapLocation104
MapLocation56 MapLocation145 MapLocation56
MapLocation175 MapLocation175
MapLocation102 MapLocation102
MapLocation123 MapLocation123
MapLocation100 MapLocation36 MapLocation100
MapLocation94 MapLocation94
MapLocation35 MapLocation35
MapLocation119 MapLocation119
MapLocation170 MapLocation4 MapLocation170
MapLocation149 MapLocation149
MapLocation43 MapLocation47 MapLocation43
MapLocation61 MapLocation61
MapLocation121 MapLocation121
MapLocation72 MapLocation72
MapLocation79 MapLocation113 MapLocation79
MapLocation125 MapLocation125
MapLocation86 MapLocation86
MapLocation53 MapLocation53
MapLocation111 MapLocation111
MapLocation118 MapLocation118
MapLocation156 MapLocation156
MapLocation97 MapLocation97
MapLocation154 MapLocation154
MapLocation8 MapLocation8
MapLocation133 MapLocation133
MapLocation153 MapLocation153
MapLocation150 MapLocation150
MapLocation182 MapLocation182
MapLocation20 MapLocation20
MapLocation71 MapLocation71
MapLocation128 MapLocation186 MapLocation128
MapLocation183 MapLocation55 MapLocation183
MapLocation137 MapLocation137
MapLocation122 MapLocation122
MapLocation92 MapLocation92
MapLocation171 MapLocation171
MapLocation105 MapLocation194 MapLocation105
MapLocation135 MapLocation135
MapLocation192 MapLocation192
MapLocation29 MapLocation127 MapLocation29
MapLocation179 MapLocation179
MapLocation166 MapLocation166
MapLocation57 MapLocation32 MapLocation57
MapLocation99 MapLocation99
MapLocation161 MapLocation161
MapLocation76 MapLocation76
MapLocation77 MapLocation77
