MapLocation77 MapLocation55 MapLocation49 MapLocation80 MapLocation65 MapLocation0 MapLocation1 MapLocation2 MapLocation13 MapLocation79 MapLocation68 MapLocation14 MapLocation82 MapLocation6 MapLocation93 MapLocation39 MapLocation17 MapLocation84 MapLocation86 MapLocation61 MapLocation1 MapLocation83 MapLocation74 MapLocation4 MapLocation3 MapLocation91 MapLocation51 MapLocation10 MapLocation24 MapLocation48 MapLocation88 MapLocation85 MapLocation81 MapLocation5 MapLocation2 MapLocation67 MapLocation40 MapLocation8 MapLocation45 MapLocation70 MapLocation97 MapLocation27 MapLocation44 MapLocation0 MapLocation73 MapLocation58 MapLocation66 MapLocation72 MapLocation77
45
MapLocation77 MapLocation77
MapLocation55 MapLocation55
MapLocation49 MapLocation49
MapLocation80 MapLocation80
MapLocation65 MapLocation65
MapLocation0 MapLocation0
MapLocation1 MapLocation1
MapLocation2 MapLocation2
MapLocation13 MapLocation13
MapLocation79 MapLocation20 MapLocation19 MapLocation79
MapLocation68 MapLocation68
MapLocation14 MapLocation14
MapLocation82 MapLocation82
MapLocation6 MapLocation6
MapLocation93 MapLocation93
MapLocation39 MapLocation39
MapLocation17 MapLocation17
MapLocation84 MapLocation84
MapLocation86 MapLocation86
MapLocation61 MapLocation61
MapLocation83 MapLocation83
MapLocation74 MapLocation74
MapLocation4 MapLocation4
MapLocation3 MapLocation3
MapLocation91 MapLocation91
MapLocation51 MapLocation51
MapLocation10 MapLocation10
MapLocation24 MapLocation24
MapLocation48 MapLocation48
MapLocation88 MapLocation88
MapLocation85 MapLocation85
MapLocation81 MapLocation81
MapLocation5 MapLocation5
MapLocation67 MapLocation67
MapLocation40 MapLocation40
MapLocation8 MapLocation8
MapLocation45 MapLocation45
MapLocation70 MapLocation70
MapLocation97 MapLocation97
MapLocation27 MapLocation42 MapLocation27
MapLocation44 MapLocation44
MapLocation73 MapLocation73
MapLocation58 MapLocation37 MapLocation35 MapLocation58
MapLocation66 MapLocation66
MapLocation72 MapLocation72
