86 169 147 138 12 8 23 185 43 92 133 55 132 167 145 63 75 165 180 1 42 11 42 76 78 148 78 76 42 199 15 61 107 81 181 32 114 54 3 19 180 26 9 26 186 139 18 139 112 10 171 7 163 161 180 101 180 126 32 25 46 117 103 71 188 156 190 183 4 130 164 66 60 8 79 30 61 48 12 149 108 188 37 84 62 192 67 22 68 22 128 151 37 3 40 38 20 38 102 158 147 184 147 169 86
59
86 150 125 120
169 169
147 113 91 73 160
138 138
8 8
185 185
92 174 92
55 121
132 132
167 140 146
145 145
63 74 2
75 75
1 1
11 97 5 11
76 76 129
78 116 14 196 198
148 173 148
199 27 199
107 189 107
81 56 157
181 6 181
114 105 94 54 52
19 122 19
26 26 28
9 110 13
139 139
18 41 175 177 51
10 10
7 57 45
163 163
180 53 106
101 152 101
126 126
25 153 64
117 117
71 71
156 156
190 159
183 183
4 179
66 66
60 154 93 87
79 21
30 137 69 30
48 48
12 123
149 149
108 72
84 84
62 89
192 192
22 22
68 100 90 35
151 194 17
38 38
20 82 36
158 158
184 44 184
