110 26 90 103 199 152 64 96 50 56 161 5 83 101 43 123 193 14 170 40 30 94 192 41 121 140 6 51 141 18 19 52 165 22 53 175 1 36 79 149 126 147 107 0 154 28 77 195 99 163 15 67 145 190 138 3 55 39 11 13 160 189 148 74 172 92 169 54 73 47 197 178 176 171 91 132 168 124 81 159 100 60 66 87 85 182 72 110
87
110 110
26 26
90 90
103 103
199 199
152 152
64 64
96 96
50 50
56 56
161 161
5 5
83 83
101 101
43 43
123 123
193 193
14 14
170 170
40 40
30 30
94 76 94
192 192
41 25 20 41
121 121
140 140
6 131 6
51 51
141 141
18 18
19 19
52 52
165 165
22 22
53 53
175 175
1 1
36 36
79 79
149 149
126 126
147 147
107 107
0 0
154 154
28 29 28
77 77
195 195
99 181 99
163 163
15 15
67 67
145 145
190 122 190
138 138
3 127 3
55 55
39 39
11 11
13 142 13
160 160
189 98 189
148 148
74 74
172 172
92 92
169 169
54 54
73 73
47 45 47
197 197
178 178
176 176
171 171
91 91
132 132
168 44 168
124 124
81 81
159 38 159
100 100
60 60
66 66
87 87
85 85
182 182
72 72
