Location0 Location34 Location4 Location12 Location26 Location10 Location24 Location37 Location13 Location7 Location22 Location31 Location33 Location5 Location20 Location9 Location29 Location25 Location14 Location30 Location23 Location17 Location28 Location11 Location40 Location36 Location38 Location6 Location8 Location21 Location56 Location0
30
Location0 Location27
Location34 Location41 Location34
Location4 Location4 Location35
Location12 Location12
Location26 Location15 Location26
Location10 Location10
Location24 Location24
Location37 Location37
Location13 Location13
Location7 Location7
Location22 Location22
Location31 Location31
Location33 Location3 Location33
Location5 Location5
Location20 Location16 Location39 Location20
Location9 Location18 Location9
Location29 Location29
Location25 Location32 Location25
Location14 Location14
Location30 Location30
Location23 Location23
Location17 Location17
Location28 Location28
Location11 Location11
Location40 Location19 Location2 Location40
Location36 Location36
Location38 Location38
Location6 Location6
Location8 Location1 Location8
Location21 Location21
