Location0 Location43 Location19 Location45 Location37 Location2 Location14 Location75 Location33 Location23 Location6 Location24 Location35 Location31 Location1 Location8 Location20 Location21 Location26 Location7 Location4 Location38 Location29 Location25 Location9 Location28 Location10 Location80 Location27 Location112 Location44 Location13 Location101 Location87 Location42 Location18 Location80 Location32 Location105 Location110 Location17 Location39 Location12 Location41 Location30 Location43 Location0
35
Location43 Location43
Location19 Location19
Location45 Location36 Location16 Location23 Location45
Location37 Location37
Location2 Location2
Location14 Location22 Location14
Location33 Location33
Location6 Location6
Location24 Location15 Location24
Location35 Location35
Location31 Location31
Location1 Location1
Location8 Location40 Location8
Location20 Location20
Location21 Location21
Location26 Location26
Location7 Location7
Location4 Location4
Location38 Location38
Location29 Location29
Location25 Location34 Location25
Location9 Location9
Location28 Location28
Location10 Location10
Location27 Location27
Location44 Location44
Location13 Location13
Location42 Location42
Location18 Location18
Location32 Location32
Location17 Location11 Location3 Location17
Location39 Location39
Location12 Location5 Location12
Location41 Location41
Location30 Location30
