1 3 13 16 106 27 26 6 97 36 33 74 150 69 31 68 80 86 116 169 200 2 77 51 2 44 37 2 95 10 55 35 1 81 193 56 198 1 61 92 6 164 53 110 141 174 165 167 184 57 84 60 89 5 138 7 143 162 136 34 42 41 189 20 159 50 2 124 144 156 6 171 177 2 8 87 99 111 130 157 1 133 176 182 2 85 1
74
1 1 70
3 3
13 13
16 16
106 106
27 27
26 26
6 6
97 9 97
36 36
33 58 21 33
74 129 101 88 74
150 150
69 69
31 59 31
68 68
80 80
86 86
116 116
169 169
200 200
77 77
51 51
2 2
44 44
37 37
95 95
10 10
55 55
35 35
81 127 81
193 193
56 56
198 198
61 61
92 92
164 164
53 82 53
110 131 126 102 83 49 110
141 141
174 174
165 165
167 167
184 184
57 57
84 84
60 75 60
89 89
138 138
143 143
162 162
136 136
34 34
42 42
41 161 137 47 41
189 189
20 20
159 159
50 50
124 124
144 144
156 156
171 171
177 177
8 8
87 87
99 99
111 111
130 130
157 157
133 139 133
176 151 140 103 176
182 182
85 85
