clod presto spit presto disseminate presto bowline presto Brooklyn presto Dunlap presto perennial presto sign presto Kingsbury presto vicious presto stateroom presto resurrect presto Dunbar presto furlough presto post presto cur presto Lethe presto anchor presto sneaky presto coincide presto ambiguity presto salmon presto Illinois presto twirly presto servicemen presto ferrite presto Spaulding presto clod
27
presto callus axon Levitt abridge Stratton Barnet decrease bauble onomatopoeia officious linger pundit Hyde syllogistic behalf aide collateral shriek pole Gloria walrus Saskatchewan foxglove objector
spit spit
disseminate disseminate
bowline bowline
Brooklyn Brooklyn
Dunlap Dunlap
perennial perennial
sign sign
Kingsbury Kingsbury
vicious vicious
stateroom stateroom
resurrect resurrect
Dunbar Dunbar
furlough furlough
post post
cur cur
Lethe Lethe
anchor anchor
sneaky sneaky
coincide coincide
ambiguity ambiguity
salmon salmon
Illinois Illinois
twirly twirly
servicemen servicemen
ferrite ferrite
Spaulding Spaulding
