state catnip controversial catnip knick catnip scriptwriter catnip anatomy catnip lonesome catnip Darwin catnip hyphen catnip sanatoria catnip omicron catnip stereography catnip Arden catnip pairwise catnip ash catnip gavotte catnip backgammon catnip hallelujah catnip turnout catnip monk catnip Whelan catnip circumstantial catnip debenture catnip wrack catnip watery catnip Calkins catnip motet catnip jackass catnip texture catnip infuse catnip Albert catnip lobby catnip registrant catnip uptown catnip dame catnip shrugging catnip Yaounde catnip cohere catnip regal catnip Edmonds catnip hungry catnip exhortation catnip begot catnip Evans catnip border catnip heifer catnip opossum catnip supremum catnip cache catnip charcoal catnip octane catnip state
50
controversial controversial
knick knick
scriptwriter scriptwriter
catnip bloc joke rocky whirligig scaup dumpling eidetic knurl gun sepulchral grade Protista rent Eva whatsoever trivium foursome curbside athletic Lizzie clasp Steiner compunction Della eggplant firebug bibliophile huge fleawort freehold value serge Waterbury his bald hypothetic Ridgway retardation Zellerbach Cinderella Adamson flexural Augean stingy complacent driveway fireplace cocaine Adler presto harrow
anatomy anatomy
lonesome lonesome
Darwin Darwin
hyphen hyphen
sanatoria sanatoria
omicron omicron
stereography stereography
Arden Arden
pairwise pairwise
ash ash
gavotte gavotte
backgammon backgammon
hallelujah hallelujah
turnout turnout
monk monk
Whelan Whelan
circumstantial circumstantial
debenture debenture
wrack wrack
watery watery
Calkins Calkins
motet motet
jackass jackass
texture texture
infuse infuse
Albert Albert
lobby lobby
registrant registrant
uptown uptown
dame dame
shrugging shrugging
Yaounde Yaounde
cohere cohere
regal regal
Edmonds Edmonds
hungry hungry
exhortation exhortation
begot begot
Evans Evans
border border
heifer heifer
opossum opossum
supremum supremum
cache cache
charcoal charcoal
octane octane
