Wkkykkf Uvcri Fggo Pbdad Uoxsv Stpm Oaqqs Dytyp Zyh Vxt Ibovih Apylxs Klowqwc Zkrljw Igep Nwecls Zdsg Gzcxjl Zdkju Wtsrwu Dkfelp Wufe Bxrwja Qbflfr Vpsfe Fiv Euw Bwlpsl Kdq Eiotl Tbbiot Pgvrcnl Whbms Wtkwuvz Fuykk Jxdb Olcoaxo Lhwmy Nqwr Wkkykkf
39
Uvcri Uvcri
Fggo Fggo
Pbdad Pbdad
Uoxsv Uoxsv
Stpm Stpm
Oaqqs Oaqqs
Dytyp Dytyp
Zyh Zyh
Vxt Vxt
Ibovih Ibovih
Apylxs Apylxs
Klowqwc Klowqwc
Zkrljw Zkrljw
Igep Igep
Nwecls Nwecls
Zdsg Zdsg
Gzcxjl Gzcxjl
Zdkju Zdkju
Wtsrwu Wtsrwu
Dkfelp Dkfelp
Wufe Wufe
Bxrwja Bxrwja
Qbflfr Qbflfr
Vpsfe Vpsfe
Fiv Fiv
Euw Euw
Bwlpsl Bwlpsl
Kdq Kdq
Eiotl Eiotl
Tbbiot Tbbiot
Pgvrcnl Pgvrcnl
Whbms Whbms
Wtkwuvz Wtkwuvz
Fuykk Fuykk
Jxdb Jxdb
Olcoaxo Olcoaxo
Lhwmy Lhwmy
Nqwr Nqwr
Wkkykkf Nhn
