A0 X4 K2 S2 K1 A1 U2 U6 I5 A2 M0 E1 X3 L5 W6 T3 T2 G6 F3 R3 T5 P6 X1 Z6 X0 P0 C3 M1 E5 O4 Z1 W2 Z3 C6 X2 N1 Y6 A7 S1 O3 K4 R6 F6 Y4 N2 M5 J5 T6 Q6 F0 Z5 A4 B5 M6 A6 X6 G1 R4 C0 D0 L0 M4 Y0 I0 E4 P5 W4 B4 M3 O5 H6 R5 I3 P2 J0 V6 C4 E3 C7 D7 Z4 G4 Q4 J6 G0 J1 F4 G3 Q5 S6 D3 Y3 A0
92
A0 A0
X4 X4
K2 K2
S2 S2
K1 K1
A1 A1
U2 U2
U6 U6
I5 I5
A2 A2
M0 H0 M0
E1 E1
X3 X3
L5 Q0 L5
W6 V2 W6
T3 T3
T2 W5 T2
G6 G6
F3 F3
R3 R3
T5 T5
P6 P6
X1 X1
Z6 Z6
X0 X0
P0 P0
C3 C3
M1 M1
E5 E5
O4 O4
Z1 Z1
W2 W2
Z3 Z3
C6 C6
X2 X2
N1 B2 N1
Y6 Y6
A7 A7
S1 S1
O3 O3
K4 D2 K4
R6 R6
F6 F6
Y4 Y4
N2 N2
M5 M5
J5 J5
T6 T6
Q6 Q6
F0 F0
Z5 Z5
A4 A4
B5 B5
M6 M6
A6 A6
X6 X6
G1 G1
R4 R4
C0 C0
D0 D0
L0 I1 L0
M4 M4
Y0 Y0
I0 I0
E4 E4
P5 P5
W4 W4
B4 B4
M3 M3
O5 O5
H6 H6
R5 R5
I3 I3
P2 P2
J0 J0
V6 V6
C4 C4
E3 E3
C7 C7
D7 D7
Z4 Z4
G4 G4
Q4 Q4
J6 J6
G0 G0
J1 A5 J1
F4 F4
G3 G3
Q5 Q5
S6 S6
D3 D3
Y3 Y3
