142 121 137 48 137 66 106 66 137 135 171 63 171 140 30 139 153 181 18 70 92 9 14 134 52 178 195 158 69 64 122 128 6 103 28 9 33 133 41 152 68 192 150 21 150 192 68 128 75 79 89 85 187 51 3 174 4 46 148 108 160 77 143 90 111 162 155 58 130 193 60 78 186 17 144 151 93 118 38 118 93 151 159 45 8 163 100 163 8 45 159 151 144 17 171 140 126 177 126 140 180 85 187 132 39 132 142
40
121 58 121
137 137
48 76 48
66 44
106 127 106
135 97
63 22 35 63
140 140 129
30 145 30
139 23
181 181
70 70
14 14
178 178
195 195
158 158
69 69
64 64
33 7 133 33
41 41
150 150 141
21 157 21
89 89
3 3 91
174 174
4 4
46 46
108 108
77 77
90 90
60 124 60
186 55 186
151 151 144 167
93 93
38 183 197 38
159 159
8 31
100 34
177 16 177
39 115 39
