5 4 31 39 41 27 11 27 64 14 23 90 91 32 21 1 95 59 75 50 32 91 90 23 14 5 19 20 54 96 59 45 37 22 9 10 9 12 9 22 58 86 109 86 58 22 92 40 36 17 12 25 37 45 59 101 59 75 50 32 73 56 52 143 144 176 180 176 144 143 52 19 33 68 33 5
32
31 31
39 168
27 27 35 57 140
11 113 85
23 23 103
91 91
32 32
21 21
1 177 105 51
95 121
50 50
14 196 63
54 54
96 96
45 45 152
9 9 77
10 160 163
12 191 178
58 58
109 130 109
92 92
36 179
25 183
37 106
59 76 127 126
101 111 104 101
56 102
52 80
176 176
180 194 180
19 169 145
68 155 68
