149 14 68 48 97 57 63 60 19 41 67 50 30 62 86 15 27 95 91 82 77 72 75 59 4 36 2 45 80 20 18 37 44 51 74 23 79 29 43 28 33 66 64 99 55 38 47 8 17 78 53 31 39 87 54 88 71 61 9 46 94 81 70 92 32 73 58 12 65 34 21 56 13 52 49 90 10 5 25 6 11 89 85 83 1 35 42 16 96 76 100 24 149
91
14 14
68 68
48 48
97 97
57 57
63 63
60 60
19 19
41 41
67 67
50 50
30 30
62 62
86 86
15 15
27 27
95 95
91 91
82 82
77 98 77
72 72
75 75
59 59
4 4
36 36
2 2
45 45
80 80
20 20
18 18
37 37
44 44
51 51
74 74
23 23
79 79
29 29
43 43
28 28
33 33
66 66
64 7 64
99 99
55 55
38 22 38
47 47
8 8
17 17
78 78
53 53
31 31
39 39
87 87
54 54
88 88
71 71
61 61
9 9
46 46
94 93 94
81 81
70 70
92 92
32 32
73 73
58 58
12 3 12
65 40 65
34 34
21 21
56 56
13 13
52 52
49 26 49
90 90
10 10
5 5
25 25
6 6
11 11
89 89
85 85
83 83
1 1
35 84 35
42 69 42
16 16
96 96
76 76
100 100
24 24
