myBc2oGXtwQIbhN8LZB1 fpPjeU3Q7Ml0oxbNnONE 6yzFaM9N8M8BsjLACDds yAYyOcL4ZKdEiLdSPQJm RBvtNZMBTgecfVkYzQF0 w5Yg5o0VnYd77fs4XPRL jy3jNWgqegakpFSv6gUm oTKjE2BVS0AvV4XvUeLk e3j3O8zLHFaoF4L54lX4 zWpsWJk9vbOt0JkC0vhz X0l14s0sRXjXSeLRZLOJ j2d1svPUTAqQIDPXwffl lRM59z2yUMoVl3kzgo9u KtbSULrz2h1IxsKP2DHz UMmbOoOKP6EkLMuN70H3 o9aZyqilfPONdyLlpTRX m1eNgjuhkxodElFqqgdb ZhHxBzOYsJAOHrqq4mZM wy0RiFWOddqgqdcatQ9A 9OL9rFCWxsvkui0BnJrR 69TQpRojisYUrVnWqBaA q1ntlEPy5TkjTDK1N7QA fbJ1XhavEsRSCGVVB1U1 olDP1pNg8HxpvCq8TOIJ K674cUKePzN7aRSq4iqU o53aRQwjhcCKlIFPSjvf o2dWBGyrvosFrr6mKxkG jjCSZnB5168QDqTrFROq EY74ASuADSlYlDTJLkL6 uNXUIWejT1w4vLTe7QBt VThEkwdtHmaZ1zsmfh4s ki0pv73E3TweydEr2xMN MrSQPZSbMdgYshneAfKf saIZq3FqZhdVPNoQWmqU qz4O4bOhKA0YZxpN4mu9 C4VxHS7oWghMg001nCqT RpB10dFWsUl9DC779n8X vy2boLWO2lxg10y7uS0y 6X2CNJieZ0I5rs3Wfu65 nmetx4LmU9YBYTmghDrT jHmvxfAZsjs2mCnHbbFf 1ZOzWuPMAgV9noIUn6fI myBc2oGXtwQIbhN8LZB1
41
fpPjeU3Q7Ml0oxbNnONE fpPjeU3Q7Ml0oxbNnONE
6yzFaM9N8M8BsjLACDds 6yzFaM9N8M8BsjLACDds
yAYyOcL4ZKdEiLdSPQJm yAYyOcL4ZKdEiLdSPQJm
RBvtNZMBTgecfVkYzQF0 RBvtNZMBTgecfVkYzQF0
w5Yg5o0VnYd77fs4XPRL w5Yg5o0VnYd77fs4XPRL
jy3jNWgqegakpFSv6gUm jy3jNWgqegakpFSv6gUm
oTKjE2BVS0AvV4XvUeLk oTKjE2BVS0AvV4XvUeLk
e3j3O8zLHFaoF4L54lX4 5f6BSghRQWi4UfjviKjn e3j3O8zLHFaoF4L54lX4
zWpsWJk9vbOt0JkC0vhz zWpsWJk9vbOt0JkC0vhz
X0l14s0sRXjXSeLRZLOJ 1GbSD7rTlpNb4qV46SKR X0l14s0sRXjXSeLRZLOJ
j2d1svPUTAqQIDPXwffl j2d1svPUTAqQIDPXwffl
lRM59z2yUMoVl3kzgo9u bVCSBWLjvEmxQEUvDzc4 lRM59z2yUMoVl3kzgo9u
KtbSULrz2h1IxsKP2DHz KtbSULrz2h1IxsKP2DHz
UMmbOoOKP6EkLMuN70H3 UMmbOoOKP6EkLMuN70H3
o9aZyqilfPONdyLlpTRX o9aZyqilfPONdyLlpTRX
m1eNgjuhkxodElFqqgdb m1eNgjuhkxodElFqqgdb
ZhHxBzOYsJAOHrqq4mZM ZhHxBzOYsJAOHrqq4mZM
wy0RiFWOddqgqdcatQ9A wy0RiFWOddqgqdcatQ9A
9OL9rFCWxsvkui0BnJrR 9OL9rFCWxsvkui0BnJrR
69TQpRojisYUrVnWqBaA 69TQpRojisYUrVnWqBaA
q1ntlEPy5TkjTDK1N7QA q1ntlEPy5TkjTDK1N7QA
fbJ1XhavEsRSCGVVB1U1 fbJ1XhavEsRSCGVVB1U1
olDP1pNg8HxpvCq8TOIJ olDP1pNg8HxpvCq8TOIJ
K674cUKePzN7aRSq4iqU K674cUKePzN7aRSq4iqU
o53aRQwjhcCKlIFPSjvf o53aRQwjhcCKlIFPSjvf
o2dWBGyrvosFrr6mKxkG SUNxIlWVwIvWYg6OTKeH o2dWBGyrvosFrr6mKxkG
jjCSZnB5168QDqTrFROq jjCSZnB5168QDqTrFROq
EY74ASuADSlYlDTJLkL6 EY74ASuADSlYlDTJLkL6
uNXUIWejT1w4vLTe7QBt uNXUIWejT1w4vLTe7QBt
VThEkwdtHmaZ1zsmfh4s LJTA7Za5kd0YC7vjiAyc VThEkwdtHmaZ1zsmfh4s
ki0pv73E3TweydEr2xMN ki0pv73E3TweydEr2xMN
MrSQPZSbMdgYshneAfKf GvRFaXYJvrU5PAeeG88T MrSQPZSbMdgYshneAfKf
saIZq3FqZhdVPNoQWmqU saIZq3FqZhdVPNoQWmqU
qz4O4bOhKA0YZxpN4mu9 qz4O4bOhKA0YZxpN4mu9
C4VxHS7oWghMg001nCqT lYkJhGqsFKbDklNelAfr C4VxHS7oWghMg001nCqT
RpB10dFWsUl9DC779n8X RpB10dFWsUl9DC779n8X
vy2boLWO2lxg10y7uS0y vy2boLWO2lxg10y7uS0y
6X2CNJieZ0I5rs3Wfu65 6X2CNJieZ0I5rs3Wfu65
nmetx4LmU9YBYTmghDrT nmetx4LmU9YBYTmghDrT
jHmvxfAZsjs2mCnHbbFf 4jo8IXw984NR3wvT2Dr9 jHmvxfAZsjs2mCnHbbFf
1ZOzWuPMAgV9noIUn6fI FMx2ghinkTg3bXUUbaTx 1ZOzWuPMAgV9noIUn6fI
