PlmPdVeiiHQg3JYZCDWt qOK6WPKQJA4Q9XqXgSgT CofLnw0Ss4pVGWmPS5oO cUanhOambcNkocePqfvx KOLHrmR3FKDMdl4SYdK9 g0ywcwildP9K6oBendJq iFXIyHTPBX7ivXxsV1VM VXU331oDUcuzaGGUYIl9 ANdko3dYAy7a2BOq7wpm uaR7l3Qhn4FRAnSeVURz GzSNGBn4EPemDLEWXNxx 4S2YiI3VYPKghkl95iqK EVtx7khff7Fs8yuuQKJx nKDJ3ylOzub2eWcHnAhq a06qeiApctGnC1GMtGuJ XdyhPab6W9wOZnKLq1fq 9zoM12ZWjXrKaszveCQH o85TEEBuzMbePdf5cbCv ML4pCjYl4gPEwSnvlRaD E59siIyngnj5PIsLeowv RuUdtXtfFCKpaLUcmsqg PWUaVYPeofxjJdT472wG 4QLswP82Wvxw9Z42obzh IxWh6LSiXwGUWSx9VJ39 NXYVlLN4oRDZThND0BmP dvxgUZzwjHAP85QpElWp DF1KTiOHBIkswyjh8uB1 W9TKm0U6bNDZ1Aok7hNH Vh6ScHVb39wz7CmKwIuA hZHynIvymuQxD6BftzWt KjQNU2EAAYEZSeJWPxLM 2chOacZ5nNYuf6eeGFSW kwA1qrRggH9YLKcVfIe5 kaVGl3oG0Ulg2MgkbJB8 3rqlQRwe5izypHjXjWla jVItWJkETNqrkY47Hghp YFXFh0nBpGYXfL8mfny3 EY9cQTmyqhrzeZsobQa5 JakuJordFcO229c3L5ct AmAHnr1XXkPpwJ6DUDIO 1tmkPhHujDQhTmW4oV7S WsVMGV8yZisK6ojnqzBE Osa2UT4anhyBl7doUFs5 SNmFiRdCmf8vg1yMqr30 E8pbRn7LIeWnB3swkYzz dsndgEJWfBsFA2I3Hgqf 3M9YkxmgHhrzhCgskWR0 zforAf5jhSPEL0aOiCeo 7yt9hKqOEGabqtqIEmdH q4nqG9N45SSRxndw48Xl LXqfTqJggDSh6mykPyz3 060q0aISPODkGeAbYbQ6 ukPtLY7YueARRkX8hPaS 7qCgmo7DrrfnVQIWnbiV 1wRG7TNgo9ui6iZBLuaw 2Cz4Y4eG1XIezf9qpdQl 48BAUsycKlkSkbOjYLFN tX1uDaXm9hMlEKqU7m9j nsq4rhHWMCaIVcah5fcd Zzs5CIqF9Ll2avkxI78N MEVVMgbTLIgXdG4vAbeX N5YDsCDN1lKguyHbn4Zb Tr6dOTuKB3EM5juuJxqy C6w7afZujemehEooILjN MSj6zOuZ0EoAKjP4wXXW x5UVX06335fM5pfCNBMU Dwi7fYT8wa9I4Kzyto4Y EkRPPDhcu5ww6XulSOgx eUyNsK7nwP1YPac54CbU U7iVliqmXRkLwyPSNdfv ChEnlTNCMoqxBfyzEzW7 zvH9G6FQ1xC7CVezs43e YmmIBqqdn3Z6PuFXWNHi YIxKvTpWMaQKGFtD5BDH k8LvqKsQ4ejh0bCWs4fP 1JawjZrawLlOCGN1EB0O 804aK8wEArkuheeUiB4R 6WGzUhXeOltLDbkIvTzq WZsO2i9GZwvMYoV9SyKS JWIkMKKlAG6fUoRVxKKI 8RfB73Lw8C9LbSwIxA9Q GUntLlYA0xo9Vk4WLTLV gdO0wiBlQ8wFbeNyGtx5 iwJGcbQH2bifG6D82Iel yD8JCRUWcVAZxJ4ZDldr xcisI0PJDdG9nIuyj3IS m1A3pMC42PQioFziqK5C uNMLlt0W1KUwk2d6EP98 VuvjJGf6deKVAQ0JUD4i TpLamlzpT6GwerxzVsxr PIekFeWZsA6etqyFB2SF UkqILZ2p4EbRuMBIrGXp irZyMKazQALnyfoOCtbL PlmPdVeiiHQg3JYZCDWt
92
qOK6WPKQJA4Q9XqXgSgT qOK6WPKQJA4Q9XqXgSgT
CofLnw0Ss4pVGWmPS5oO CofLnw0Ss4pVGWmPS5oO
cUanhOambcNkocePqfvx cUanhOambcNkocePqfvx
KOLHrmR3FKDMdl4SYdK9 KOLHrmR3FKDMdl4SYdK9
g0ywcwildP9K6oBendJq g0ywcwildP9K6oBendJq
iFXIyHTPBX7ivXxsV1VM cYMPcE5UNSzOtkRY62gr iFXIyHTPBX7ivXxsV1VM
VXU331oDUcuzaGGUYIl9 VXU331oDUcuzaGGUYIl9
ANdko3dYAy7a2BOq7wpm ANdko3dYAy7a2BOq7wpm
uaR7l3Qhn4FRAnSeVURz uaR7l3Qhn4FRAnSeVURz
GzSNGBn4EPemDLEWXNxx GzSNGBn4EPemDLEWXNxx
4S2YiI3VYPKghkl95iqK 4S2YiI3VYPKghkl95iqK
EVtx7khff7Fs8yuuQKJx EVtx7khff7Fs8yuuQKJx
nKDJ3ylOzub2eWcHnAhq nKDJ3ylOzub2eWcHnAhq
a06qeiApctGnC1GMtGuJ a06qeiApctGnC1GMtGuJ
XdyhPab6W9wOZnKLq1fq XdyhPab6W9wOZnKLq1fq
9zoM12ZWjXrKaszveCQH 9zoM12ZWjXrKaszveCQH
o85TEEBuzMbePdf5cbCv o85TEEBuzMbePdf5cbCv
ML4pCjYl4gPEwSnvlRaD ML4pCjYl4gPEwSnvlRaD
E59siIyngnj5PIsLeowv WErk2X2lm629vuxPHVtl E59siIyngnj5PIsLeowv
RuUdtXtfFCKpaLUcmsqg RuUdtXtfFCKpaLUcmsqg
PWUaVYPeofxjJdT472wG PWUaVYPeofxjJdT472wG
4QLswP82Wvxw9Z42obzh 4QLswP82Wvxw9Z42obzh
IxWh6LSiXwGUWSx9VJ39 IxWh6LSiXwGUWSx9VJ39
NXYVlLN4oRDZThND0BmP NXYVlLN4oRDZThND0BmP
dvxgUZzwjHAP85QpElWp dvxgUZzwjHAP85QpElWp
DF1KTiOHBIkswyjh8uB1 DF1KTiOHBIkswyjh8uB1
W9TKm0U6bNDZ1Aok7hNH W9TKm0U6bNDZ1Aok7hNH
Vh6ScHVb39wz7CmKwIuA Vh6ScHVb39wz7CmKwIuA
hZHynIvymuQxD6BftzWt hZHynIvymuQxD6BftzWt
KjQNU2EAAYEZSeJWPxLM KjQNU2EAAYEZSeJWPxLM
2chOacZ5nNYuf6eeGFSW 2chOacZ5nNYuf6eeGFSW
kwA1qrRggH9YLKcVfIe5 kwA1qrRggH9YLKcVfIe5
kaVGl3oG0Ulg2MgkbJB8 kaVGl3oG0Ulg2MgkbJB8
3rqlQRwe5izypHjXjWla 3rqlQRwe5izypHjXjWla
jVItWJkETNqrkY47Hghp jVItWJkETNqrkY47Hghp
YFXFh0nBpGYXfL8mfny3 YFXFh0nBpGYXfL8mfny3
EY9cQTmyqhrzeZsobQa5 EY9cQTmyqhrzeZsobQa5
JakuJordFcO229c3L5ct JakuJordFcO229c3L5ct
AmAHnr1XXkPpwJ6DUDIO AmAHnr1XXkPpwJ6DUDIO
1tmkPhHujDQhTmW4oV7S BWhyt9wATIprZDhzxwVv 1tmkPhHujDQhTmW4oV7S
WsVMGV8yZisK6ojnqzBE WsVMGV8yZisK6ojnqzBE
Osa2UT4anhyBl7doUFs5 Osa2UT4anhyBl7doUFs5
SNmFiRdCmf8vg1yMqr30 SNmFiRdCmf8vg1yMqr30
E8pbRn7LIeWnB3swkYzz E8pbRn7LIeWnB3swkYzz
dsndgEJWfBsFA2I3Hgqf dsndgEJWfBsFA2I3Hgqf
3M9YkxmgHhrzhCgskWR0 3M9YkxmgHhrzhCgskWR0
zforAf5jhSPEL0aOiCeo zforAf5jhSPEL0aOiCeo
7yt9hKqOEGabqtqIEmdH yKQw7YXCNsthb1VWEFur 7yt9hKqOEGabqtqIEmdH
q4nqG9N45SSRxndw48Xl q4nqG9N45SSRxndw48Xl
LXqfTqJggDSh6mykPyz3 LXqfTqJggDSh6mykPyz3
060q0aISPODkGeAbYbQ6 060q0aISPODkGeAbYbQ6
ukPtLY7YueARRkX8hPaS ukPtLY7YueARRkX8hPaS
7qCgmo7DrrfnVQIWnbiV 7qCgmo7DrrfnVQIWnbiV
1wRG7TNgo9ui6iZBLuaw 1wRG7TNgo9ui6iZBLuaw
2Cz4Y4eG1XIezf9qpdQl 2Cz4Y4eG1XIezf9qpdQl
48BAUsycKlkSkbOjYLFN 48BAUsycKlkSkbOjYLFN
tX1uDaXm9hMlEKqU7m9j NA24XhOMsROCBnUViAJT tX1uDaXm9hMlEKqU7m9j
nsq4rhHWMCaIVcah5fcd nsq4rhHWMCaIVcah5fcd
Zzs5CIqF9Ll2avkxI78N Zzs5CIqF9Ll2avkxI78N
MEVVMgbTLIgXdG4vAbeX MEVVMgbTLIgXdG4vAbeX
N5YDsCDN1lKguyHbn4Zb ELEJN8tWDJT7mLhCdqW3 N5YDsCDN1lKguyHbn4Zb
Tr6dOTuKB3EM5juuJxqy Tr6dOTuKB3EM5juuJxqy
C6w7afZujemehEooILjN C6w7afZujemehEooILjN
MSj6zOuZ0EoAKjP4wXXW MSj6zOuZ0EoAKjP4wXXW
x5UVX06335fM5pfCNBMU x5UVX06335fM5pfCNBMU
Dwi7fYT8wa9I4Kzyto4Y Dwi7fYT8wa9I4Kzyto4Y
EkRPPDhcu5ww6XulSOgx EkRPPDhcu5ww6XulSOgx
eUyNsK7nwP1YPac54CbU eUyNsK7nwP1YPac54CbU
U7iVliqmXRkLwyPSNdfv U7iVliqmXRkLwyPSNdfv
ChEnlTNCMoqxBfyzEzW7 ChEnlTNCMoqxBfyzEzW7
zvH9G6FQ1xC7CVezs43e zvH9G6FQ1xC7CVezs43e
YmmIBqqdn3Z6PuFXWNHi YmmIBqqdn3Z6PuFXWNHi
YIxKvTpWMaQKGFtD5BDH 76b3evP8JEiQ8c6jd2b5 YIxKvTpWMaQKGFtD5BDH
k8LvqKsQ4ejh0bCWs4fP k8LvqKsQ4ejh0bCWs4fP
1JawjZrawLlOCGN1EB0O 1JawjZrawLlOCGN1EB0O
804aK8wEArkuheeUiB4R 804aK8wEArkuheeUiB4R
6WGzUhXeOltLDbkIvTzq 6WGzUhXeOltLDbkIvTzq
WZsO2i9GZwvMYoV9SyKS WZsO2i9GZwvMYoV9SyKS
JWIkMKKlAG6fUoRVxKKI JWIkMKKlAG6fUoRVxKKI
8RfB73Lw8C9LbSwIxA9Q 8RfB73Lw8C9LbSwIxA9Q
GUntLlYA0xo9Vk4WLTLV GUntLlYA0xo9Vk4WLTLV
gdO0wiBlQ8wFbeNyGtx5 gdO0wiBlQ8wFbeNyGtx5
iwJGcbQH2bifG6D82Iel iwJGcbQH2bifG6D82Iel
yD8JCRUWcVAZxJ4ZDldr yD8JCRUWcVAZxJ4ZDldr
xcisI0PJDdG9nIuyj3IS xcisI0PJDdG9nIuyj3IS
m1A3pMC42PQioFziqK5C m1A3pMC42PQioFziqK5C
uNMLlt0W1KUwk2d6EP98 uNMLlt0W1KUwk2d6EP98
VuvjJGf6deKVAQ0JUD4i VuvjJGf6deKVAQ0JUD4i
TpLamlzpT6GwerxzVsxr TpLamlzpT6GwerxzVsxr
PIekFeWZsA6etqyFB2SF PIekFeWZsA6etqyFB2SF
UkqILZ2p4EbRuMBIrGXp nyd0fM2XE4qmli1xfIwr UkqILZ2p4EbRuMBIrGXp
irZyMKazQALnyfoOCtbL irZyMKazQALnyfoOCtbL
