xse rsg dkp nsw ils jfh qjf uwo bod yug qkp qdw zkt tdu nbk ukv nii ljd gex pjf qxs byu ttw ptu uau svk agh nry cun nhi vzr fyc qbf wiy emz vmt uuw kxn fin dgl adx vlb fgp xjt ceo tlh ksg nko fbk vmv fjy bnl mti svk ruo hmi vtd aeg xeh zks rjv xmg nvz lvm fia nmf fhv xme vwg nwc xnr khu ikb pvs fzi lwk nfr lrj bdh rtc txq igs qwk wbg njg ocp ogh bod krr kgl miy hcr kfu ckx loj uok cen ego weo ybr jam phg zud ask xse
90
rsg rsg
nsw nsw
ils ils
jfh jfh
qjf tko qjf
uwo uwo
bod bod
yug yug
qdw qdw
zkt zkt
tdu tdu
ukv ukv
nii nii
ljd tso ljd cma
gex gex
pjf wyg pjf
qxs qxs
byu byu
ttw bda ttw
ptu ptu
uau uau
svk svk
nry nry
cun cun
nhi nhi
vzr jgt vzr
fyc fyc
qbf qbf
wiy wiy
emz emz
vmt vmt
uuw uuw
kxn kxn
fin fin
dgl dgl
adx adx
vlb mok
fgp fgp
xjt xjt
tlh tlh
ksg ksg
nko nko
fbk fbk
vmv vmv
fjy kpp fjy
bnl bnl
mti vvn mti
ruo ruo
hmi hmi
vtd vtd
aeg aeg
xeh xeh
rjv idv rjv
nvz nvz
lvm lvm
fia fia
nmf nmf
fhv fhv
xme xme
vwg vwg
nwc nwc
khu khu
ikb ikb
pvs pvs
fzi fzi
lwk lwk
nfr nfr
lrj lrj
bdh bdh
rtc rtc
txq txq
igs aii
qwk hpx
wbg wbg
ocp ocp
ogh ogh
krr krr
miy miy
hcr hcr
kfu kfu
ckx ckx
loj loj
uok uok
cen cen
ego ego
ybr ybr
jam jam
phg phg
zud zud
ask zdb
