azv oqv xie hyb ijd dqy jwx brw cwq cim gei wcd hob pzr hwc hlc qzx uua rcw cvb vxn rfl uyd rov zuz lmh ivp hcc ryg jvc qzx sau txp ufa cib mpw boc scm aur hsi cwq gcw ipq yfq ncc vfq kxx mis eqa mtd yvc hip yiy azv
46
azv azv
oqv rti oqv
xie xie
hyb hyb
ijd ovx ijd
dqy dqy
jwx jwx
brw brw
cwq cwq
cim cim
gei ctf gei
wcd wcd
pzr pzr
hwc hwc
hlc hlc
qzx qzx
uua uua
rcw rcw
vxn vxn
rfl rfl
uyd gfr uyd
rov rov
zuz zuz
lmh lmh
ivp ivp
hcc hcc
jvc jvc
sau sau
ufa ufa
cib cib
mpw mpw
boc boc
scm scm
aur aur
hsi hsi
gcw gcw
ipq ipq
yfq yfq
ncc ncc
vfq vfq
mis mis
eqa eqa
mtd mtd
yvc yvc
hip hip
yiy yiy
