zMnoKpsz12d1Y6CixoCL hdXOmxRAbu0HN40emwgb LdDKuyalK5FXEd1h8XJt kHWDWFJURX8TBbDnLSlR B56U06r3nz3RZaXVmiK2 kHWDWFJURX8TBbDnLSlR M3MAG2lM6nUmTjQ3nD4D GhNWfyijkz8OKJbptIGO kHWDWFJURX8TBbDnLSlR hzqXRQPGO5tnMpQYDdxn UkKARQyd3ZxfrQwOeW0R g6l3PryZJRSAXJGUyq22 fat0ktgmwPXvqLhmWfJ0 YqOJXOtRcgzFFRGKRutM RIRtIJewArUY7i7A6OEl jS5XJP3bXemMgWyvfsmt dakEfF8eF1B4IYsSGGLe oJor9EUgXhaXPDmChml7 dakEfF8eF1B4IYsSGGLe RIRtIJewArUY7i7A6OEl 5jE3DcSbPJWRITx0u2Kf TuA4wNSOMjTMUxZ5fZWx OcyqfDTyG7wfT1rvpitz hH5yU5IgxmmStVnXEBJ1 FwLnZPETaUkrkp7dE0hH RIRtIJewArUY7i7A6OEl JOo21iuZtHvP9sSModQZ e7oVwvEXzQVG9DeK8uQS BVbv363irLjfCXrWQjqn IcoYVabhkC8yNYJgy44V WCUwzDEkBlRrgSeSv9vv 50qWynRev5CSErzk8Yih YqOJXOtRcgzFFRGKRutM QHym2s92VJ8ycxMeFawz ybqDdUoaPknlNwzZFeto 1Tm2BSSz9mj8o3m9o0TB tXtX3vcLWOYDJBh3QgZt WErCaTW8MMgw3ZAta1gT zMnoKpsz12d1Y6CixoCL
27
kHWDWFJURX8TBbDnLSlR dUDrtIP8WIldh2FT7uba W8ft2Hcg1VXPVNTpprS3 mTYxpEwVJTp369cmBN7S
B56U06r3nz3RZaXVmiK2 Y0dqIYSR4P9Br1Cq3f9U MyPRIiIVlLarPoP5nZfy xBNbU9Yu51mQvClxjQdr
M3MAG2lM6nUmTjQ3nD4D PrzulPuk0tqiNKmdjp0X z2nBS9pweVYpDmW0fMRS GfpGWz1SaDeisCQVEJrI
GhNWfyijkz8OKJbptIGO EvdCmEq3CXPDtnZYkiVu VxRxz5foWagBafuSz1m4 lcq8BXTLE4WDnj4JF3yo
hzqXRQPGO5tnMpQYDdxn 8s4ukhLgGBoor0D87KUr bclRgmmOqfg3PHQz06qB XKYNaFpYuIx7Zx7vNANa
UkKARQyd3ZxfrQwOeW0R OMLAPgVr1RosMrpENk9K JKKWZrMfMDLTYQt6t5Ap u91JdIwHTd2zumpXCvmK
g6l3PryZJRSAXJGUyq22 2DqN6NYyebkVczAnrbNI Armxs904ujfdAYn9LtOF RvFA5khunRjN3Z7dmUKr
fat0ktgmwPXvqLhmWfJ0 mNuLv0WHsIRpWEdSUREd mUERvxQcAO2XlgBTPRGA qSLkk45Evo68Y4JhMUq7
YqOJXOtRcgzFFRGKRutM Ryx97mzVLWHytqmLAKlJ JPD2uBroiElzO4z72vhQ HAc1Ylu9mrUmnheKISnK
RIRtIJewArUY7i7A6OEl szEChRtMF49nUq5i634G FqxzURcIHYyg2FOpiXCN cthtNVKVABeolrPabegT
jS5XJP3bXemMgWyvfsmt Vv2apUMOUSvB9J5u8yJr CcIlGrru613gqyngyuYo ZSg6FSZaRCTLmeHoLgMI
dakEfF8eF1B4IYsSGGLe yE3wNgUIJB0oZwUjLCMo 9XhdonQsTDmLQknJ4xeP YIAlamFOfZeHd5qDll32
oJor9EUgXhaXPDmChml7 C3qGKxHtliSTI7oOnHoB TzlCRBgA0Q2cCjETm7Vx FDT7h4JKMRWa9fcDNmXs
5jE3DcSbPJWRITx0u2Kf oougNPfNRCSRCWJrOUlb 9q9h29089dBsNERnjXsd gM8AHyLc0ZjUxmDMuXzJ NieXnWTTyXxCRp5CSl0i
TuA4wNSOMjTMUxZ5fZWx JzMVZjOikutQZg00S8wX jdgXkfbupFQ0XUNJEyvU WdpiLe9uZpnuS9WMphYw
OcyqfDTyG7wfT1rvpitz uqAmYQiu3O0THeAaPzKH sNJuS4R6b6KAUX5QI4md G6KTAOxQU8MNiSLazU1t
hH5yU5IgxmmStVnXEBJ1 Y2BEa9hp0T63SlTWXenG 3mTCmcCkVhhFn533BM03
FwLnZPETaUkrkp7dE0hH 9c21VhIQJbtu6kG4NZT4 KBGTLYOWLSviflcWwd9y ZvocIzADG7dBR58wmnu8
JOo21iuZtHvP9sSModQZ T7hLF9jTtc4htoAH0PWD oDA5VKbLZuTPP2ZEB14d
e7oVwvEXzQVG9DeK8uQS olgHJpCT79b6HED7FUWa bUGtOHLCdzsNiRxcLtaT ARorC1kPdEun4czh3dmX
BVbv363irLjfCXrWQjqn QmCq2RCVgnssPOgSwAr8 34ScKN0pHkNmnxdkoIOC MDHuBmBbeFOGqzpuNmVz nfdt04yvrwrpPVPzIy2c
IcoYVabhkC8yNYJgy44V U8fsnzMIN4aMdzToihTq GaG5DAqLVuTD09GfUl6l dBvruVRsFq4ihmzPj7nf
WCUwzDEkBlRrgSeSv9vv 15e7umNMnawEegsOhkYh ofmz95sRAyIS0ShQndvb 5cjkSqVe5mFfFhCgwe8r
50qWynRev5CSErzk8Yih QTgsp1BfPDsixeeH6QUT Vkpfkc0JUDpakJkZipKD 3fQHkf8pseCy7Ys4Kez5
QHym2s92VJ8ycxMeFawz QFT8yfDPa0xDNdRMchX3 pkPHvGrHHriGlmiL3mRW KP4zLIZ5LMWJ6mkRn6BX
ybqDdUoaPknlNwzZFeto z6gtkXCB2ntSiYsjrque WELPo1XEQnG4JejlB13A FHGlzd4VlMUVjTba9Qjm
1Tm2BSSz9mj8o3m9o0TB 07iKiKtYzy9bLoKUo0ve 5VNO6t8qAcR3d5jJgfi4 ZcpnIKUrL8i4GzxAolZX
