Potrero Meyers Calaveras Clayton Ida Woffard Ames Santa Richvale Carmel Laguna All 18th Balsdon Smoke Banning Linden Warner Merced Woffard Banning Boulevard Brookdale Oceanside Chinese Fremont Woffard Hume Potrero
23
Potrero Potrero
Meyers Meyers
Calaveras Calaveras
Clayton Clayton
Ida Ida
Ames Laguna Ames
Santa Santa
Richvale Richvale
Carmel Carmel
All All
18th 18th
Balsdon Fiorini Balsdon
Smoke Smoke
Linden Linden
Warner Warner
Merced Merced
Woffard Woffard
Banning Banning
Boulevard Boulevard
Oceanside Oceanside
Chinese Chinese
Fremont Fremont
Hume Hume
