Encanto All Welden Yurok Granite Woodbridge Vernon Green Santa Cypress Forest Shafter Vista Ames Alpaugh Calaveras Mount Warner Cabbage Balsdon Smoke Jane Woffard Laguna Los Calaveras Willow Balsdon Beach Sherman Moccasin City Bonita Cherokee Clayton Presidio Glencoe McAuley Riverside Homestead Calaveras Two Oildale Kentfield Pumpkin Brookdale Encanto
39
Encanto Encanto
All All
Welden Banning Welden
Yurok Yurok
Granite Granite
Woodbridge Woodbridge
Vernon Delta Garden Vernon
Green Green
Santa Quail Santa
Cypress Elmira Cypress
Forest Forest
Shafter Shafter
Vista Vista
Ames Ames
Alpaugh Alpaugh
Mount Mount
Warner Warner
Cabbage Cabbage
Smoke Costa Smoke
Jane Jane
Woffard Woffard
Laguna Laguna
Los Los
Willow Willow
Beach Kern Ramona Beach
Sherman Chinese Sherman
Moccasin Moccasin
City City
Bonita Richvale Bonita
Cherokee Cherokee
Clayton Clayton
Presidio Presidio
Glencoe Glencoe
McAuley McAuley
Riverside Foothills Riverside
Homestead Homestead
Two Two
Kentfield Kentfield
Pumpkin Pumpkin
