Vernon Anaheim Industrial Helm Del Clayton Hoffman Kaiser Crestmont Beach California Rowland Cudahy Santa Bangor Saint Smith Civic Potrero Grasslands Marshall Industry Warner Parchester Quail Terra Bakersfield Castle Bell Brundage Winterhaven Bodad Richvale Le Rough Ramona Downtown Davenport Huron Cerro Temecula Pacheco Glencoe Bradley Blue Three Sunny Chittenden Costa Portola Fullerton Balboa South Castle Tijuana Manker Cressey Calaveras Sacramento Smoke Lake Stockdale Robertsville Portola Buena Coddingtown Escalon City Escondido Delta Veterans Fiorini Yurok Garcia Collins Mecca Flinn Dulzura Roseland Presidio Carnelian Woody Pleasant Cambridge Sulpizio Timbuctoo Antelope Alamo Portola Vernon
83
Anaheim Anaheim
Industrial Industrial
Helm Helm
Del Del
Clayton Clayton
Hoffman Wallace Hoffman
Kaiser Kaiser
Crestmont Louis Crestmont
Beach Beach
California California
Rowland Portola Rowland
Cudahy Cudahy
Santa Sherman Santa
Bangor Bangor
Saint Saint
Smith Smith
Civic Civic
Potrero Potrero
Grasslands Grasslands
Marshall Marshall
Industry Industry
Warner Warner
Parchester Parchester
Quail Quail
Terra Terra
Bakersfield Bakersfield
Bell Forbestown Bell
Brundage Cypress Capuchino Brundage
Winterhaven Winterhaven
Bodad Bodad
Richvale Richvale
Le Le
Rough Rough
Ramona Ramona
Downtown Downtown
Davenport Davenport
Huron Huron
Cerro Cerro
Temecula Temecula
Pacheco Pacheco
Glencoe Glencoe
Bradley Bradley
Blue Bonny Blue
Three Three
Sunny Strawberry Sunny
Chittenden Fox Armstrong Chittenden
Costa Costa
Fullerton Fullerton
Balboa Balboa
South South
Castle Ritter
Tijuana Tijuana
Manker Moores Manker
Cressey Hammer Cressey
Calaveras Calaveras
Sacramento Cabbage Sacramento
Smoke Smoke
Lake Lake
Stockdale All Stockdale
Robertsville Robertsville
Buena Yankee Buena
Coddingtown Donner Coddingtown
Escalon Escalon
Escondido Escondido
Delta Delta
Veterans Veterans
Fiorini Fiorini
Yurok Yurok
Garcia Garcia
Collins Collins
Mecca Mecca
Flinn Flinn
Dulzura Dulzura
Roseland Roseland
Presidio Presidio
Woody Woody
Pleasant Pleasant
Cambridge Cambridge
Sulpizio Sulpizio
Timbuctoo Timbuctoo
Antelope Antelope
Alamo Alamo
Portola Carmel
