loc0 loc77 loc1 loc91 loc37 loc27 loc31 loc67 loc99 loc47 loc55 loc41 loc97 loc65 loc7 loc85 loc17 loc57 loc81 loc71 loc5 loc21 loc69 loc61 loc11 loc9 loc33 loc75 loc43 loc95 loc63 loc0 loc87 loc39 loc3 loc45 loc53 loc51 loc0 loc79 loc15 loc19 loc83 loc0
41
loc0 loc73
loc77 loc77
loc1 loc1
loc91 loc93 loc91
loc37 loc37
loc27 loc27
loc31 loc31
loc67 loc67
loc99 loc99
loc47 loc47
loc55 loc55
loc41 loc49 loc41
loc97 loc97
loc65 loc65
loc7 loc29 loc7
loc85 loc85
loc17 loc35 loc17
loc57 loc57
loc81 loc81
loc71 loc71
loc5 loc5
loc21 loc25 loc21
loc69 loc59 loc69
loc61 loc61
loc11 loc11
loc9 loc89 loc23 loc9
loc33 loc33
loc75 loc75
loc43 loc43
loc95 loc95
loc63 loc63
loc87 loc87
loc39 loc39
loc3 loc3
loc45 loc45
loc53 loc53
loc51 loc51
loc79 loc79
loc15 loc15
loc19 loc13 loc19
loc83 loc83
