loc0 loc51 loc87 loc5 loc83 loc15 loc89 loc39 loc151 loc43 loc173 loc17 loc21 loc35 loc115 loc41 loc101 loc149 loc147 loc161 loc9 loc119 loc49 loc81 loc23 loc3 loc121 loc1 loc55 loc171 loc199 loc155 loc37 loc53 loc107 loc69 loc19 loc167 loc137 loc127 loc75 loc11 loc0 loc185 loc85 loc61 loc31 loc91 loc187 loc197 loc95 loc97 loc29 loc177 loc33 loc77 loc47 loc105 loc99 loc93 loc73 loc133 loc113 loc1 loc179 loc181 loc141 loc163 loc27 loc131 loc143 loc139 loc135 loc2 loc183 loc25 loc65 loc153 loc2 loc193 loc63 loc0 loc159 loc195 loc169 loc117 loc175 loc129 loc7 loc189 loc109 loc103 loc79 loc0
89
loc0 loc45
loc51 loc51
loc87 loc87
loc5 loc5
loc83 loc83
loc15 loc15
loc89 loc89
loc39 loc39
loc151 loc151
loc43 loc43
loc173 loc173
loc17 loc67 loc17
loc21 loc21
loc35 loc35
loc115 loc115
loc41 loc41
loc101 loc101
loc149 loc149
loc147 loc125 loc147
loc161 loc161
loc9 loc9
loc119 loc119
loc49 loc49
loc81 loc81
loc23 loc23
loc3 loc3
loc121 loc121
loc1 loc1
loc55 loc55
loc171 loc171
loc199 loc199
loc155 loc155
loc37 loc37
loc53 loc53
loc107 loc59 loc107
loc69 loc69
loc19 loc145 loc19
loc167 loc167
loc137 loc137
loc127 loc127
loc75 loc75
loc11 loc11
loc185 loc111 loc13 loc185
loc85 loc85
loc61 loc61
loc31 loc31
loc91 loc91
loc187 loc123 loc187
loc197 loc197
loc95 loc95
loc97 loc97
loc29 loc29
loc177 loc177
loc33 loc33
loc77 loc77
loc47 loc47
loc105 loc105
loc99 loc57 loc99
loc93 loc93
loc73 loc73
loc133 loc133
loc113 loc113
loc179 loc179
loc181 loc191 loc181
loc141 loc141
loc163 loc163
loc27 loc71 loc27
loc131 loc131
loc143 loc143
loc139 loc139
loc135 loc135
loc2 loc157
loc183 loc183
loc25 loc25
loc65 loc65
loc153 loc153
loc193 loc193
loc63 loc63
loc159 loc159
loc195 loc195
loc169 loc169
loc117 loc117
loc175 loc175
loc129 loc129
loc7 loc165 loc7
loc189 loc189
loc109 loc109
loc103 loc103
loc79 loc79
