Ippudo Platano Gypsys EastAsianLibrary Campbell HearstMining Chipotle HAAS Mezzo BerkeleyArtStudio Quicklys Firewings TopDog Jupiter LatimerHall Tilden Gather Spats WursterHall HearstGym Boalt Jupiter Morganhall StrawberryCreek Namaste Bowles AshaTeaHouse LeConte Cafe3 LeConte AmoebaMusic SnackShack Artichokes BerkeleyWayWest HappyLemon BerkeleyBart BigC BerkeleyBart Barrows HeatCafe SaturnCafe BerkeleyArtStudio Mezzo HAAS Chipotle Yifang NorthHall DavisHall Cinnaholic HortonHall Underhill Wikiwiki Underhill Homeroom LaNote Homeroom Underhill SteamTrains Underhill Homeroom PokeBar Plentea ClarkKerr BSC TukTukThai DavisHall NorthHall MSRI NoodleGirl Unit3 LaBurrita OptometryBuilding YogurtPark GreatChina YogurtPark Ucha SouthHall Crossroads TToust UniversityVillage UCafe Flavia SmokesPoutinerie Flavia AndrewsApartment Wheeler GSPP EastBaySpiceCompany HesseHall Kips HesseHall ThaiBasil Milkbomb Blackwell SuperDuperBurgers Pappys HearstAnnex McDonalds ZellerbachHall DurantHall Ikes Fengcha HavilandHall UdupiPalace GrizzlyPeak AndrewsApartment UrbanOutfitters Cornerstone Campanile TPTea TennisCourts BobaNinja TToust ImmThai BobbyGPizza Marugame Gadani Rachas NatApartment BetaLounge Ikes SweetheartCafe Ikes Eureka Campbell EastAsianLibrary Gypsys Platano Ippudo
76
Platano Platano
EastAsianLibrary EastAsianLibrary LittleCampanile
Chipotle Chipotle
Mezzo Mezzo
BerkeleyArtStudio BerkeleyArtStudio
Quicklys Quicklys
Firewings Firewings
TopDog TopDog
Jupiter Jupiter
LatimerHall LatimerHall
Gather Gather
Spats Spats
WursterHall WursterHall
Morganhall Morganhall
StrawberryCreek StrawberryCreek
Namaste Namaste
AshaTeaHouse AshaTeaHouse
Cafe3 ThaiNoodle Cafe3
AmoebaMusic AmoebaMusic
SnackShack SnackShack
Artichokes LowerSproul Artichokes
HappyLemon HappyLemon
BigC TenderGreens BigC
BerkeleyBart SproulHall
Barrows Safeway
SaturnCafe SaturnCafe
Yifang Yifang
NorthHall NorthHall
DavisHall Venus
Cinnaholic Slivers TripleRock
HortonHall Shengkee HortonHall
Wikiwiki Teazone Wikiwiki
Homeroom TheHabit Homeroom
LaNote ExtremePizza TacoBell LaNote
SteamTrains JambaJuice KroeberHall
Underhill Underhill
PokeBar PokeBar
Plentea Plentea
ClarkKerr ClarkKerr
BSC BSC
TukTukThai TukTukThai
LaBurrita LaBurrita
OptometryBuilding OptometryBuilding
YogurtPark TraderJoes Target
GreatChina SatherGate GreatChina
Ucha Ucha
Crossroads Crossroads BanshoRamen
TToust BobaNinja
UCafe UCafe
SmokesPoutinerie LewisHall SmokesPoutinerie TheDwight
AndrewsApartment AndrewsApartment
Wheeler Wheeler
EastBaySpiceCompany EastBaySpiceCompany
Kips Kips Muraccis
ThaiBasil ThaiBasil MulfordHall
Milkbomb Milkbomb
SuperDuperBurgers SuperDuperBurgers
Pappys Pappys
McDonalds Morrisonhall McDonalds
HavilandHall Bonchon
GrizzlyPeak GrizzlyPeak
UrbanOutfitters UrbanOutfitters
Cornerstone Cornerstone
Campanile ChezPanisse
TPTea TPTea
TennisCourts Cheeseboard
ImmThai ImmThai
BobbyGPizza Raretea
Marugame Marugame
Gadani HalalGuys Gadani
Rachas Rachas
BetaLounge BetaLounge
Ikes Fengcha Ikes Gongcha Eureka
SweetheartCafe SweetheartCafe PeoplesCafe
Campbell MemorialGlade
Gypsys Gypsys
