Soda Doe GreekTheatre LawrenceHall Doe UniversityVillage HildebrandHall CaliforniaHall Barrows Unit3 Campbell GiauqueHall Etcheverry LeConte Foothill HavilandHall Dwinelle HearstMining BotanicalGardens BerkeleyWayWest Wheeler LeConte Etcheverry Unit2 DurantHall Blackwell Unit1 SouthHall DavisHall Stern HesseHall Campanile Evans Campanile BerkeleyWayWest Soda
21
Doe Doe
GreekTheatre GreekTheatre
LawrenceHall InternationalHouse LawrenceHall
UniversityVillage Bowles
HildebrandHall Gilman
CaliforniaHall CaliforniaHall
Unit3 Unit3
Campbell Campbell
LeConte LeConte
Foothill Foothill
Dwinelle Dwinelle
HearstMining HearstMining
BerkeleyWayWest BerkeleyWayWest
Wheeler Wheeler
Unit2 Unit2 BancroftLibrary
DurantHall DurantHall
Unit1 Unit1
SouthHall SouthHall Moffit
Stern Stern
Campanile Campanile
Evans BAMPFA Evans
