Evans WursterHall Campbell Unit3 Bowles LeConte Moffit SouthHall Moffit HappyLemon LawrenceHall BancroftLibrary HavilandHall VLSB HearstMining StrawberryCreek Plentea Doe SatherGate GreekTheatre SatherGate ZellerbachHall Bowles HilgardHall AshaTeaHouse ImmThai Blackwell Underhill Campanile Marugame Gilman BotanicalGardens ClarkKerr ThaiNoodle Dwinelle MLK LatimerHall Plentea SutardjaDai Cornerstone Firewings CaliforniaHall Firewings RSF Underhill Blackwell ImmThai AlumniHouse BerkeleyWayWest Yifang UniversityVillage HortonHall Barrows BAMPFA HAAS BAMPFA Barrows Unit2 DurantHall Campbell WursterHall Evans
39
Evans Cory
Campbell Campbell Eshelman
Unit3 Unit3 Boalt
Bowles Bowles
LeConte LeConte
Moffit Moffit
SouthHall HesseHall SouthHall
LawrenceHall LawrenceHall
BancroftLibrary BancroftLibrary
HavilandHall HavilandHall
VLSB VLSB
HearstMining HearstMining
StrawberryCreek Kresge
Plentea Soda SutardjaDai
Doe Doe
SatherGate GiauqueHall
GreekTheatre CanyonPool GreekTheatre
ZellerbachHall ZellerbachHall
HilgardHall HilgardHall
Blackwell Blackwell
Campanile Campanile
Gilman Gilman
BotanicalGardens BotanicalGardens
ClarkKerr DavisHall
ThaiNoodle ThaiNoodle
Dwinelle Dwinelle
MLK HildebrandHall MLK
CaliforniaHall InternationalHouse CaliforniaHall
RSF RSF
AlumniHouse AlumniHouse
BerkeleyWayWest BerkeleyWayWest
Yifang Wheeler
UniversityVillage UniversityVillage
HortonHall MemorialStadium
BAMPFA BAMPFA
HAAS Unit1 Foothill HAAS
Barrows Etcheverry Barrows
Unit2 Stern Unit2
DurantHall DurantHall
