Loc76 Loc11 Loc12 Loc51 Loc25 Loc1 Loc75 Loc42 Loc30 Loc54 Loc68 Loc84 Loc63 Loc0 Loc35 Loc29 Loc37 Loc62 Loc82 Loc50 Loc19 Loc85 Loc16 Loc71 Loc22 Loc0 Loc99 Loc43 Loc20 Loc21 Loc59 Loc98 Loc80 Loc94 Loc26 Loc8 Loc17 Loc3 Loc46 Loc74 Loc87 Loc28 Loc4 Loc65 Loc96 Loc81 Loc18 Loc92 Loc32 Loc95 Loc1 Loc39 Loc10 Loc0 Loc31 Loc52 Loc14 Loc60 Loc83 Loc3 Loc78 Loc33 Loc36 Loc23 Loc56 Loc27 Loc88 Loc90 Loc15 Loc49 Loc70 Loc0 Loc24 Loc64 Loc2 Loc48 Loc58 Loc7 Loc73 Loc44 Loc55 Loc67 Loc66 Loc41 Loc57 Loc5 Loc79 Loc61 Loc2 Loc86 Loc53 Loc93 Loc89 Loc47 Loc77 Loc38 Loc69 Loc76
91
Loc76 Loc76
Loc11 Loc9 Loc11
Loc12 Loc12
Loc51 Loc51
Loc25 Loc25
Loc1 Loc1
Loc75 Loc75
Loc42 Loc42
Loc30 Loc30
Loc54 Loc54
Loc68 Loc68
Loc84 Loc84
Loc63 Loc63
Loc35 Loc35
Loc29 Loc29
Loc37 Loc37
Loc62 Loc62
Loc82 Loc82
Loc50 Loc50
Loc19 Loc19
Loc85 Loc13 Loc85
Loc16 Loc16
Loc71 Loc71
Loc22 Loc22
Loc99 Loc99
Loc43 Loc43
Loc20 Loc20
Loc21 Loc21
Loc59 Loc59
Loc98 Loc98
Loc80 Loc80
Loc94 Loc94
Loc26 Loc26
Loc8 Loc8
Loc17 Loc17
Loc3 Loc3
Loc46 Loc46
Loc74 Loc74
Loc87 Loc87
Loc28 Loc28
Loc4 Loc4
Loc65 Loc72 Loc65
Loc96 Loc40 Loc96
Loc81 Loc81
Loc18 Loc18
Loc92 Loc92
Loc32 Loc32
Loc95 Loc95
Loc39 Loc39
Loc10 Loc10
Loc0 Loc0
Loc31 Loc31
Loc52 Loc52
Loc14 Loc14
Loc60 Loc91 Loc34 Loc60
Loc83 Loc83
Loc78 Loc78
Loc33 Loc33
Loc36 Loc36
Loc23 Loc23
Loc56 Loc56
Loc27 Loc27
Loc88 Loc45 Loc88
Loc90 Loc90
Loc15 Loc15
Loc49 Loc97 Loc49
Loc70 Loc70
Loc24 Loc24
Loc64 Loc64
Loc2 Loc2
Loc48 Loc48
Loc58 Loc58
Loc7 Loc7
Loc73 Loc73
Loc44 Loc44
Loc55 Loc55
Loc67 Loc67
Loc66 Loc66
Loc41 Loc41
Loc57 Loc57
Loc5 Loc5
Loc79 Loc79
Loc61 Loc61
Loc86 Loc86
Loc53 Loc53
Loc93 Loc93
Loc89 Loc89
Loc47 Loc47
Loc77 Loc77
Loc38 Loc38
Loc69 Loc6 Loc69
