Shower0 YouTube4 Websites24 Puppy19 Laptop22 Elevator35 Monster32 Puppy28 Android27 Sink37 Allergies7 Prints46 Ring33 Soap14 Website21 Crab16 Nuclear43 Ice30 Toilet45 Mail41 Toilet26 Prints25 BBQ38 Plants3 Ice42 Cat44 Light1 BBQ36 Fence29 Robot49 Shower0
25
YouTube4 YouTube4
Puppy19 Puppy19
Laptop22 Laptop22
Elevator35 Elevator35
Monster32 Monster32
Puppy28 Cone13
Android27 Android27
Sink37 Sink37
Allergies7 Allergies7
Ring33 Ring33
Website21 Soda18
Crab16 Crab16
Nuclear43 Nuclear43
Ice30 Ice30
Toilet45 Toilet45
Mail41 Mail41
Toilet26 Toilet26
Prints25 Prints25
BBQ38 BBQ38
Plants3 Plants3
Ice42 Ice42
Cat44 Cat44
Light1 Light1
BBQ36 BBQ36
Robot49 Robot49
