Shelf0 Toolbox153 Ring169 Puppy140 Mail22 Ring82 Soap3 Toolbox147 Male149 Urine124 Whale114 Robot164 Comics107 Post158 Clock61 Whale31 Cat187 Whale31 Shower57 Sink109 Settings75 Flowers178 Dislike27 Book24 Ice41 Shelf40 Hnads182 Urine108 Shoe17 Dislike12 Shoes8 Boat67 Towel154 Dislike143 Running177 Hnads116 System79 Drugs195 Running177 Drugs39 Puppy133 Shoe174 Elevator115 Dog181 Ring60 Solar71 BBQ36 Rollers14 Nuclear35 Kitty89 Horse148 Clock2 Body55 Mail6 Body55 Puppy117 Ice165 System183 Breakfast85 Fusion104 Plants118 Robot51 Monster175 Whale126 Towel92 Dog168 Android196 Book171 Comics28 Light30 Solar130 Nuclear18 System156 Soap53 Poop150 Robot93 Crab83 Soap64 Clock139 Allergies88 Leash77 Boat141 Ice9 Solar162 Website190 Water135 Rollers95 Kitty98 Laptop125 Water29 Solar192 Water29 Kitty194 Toolbox72 Comics28 Toolbox146 Monster73 Drugs184 Toilet13 Shower48 Shelf0
82
Shelf0 Shelf0
Toolbox153 Toolbox153
Ring169 Whale137 Ring169
Puppy140 Puppy140
Mail22 Allergies103 Mail22
Ring82 Ring82
Male149 Male149
Urine124 Urine124
Whale114 Whale114
Robot164 Robot164
Comics107 Comics107
Post158 Post158
Clock61 Clock61
Cat187 Printer188 Cat187
Shower57 Shower57
Sink109 Sink109 Shower47
Settings75 Urine97 Settings75
Flowers178 Flowers178
Dislike27 Soda197 Dislike27
Book24 Book24
Ice41 Ice41 Laptop19
Shelf40 Shelf40
Hnads182 Plus78 Hnads182
Shoe17 Shoe17
Dislike12 Dislike12
Shoes8 Soap58 Shoes8
Boat67 Boat67
Towel154 Towel154
Dislike143 Allergies176 Dislike143
Hnads116 Hnads116
System79 System79
Drugs195 Cat15 Drugs195
Drugs39 Drugs39
Shoe174 Shoe174
Dog181 Dog181
Solar71 Solar71
BBQ36 BBQ36 Urine20
Rollers14 Rollers14
Nuclear35 Nuclear35
Kitty89 Kitty89
Horse148 Horse148
Clock2 Clock2
Body55 Body55
Mail6 Poop76 Mail6
Puppy117 Puppy117
Ice165 Water38 Ice165
System183 System183
Breakfast85 Breakfast85
Fusion104 Fusion34 Fusion104 Poop80
Plants118 Plants118
Robot51 Robot51
Monster175 Monster175
Whale126 Whale126
Towel92 Towel92
Dog168 Dog168
Android196 Android196
Book171 Book171
Light30 Light30
Solar130 Solar130
Nuclear18 Nuclear18
System156 System156
Poop150 Poop150
Robot93 Robot93
Crab83 Crab83
Soap64 Soap64
Clock139 Websites4 Clock139
Allergies88 Allergies88
Leash77 Leash77
Ice9 Ice9
Solar162 Solar162
Website190 Website190
Water135 Water135
Rollers95 Rollers95
Kitty98 Kitty98
Laptop125 Laptop125
Water29 Water29
Solar192 Soda119 Solar192
Kitty194 Kitty194
Toolbox72 Toolbox72
Toolbox146 Toolbox146
Monster73 Monster73
Toilet13 Toilet13
