Horse0 Ring6 Breakfast19 Soda57 Towel16 Horse0 Running77 Water52 Cat13 Ring97 Allergies3 Solar58 Breakfast74 Ring45 Whale59 Shower11 Settings5 Rollers34 Shower15 Settings5 Plus62 Whale22 Shelf25 Poop8 Prints23 Ice30 Allergies4 Toilet1 Bird82 Ice10 Toilet20 Bird93 Water66 Leash68 Male84 Kitty14 Post2 Monster39 Ice38 Book41 Rollers48 Allergies4 BBQ86 Allergies4 Dislike51 Comics49 Websites17 Printer53 Mail88 Allergies3 Horse0
41
Horse0 Horse0
Breakfast19 Horse55 Breakfast19
Soda57 Soda57
Towel16 Towel16
Running77 Running77
Water52 Water52
Cat13 Cat13
Ring97 Ring97
Allergies3 Towel35 Allergies3
Solar58 Flowers98 Solar58
Breakfast74 Breakfast74
Ring45 Ring45
Whale59 Whale59
Shower11 Shower11
Settings5 Settings5
Rollers34 Rollers34
Shower15 Shower15
Plus62 Plus62
Whale22 Whale22
Shelf25 Shelf25
Prints23 Prints23
Ice30 Ice30
Allergies4 Allergies4 Floppy63
Bird82 Bird82
Ice10 Ice10
Toilet20 Toilet20
Bird93 Bird93
Water66 Water66
Leash68 Leash68
Male84 Male84
Kitty14 Kitty14
Monster39 Monster71 Monster39
Ice38 Towel37 Ice38
Book41 Book41
Rollers48 Websites81 Rollers48
BBQ86 BBQ86
Dislike51 Dislike51
Comics49 Post61 Comics49
Websites17 Websites17
Printer53 Printer53
Mail88 Robot9 Mail88
