S F P B C D U N M 6 Z 6 V 1 I B2 G2 L2 M2 H2 I2 J2 K2 P2 V2 U2 A3 U2 T2 R2 Z2 Z3 55 60 66 80 W3 X3 D3 I3 104 T3 R3 105 107 C3 W3 80 66 60 55 Z3 Z2 R2 Q2 Y2 X2 73 130 U3 N3 M3 58 P3 F3 K3 J3 E3 127 Q3 127 E3 J3 O3 77 G3 91 H3 84 71 64 P3 128 51 23 19 14 9 H 10 T 8 K 2 X W O J E J O W G 3 X 2 K F S
59
F F
P P
B B
C C
D D
U U
N N
M M
Z Y Z
V V
I I
B2 B2
G2 G2
L2 L2
M2 M2
H2 C2 H2
I2 D2 I2 N2
J2 E2 J2 O2
K2 F2 K2 P2
V2 A2 V2
U2 U2
A3 B3 A3
T2 T2
R2 R2
Z2 Z2
Z3 Z3
W3 W3
X3 Y3 X3
D3 D3
I3 I3
T3 T3
R3 R3
C3 C3
Q2 Q2
Y2 Y2
X2 W2 R X2
U3 U3
N3 N3
M3 M3
P3 P3
F3 F3
K3 K3
J3 J3
E3 E3
Q3 Q Q3
O3 O3
G3 G3
91 L3
H3 H3
84 V3
H H T
K K
X X
W W
O O
J J
E A E
G G
3 L
