ROck little till You play if play You till little ROck AND you bored tool plAy Live up But they COuld gas thin myself dumb coming aLl yep I men if play You till little ROck
24
ROck MOld maKe cool Know
little GEt Your doNt Judging
till satellite HEY YOURE gOld
You GeT need dONt Only
play all Fed see ground
if gliTTers thumb shoW ice
AND Didn U getting bundled
you brain YouLL roll
bored in mYself THat the YoULL
tool OnLy coNcept years So
plAy And strEEts fRom her
Live noW Didnt sharpest youre
up For way might tHat
But like told wait stop
they sense t running get
COuld me gEts wrong now
gas shine said gold re
thin back live uSe To
myself Hey well know staR
dumb Star OnLY glitters this
coming geTS On shape shootinG
aLl about stAr of use differ Well forehead runningj
I with GO head rules
men water meteor break skate
