0 77 66 133 28 7 19 35 122 22 36 65 2 102 94 59 47 43 80 146 157 140 160 151 53 107 61 13 83 60 51 69 188 189 190 191 192 193 194 195 196 197 198 197 196 195 194 193 192 191 190 189 188 69 148 54 62 5 118 56 112 142 3 145 68 12 72 143 155 95 73 31 24 129 120 67 121 86 101 159 34 161 162 163 164 165 166 167 168 169 170 171 172 173 174 175 176 177 178 179 180 181 182 183 184 185 186 185 184 183 182 181 180 179 178 177 176 175 174 173 172 171 170 169 168 167 166 165 164 163 162 161 124 153 44 135 0
98
77 77
66 66
133 133
28 28
7 7
19 19
35 35
122 122
22 22
36 36
65 65
2 2
102 102
94 94
59 59
47 47
43 43
80 80
146 146
157 157
140 140
160 160
151 151
53 53
107 107
61 61
13 13
83 83
60 60
51 51
188 188
189 189
190 190
191 191
192 192
193 193
194 194
195 195
196 196
197 197
198 199 198
69 69
148 148
54 54
62 62
5 5
118 118
56 56
112 112
142 142
3 3
145 145
68 68
12 12
72 72
143 143
155 155
95 95
73 73
31 31
24 24
129 129
120 120
67 67
121 121
86 86
101 101
159 159
34 34
162 162
163 163
164 164
165 165
166 166
167 167
168 168
169 169
170 170
171 171
172 172
173 173
174 174
175 175
176 176
177 177
178 178
179 179
180 180
181 181
182 182
183 183
184 184
185 185
186 187 186
124 124
153 153
44 44
135 135
