hdpxs osxbc cihba wnelr bsvth htkwy frhgc lmwpk amfiz rchbw htkwy vcwfj qsmkj utdhx gdovn wcjeg zntkr drojn vobqh qhvsb xlrzc kscoz jcwpu joztf evtgj cxajk aedvq pihld mujil kzwah qpbmc wkbuf kjihy gufvs mhekz syoxv qbdwz maqho tkwle armnk bkfuc yvbse evsbm lpudv gdnim syoxf osvgp oewcd mhuad tjake ayrgb rzvtg oxuqn fjdqi zcjqx yqfdk pytwh ehqyk bdevm ebwcp rjuxc ktzce uiogl wdquv qckjp uklga zqjxb jhlus ymcfp lnjxt yazqf dbjxw glrpy yqtob cqsby ahnds xnpwq iyuas egclu bwknx wotiq ohzfn dkjro vgwoi sxdiu hwmzn rlumh nqtru tmwdy ypdnb stflc pgqva xcvow tndwl rjdai qhibx mtcsd oaeyh hdpxs
94
osxbc osxbc
cihba oxitr cihba
wnelr wnelr
bsvth bsvth
htkwy htkwy
frhgc frhgc
lmwpk lmwpk
amfiz amfiz
rchbw rchbw
vcwfj vcwfj
qsmkj qsmkj
utdhx utdhx
gdovn gdovn
wcjeg wcjeg
zntkr zntkr
drojn drojn
vobqh vobqh
qhvsb qhvsb
xlrzc xlrzc
kscoz kscoz
jcwpu jcwpu
joztf joztf
evtgj evtgj
cxajk cxajk
aedvq aedvq
pihld pihld
mujil mujil
kzwah kzwah
qpbmc qpbmc
wkbuf wkbuf
kjihy kjihy
gufvs gufvs
mhekz mhekz
syoxv syoxv
qbdwz wajol qbdwz
maqho maqho
tkwle tkwle
armnk btwzv armnk
bkfuc bkfuc
yvbse yvbse
evsbm evsbm
lpudv lpudv
gdnim gdnim
syoxf syoxf
osvgp osvgp
oewcd oewcd cxdes
mhuad mhuad
tjake tjake
ayrgb ayrgb
rzvtg rzvtg
oxuqn oxuqn
fjdqi fjdqi
zcjqx zcjqx
yqfdk yqfdk
pytwh gstwp pytwh
ehqyk ehqyk
bdevm bdevm
ebwcp ebwcp
rjuxc rjuxc
ktzce ktzce
uiogl uiogl
wdquv wdquv
qckjp qckjp
uklga uklga
zqjxb zqjxb
jhlus jhlus
ymcfp ymcfp
lnjxt lnjxt
yazqf yazqf
dbjxw dbjxw
yqtob yqtob
cqsby cqsby
ahnds ahnds
xnpwq xnpwq
iyuas iyuas
bwknx bwknx
wotiq wotiq
ohzfn ohzfn
dkjro dkjro
vgwoi vgwoi
sxdiu sxdiu
hwmzn hwmzn
rlumh mlibf rlumh
nqtru nqtru
tmwdy tmwdy
ypdnb ypdnb
stflc stflc
pgqva pgqva
xcvow xcvow
tndwl tndwl
rjdai rjdai
qhibx qhibx
mtcsd mtcsd
oaeyh oaeyh
