hutmk omjfc dowbf yaxts ablxw rlfxc lnfiu aeomh gxdqt bcrwj otirh yiodb ywion ijvuq xeljy misyc lsnhz mlfbi oscrv xintv coubd xnysi cursl tyuep zsehb tiyfv lcghr yzaje ugyls vmgxh hopbn qdzgs tejxc aqzce axmwy artvi abupm mzlsn spuoi vczkh ugamb hutmk
38
omjfc omjfc
dowbf dowbf
yaxts yaxts
ablxw ablxw
rlfxc rlfxc
lnfiu lnfiu
aeomh aeomh
gxdqt gxdqt
bcrwj bcrwj
otirh otirh
yiodb yiodb
ywion ijofp ywion
ijvuq ijvuq
xeljy xeljy
misyc misyc
lsnhz lsnhz
mlfbi mlfbi
oscrv oscrv
xintv xintv
coubd urlkt coubd
xnysi xnysi
cursl cursl
tyuep tyuep
zsehb zsehb
lcghr lcghr
yzaje yzaje
ugyls ugyls
vmgxh vmgxh
hopbn hopbn
qdzgs qdzgs
tejxc tejxc
aqzce aqzce
axmwy axmwy
artvi artvi
mzlsn mzlsn
spuoi spuoi
vczkh vczkh
ugamb ugamb
