stop0 stop1 stop55 stop65 stop92 stop1 stop2 stop15 stop71 stop6 stop47 stop56 stop69 stop7 stop85 stop28 stop46 stop62 stop2 stop73 stop43 stop18 stop19 stop0 stop23 stop58 stop30 stop61 stop78 stop0 stop91 stop70 stop0 stop31 stop59 stop0 stop49 stop77 stop79 stop99 stop32 stop0 stop50 stop83 stop22 stop90 stop1 stop0
39
stop1 stop1
stop55 stop55
stop65 stop38 stop65
stop92 stop92
stop2 stop5 stop2 stop80 stop86
stop15 stop15
stop71 stop4 stop71
stop6 stop6
stop47 stop47
stop56 stop57 stop56
stop69 stop69
stop7 stop93 stop7
stop85 stop85
stop28 stop28
stop46 stop53 stop46
stop62 stop62
stop73 stop73
stop43 stop43
stop18 stop18
stop19 stop19
stop0 stop21
stop23 stop23
stop58 stop58
stop30 stop84 stop30
stop61 stop39 stop61
stop78 stop78
stop91 stop91
stop70 stop70
stop31 stop31
stop59 stop59
stop49 stop49
stop77 stop77
stop79 stop52 stop79
stop99 stop99
stop32 stop32
stop50 stop50
stop83 stop83
stop22 stop22
stop90 stop90
