stop0 stop2 stop3 stop4 stop55 stop81 stop123 stop166 stop1 stop176 stop17 stop68 stop69 stop90 stop112 stop153 stop18 stop21 stop60 stop74 stop80 stop84 stop4 stop106 stop114 stop126 stop186 stop172 stop171 stop194 stop167 stop1 stop181 stop192 stop7 stop8 stop13 stop14 stop15 stop147 stop22 stop23 stop31 stop195 stop34 stop35 stop40 stop41 stop51 stop72 stop77 stop88 stop89 stop96 stop100 stop101 stop102 stop105 stop0 stop124 stop128 stop130 stop0 stop133 stop135 stop144 stop148 stop159 stop0 stop139 stop197 stop0 stop191 stop199 stop138 stop182 stop145 stop0
70
stop0 stop0 stop122 stop109 stop183 stop158 stop163 stop142
stop2 stop2
stop3 stop3
stop4 stop4
stop55 stop62 stop44 stop33 stop55
stop81 stop81
stop123 stop150 stop156 stop123
stop166 stop166
stop176 stop176
stop17 stop64 stop17
stop68 stop68
stop69 stop69
stop90 stop90
stop112 stop112
stop153 stop153
stop18 stop18
stop21 stop54 stop39 stop21
stop60 stop60
stop74 stop74
stop80 stop80
stop84 stop84
stop106 stop106
stop114 stop114
stop126 stop126
stop186 stop187 stop186
stop172 stop172
stop171 stop171
stop194 stop162 stop194
stop167 stop167
stop181 stop181
stop192 stop192
stop7 stop7
stop8 stop8
stop13 stop9 stop13
stop14 stop14
stop15 stop15
stop147 stop16 stop147
stop22 stop22
stop23 stop25 stop23
stop31 stop189 stop31
stop195 stop195
stop34 stop34
stop35 stop38 stop35
stop40 stop40
stop41 stop42 stop41
stop51 stop70 stop65 stop58 stop51
stop72 stop73 stop72
stop77 stop77
stop88 stop88
stop89 stop92 stop89
stop96 stop96
stop100 stop100
stop101 stop101
stop102 stop102
stop105 stop105
stop124 stop124
stop128 stop128
stop130 stop130
stop133 stop133
stop135 stop137 stop135
stop144 stop180 stop144
stop148 stop148
stop159 stop159
stop139 stop139
stop197 stop197
stop191 stop191
stop199 stop199
stop138 stop155 stop138
stop182 stop182
stop145 stop145
