stop0 stop7 stop10 stop5 stop30 stop2 stop11 stop29 stop46 stop15 stop31 stop33 stop42 stop23 stop25 stop36 stop13 stop45 stop47 stop14 stop38 stop17 stop34 stop0
23
stop0 stop0 stop0 stop0 stop0 stop0 stop0 stop0 stop0 stop0 stop20
stop7 stop7
stop10 stop10
stop5 stop5
stop30 stop30
stop2 stop2
stop11 stop41 stop11
stop29 stop29
stop46 stop46
stop15 stop15
stop31 stop31
stop33 stop33
stop42 stop42
stop23 stop23
stop25 stop25
stop36 stop36
stop13 stop13
stop45 stop45
stop47 stop47
stop14 stop14
stop38 stop38
stop17 stop17
stop34 stop34
