Hayward Asheville McHenry Torrance PalmBay Tucson Aurora NewBedford York BelAir McAllen KansasCity Huntsville Yonkers Waterloo NewOrleans Burbank Huntsville Bradenton Tucson Winston Hickory Charlotte RichmondCounty Hampton Downey Trenton Hickory Kennewick PuntaGorda Omaha Topeka Montgomery Topeka Omaha PuntaGorda Kennewick Sebastian Atlanta Abilene GrandRapids SaintLouis Harlingen Waco Corona Springdale McHenry Asheville Durham Asheville Hayward
33
Hayward SantaClara
Torrance Torrance
PalmBay PalmBay
Tucson Tucson LakeCharles
Aurora Bakersfield Aurora
NewBedford NewBedford
York York
BelAir Monroe BelAir
McAllen McAllen
Huntsville Huntsville
Yonkers Yonkers
Waterloo Waterloo
Burbank Chicago Burbank
Bradenton Bradenton SaintPaul
Winston Tampa Tyler Memphis
Charlotte Charlotte
RichmondCounty RichmondCounty
Hampton Modesto Hampton
Downey Downey
Hickory HuntingtonBeach Hickory
Kennewick Kennewick NewYorkCity Barnstable
PuntaGorda PuntaGorda
Omaha Omaha
Topeka Topeka
Montgomery SantaCruz ThousandOaks
Atlanta Danbury Atlanta
GrandRapids GrandRapids
Harlingen Harlingen
Waco Waco
Springdale Springdale
McHenry McHenry Newark
Asheville CedarRapids Asheville
Durham Bloomington Deltona Durham
