Aberdeen Reno Hampton Tuscaloosa Winston Austin Henderson StPetersburg Lewisville Gainesville Scranton Riverside Hartford Miramar Norwalk SaltLakeCity Chattanooga Elkhart Racine Montgomery SouthLyon Frederick WestValleyCity Lowell Hampton Reno Aberdeen
21
Reno Reno Springdale
Hampton Newburgh Hampton
Tuscaloosa Tuscaloosa
Winston Winston
Austin Austin
Henderson Marina Henderson
StPetersburg StPetersburg
Lewisville Lewisville
Gainesville Gainesville
Riverside GreenBay
Hartford SanBernardino
Miramar Miramar
SaltLakeCity SaltLakeCity SanAntonio
Chattanooga Chattanooga
Elkhart Pensacola
Racine Racine
Montgomery Montgomery
SouthLyon SouthLyon
Frederick Modesto
WestValleyCity WestValleyCity
Lowell Lowell
