Hayward Shreveport Reno York NewYorkCity Henderson Vancouver GrandRapids SaintPaul Duluth Fullerton SantaClara VeroBeach PalmBay CorpusChristi StPaul Savannah OverlandPark Anchorage Utica Norwich SanBuenaventura NewportNews Marina Kissimmee Huntsville ThousandOaks Huntsville CapeCoral Seaside Elkhart McAllen NewBedford Orem Bethlehem Boston Vancouver Torrance Albuquerque Hialeah Marina PortArthur RichmondCounty Torrance Melbourne Lubbock Bryan HavredeGrace PuntaGorda Hemet SanBuenaventura Anaheim Eugene Anaheim Columbus Visalia Anchorage OverlandPark Stamford LasVegas Nashua Tyler Arvada Scranton Sarasota LasVegas Stamford Marysville Layton PembrokePines SanBernardino Pueblo Youngstown Fullerton Roseville Laredo GreenBay Lafayette Waterbury Newburgh SantaClarita KansasCity VeroBeach SantaClara Aberdeen Bryan HavredeGrace York Champaign SterlingHeights Springfield Spartanburg LakeCharles Boulder Kaneohe Downey Salem Deltona Tucson NewYork Monroe Escondido Independence RoundLakeBeach Lorain Scottsdale Victorville ElPaso Burlington Downey Hartford Shreveport Hayward
79
Shreveport Hartford
Reno Ogden
NewYorkCity NewYorkCity
Henderson Topeka Henderson
GrandRapids GrandRapids
SaintPaul SaintPaul
Duluth Detroit Duluth
Fullerton Flint Fullerton Plano
SantaClara SantaClara
PalmBay Hagerstown PalmBay
CorpusChristi CorpusChristi
StPaul CathedralCity
Savannah Savannah
OverlandPark Greenville OverlandPark Louisville
Anchorage Anchorage Fresno
Utica Utica
Norwich Norwich
SanBuenaventura SanBuenaventura
NewportNews NewportNews
Marina Frederick Marina
Kissimmee Kissimmee
Huntsville Huntsville
ThousandOaks Olympia ThousandOaks
CapeCoral Bloomington CapeCoral
Elkhart Modesto Elkhart
McAllen McAllen
NewBedford NewBedford
Bethlehem Bethlehem
Vancouver Vancouver
Torrance Torrance Oxnard
Albuquerque Albuquerque
Hialeah Hialeah
PortArthur Lacey
RichmondCounty RichmondCounty
Melbourne Melbourne
Lubbock Lubbock
Bryan Newark Birmingham
PuntaGorda PuntaGorda
Hemet Mobile Hemet
Anaheim Anaheim
Eugene Boise Eugene
Columbus Columbus
Visalia SiouxFalls
Stamford Stamford
LasVegas LasVegas
Nashua Nashua
Tyler Tyler
Arvada Arvada
Scranton Scranton
Sarasota HuntingtonBeach
Marysville Marysville
Layton Layton
PembrokePines Racine
Pueblo Pueblo
Youngstown Bakersfield Barnstable
Laredo Laredo
GreenBay GreenBay
Waterbury Waterbury
Newburgh Newburgh
Aberdeen Aberdeen
HavredeGrace JohnsonCity HavredeGrace
York York
Champaign Charlotte Champaign
Springfield Harlingen
Spartanburg Spartanburg
LakeCharles LakeCharles
Kaneohe StLouis
Salem Salem
Deltona Deltona
Tucson Tucson
Monroe Monroe
Escondido Mesquite
Independence Cincinnati
RoundLakeBeach Kalamazoo RoundLakeBeach
Scottsdale Omaha Scottsdale
ElPaso ElPaso
Burlington Burlington
Downey Downey
Hartford NorthLasVegas
