AndyandZeyu g j f i h AndyandZeyu j0 g0 AndyandZeyu0 i0 f0 AndyandZeyu g1 h1 i1 b1 j1 AndyandZeyu g2 j2 f2 h2 i2 c2 g2 AndyandZeyu f3 j3 g3 h3 AndyandZeyu g4 h4 i4 f4 AndyandZeyu i5 f5 j4 h5 g5 e5 AndyandZeyu g6 f6 AndyandZeyu f7 b7 h7 g7 i7 j6 AndyandZeyu7 AndyandZeyu j8 f8 g8 AndyandZeyu f9 i9 h9 g9 AndyandZeyu i10 f10 j9 h10 g10 e10 AndyandZeyu f11 g11 h11 i11 AndyandZeyu AndyandZeyu12 j11 i12 g12 h12 b12 f12 AndyandZeyu j13 f13 g13 AndyandZeyu f14 i14 h14 g14 AndyandZeyu i15 f15 j14 h15 g15 e15 AndyandZeyu f16 g16 h16 i16 AndyandZeyu AndyandZeyu17 j16 i17 g17 h17 b17 f17 AndyandZeyu j18 f18 g18 AndyandZeyu
85
g g
j j
f f
i i
h h
j0 j0
g0 g0
i0 i0
f0 h0 f0
g1 g1
h1 h1
i1 i1
b1 f1
j1 j1
g2 g2
j2 j2
f2 f2
h2 h2
i2 i2
f3 f3
j3 j3
g3 i3 g3
h3 h3
g4 g4
h4 h4
i4 i4
f4 f4
i5 i5
f5 f5
j4 j4
h5 h5
g5 g5
g6 h6 j5 g6
f6 f6
AndyandZeyu i6 i8 i13 i18
f7 f7
h7 h7
g7 g7
i7 i7
j6 j6
j8 j7 j8
f8 h8 f8
g8 g8
f9 f9
i9 i9
h9 h9
g9 g9
i10 i10
f10 f10
j9 j9
h10 h10
g10 g10
f11 f11
g11 j10 g11
h11 h11
i11 i11
j11 j11
i12 i12
g12 g12
h12 h12
f12 f12
j13 j12 j13
f13 h13 f13
g13 g13
f14 f14
i14 i14
h14 h14
g14 g14
i15 i15
f15 f15
j14 j14
h15 h15
g15 g15
f16 f16
g16 j15 g16
h16 h16
i16 i16
j16 j16
i17 i17
g17 g17
h17 h17
f17 f17
j18 j17 j18
f18 h18 f18
g18 g18
