A TA2 TA7 TA8 TA12 TA17 TA18 TA22 TA24 TA31 TA121 TA191 TA201 TA211 TA3 A TA11 TA14 TA15 TA161 TA19 TA20 TA23 TB1 TA51 TA61 A TA71 TA81 TA91 TA111 A TA131 TA141 TA171 TA181 TA231 TA241 A
35
A TA1 TA TA10 TA9 TA6 TA5 TA4
TA2 TA2
TA7 TA7
TA8 TA8
TA12 TA12
TA17 TA17
TA18 TA21 TA18
TA22 TA22
TA24 TB21 TB11 TA24
TA31 TA31
TA121 TA151 TA121
TA191 TA191
TA201 TA201
TA211 TA211
TA3 TA3
TA11 TA13 TA11
TA14 TA16 TA14
TA15 TA15
TA161 TA161
TA19 TA19
TA20 TA20
TA23 TA23
TB1 TA41 TB1
TA51 TA51
TA61 TA61
TA71 TA71
TA81 TA81
TA91 TA101 TA91
TA111 TA111
TA131 TA131
TA141 TA141
TA171 TA171
TA181 TA221 TA181
TA231 TA231
TA241 TA241
