A TA TA1 TA2 TA3 TA5 TA15 A TA16 TA18 TA19 A TA20 TA22 TA24 TB21 TA7 TA8 TA13 B TA17 TA23 TA91 TA121 TA131 TA201 B TA211 TA42N TA72N TA102N TA132N TA182N TA1012NN F TA2312NN TA9 TA12 TA122N TA112NN TA31 TA41 TA51 TA61 TA81 TA101 TA111 TA151 TA161 TA181 TA191 TA21 TA71 TA231 TA212NN TA221 TA12N TA52N TA812NN TA22N TA62N TA82N TA112N TA142N A TA152N TA162N TA172N TA192N TA312NN TA412NN TA612NN TA712NN TA1312NN TA1512NN TA1612NN A TA1712NN TA1812NN TA1912NN TA2112NN TA2212NN TA2412NN A
76
TA TA
TA1 TA1
TA2 TA2
TA3 TA4 TA3
TA5 TA14 TA6 TA5
TA15 TA15
TA16 TA16
TA18 TA18
TA19 TA19
TA20 TA20
TA22 TA22
TA24 TA24
TB21 TB21
TA7 TA7
TA8 TA11 TA8
TA13 TA13
TA17 TA17
TA23 TB11 TA23
TA91 TA91
TA121 TA121
TA131 TA131
TA201 TA201
TA211 TA211
TA42N TA42N
TA72N TA72N
TA102N TA102N
TA132N TA132N
TA182N TA212N TA182N
TA1012NN TA1012NN
F TA1412NN
TA2312NN TA2312NN
TA9 TA9
TA12 TB1 TA12
TA122N TA122N
TA112NN TA912NN TA112NN
TA31 TA31
TA41 TA41
TA51 TA51
TA61 TA61
TA81 TA81
TA101 TA101
TA111 TA141 TA111
TA151 TA151
TA161 TA171 TA161
TA181 TA181
TA191 TA10 TA191
TA21 TA21
TA71 TA71
TA231 TA231
TA212NN TA212NN
TA221 TA2N TA241 TA221
TA12N TA12N
TA52N TA52N
TA812NN TA812NN
TA22N TA32N TA22N
TA62N TA62N
TA82N TA92N TA82N
TA112N TA112N
TA142N TA142N
TA152N TA152N
TA162N TA162N
TA172N TA172N
TA192N TA12NN TA242N TA232N TA222N TA202N TA192N
TA312NN TA312NN
TA412NN TA512NN TA412NN
TA612NN TA612NN
TA712NN TA1212NN TA1112NN TA712NN
TA1312NN TA1312NN
TA1512NN TA1512NN
TA1612NN TA1612NN
TA1712NN TA1712NN
TA1812NN TA1812NN
TA1912NN TA2012NN TA1912NN
TA2112NN TA2112NN
TA2212NN TA2212NN
TA2412NN TA2412NN
