1efe0a 8035d3 ab6081 efb6f6 ccf3af e99176 6d8fd3 909532 ff448b 22b74c e17800 c0df7c 444f08 d1ae8e 75b2ff bb4650 bf356c 640320 bd00fb 1aedf0 76bb8e 770b7a 8903f8 9e3235 518f91 20ec85 e758e6 525361 1c3716 ae5d4a 98b7f9 22f6f5 fc6ab6 b9fcab c845ed a4f7ab 1efe0a
35
8035d3 390b11 de59c9 8035d3
ab6081 ab6081
efb6f6 efb6f6
ccf3af ccf3af
e99176 e99176
6d8fd3 6d8fd3
909532 363906 5b1cb0 909532
ff448b ff448b
22b74c 22b74c
e17800 e17800
c0df7c c0df7c
444f08 444f08
d1ae8e a3ccd4 d1ae8e
75b2ff 75b2ff
bb4650 bb4650
bf356c bf356c
640320 640320
bd00fb 3c1987 bd00fb
1aedf0 1aedf0
76bb8e 76bb8e
770b7a 194181 d36b6f 770b7a
8903f8 6d606b 8903f8
9e3235 bf7494 9e3235
518f91 518f91
20ec85 20ec85
e758e6 e758e6
525361 525361
1c3716 ef9cce 1c3716
ae5d4a ae5d4a
98b7f9 940b78 d4f94d 98b7f9
22f6f5 83454a 22f6f5
fc6ab6 fc6ab6
b9fcab b9fcab
c845ed c845ed
a4f7ab 444533 a4f7ab
