3efbbd d1ae8e 1aef1d 2a53b1 1efe0a 526e97 70d79e de59c9 640320 9fb27b aeb965 e43f08 e17800 909532 bf7494 98b7f9 d36b6f bf356c 390b11 9e3235 8216e5 1e3f90 ab3e86 c1e4b0 ef9cce 8037ff 22c398 fc6ab6 3efbbd
23
3efbbd 2b7733
d1ae8e d1ae8e
1aef1d 1aef1d
2a53b1 2a53b1
1efe0a 1efe0a
526e97 526e97
de59c9 bfdfca de59c9
9fb27b 9fb27b
aeb965 aeb965
e17800 e17800
909532 909532
bf7494 ff448b
98b7f9 98b7f9
d36b6f d36b6f
390b11 390b11
9e3235 525361 9e3235
8216e5 8216e5
1e3f90 1e3f90
c1e4b0 c1e4b0
ef9cce ef9cce
8037ff 8037ff
22c398 22c398
fc6ab6 fc6ab6
