7f5b7c 1aa96e a40dde 73dd80 dd2a3e f045e7 5f98bd 2ffab6 a1b647 e0f7dc 4c44ba 18ff59 dd2a3e 10f84c a21b15 d9351e d9abe3 a3eab6 536b21 19246a 645a0c 4eb2aa 32669e ce509a 9c5717 3df71a 2b057c 70482f 11021c a6d0cb b04992 e78120 f88a12 853e4b 73865c 4749d0 a08830 2193d2 3b9bcd dd5707 dd2a3e 6d23c4 4188fa 957ec9 86af3a a670a6 f5615a e60044 358d70 e8c504 a51200 9b10ed a85abe b9c2f4 f742a0 ff603d b535fa fece60 6ced94 541622 3292c4 e52589 36cc15 dfba28 6281fb d12aea dd2a3e 974c48 1e408a f4756e 537a83 1c61d3 bc8350 e2665a e0f00d d83335 626470 3dc79c 14c5c6 d597c1 578691 683ca9 8c6c80 a314be 3fc5b0 957ec9 4459c3 957ec9 4e5c32 957ec9 9fdbc5 97fa28 ef8230 852215 d5f5c5 293f59 2f9755 99ac94 22ad29 7f5b7c
90
7f5b7c 7f5b7c
1aa96e 1aa96e
a40dde a40dde
73dd80 73dd80
f045e7 f045e7
2ffab6 2ffab6
a1b647 a1b647
e0f7dc e0f7dc
4c44ba 4c44ba
18ff59 18ff59
10f84c 10f84c
a21b15 a21b15
d9351e d9351e
d9abe3 d9abe3
a3eab6 a3eab6
536b21 536b21
19246a 19246a
645a0c 645a0c
4eb2aa 4eb2aa
32669e 32669e
ce509a ce509a
9c5717 9c5717
3df71a 3df71a
2b057c 2b057c
70482f 70482f
11021c 2c8bdc 20427f 11021c
a6d0cb a6d0cb
b04992 b04992
e78120 e78120
f88a12 f88a12
853e4b 853e4b
73865c 73865c
4749d0 4749d0
a08830 a08830
2193d2 2193d2
3b9bcd 3b9bcd
dd5707 dd5707
6d23c4 6d23c4
4188fa 4188fa
86af3a 86af3a
a670a6 a670a6
f5615a f5615a
e60044 e60044
358d70 e45544 358d70
e8c504 e8c504
a51200 a51200
9b10ed 9b10ed
a85abe a85abe
b9c2f4 b9c2f4
f742a0 f742a0
ff603d ff603d
b535fa b535fa
fece60 98bf31 fece60
6ced94 b2fa06 6ced94
541622 541622
3292c4 3292c4
e52589 e52589
36cc15 a3eeb9 36cc15
dfba28 89bc09 fd25f7 dfba28
6281fb 6281fb
d12aea d12aea
974c48 974c48
1e408a 1e408a
f4756e f4756e
537a83 537a83
1c61d3 1c61d3
bc8350 bc8350
e2665a e2665a
e0f00d e0f00d
d83335 d83335
626470 626470
3dc79c 3dc79c
14c5c6 14c5c6
d597c1 d597c1
578691 578691
8c6c80 8c6c80
a314be a314be
3fc5b0 3fc5b0
957ec9 2e6ab4 957ec9
4459c3 4459c3
4e5c32 4e5c32
9fdbc5 9fdbc5
97fa28 cf04cd 97fa28
ef8230 ef8230
852215 852215
d5f5c5 d5f5c5
293f59 293f59
2f9755 2f9755
99ac94 99ac94
22ad29 22ad29
