0 1 2 1 4 1 19 21 32 42 43 51 52 54 52 62 63 64 65 73 74 87 74 88 89 104 89 88 74 73 69 68 67 66 62 52 51 45 44 32 20 19 1 0 199 190 189 174 173 157 156 155 154 153 152 151 147 138 137 130 129 128 127 126 121 112 121 126 127 128 129 130 137 138 140 141 142 143 144 139 147 148 149 150 156 157 173 174 189 190 199 0
28
2 2
4 4
1 17 15 7
21 25 30 23
32 33
42 42
43 48 40
54 53 54
52 56
64 64
73 72
74 83 76 86
87 87
89 101 99 94 91
104 108 105
67 67
44 44
154 154
130 124 130
127 127
112 120 114
137 136
142 142
139 146
148 148
157 172 168 163 158
174 186 182 178 176
190 198 194 192
