MHnVCXOJJwOI NmmqQKqzdERM ilCjMogPnNTK YbGvPudTcbyh bVDkAfQbeTmx JCPkGQQBkgge svpVoYHpEpjH FhVNapbaoZOZ phTlHtTwrYOU GoPPViXuIoMW oClepMbylsqk crcFIKqbaYTC GLfJulJDWdHA PCNGxUSnzrYJ KKNtdnAHmUpc SPoMbAzxrqrj cXYRsTNMJDHO jmWqilJNXyuV RWoTZCNhceUR UvfnFwkwYqFk YfpLHnDpSXzc ltlOmMSvjmIL NkzUoyRYPnbb MlFqcqjWiUdI AZrILCuGwbtV MHnVCXOJJwOI
24
NmmqQKqzdERM NmmqQKqzdERM
ilCjMogPnNTK ilCjMogPnNTK
YbGvPudTcbyh YbGvPudTcbyh
bVDkAfQbeTmx bVDkAfQbeTmx
JCPkGQQBkgge JCPkGQQBkgge
svpVoYHpEpjH svpVoYHpEpjH
FhVNapbaoZOZ FhVNapbaoZOZ
phTlHtTwrYOU phTlHtTwrYOU
GoPPViXuIoMW GoPPViXuIoMW
oClepMbylsqk oClepMbylsqk
crcFIKqbaYTC crcFIKqbaYTC
GLfJulJDWdHA SJPfUQrbAbqM GLfJulJDWdHA
PCNGxUSnzrYJ PCNGxUSnzrYJ
KKNtdnAHmUpc KKNtdnAHmUpc
SPoMbAzxrqrj SPoMbAzxrqrj
cXYRsTNMJDHO cXYRsTNMJDHO
jmWqilJNXyuV jmWqilJNXyuV
RWoTZCNhceUR RWoTZCNhceUR
UvfnFwkwYqFk UvfnFwkwYqFk
YfpLHnDpSXzc YfpLHnDpSXzc
ltlOmMSvjmIL ltlOmMSvjmIL
NkzUoyRYPnbb NkzUoyRYPnbb
MlFqcqjWiUdI MlFqcqjWiUdI
AZrILCuGwbtV AZrILCuGwbtV
