MfdzFvsdGbvl AGbRQRBgaOdX MkUBuIisCVpZ mFYKjQfCsRtT SgyAcloZDNJV FCrKCfVsEsBk GKWfMfVZxbJi NlmuUUVQUbgI dDFWxTbuPymh EoEdLMroSPNp QHpWWcCYavdw PUcvIgREsriS MLnLJmQHwuOS IHnRSACwPeSd PQTqeEtJjrHq ZjfLZjjegWJT TbekQRoKcInv AMizjBPjmCZd VARFNCcqfgIc DFscNnuMhxUC ymJllvoAiAsf SojgLCNtJNvq dFUHctNjrywb tywOQDwDhjwZ QifLRRQkbeZy VyXrTLUcizAa UVLyMXgqTFaJ RICmsRCgzRsB deJmWrylVSGK noaMakAlHdwq pQCFwcmaYfTN PvZWLvSzyZfH buqjmAINqGzN rVqgoVgUmLRB GuSSYBNHDbKE uFHfCerNFIme rrRAqFcoDYfk pkzKsTORVYro BkcPMTugAswL mtRsLIzrlNLu GemeldahvdVv hLGIbMiwjPgd PnbamVANEguC plKUVNXwKfVb hCxjbMrSlUJQ jBrNTBMPxyQD DvRTDyBMOCbT axLiuEEXvnsQ arcJTkwUqbUy MOpktZzuQRCH BbyhqvohDUZK MfdzFvsdGbvl
50
AGbRQRBgaOdX AGbRQRBgaOdX
MkUBuIisCVpZ MkUBuIisCVpZ
mFYKjQfCsRtT mFYKjQfCsRtT
SgyAcloZDNJV SgyAcloZDNJV
FCrKCfVsEsBk FCrKCfVsEsBk
GKWfMfVZxbJi GKWfMfVZxbJi
NlmuUUVQUbgI NlmuUUVQUbgI
dDFWxTbuPymh dDFWxTbuPymh
EoEdLMroSPNp EoEdLMroSPNp
QHpWWcCYavdw QHpWWcCYavdw
PUcvIgREsriS PUcvIgREsriS
MLnLJmQHwuOS MLnLJmQHwuOS
IHnRSACwPeSd IHnRSACwPeSd
PQTqeEtJjrHq PQTqeEtJjrHq
ZjfLZjjegWJT ZjfLZjjegWJT
TbekQRoKcInv TbekQRoKcInv
AMizjBPjmCZd AMizjBPjmCZd
VARFNCcqfgIc VARFNCcqfgIc
DFscNnuMhxUC DFscNnuMhxUC
ymJllvoAiAsf ymJllvoAiAsf
SojgLCNtJNvq SojgLCNtJNvq
dFUHctNjrywb dFUHctNjrywb
tywOQDwDhjwZ tywOQDwDhjwZ
QifLRRQkbeZy QifLRRQkbeZy
VyXrTLUcizAa VyXrTLUcizAa
UVLyMXgqTFaJ UVLyMXgqTFaJ
RICmsRCgzRsB RICmsRCgzRsB
deJmWrylVSGK deJmWrylVSGK
noaMakAlHdwq noaMakAlHdwq
pQCFwcmaYfTN pQCFwcmaYfTN
PvZWLvSzyZfH PvZWLvSzyZfH
buqjmAINqGzN buqjmAINqGzN
rVqgoVgUmLRB rVqgoVgUmLRB
GuSSYBNHDbKE GuSSYBNHDbKE
uFHfCerNFIme uFHfCerNFIme
rrRAqFcoDYfk rrRAqFcoDYfk
pkzKsTORVYro pkzKsTORVYro
BkcPMTugAswL BkcPMTugAswL
mtRsLIzrlNLu mtRsLIzrlNLu
GemeldahvdVv GemeldahvdVv
hLGIbMiwjPgd hLGIbMiwjPgd
PnbamVANEguC PnbamVANEguC
plKUVNXwKfVb plKUVNXwKfVb
hCxjbMrSlUJQ hCxjbMrSlUJQ
jBrNTBMPxyQD jBrNTBMPxyQD
DvRTDyBMOCbT DvRTDyBMOCbT
axLiuEEXvnsQ axLiuEEXvnsQ
arcJTkwUqbUy arcJTkwUqbUy
MOpktZzuQRCH MOpktZzuQRCH
BbyhqvohDUZK BbyhqvohDUZK
