IvOdahrtFwzZ fblrDraNAUxK qlMzHEurfTvO zcAOlsVDUDkc OaFvNWZuTHit zOkfhFVfOKVi AQgpWBullbIi WUqhotrexTBp ybLCwZqVZKud QxNjgiXciQma yVSfaizVeLPT mgKEFEWheOqk qFGlIHDqKyPA OIjApACwnyqG DiKlonktcqTP EwXugPkGUVkm uzYTzVwixczQ KtoZVrQmJWki WWtfhwMSzfGW gJMLzBkWmUoV cpNycWVdmzHJ mZUBOQTZyXOM vkOqMvrCUWYf fiHhqLtPfdZy WsLfQLsirtHk tARvBeqQDqSY HEwqlaeMfSzl PKHkuTHeRXhO WRiugWLCujBI ZPYnROAizafx YGzazHdyrGCd RGYiIUdVAiVL pjemGRILnFei RQBxIsRWzmfl lRgeGnDJBtMa cQFNlImsTWTM wXjNgGRCXYRl nyTRNDRCsANl xXoCKkdkKAne hLCSOZLNEdhX cRekprdsHHWw quZcTYtpBjSn yHOsEGOhjOLt oOIjuHJcVRiV nlzJUuBrsbXD JpwDMOwQmqOp ZPYnROAizafx wHeDieHMYzAK TZmWJenJbEsV YvLRANdegrdA qxhFFIUEfnzV ctZWqndwhbJm mvdksSctoMVi AoaIXEzdsCrm QFfSmYtuSTPl GvyjKkGcUdcI jXgKDXnEJsra ZPYnROAizafx EKWhDcEeEkGK nschEYWjrAsr ypApeqMQPnQA TTwdgXpOLyxF TglqUXfjbefC dXlgwkdKhUmB EOKLHvbbCToE NxxrxPgsnMqG gXcuqckdTdIP touUfboeiIya nxbMBCPhfQij yFQWQWtUUMle lznMKRYSMheH XwPJYwaGcHxO sTgUExIipvWV SKbQkQUhqQEt PFpQuVVRxbvV gkTmCiZxFrJw ocysUjOwnenm aXlcDzbXwAJW FkNlSGMBOUbz ubtvaUeVUfmV zypYDSZfKAvD IcNVObbuvzWY IfTQNEFsiTgr JNoAmCxHcsYw QZQElPdcHxru WHSGrQQrrotE LNoKVqXhLEzn zCWezcJmUGqs nKmMbiEuiffc IvOdahrtFwzZ
85
fblrDraNAUxK fblrDraNAUxK
qlMzHEurfTvO qlMzHEurfTvO
zcAOlsVDUDkc zcAOlsVDUDkc
zOkfhFVfOKVi UYTxhnOtiPHB zOkfhFVfOKVi
AQgpWBullbIi AQgpWBullbIi
WUqhotrexTBp WUqhotrexTBp
ybLCwZqVZKud ybLCwZqVZKud
QxNjgiXciQma QxNjgiXciQma
yVSfaizVeLPT yVSfaizVeLPT
mgKEFEWheOqk mgKEFEWheOqk
qFGlIHDqKyPA qFGlIHDqKyPA
OIjApACwnyqG OIjApACwnyqG
DiKlonktcqTP DiKlonktcqTP
EwXugPkGUVkm EwXugPkGUVkm
uzYTzVwixczQ uzYTzVwixczQ
KtoZVrQmJWki KtoZVrQmJWki
WWtfhwMSzfGW HVwGkspnDHbf NMSHhfMtAJZb WWtfhwMSzfGW
gJMLzBkWmUoV gJMLzBkWmUoV
cpNycWVdmzHJ cpNycWVdmzHJ
mZUBOQTZyXOM mZUBOQTZyXOM
vkOqMvrCUWYf vkOqMvrCUWYf
fiHhqLtPfdZy aSpDrTbKBytW fiHhqLtPfdZy
WsLfQLsirtHk WsLfQLsirtHk
tARvBeqQDqSY tARvBeqQDqSY
HEwqlaeMfSzl HEwqlaeMfSzl
PKHkuTHeRXhO PKHkuTHeRXhO
WRiugWLCujBI WRiugWLCujBI
YGzazHdyrGCd YGzazHdyrGCd
RGYiIUdVAiVL RGYiIUdVAiVL
pjemGRILnFei QDhUZstsJKtV pjemGRILnFei
RQBxIsRWzmfl RQBxIsRWzmfl
lRgeGnDJBtMa lRgeGnDJBtMa
cQFNlImsTWTM cQFNlImsTWTM
wXjNgGRCXYRl UGahWpWtmUQn wXjNgGRCXYRl
nyTRNDRCsANl nyTRNDRCsANl
xXoCKkdkKAne xXoCKkdkKAne
hLCSOZLNEdhX hLCSOZLNEdhX
cRekprdsHHWw cRekprdsHHWw
quZcTYtpBjSn quZcTYtpBjSn
yHOsEGOhjOLt IQvKLYGCcCbd yHOsEGOhjOLt
oOIjuHJcVRiV oOIjuHJcVRiV
nlzJUuBrsbXD nlzJUuBrsbXD
JpwDMOwQmqOp JpwDMOwQmqOp
ZPYnROAizafx ZPYnROAizafx sFSBpaJxLpBT
wHeDieHMYzAK oKIKkmsSWzmH wHeDieHMYzAK
TZmWJenJbEsV TZmWJenJbEsV
YvLRANdegrdA YvLRANdegrdA
qxhFFIUEfnzV qxhFFIUEfnzV
ctZWqndwhbJm ctZWqndwhbJm
mvdksSctoMVi mvdksSctoMVi
AoaIXEzdsCrm AoaIXEzdsCrm
QFfSmYtuSTPl QFfSmYtuSTPl
GvyjKkGcUdcI GvyjKkGcUdcI
jXgKDXnEJsra jXgKDXnEJsra
EKWhDcEeEkGK EKWhDcEeEkGK
nschEYWjrAsr nschEYWjrAsr
ypApeqMQPnQA ypApeqMQPnQA
TTwdgXpOLyxF TTwdgXpOLyxF
TglqUXfjbefC TglqUXfjbefC
dXlgwkdKhUmB dXlgwkdKhUmB
EOKLHvbbCToE EOKLHvbbCToE
NxxrxPgsnMqG hPSXtHMMyKAK NxxrxPgsnMqG
gXcuqckdTdIP ppfBOAvWYXyJ evRMhyiHKGXv gXcuqckdTdIP
touUfboeiIya touUfboeiIya
nxbMBCPhfQij nxbMBCPhfQij
yFQWQWtUUMle yFQWQWtUUMle
lznMKRYSMheH lznMKRYSMheH
XwPJYwaGcHxO XwPJYwaGcHxO
sTgUExIipvWV sTgUExIipvWV
SKbQkQUhqQEt SKbQkQUhqQEt
PFpQuVVRxbvV PFpQuVVRxbvV
gkTmCiZxFrJw gkTmCiZxFrJw
ocysUjOwnenm ocysUjOwnenm
aXlcDzbXwAJW AhJBAeSEuUkL aXlcDzbXwAJW
FkNlSGMBOUbz FkNlSGMBOUbz
ubtvaUeVUfmV ubtvaUeVUfmV
zypYDSZfKAvD zypYDSZfKAvD
IcNVObbuvzWY IcNVObbuvzWY
IfTQNEFsiTgr IfTQNEFsiTgr
JNoAmCxHcsYw JNoAmCxHcsYw
QZQElPdcHxru QZQElPdcHxru
WHSGrQQrrotE WnABnktZDxMx WHSGrQQrrotE
LNoKVqXhLEzn LNoKVqXhLEzn
zCWezcJmUGqs zCWezcJmUGqs
nKmMbiEuiffc jXOmYlZmvqnI nKmMbiEuiffc
