loc0 loc4 loc8 loc2 loc64 loc170 loc5 loc7 loc103 loc152 loc17 loc24 loc39 loc13 loc18 loc43 loc63 loc115 loc109 loc9 loc25 loc28 loc34 loc53 loc97 loc100 loc135 loc159 loc176 loc181 loc184 loc189 loc117 loc122 loc145 loc148 loc161 loc26 loc41 loc49 loc52 loc95 loc123 loc75 loc112 loc190 loc40 loc51 loc57 loc61 loc62 loc68 loc78 loc79 loc82 loc31 loc84 loc90 loc96 loc197 loc93 loc94 loc3 loc11 loc105 loc110 loc160 loc198 loc107 loc108 loc116 loc0 loc119 loc126 loc133 loc141 loc142 loc153 loc155 loc158 loc171 loc178 loc182 loc187 loc195 loc0
83
loc4 loc4
loc8 loc8
loc2 loc2
loc64 loc64
loc170 loc188 loc170
loc5 loc5
loc7 loc7
loc103 loc103
loc152 loc152
loc17 loc17
loc24 loc24
loc39 loc39
loc13 loc16 loc13
loc18 loc18
loc43 loc43
loc63 loc63
loc115 loc115
loc109 loc1 loc109
loc9 loc9
loc25 loc25
loc28 loc28
loc34 loc34
loc53 loc53
loc97 loc97
loc100 loc100
loc135 loc135
loc159 loc159
loc176 loc179 loc176
loc181 loc181
loc184 loc184
loc189 loc189
loc117 loc117
loc122 loc122
loc145 loc186 loc145
loc148 loc154 loc148
loc161 loc161
loc26 loc33 loc26
loc41 loc41
loc49 loc49
loc52 loc52
loc95 loc95
loc123 loc123
loc75 loc75
loc112 loc112
loc190 loc190
loc40 loc20 loc40
loc51 loc51
loc57 loc59 loc57
loc61 loc61
loc62 loc62
loc68 loc68
loc78 loc78
loc79 loc79
loc82 loc23 loc82
loc31 loc67 loc55 loc31
loc84 loc84
loc90 loc90
loc96 loc96
loc197 loc89 loc197
loc93 loc93
loc94 loc94
loc3 loc3
loc11 loc38 loc15 loc11
loc105 loc105
loc110 loc143 loc110
loc160 loc160
loc198 loc198
loc107 loc107
loc108 loc108
loc116 loc116
loc119 loc119
loc126 loc126
loc133 loc133
loc141 loc141
loc142 loc142
loc153 loc153
loc155 loc155
loc158 loc169 loc158
loc171 loc171
loc178 loc178
loc182 loc182
loc187 loc187
loc195 loc195
