5 1 78 69 27 82 3 168 35 115 91 117 97 8 66 42 89 106 149 164 124 5 177 2 157 93 3 137 130 6 147 198 1 170 20 79 1 188 83 103 196 58 16 108 3 197 100 55 159 5 182 92 3 190 102 122 7 5
45
1 1
78 78
69 69
27 27
82 82
168 168
35 35
115 115
91 91
117 117
97 97
8 50 8
66 66
42 42
89 89
106 106
149 38 149
164 164
124 124
177 177
157 157
93 93
137 137
130 130
147 147
198 198
170 170
20 185 20
79 79
188 188
83 83
103 103
196 196
58 58
16 16
108 108
197 197
100 46 100
55 112 55
159 159
182 182
92 92
190 190
102 102
122 122
