0 59 73 198 1 152 156 49 124 0 142 55 66 160 147 21 71 93 3 111 27 184 12 62 123 95 30 5 89 42 35 1 6 144 189 0 109 162 4 23 38 168 22 193 1 56 18 25 61 0 26 171 0 91 75 138 6 172 17 87 101 15 3 135 60 110 164 141 104 158 50 0 108 1 140 173 7 6 1 163 5 179 2 79 196 96 3 178 67 151 10 130 9 34 5 187 2 11 136 122 5 16 118 105 3 68 0
84
59 59
73 73
198 198
152 9 152
156 156
49 49
124 124
142 40 142
55 55
66 66
160 160
147 147
21 21
71 24 71
93 93
111 111
27 39 27
184 184
12 12
62 62
123 123
95 95
30 30
5 5
89 89
42 42
35 35
6 6
144 144
189 189
109 109
162 162
23 23
38 150 38
168 168
22 155 22
193 193
56 161 56
18 18
25 25
61 61
26 26
171 171
91 91
75 75
138 138
172 172
17 17
87 87
101 101
15 15
135 135
60 80 60
110 110
164 164
141 141
104 104
158 158
50 83 50
108 108
140 140
173 173
7 7
1 1
163 163
179 179
79 102 79
196 196
96 96
178 178
67 67
151 151
10 119 10
130 145 130
34 36 31 34
187 187
11 129 11
136 136
122 122
16 16
118 118
105 105
68 68
0 194 157
