Soda A5 A9 B7 B5 C1 D3 D6 A5 Soda C5 B2 E5 B1 E7 E6 B3 C7 B2 E3 C4 Soda C9 A7 B8 D1 D9 B9 C10 A7 A1 D5 D7 C3 E1 D4 C2 Soda A B H AB S B A C I J C A D K T AI K D A E Q E A F O X W AC M F A G N G A Soda a b m ad l ax ac av ab k b a e p af ae n d a h ak t al s g a i j aa at z aa j y ap ao an u x i a Soda a0 a5 a9 b7 b5 c1 d3 d6 a5 a0 c5 b2 e5 b1 e7 e6 b3 c7 b2 e3 c4 a0 c9 a7 a1 d5 d7 c3 d8 b9 d9 d1 b8 a7 c9 a0 Soda
78
A5 A5
A9 A9
B7 B7
B5 A3 B5
C1 C1
D3 D3
C5 C5
E5 E5
B1 B1
E7 E7
B3 B3
C7 C7
E3 E3
C9 C9
A7 A7
D1 D1
D9 D9
B9 B9
A1 A1
D5 D5
D7 D7
C3 C3
E1 E1
H H
AB AB
I AF
J J
T T
AI AS AW AU
E P
Q AG Q
X AO
AC AC
N AP N
b b
ad ad
l l
ax ax
av av
ab ab
p p
af ah af
n n
d d
h h
ak r aj
t t
al al
g f
j j
at at
z ar z
ap ap
ao v
an an
x x
a5 a5
a9 a9
b7 b7
b5 a3 b5
c1 c1
d3 d3
c5 c5
e5 e5
b1 b1
e7 e7
b3 b3
c7 c7
e3 e3
c9 c9
a7 a7
a1 a1
d5 d5
d7 d7
c3 e1 c3
b9 b9
d9 d9
d1 d1
