SabrinaSiriPrince50 aHwNY M7N2p X8iWp duKKu YgbLl Wutnl 5X0EW vmJdf YgbLl 11x30 WcEcU EZqNK OSLHQ 11x30 duKKu cRUJh SVxWg nbohZ d2ZYh SVxWg DrLs7 4MOkB yJVF4 9HL6t DrLs7 cRUJh X8iWp aHwNY UBrR9 52PwN H8qqB 0kSSC Ms6jj plb6L UBrR9 aHwNY SabrinaSiriPrince50
19
aHwNY aHwNY
M7N2p i3qsm nannc nMJpi rFWcq Bjd2k cwf5o V7iEC
Wutnl Wutnl
5X0EW 5X0EW
vmJdf vmJdf
WcEcU WcEcU
EZqNK EZqNK
OSLHQ OSLHQ
nbohZ nbohZ
d2ZYh d2ZYh
4MOkB 4MOkB
yJVF4 yJVF4
9HL6t 9HL6t
UBrR9 UBrR9
52PwN 52PwN
H8qqB H8qqB
0kSSC 0kSSC
Ms6jj Ms6jj
plb6L plb6L
