1 11 75 63 7 21 139 55 101 45 61 131 5 29 41 95 149 37 135 133 141 47 43 109 91 99 105 113 19 69 13 49 25 31 127 67 17 23 143 107 85 117 39 129 15 115 27 125 35 83 89 3 73 71 57 93 119 87 51 97 147 81 79 137 65 111 33 9 123 77 121 103 59 145 53 1
75
1 1
11 11
75 75
63 63
7 7
21 21
139 139
55 55
101 101
45 45
61 61
131 131
5 5
29 29
41 41
95 95
149 149
37 37
135 135
133 133
141 141
47 47
43 43
109 109
91 91
99 99
105 105
113 113
19 19
69 69
13 13
49 49
25 25
31 31
127 127
67 67
17 17
23 23
143 143
107 107
85 85
117 117
39 39
129 129
15 15
115 115
27 27
125 125
35 35
83 83
89 89
3 3
73 73
71 71
57 57
93 93
119 119
87 87
51 51
97 97
147 147
81 81
79 79
137 137
65 65
111 111
33 33
9 9
123 123
77 77
121 121
103 103
59 59
145 145
53 53
