Jason Derek Ricky Jeffery Ronnie Stacie Carrie Juan Tommy Kevin Amanda Regina Mark Christina Kayla John Jordan Stephen Brad Jeffrey Robert Samantha Katelyn Jennifer Jason Karen Lauren Jacqueline Grace Jason Robin April Shannon Susan Jason Rachel Andrew Edwin Dana Mary Jane Victoria Monica Crystal Scott Johnathan Megan James Jason Alexandra Nicholas Randy Melinda Dustin Michelle Paul Elizabeth Brian Gabriel Wayne Jason Claire Mario Nathaniel Kelsey Shane Tristan Joshua Kyle David Brittany Evan Dylan Roy Nathaniel Heather Tammy Kara Kevin Gregory Jose William Cristian Logan Timothy Jill Brett Rebecca Kari Kristen Nathaniel Mercedes Kevin Sabrina Joseph Adam Kevin Shawn Kathy Victoria Wendy Ashley Jeremy Jason
89
Derek Derek
Ricky Ricky
Jeffery Charles Jeffery
Ronnie Ronnie
Stacie Stacie
Carrie Carrie
Juan Juan
Tommy Tommy
Amanda Carol Amanda
Regina Regina
Mark Mark
Christina Christina
Kayla Kayla
John John
Jordan Jordan
Stephen Stephen
Brad Brad
Jeffrey Jeffrey
Robert Robert
Samantha Samantha
Katelyn Katelyn
Jennifer Jennifer
Karen Karen
Lauren Lauren
Jacqueline Bryan Kimberly Jacqueline
Grace Grace
Robin Robin
April April
Shannon Shannon
Susan Susan
Rachel Rachel
Andrew Andrew
Edwin Edwin
Dana Dana
Mary Mary
Jane Jane
Monica Monica
Crystal Rebekah Crystal
Scott Scott
Johnathan Laura Johnathan
Megan Adrian Megan
James James
Alexandra Alexandra
Nicholas Nicholas
Randy Nicole Randy
Melinda Melinda
Dustin Dustin
Michelle Michelle
Paul Paul
Elizabeth Elizabeth
Brian Brian
Gabriel Gabriel
Wayne Wayne
Claire Claire
Mario Mario
Kelsey Kelsey
Shane Shane
Tristan Tristan
Joshua Cheryl Joshua
Kyle Kyle
David David
Brittany Brittany
Evan Evan
Dylan Dylan
Roy Roy
Nathaniel Nathaniel
Heather Heather
Tammy Tammy
Kara Kara
Gregory Gregory
Jose Jose
William William
Cristian Cristian
Logan Logan
Timothy Timothy
Jill Misty Jill
Brett Brett
Rebecca Rebecca
Kari Kari
Kristen Kristen
Mercedes Mercedes
Sabrina Sabrina
Joseph Joseph
Adam Adam
Shawn Shawn
Kathy Kathy
Wendy Wendy
Ashley Melissa Ashley
Jeremy Jeremy
