Austin Victoria Sara Jamie Joshua Steven Dennis Walter Jennifer John Debra Hannah Elaine Mariah Eugene Alex Amy Kari Rhonda Rachel Kyle Melissa Austin Maxwell Jorge Elizabeth Sean Daniel Jonathan Robin Adam Scott Paul John Michael Gina Edward Paige Elaine Jeanette Lauren Garrett Monique Robert Cassandra Jordan Glenda Janet Jorge Donald Patrick Melinda Austin
44
Victoria Victoria
Sara April Sara
Jamie Jamie
Joshua Joshua
Steven Steven
Dennis Dennis
Walter Walter
Jennifer Jennifer
John John
Debra Debra
Hannah Hannah
Elaine Elaine
Mariah Mariah
Eugene Ralph Eugene
Alex Alex
Amy Amy
Kari Kari
Rhonda Rhonda
Rachel Rachel
Kyle Kyle
Melissa Melissa
Maxwell Maxwell
Elizabeth Elizabeth
Sean Natasha Sean
Daniel Daniel
Jonathan Juan Jonathan
Robin Robin
Scott Scott
Paul Paul
Michael Michael
Gina Gina
Edward Edward
Paige Paige
Jeanette Jeanette
Garrett Garrett
Monique Monique
Robert Robert
Cassandra Cassandra
Jordan Jordan
Glenda Glenda
Janet Janet
Donald Donald
Patrick Ashley Danielle Patrick
Melinda Melinda
