Glameow Spheal Gigalith Buneary Zygarde Ivysaur Spiritomb Bergmite Feebas Togepi Turtwig Meganium Piplup Poochyena Fomantis Turtwig Wailord Beheeyem Golett Wartortle Furret Electivire Archeops Loudred Glameow
19
Spheal Gothorita Spheal
Gigalith Gigalith
Buneary Buneary
Zygarde Glalie Ledian Zygarde
Ivysaur Spinarak
Spiritomb Spiritomb
Bergmite Gumshoos Bergmite
Togepi Togepi
Turtwig Inkay
Meganium Meganium
Piplup Piplup
Fomantis Mudbray
Wailord Wailord
Beheeyem Leavanny Beheeyem
Golett Golett
Furret Furret
Electivire Electivire Yanma
Archeops Archeops
Loudred Loudred
