Florges Masquerain Togetic Bewear Snorlax Celesteela Dusknoir Kricketot Yanmega Hitmonlee Doublade Purrloin Sentret Celebi Moltres Gastrodon Shaymin Regice Zubat Manectric Bidoof Palossand Bouffalant Infernape Lillipup Hakamoo Buzzwole Volbeat Dialga Caterpie Machoke Timburr Cascoon Delibird Purrloin Doublade Carracosta Aurorus Tentacruel Chansey Regice Shieldon Zapdos Poliwrath Wailmer Wormadam Bergmite Florges Tsareena Weepinbell Persian Furfrou Bayleef Bisharp Masquerain Florges
41
Togetic Togetic
Celesteela Celesteela
Dusknoir Dusknoir
Kricketot Kricketot
Yanmega Yanmega
Hitmonlee Hitmonlee
Purrloin Poliwag Purrloin
Sentret Sentret
Celebi Ralts Celebi
Moltres Moltres
Gastrodon Gastrodon
Shaymin Shaymin
Zubat Zubat
Manectric Manectric
Bidoof Bidoof Piloswine
Bouffalant Bouffalant
Infernape Infernape
Lillipup Cherrim Lillipup
Hakamoo Hakamoo Girafarig Omastar
Buzzwole Buzzwole
Volbeat Volbeat
Dialga Pichu Dialga
Machoke Machoke
Timburr Timburr
Cascoon Cascoon
Delibird Delibird
Carracosta Carracosta
Aurorus Aurorus
Tentacruel Tentacruel
Regice Regice
Zapdos Zapdos
Poliwrath Poliwrath
Wailmer Primarina Wailmer
Wormadam Wormadam
Bergmite Bergmite
Florges Stufful
Tsareena Tsareena
Weepinbell Weepinbell
Persian Scolipede Persian
Bayleef Bayleef
Bisharp Bisharp
