Granbull PorygonZ Electrode Flygon Rufflet Quilava Whiscash Rockruff Ninjask Slakoth Chatot Happiny Machamp Remoraid Lileep Absol Hitmontop Lapras Torracat Exeggcute Binacle Serperior Bergmite Jolteon Buizel Azurill Nuzleaf Staryu Deoxys Metagross Carbink Bronzor Mightyena Bronzor Roserade Carnivine Mantine Azurill Lycanroc Raichu Arbok Metapod Chespin Typhlosion Chinchou Bonsly Sylveon Lickilicky Malamar Floatzel Relicanth Unown Swanna Mimikyu Glalie Charizard Mudsdale Pancham Vivillon Dustox Staryu Greninja Tsareena Staravia Feraligatr Luvdisc Reshiram Golbat Heatran Lampent Electrike Dustox Budew Grumpig Metang Magmar Blissey Spinda Mawile Trumbeak Magmortar Goomy Lunala Heatmor Cinccino Diggersby Darkrai Jirachi Kangaskhan Skitty Crabominable Kyurem Ampharos Charmander Bagon Torchic Cascoon Krookodile Corphish Azurill Crawdaunt Cosmog Cubone TypeNull Cubone Butterfree Beedrill Floette Politoed Infernape Manaphy Gliscor Furret Reuniclus Furret Whimsicott TypeNull Spiritomb Probopass Dustox Pidgeot Machamp Torkoal Kyurem Granbull
100
PorygonZ PorygonZ
Electrode Electrode
Flygon Flygon
Rufflet Rufflet
Quilava Quilava
Whiscash Whiscash
Rockruff Rockruff
Ninjask Ninjask
Slakoth Slakoth
Chatot Chatot
Happiny Happiny
Machamp Machamp
Remoraid Remoraid
Lileep Lileep
Absol Absol
Hitmontop Hitmontop
Lapras Lapras
Torracat Torracat
Exeggcute Exeggcute
Binacle Binacle
Serperior Serperior
Bergmite Bergmite
Jolteon Jolteon
Buizel Buizel
Nuzleaf Nuzleaf
Deoxys Deoxys
Metagross Metagross
Carbink Carbink
Bronzor Bronzor
Mightyena Mightyena
Roserade Roserade
Carnivine Carnivine
Mantine Mantine
Lycanroc Lycanroc
Raichu Raichu
Arbok Arbok
Metapod Metapod
Chespin Chespin
Typhlosion Typhlosion
Chinchou Chinchou
Bonsly Bonsly
Sylveon Sylveon
Malamar Malamar
Floatzel Floatzel
Relicanth Relicanth
Unown Unown
Swanna Swanna
Mimikyu Mimikyu
Glalie Glalie
Charizard Charizard
Mudsdale Mudsdale
Vivillon Vivillon
Greninja Greninja
Tsareena Tsareena
Feraligatr Feraligatr
Luvdisc Luvdisc
Reshiram Reshiram
Golbat Golbat
Heatran Heatran
Lampent Lampent
Electrike Electrike
Dustox Dustox
Budew Budew
Grumpig Grumpig
Magmar Magmar
Blissey Blissey
Spinda Spinda
Mawile Mawile
Trumbeak Trumbeak
Magmortar Magmortar
Goomy Goomy
Heatmor Heatmor
Cinccino Cinccino
Diggersby Diggersby
Darkrai Darkrai
Jirachi Jirachi
Kangaskhan Kangaskhan
Skitty Skitty
Crabominable Crabominable
Ampharos Ampharos
Charmander Charmander
Torchic Torchic
Cascoon Cascoon
Krookodile Krookodile
Corphish Corphish
Crawdaunt Crawdaunt
Cosmog Cosmog
TypeNull TypeNull
Cubone Cubone
Butterfree Butterfree
Beedrill Beedrill
Floette Floette
Infernape Infernape
Gliscor Gliscor
Reuniclus Reuniclus
Whimsicott Whimsicott
Spiritomb Spiritomb
Probopass Probopass
Pidgeot Pidgeot
Torkoal Torkoal
