0 143 83 75 126 37 130 174 109 176 117 147 82 36 125 44 87 180 4 183 128 5 26 9 12 140 70 45 137 0 42 9 198 139 108 185 9 121 23 17 102 166 122 7 67 13 28 10 6 35 5 13 138 31 6 160 55 11 171 72 16 74 144 3 97 15 181 152 105 0 168 134 28 195 8 197 157 63 149 2 177 6 131 16 17 2 98 2 106 13 189 27 91 156 179 103 114 9 0
74
0 80 52
143 143
83 83
75 75
126 20 126
130 66 130
174 84 174
109 109
176 176
117 117
147 59 147
82 82
36 36
125 116 125
87 87
180 69 180
183 183
128 128
26 26
9 9 88
12 34
140 140
70 70
45 19 45
137 137
42 4 40 42
198 111 76 198
139 53 139
108 108
185 185
121 121
23 62 23
102 102
166 166
122 122
67 67
13 13
10 10
35 162 35
5 136
138 138
31 196 30 31
6 50
160 160
55 55
11 11
171 171
72 72
74 74
144 144
97 97
181 181
152 152
105 105
168 168
134 134
195 195
197 197
157 157
63 81 63
149 145 48 149
177 177
131 131
16 16
17 151 46 17
98 98
106 106
189 189
27 199
91 91
156 156
179 179
103 27 103
114 184 85 114
