node26 node20 node2 node9 node3 node64 node91 node3 node99 node37 node59 node63 node71 node11 node4 node72 node32 node79 node45 node2 node70 node13 node67 node78 node8 node14 node36 node41 node44 node46 node18 node47 node49 node51 node66 node95 node75 node0 node85 node26
32
node20 node20
node2 node2
node9 node9
node3 node3
node64 node64
node91 node91
node99 node8 node99
node37 node48 node39 node37
node59 node59
node63 node63
node71 node71
node4 node4
node72 node27 node72
node32 node32
node79 node79
node45 node45
node70 node70
node13 node55 node13
node67 node67
node78 node78
node14 node14
node36 node36
node41 node84 node6 node41
node44 node44
node46 node46
node47 node47
node49 node49
node51 node60 node51
node66 node66
node95 node95
node75 node75
node85 node85
