node142 node20 node2 node69 node17 node77 node60 node70 node3 node80 node87 node1 node127 node103 node143 node7 node177 node14 node23 node112 node128 node121 node124 node6 node152 node27 node37 node39 node92 node6 node62 node21 node93 node102 node151 node163 node154 node162 node182 node9 node185 node161 node24 node170 node111 node4 node119 node2 node122 node136 node144 node11 node18 node2 node31 node34 node1 node45 node47 node1 node50 node81 node108 node123 node3 node148 node0 node166 node169 node171 node199 node2 node142
58
node20 node20
node2 node2
node69 node69
node17 node17
node77 node26 node10 node5 node77
node60 node60
node70 node70
node80 node80
node87 node87
node127 node89 node66 node127
node103 node103
node143 node143
node177 node177
node14 node129
node23 node99 node86 node65 node53 node6 node23
node112 node112
node128 node128
node121 node121
node124 node124
node152 node152
node27 node27
node39 node39
node92 node92
node6 node56
node62 node62
node93 node93
node102 node102
node151 node130 node107 node94 node151
node163 node163
node154 node160 node154
node162 node162
node182 node182
node9 node183
node185 node185
node161 node161
node24 node164 node135 node24
node170 node40 node170
node111 node111
node119 node119
node122 node125 node122
node136 node136
node144 node196 node144
node11 node11
node18 node18
node31 node31
node34 node34
node45 node45
node47 node47
node50 node78 node50
node81 node91 node88 node81
node108 node108
node123 node123
node3 node140
node148 node148
node166 node166
node169 node169
node171 node171
node199 node199
