1 16 160 32 163 100 68 8 30 170 29 27 125 182 100 93 49 119 57 35 26 100 117 43 131 76 22 0 100 21 158 199 159 54 171 180 100 45 196 100 115 101 100 134 60 191 174 100 155 183 100 50 88 19 100 151 142 100 59 121 129 89 189 100 80 175 44 100 178 195 124 100 193 99 97 100 164 177 77 100 55 127 86 100 1
68
1 1
16 16
160 160
32 32
163 163
68 68
8 12 8
30 30
170 170
29 29
27 27
125 125
182 182
93 25 93
49 49
119 119
57 57
35 35
26 26
117 117
43 43
131 131
76 76
22 22
0 0
100 15 10 3 38 36 31 28 24 113 82 74 56 153 150 148 138 136 111 194 192 188 172 157 84
21 141 21
158 158
199 199
159 159
54 54
171 171
180 180
45 45
196 196
115 63 18 115
101 101
134 134
60 60
191 191
174 174
155 137 155
183 183
50 50
88 88
19 19
151 151
142 142
59 59
121 121
129 129
89 186 89
189 189
80 80
175 175
44 44
178 178
195 195
124 124
193 193
99 99
97 97
164 105 164
177 177
77 77
55 55
127 83 127
86 86
