21 152 111 188 113 31 76 35 36 37 38 87 139 1 139 168 169 166 167 108 170 117 122 130 131 132 61 60 59 50 197 95 97 36 37 189 124 125 115 119 115 125 137 75 74 160 17 157 143 185 186 33 186 185 143 17 160 23 79 48 65 175 151 191 151 150 53 181 180 126 127 106 105 85 86 47 48 65 175 151 150 84 179 25 179 161 93 161 179 178 63 178 91 92 101 27 43 27 101 198 125 124 189 37 38 187 42 41 11 81 113 171 15 171 69 66 69 171 113 188 111 152 153 152 21
64
21 21 45
111 111
113 113
31 31
35 35
37 37
87 87
139 139 99
1 3 1
169 57 169
167 29 167
117 117
122 123
131 131
61 61
59 59
50 49
197 163 197
95 95 195
97 97
115 115
119 159 51 39 119
137 137
75 75
17 77 17
157 157
143 143 147
185 185 55
33 155 33
23 23
79 79
48 19 47
65 121 65
191 13 191
151 141 151
53 53
181 181
127 127
106 109
105 129 103 105
85 107 85
47 133
175 175
179 179
25 165 25
161 161
93 89 93
63 83 71 63
91 91
101 9 7 101 193
27 27
43 73 43
125 125
189 189
187 187
41 41
11 11
81 149 81
171 171 177 183
15 5 15
66 67 145
69 69
188 135
153 173 153
