74 72 80 76 73 75 46 2 8 6 2 151 157 153 156 153 151 18 11 16 18 38 21 26 29 28 23 25 22 30 24 21 38 31 39 36 35 37 31 38 132 136 135 139 137 140 131 132 46 50 41 46 58 53 54 55 58 63 70 68 61 66 62 69 63 87 89 82 81 88 83 85 81 87 98 99 98 102 118 116 111 119 113 118 121 122 121 141 145 146 148 141 169 164 161 165 167 166 168 161 169 172 174 180 179 178 171 172 182 192 197 198 199 191 192 75 77 72 74
84
74 74
80 80
76 76
73 73
75 75
46 46
2 2
8 8
6 6
151 151
157 157
153 153
156 160 156
18 13
11 14 11
16 19 16
26 26
29 29
28 28
23 23
25 25
30 30
38 38
31 31
39 39
36 36
35 35
37 32 37
136 136
135 135
139 139
137 137
140 140
131 131
50 50
41 47 41
58 58
53 53
54 57 54
55 59 52 55
70 70
68 68
61 61
66 66
62 62
69 69
89 89
82 82
81 81 86
88 88
83 83
85 85
99 96 99
102 104
118 118
116 116
111 114 111
119 119
113 113
121 128
122 126 122
141 141
145 145
146 142 146
148 148
169 169
164 164
161 163 161
165 165
167 167
166 166
168 168
172 172
174 174
180 180
179 179
178 175 178
182 189 185
192 192
197 197
198 198
199 199
191 191
77 77
