l7 l40 l39 l67 l160 l161 l6 l1 l114 l49 l184 l192 l74 l172 l200 l90 l169 l186 l20 l180 l177 l130 l94 l128 l2 l26 l33 l136 l162 l199 l163 l24 l148 l171 l181 l138 l1 l115 l72 l46 l101 l3 l63 l7
40
l7 l35 l7
l40 l40
l39 l39
l67 l54 l27 l67
l160 l168 l12 l160
l161 l161
l6 l6
l114 l14 l114
l49 l127 l49
l184 l77 l25 l184
l192 l192
l74 l74
l172 l15 l172
l200 l200
l90 l90
l169 l141 l59 l169
l186 l186
l20 l109 l102 l20
l180 l180
l177 l116 l177
l130 l41 l130
l94 l94
l128 l128
l2 l2
l26 l53 l26
l33 l58 l122 l33
l136 l142 l136
l162 l113 l162
l199 l199
l163 l163
l24 l124 l24
l148 l155 l148
l171 l171
l181 l181
l138 l138
l115 l132 l115
l72 l44 l37 l72
l46 l46
l101 l110 l101
l63 l189 l83 l21 l63
