L55 L6 L2 L4 L7 L8 L10 L33 L35 L47 L59 L64 L67 L133 L74 L121 L127 L136 L139 L158 L199 L0 L16 L20 L22 L24 L30 L31 L34 L0 L36 L37 L0 L45 L53 L68 L70 L71 L0 L89 L90 L93 L95 L99 L0 L103 L138 L104 L108 L112 L114 L0 L119 L129 L131 L15 L23 L105 L189 L132 L142 L143 L144 L152 L159 L160 L0 L166 L167 L168 L0 L191 L193 L195 L0 L196 L2 L69 L76 L82 L102 L134 L55
73
L55 L55
L6 L6
L2 L2
L4 L4
L7 L7
L8 L8
L10 L10
L33 L33
L35 L43 L35
L47 L47
L59 L59
L64 L64
L67 L67
L133 L133
L74 L74
L121 L121
L127 L127
L136 L136
L139 L139
L158 L190 L165 L158
L199 L199
L0 L0 L42 L41 L38 L87 L73 L101 L117 L115 L186 L185 L184 L182 L178 L177 L174 L170
L16 L19 L16
L20 L20
L22 L22
L24 L24
L30 L30
L31 L31
L34 L34
L36 L36
L37 L37
L45 L50 L45
L53 L56 L54 L53
L68 L68
L70 L70
L71 L71
L89 L89
L90 L90
L93 L94 L93
L95 L96 L95
L99 L99
L103 L103
L138 L138
L104 L104
L108 L108
L112 L112
L114 L114
L119 L119
L129 L129
L131 L131
L15 L15
L23 L23
L105 L105
L189 L189
L132 L141 L132
L142 L142
L143 L143
L144 L145 L144
L152 L152
L159 L159
L160 L160
L166 L166
L167 L167
L168 L168
L191 L191
L193 L193
L195 L195
L196 L196
L69 L69
L76 L76
L82 L82
L102 L102
L134 L134
