L27 L0 L11 L12 L13 L0 L18 L20 L24 L29 L31 L36 L42 L48 L50 L6 L40 L52 L0 L58 L16 L22 L33 L3 L49 L66 L78 L87 L2 L89 L91 L61 L63 L76 L84 L85 L92 L19 L35 L80 L86 L96 L97 L27
39
L0 L10 L5 L0
L11 L11
L12 L12
L13 L13
L18 L18
L20 L20
L24 L24
L29 L29
L31 L31
L36 L38 L36
L42 L45 L42
L48 L48
L50 L50
L6 L6
L40 L40
L52 L52
L58 L15 L58
L16 L16
L22 L22
L33 L33
L3 L3
L49 L49
L66 L66
L78 L78
L87 L87
L89 L89
L91 L91
L61 L61
L63 L72 L63
L76 L83 L77 L76
L84 L84
L85 L85
L92 L1 L92
L19 L19
L35 L35
L80 L80
L86 L95 L94 L86
L96 L96
L97 L97
