0 2 163 19 10 91 7 49 42 52 29 168 24 1 27 78 15 74 72 36 0 40 89 21 98 73 87 39 57 66 70 0 154 86 99 51 11 90 30 95 41 32 4 90 93 14 92 0
44
2 75 58 2
163 59 67 43 8 77
19 19
10 10
91 91
7 7
49 49
42 42
52 52
29 29
168 44 83 22
24 63 48 68 16 24
1 1
27 55 27
78 78
15 76 15
74 74
72 72
36 100 36 82 60 50 20 65 5 35
40 61 47 45 40
89 89
21 21
98 98
73 73
87 87
39 39
57 57
66 66 12 71 85
70 53 70
0 33 94 3 80 84 62 97 88
154 17 25
86 37 86
99 99
51 51
11 11
90 69 34 18 54 28 38 31 90
30 46 6 64 13 26 30
95 95
41 41
32 32
4 4
93 93
14 14
92 81 56 79 96 23 9 92
