101 100 99 92 90 94 96 91 98 95 83 81 80 88 79 70 55 51 50 59 53 52 41 44 46 45 42 48 40 47 43 49 40 50 56 58 57 53 74 75 37 30 33 34 36 38 39 35 4 1 0 7 2 5 8 6 9 3 6 31 32 30 74 20 23 26 28 27 25 24 28 65 66 60 62 61 67 64 68 17 13 10 14 16 15 19 11 61 69 22 70 71 77 76 72 73 79 87 82 84 86 85 87 89 15 97 93 99 100 101
91
99 99
92 92
90 90
94 94
96 96
91 91
98 98
95 95
83 83
81 81
80 80
88 88
79 79
70 70
55 55
51 51
50 54 50
59 59
53 53
52 52
41 41
44 44
46 46
45 45
42 42
48 48
40 40
47 47
43 43
49 49
56 56
58 58
57 57
75 75
37 37
30 31 30
33 33
34 34
36 36
38 38
39 39
35 35
4 4
1 1
0 0
7 7
2 2
5 5
8 8
6 6
9 9
3 3
32 32
74 74 78
20 20
23 23
26 26
28 21 28
27 27
25 22 25
24 24
65 65
66 66
60 60
62 62
61 61
67 67
64 64
68 68
17 17
13 13
10 10
14 12 14
16 18 11 16
15 15
19 19
69 63 69
22 29
71 71
77 77
76 76
72 72
73 73
82 82
84 84
86 86
85 85
87 87
89 89
97 97
93 93
