Soda Guadeloupe China Antigua Guyana Burkina Bermuda Fiji Argentina Egypt Comoros Falkland Central Aruba Hong Denmark Holy Ghana Cuba Austria Aruba Australia Czech Cambodia Cocos Cayman Finland Ethiopia Belize Guam Botswana Bouvet Hungary Soda
23
Guadeloupe Guadeloupe
China China
Antigua Antigua
Guyana Guyana
Bermuda Bermuda
Fiji Fiji
Argentina Argentina
Egypt Egypt
Comoros Comoros
Central Central
Aruba Aruba
Denmark Denmark
Ghana Angola
Austria Austria
Australia Australia
Czech United Czech
Cambodia Cambodia
Cocos Colombia Cocos
Cayman Cayman
Belize Belize
Guam Guam
Botswana Botswana
Bouvet Bouvet
