Soda Cambodia Finland Mozambique Congo Seychelles Burkina Nigeria Aruba Liberia Hong Palau Pitcairn Japan Latvia Moldova Kenya Republic Algeria Niger United Jamaica Sao Kyrgyzstan Netherlands Fiji Germany Iraq Gabon Lebanon New Saint Mayotte Singapore Egypt Sint Croatia Bahamas Mexico Korea British Belize Argentina Burundi Macedonia Lao Kiribati Northern Soda
42
Cambodia Cambodia
Finland Finland
Mozambique Albania
Congo Congo
Burkina Burkina
Nigeria Rwanda Nigeria
Aruba Aruba
Liberia Liberia
Hong Hong
Palau Palau
Pitcairn Macao Pitcairn
Japan Japan
Latvia Latvia
Moldova Moldova
Republic Antigua Republic
Algeria Algeria
Niger Niger
United United
Jamaica Jamaica
Sao Sao
Kyrgyzstan Kyrgyzstan
Netherlands Netherlands
Fiji Fiji
Iraq Iraq
Lebanon Lebanon
New New
Saint Saint
Mayotte Ireland Mayotte Malawi
Singapore Singapore
Egypt Egypt
Sint Sint
Croatia Croatia
Bahamas Indonesia Bahamas
Mexico Mexico
Korea Korea
British British
Belize Belize
Argentina Pakistan Argentina Luxembourg
Burundi Burundi
Lao Lao
Kiribati Kiribati
Northern Northern
