1 30 18 50 53 60 40 57 73 66 75 72 36 32 27 54 17 61 15 45 63 28 77 65 14 56 42 48 69 13 31 37 59 70 58 16 21 10 24 33 71 78 47 11 51 44 52 38 26 34 23 25 74 68 79 35 19 41 62 64 49 67 1
61
30 30
18 18
50 50
53 53
60 60
40 40
57 57
73 73
66 66
75 39 75
72 72
36 36
32 32
27 27
54 54
17 17
61 61
15 12 15
45 45
63 63
28 55 28
77 77
65 46 65
14 14
56 20 56
42 42
48 48
69 69
13 13
31 31
37 37
59 59
70 29 76 70
58 58
16 16
21 21
10 10
24 24
33 33
71 71
78 43 78
47 47
11 11
51 51
44 44
52 52
38 38
26 26
34 22 34
23 23
25 25
74 74
68 68
79 79
35 35
19 19
41 41
62 62
64 64
49 49
67 67
