Meckgue TheUniversity LeakyCauldron LakeLaogai Beldenn RepublicCity ZhaoFu Sanlow Yunkai EarthKingdom UtgardMountain LakeLaogai Urubaen Sanlow Grayburn Keld GooLagoon TheFae TheGodswood MysticRuins RepublicCity Vexhollow BeyondtheWall TheBoilingRock TheVale EasternAirTemple VaultofSouls LakeLaogai VaultofSouls ShatteredPlains Meereen Winterfell Lorien TheHogsHead Larcbost KoralReef ShatteredPlains TheSpine Vintas Braavos Tartarus TheWaystoneInn TheArcanum Steeltown Gizton EasternAirTemple VaultofSouls Meckgue
36
Meckgue Meckgue TheKrustyKrab
TheUniversity TheUniversity
LeakyCauldron LeakyCauldron
Beldenn Beldenn
RepublicCity TreeofTime RepublicCity
ZhaoFu ZhaoFu
Sanlow Sanlow
Yunkai Yunkai
EarthKingdom EarthKingdom
UtgardMountain UtgardMountain
Urubaen FlourishBlotts Urubaen
Grayburn Grayburn
Keld Murkcairn Keld
GooLagoon GooLagoon
TheGodswood Gotham TheGodswood
MysticRuins MysticRuins
Vexhollow Ellesmera Ademre Vexhollow
BeyondtheWall BeyondtheWall
TheBoilingRock TheBoilingRock
TheVale Castamere TheVale
VaultofSouls VaultofSouls Steeltown Kinecardine
LakeLaogai ThePrancingPony LakeLaogai
ShatteredPlains ShatteredPlains
Meereen Dagobah Meereen
Winterfell Winterfell
Lorien Lorien
TheHogsHead Netherfort TheHogsHead
Larcbost Gizton Larcbost
KoralReef KoralReef
TheSpine TheSpine
Vintas Carvahall
Braavos Braavos
Tartarus Tartarus
TheWaystoneInn TheWaystoneInn
TheArcanum TheArcanum
EasternAirTemple EasternAirTemple
