FleaBottom Bobbingbourne Urubaen Trebon SatishVille TheGreatDivide TheBurningPlains Yll MinistryofMagic Arkham Westopolis Carvahall DiagonAlley HighGarden Vintas Vroengard Ademre TheBoilingRock UtgardMountain Glimthain Lorien ShriekingShack CrastersKeep Ebonfall GringottsBank TheAturanEmpire FleaBottom
20
Bobbingbourne Bobbingbourne
Urubaen Urubaen
Trebon Trebon
SatishVille Eggmanland SatishVille
TheGreatDivide TheGreatDivide
TheBurningPlains Olivanders TheBurningPlains
Yll Yll
MinistryofMagic Accrington MinistryofMagic
Arkham Arkham
Westopolis Westopolis
HighGarden HighGarden
Vintas Vintas
Ademre Ademre
TheBoilingRock TheBoilingRock
UtgardMountain UtgardMountain
Glimthain Glimthain
Lorien TheVale
ShriekingShack Coalwatch ShriekingShack
Ebonfall Ebonfall
GringottsBank Batcave GringottsBank
