Essos JarrensOutpost TheReshiIsles Accrington Ivormere Glimthain Trebon ShriekingShack Valyria ShriekingShack GooLagoon Peridrift TheEyrie Urubaen Kharbranth Hogwarts GooLagoon Keld ShatteredPlains Alethkar Penketh Yll Karth Castamere DuWeldenvarden BeyondtheWall DiagonAlley TreeofTime Dragonstone TheSpiritWorld Jakku Toffingburg Lorien Meereen WitheredHeath Soda Atlantas TheFae Ebonfall MountOlympus Aerodenn Steeltown Riverrun Shadesmar Arkham Penketh Neddingtown Aerodenn Netherfort Astapor Arcwallow Alethkar Vintas Neddington TheEyrie WesternAirTemple Jakku Alderaan Ellesmera Imre TheUnderworld Jakku CaveofTwoLovers TheSpiritWorld SatishVille TheCommonwealth Ademre Barkamsted Endor SatishVille TheChumBucket TheGodswood HighGarden Omashu TheEolian Tarbean Hogsmead BeyondtheWall Braavos Barkamsted Tatooine Arcwallow Yll Penketh TheVale Bobbingbourne TheReshiIsles Severen Carvahall Gizton Dubwall TheReshiIsles RepublicCity TheKrustyKrab Azir TheGreatDivide Azir Newarre TheArcanum ThePrancingPony TheRiverStyx Blackwater TheRiverStyx Essos
73
Essos Essos
JarrensOutpost Shinovar JarrensOutpost
TheReshiIsles Duskhollow Toperhagen TheReshiIsles Batcave Boatwright TheBoilingRock
Accrington Accrington
Ivormere Ivormere
Trebon Trebon
ShriekingShack ShriekingShack FlourishBlotts
Valyria Arrowcave Braavos Valyria
GooLagoon GooLagoon
Peridrift Peridrift
TheEyrie TheEyrie
Urubaen Urubaen
Hogwarts Hogwarts
Keld Keld
ShatteredPlains ShatteredPlains
Penketh Penketh FireNation
Yll Yll CastleBlack ProBendingArena
Karth Karth
Castamere Castamere
DuWeldenvarden DuWeldenvarden
DiagonAlley Sanlow DiagonAlley
Dragonstone Dragonstone
TheSpiritWorld TheSpiritWorld
Jakku Jakku TheWhompingWillow
Toffingburg Toffingburg
Lorien Lorien
Meereen Meereen
WitheredHeath WitheredHeath
Soda Soda
Atlantas Atlantas
TheFae TheFae Aerodenn
MountOlympus MountOlympus
Aerodenn BaSingSe Chrofall
Steeltown Steeltown
Riverrun Riverrun
Arkham Arkham
Neddingtown Neddingtown
Netherfort Netherfort
Astapor Astapor
Alethkar Alethkar
Vintas Westeros Vintas
Neddington Neddington
WesternAirTemple WesternAirTemple
Alderaan Alderaan
Ellesmera Ellesmera
TheUnderworld TheUnderworld
CaveofTwoLovers CaveofTwoLovers
SatishVille Helgrind SatishVille
TheCommonwealth TheCommonwealth
Ademre Ademre
Endor Endor
TheChumBucket Lockinge Grimbarrow TheChumBucket
TheGodswood TheGodswood
HighGarden HighGarden
Omashu Omashu
Tarbean Tarbean
Hogsmead Hogsmead
BeyondtheWall BeyondtheWall
Barkamsted Barkamsted
Arcwallow Arcwallow
TheVale TheVale
Bobbingbourne Bobbingbourne
Severen Winterfell Severen
Carvahall Carvahall
Gizton Gizton
Dubwall Dubwall
RepublicCity JahKeved TheSpine RepublicCity
TheKrustyKrab BikiniBottom TheKrustyKrab
TheGreatDivide KnifesEdge TheGreatDivide
Azir Azir
Newarre Newarre
TheRiverStyx Tartarus TheRiverStyx
Blackwater FleaBottom Blackwater
