21 54 0 142 2 146 95 149 49 74 64 34 120 14 16 32 7 47 127 15 108 36 168 45 100 137 72 0 133 31 147 29 1 61 184 131 135 139 196 103 0 51 152 144 122 163 78 96 75 178 119 17 176 186 190 188 56 102 167 90 10 30 1 180 151 154 87 20 1 62 170 172 24 116 46 105 1 125 169 91 4 114 82 60 18 88 81 136 130 68 2 160 194 118 134 0 37 97 5 121 48 1 21
90
21 21
54 54
142 142
2 2
146 146
95 95
149 149
49 49
74 74
64 64
34 34
120 120
14 14
16 16
32 32
7 7
47 47
127 127
15 42 15
108 108
36 36
168 168
45 45
100 100
137 137
72 53 72
133 133
31 27 31
147 147
29 115 29
61 40 61
184 184
131 131
135 135
139 139
196 196
103 103
51 51
152 152
144 144
122 122
163 163
78 78
96 96
75 75
178 178
119 119
17 17
176 176
186 186
190 190
188 188
56 56
102 102
167 167
90 90
10 10
30 23 30
180 180
151 151
154 154
87 87
20 20
62 62
170 170
172 172
24 24
116 116
46 46
105 177 38 105
125 125
169 169
91 91
114 114
82 82
60 60
18 18
88 88
81 81
136 136
130 130
68 68
160 156 160
194 194
118 118
134 159 134
37 37
97 97
121 121
48 48
