1FoundersRock 28SodaHall 17Wheeler 38RajProperties 26ClarkKerr 20Ehrman 24Blackwell 35ChanningBowdwitch 23Unit3 31Hillegass 36CasaZimbabwe 27InternationalHouse 19SouthHall 32DeltaPhiEpsilon 29VarsityBerkeley 30Stonefire 21Unit1 16Giannini 34Martinez 33Wada 22Unit2 25Foothill 37OtherCoop 18NorthGate 1FoundersRock 39SanFransisco 1FoundersRock
25
28SodaHall 28SodaHall
17Wheeler 17Wheeler
38RajProperties 38RajProperties
26ClarkKerr 26ClarkKerr
20Ehrman 20Ehrman
24Blackwell 24Blackwell
35ChanningBowdwitch 35ChanningBowdwitch
23Unit3 23Unit3
31Hillegass 31Hillegass
36CasaZimbabwe 36CasaZimbabwe
27InternationalHouse 27InternationalHouse
19SouthHall 19SouthHall
32DeltaPhiEpsilon 32DeltaPhiEpsilon
29VarsityBerkeley 29VarsityBerkeley
30Stonefire 30Stonefire
21Unit1 21Unit1
16Giannini 16Giannini
34Martinez 34Martinez
33Wada 33Wada
22Unit2 22Unit2
25Foothill 25Foothill
37OtherCoop 37OtherCoop
18NorthGate 18NorthGate
39SanFransisco 40Oaktown 39SanFransisco
1FoundersRock 1FoundersRock 1FoundersRock 1FoundersRock 1FoundersRock 1FoundersRock 1FoundersRock 1FoundersRock 1FoundersRock 1FoundersRock 1FoundersRock
