s h84 h59 h63 h76 h50 h74 h56 h60 h70 h81 h51 h61 h54 h69 h58 h68 h90 h65 h92 h71 h64 h72 h75 h87 h85 h78 h93 h62 h52 h89 h83 h99 h73 h96 h98 h80 h95 h86 h97 h57 h67 h91 s
42
h84 h84
h59 h59
h63 h63
h76 h76
h50 h50
h74 h74
h56 h56
h60 h60
h70 h70
h81 h81
h51 h51
h61 h61
h54 h79 h94 h54
h69 h69
h58 h58
h68 h68
h90 h90
h65 h65
h92 h92
h71 h71
h64 h64
h72 h72
h75 h75
h87 h87
h85 h85
h78 h78
h93 h93
h62 h82 h55 h88 h62
h52 h52
h89 h89
h83 h83
h99 h99
h73 h73
h96 h96
h98 h98
h80 h77 h80
h95 h53 h95
h86 h86
h97 h97
h57 h57
h67 h66 h67
h91 h91
