s h129 h104 h195 h125 h129 h176 h174 h161 h191 h110 h163 h117 l49 h151 h128 h132 h140 h160 h134 h116 h196 h197 h137 h189 l8 h145 l6 h162 l6 h168 l69 h179 h194 h136 h199 h193 h121 l79 h175 l31 h186 h142 h144 h181 h173 l98 h180 h178 l22 h126 h124 h155 h119 h159 h112 h109 h148 l29 h190 h111 h182 h150 h158 h123 l10 s h157 l71 h171 h181 h184 h187 h192 h169 h118 h100 h146 h149 h143 h157 h188 h112 h131 h105 h106 h183 h177 h164 h156 h120 h154 l72 h135 h114 h103 h135 h133 h165 l61 h170 l33 h185 l22 h166 l43 h167 s
82
h129 h129
h104 h104
h195 h195
h125 h125
h176 h176
h174 h174
h161 h102 h161
h191 h191
h110 h107 h110
h163 h101 h163
h117 h122 h117
h151 h124 h151
h128 h108 h128
h132 h132
h140 h152 h138 h140
h160 h160
h134 h134
h116 h116
h196 h196
h197 h197
h137 h137
h189 h189
h145 h145
h162 h162
h168 h168
h179 h113 h179
h194 h194
h136 h136
h199 h139 h199
h193 h193
h121 h121
h175 h175
h186 h186
h142 h142
h144 h144
h173 h173
h180 h180
h178 h198 h172 h178
h126 h126
h155 h155
h119 h119
h159 h159
h112 h112
h109 h109
h148 h153 h115 h148
h190 h190
h111 h127 h111
h182 h182
h150 h150
h158 h158
h123 h123
h157 h157
h171 h171
h181 h141 h181
h184 h184
h187 h187
h192 h192
h169 h169
h118 h118
h100 h100
h146 h146
h149 h149
h143 h143
h188 h188
h131 h131
h105 h105
h106 h106
h183 h183
h177 h177
h164 h147 h164
h156 h156
h120 h120
h154 h130 h154
h135 h135
h114 h114
h103 h103
h133 h133
h165 h165
h170 h170
h185 h185
h166 h166
h167 h167
