node139 node24 node154 node61 node102 node48 node157 node92 node152 node60 node96 node8 node52 node22 node27 node73 node15 node192 node124 node54 node108 node81 node8 node146 node33 node57 node51 node2 node107 node116 node125 node123 node143 node182 node56 node5 node158 node180 node167 node1 node191 node114 node195 node59 node159 node160 node181 node1 node200 node16 node47 node5 node80 node20 node53 node29 node186 node98 node119 node4 node169 node134 node85 node100 node30 node50 node4 node38 node173 node42 node190 node3 node112 node3 node37 node178 node109 node66 node41 node71 node49 node185 node141 node1 node72 node2 node86 node97 node126 node21 node149 node5 node111 node1 node129 node162 node3 node19 node84 node130 node17 node117 node17 node139
82
node24 node24
node154 node154
node61 node61
node102 node102
node48 node163 node48
node157 node157
node92 node92
node152 node12 node10 node152
node60 node60
node96 node96
node8 node8
node52 node52
node22 node22
node27 node27
node73 node188 node26 node73
node192 node5 node192
node124 node17 node124
node54 node54
node108 node108
node81 node81
node146 node146
node33 node33
node57 node1 node57
node51 node51
node107 node107
node116 node116
node125 node125
node123 node123
node143 node143
node182 node182
node56 node56
node158 node158
node180 node180
node167 node167
node191 node191
node114 node114
node195 node3 node195
node59 node59
node159 node159
node160 node160
node181 node181
node200 node200
node16 node16
node47 node47
node80 node80
node20 node20
node53 node53
node186 node186
node98 node98
node119 node119
node169 node169
node134 node134
node85 node18 node85
node100 node100
node30 node30
node50 node165 node50
node38 node94 node38
node173 node173
node42 node42
node190 node190
node112 node112
node37 node37
node178 node178
node109 node109
node66 node66
node41 node41
node71 node71
node49 node49
node185 node185
node141 node65 node141
node72 node72
node86 node86
node97 node97
node126 node126
node149 node149
node111 node111
node129 node55 node129
node162 node162
node19 node19
node84 node84
node130 node130
node117 node184 node117
