node87 node96 node95 node18 node88 node12 node25 node72 node29 node98 node39 node93 node64 node59 node6 node86 node90 node19 node5 node92 node83 node48 node31 node75 node60 node79 node47 node91 node85 node55 node99 node74 node17 node53 node35 node45 node94 node15 node69 node14 node69 node97 node76 node23 node4 node57 node56 node63 node54 node94 node27 node8 node70 node87
42
node96 node11
node95 node37 node95
node88 node88
node12 node12
node25 node25
node72 node72
node29 node29
node39 node39
node93 node93
node64 node64
node59 node59
node6 node6
node86 node1 node86 node38
node19 node19
node5 node5
node92 node92
node83 node83
node48 node55 node48
node31 node31
node75 node75
node60 node60
node79 node79
node47 node47
node85 node85
node99 node99
node74 node74
node17 node17
node53 node53
node35 node2 node35
node45 node45
node94 node94
node15 node15
node69 node69
node14 node42 node14
node97 node97
node76 node76
node23 node23
node57 node57
node56 node56
node54 node54
node27 node27
node8 node8
