369 3327 1eb1 9cde 69b7 664e 960c 1408e 221a 2583 c933 139bc 132ea 2fbe 6d20 da40 14ac9 121dd a047 ffc3 14760 10d67 d6d7 10695 e7e4 13653 13d25 128af eeb6 b4bd 62e5 c261 14e32 110d0 4b06 e47b 28ec 51d8 d005 dda9 369
39
3327 3327
1eb1 1eb1
9cde 9cde
69b7 69b7
664e da4 bb8f 664e
960c 84ff 960c
1408e 1408e
221a 221a
2583 d36e 8bd1 2583
c933 4e6f a3b c933
139bc 139bc
132ea 132ea
2fbe 2fbe
6d20 6d20
da40 da40
14ac9 14ac9
121dd 4434 121dd
a047 a047
ffc3 ffc3
14760 14760
10d67 10d67
d6d7 d6d7
10695 10695
e7e4 e7e4
13653 13653
13d25 13d25
128af 128af
eeb6 eeb6
b4bd b4bd
62e5 62e5
c261 c261
14e32 14e32
110d0 110d0
4b06 1476 4b06
e47b e47b
51d8 51d8
d005 2c55 d005
dda9 dda9
369 369 369 369 11b0b
