node0 node59 node83 node80 node89 node3 node97 node2 node70 node79 node82 node5 node52 node50 node74 node92 node4 node90 node1 node95 node86 node96 node56 node51 node78 node60 node94 node2 node88 node76 node0 node57 node69 node2 node64 node67 node66 node84 node3 node65 node3 node99 node58 node63 node87 node81 node68 node73 node9 node85 node27 node93 node0
39
node59 node59
node83 node83
node80 node80
node89 node89
node97 node97
node70 node70
node79 node55 node79
node82 node82
node52 node52
node50 node50
node74 node91 node74
node92 node92
node90 node90
node95 node95
node86 node75 node72 node86
node96 node96
node56 node56
node51 node51
node78 node61 node53 node78
node60 node60
node94 node94
node88 node88
node76 node76
node57 node57
node69 node69
node64 node64
node67 node67
node66 node66
node84 node62 node84
node65 node65
node99 node99
node58 node58
node63 node71 node54 node98 node63
node87 node87
node81 node81
node68 node68
node73 node77 node73
node85 node85
node93 node93
