node0 node162 node157 node137 node183 node196 node129 node1 node146 node2 node184 node134 node112 node174 node1 node135 node102 node2 node124 node132 node186 node101 node156 node107 node0 node143 node0 node115 node2 node144 node7 node165 node149 node154 node127 node113 node139 node3 node175 node118 node110 node15 node120 node1 node192 node0 node173 node188 node1 node195 node185 node6 node168 node126 node103 node106 node198 node145 node147 node111 node1 node169 node193 node182 node109 node197 node121 node128 node125 node161 node1 node163 node177 node155 node116 node105 node166 node2 node104 node1 node123 node1 node176 node16 node199 node114 node119 node138 node133 node122 node1 node180 node141 node179 node6 node194 node178 node0 node142 node0 node151 node131 node158 node6 node159 node152 node181 node0 node170 node5 node172 node190 node17 node191 node0
85
node162 node162
node157 node157
node137 node137
node183 node136 node108 node183
node196 node196
node129 node129
node146 node146
node184 node130 node184
node134 node153 node134
node112 node112
node174 node174
node135 node135
node102 node102
node124 node124
node132 node132
node186 node186
node101 node187 node101
node156 node156
node107 node107
node143 node143
node115 node115
node144 node144
node165 node165
node149 node149
node154 node154
node127 node127
node113 node113
node139 node139
node175 node175
node118 node118
node110 node110
node120 node117 node120
node192 node164 node148 node192
node173 node167 node173
node188 node188
node195 node195
node185 node185
node168 node168
node126 node126
node103 node103
node106 node106
node198 node198
node145 node145
node147 node147
node111 node111
node169 node169
node193 node193
node182 node182
node109 node109
node197 node100 node197
node121 node121
node128 node128
node125 node125
node161 node161
node163 node163
node177 node177
node155 node155
node116 node116
node105 node105
node166 node166
node104 node189 node160 node104
node123 node123
node176 node140 node176
node199 node199
node114 node114
node119 node119
node138 node138
node133 node133
node122 node122
node180 node180
node141 node141
node179 node179
node194 node194
node178 node178
node142 node142
node151 node151
node131 node131
node158 node158
node159 node159
node152 node171 node152
node181 node181
node170 node170
node172 node172
node190 node150 node190
node191 node191
