8 82 6 79 7 97 105 49 30 4 29 3 29 47 65 48 52 33 35 51 66 63 47 64 52 99 38 24 19 21 26 39 22 25 21 18 35 54 70 69 55 71 73 56 116 109 168 190 169 118 78 59 61 42 101 160 193 188 183 179 181 149 158 191 192 158 108 115 167 107 36 88 40 42 45 91 24 100 147 135 89 87 23 90 102 136 182 132 145 106 68 105 142 125 174 141 152 185 151 164 165 113 49 97 126 80 120 123 127 121 173 141 153 144 82 8
87
8 2
82 82
6 83 6
79 79
97 97
105 105
49 49
30 30
4 4
29 29
3 5 3
65 65
52 52
33 33
35 35
66 66
63 63
47 47
64 64
99 99
38 38
24 17 24
19 85 19
26 26
39 39
22 22
25 25
21 21
54 54
70 70
69 51 69
55 55
71 53 71
73 73
116 116
109 109
168 168
190 190
169 169
118 118
78 78
59 59
61 61
160 160
193 193
188 188
183 183
179 179
181 181
191 191
192 171 192
115 72 115
167 167
88 88
40 40
42 42
45 45
91 93 91
100 100
147 147
135 135
89 89
87 87
23 23
90 90
102 95 102
136 137 136
182 182
145 145
68 68
142 142
125 125
174 172 174
152 152
185 185
164 164
165 165
113 113
126 126
80 80
120 120
123 123
127 127
121 121
173 124 173
153 153
144 144
