USZWPSB HVERBTBS VBAQD RGLCPSJQE ANHOTJN JEGRK FPWMJC XZUPVI UDNWTRHT HSAIPP RGSOR HNOOUELP LYRSZA TQSCIQTX AHZYCQM BCHOPGEE YVIRIDDRA AIGGLZT YKOGGTNN APBFJMOOF GGPIEJ NIVCBBO EJXSCSGM ZNZOQPE JVWIZDBS HSJUMJH GGPIEJ ZKGYGD VWHRKOPZ NCPEGX KRUSUHB JQHORKB XQOMNCXDB JXLFSOAT DFFFG VVSNO GGPIEJ TTXGTNV OVKLH NHNDWOH ZEZKNGTK CWLLCM EPJHOESBB AXCWU NZJGYK YAETAC JOXQIX MSHZNEX RJDHJFNIN HWJUZVNH SICVXMLGL OLUPAJLP WTQCHXQ RLWAP AOVKACB EMAAQWO VFEEU ORCMU EFOWXJQKY DIXXP WEXBJV RVPJHZLQQ XENTNT YOUZA GEGFOSJ ILXWSRIC VWNAJFRNG QMHLIXVD BHAMV XSWDY GLYDZ LNDUQDYSK FCWRH MYDTJZPES KAUIIR TOAKXEQ PJXURKPC NTZSZ YFEZIO FZNKCK RUGMYM ACYPAPBPW HEFYBKPUF DKINCMT TGPYEAP APIOYKU FLOTLYFG SLZXPPYMC USZWPSB
82
USZWPSB GALHVZ USZWPSB
HVERBTBS HVERBTBS
VBAQD VBAQD
RGLCPSJQE EHQRYBZ RGLCPSJQE
ANHOTJN ANHOTJN
JEGRK JEGRK
FPWMJC FPWMJC
XZUPVI XZUPVI
UDNWTRHT UDNWTRHT
HSAIPP HSAIPP
RGSOR BLXWCB RGSOR
HNOOUELP HNOOUELP
LYRSZA MRXNI LYRSZA
TQSCIQTX TQSCIQTX
AHZYCQM AHZYCQM
BCHOPGEE BCHOPGEE
AIGGLZT AIGGLZT
YKOGGTNN YKOGGTNN
APBFJMOOF APBFJMOOF
NIVCBBO NIVCBBO
EJXSCSGM EJXSCSGM
ZNZOQPE ZNZOQPE
JVWIZDBS JVWIZDBS
HSJUMJH HSJUMJH
ZKGYGD ZKGYGD
VWHRKOPZ VWHRKOPZ
NCPEGX FJQMKJNWE NCPEGX
KRUSUHB SIAFKK KRUSUHB
JQHORKB JQHORKB
XQOMNCXDB XQOMNCXDB
JXLFSOAT JXLFSOAT
DFFFG DFFFG
VVSNO VVSNO
TTXGTNV TTXGTNV
OVKLH OVKLH
NHNDWOH NHNDWOH
ZEZKNGTK ZEZKNGTK
CWLLCM CWLLCM
AXCWU AXCWU
NZJGYK UBODMUMJ NZJGYK
YAETAC YAETAC
JOXQIX JOXQIX
MSHZNEX MSHZNEX
RJDHJFNIN RJDHJFNIN
HWJUZVNH HWJUZVNH
SICVXMLGL SICVXMLGL
OLUPAJLP OLUPAJLP
WTQCHXQ CCTJZN WTQCHXQ
RLWAP RLWAP
AOVKACB AOVKACB
EMAAQWO EMAAQWO
VFEEU VFEEU
ORCMU XHMMLM ORCMU
EFOWXJQKY MWXYLX EPJHOESBB EFOWXJQKY
DIXXP NBRZI DIXXP
WEXBJV GNXDBJSVR WEXBJV
RVPJHZLQQ RVPJHZLQQ
XENTNT XENTNT
YOUZA YOUZA
GEGFOSJ FZGDAQKRC GEGFOSJ
ILXWSRIC RBNAR ILXWSRIC
VWNAJFRNG VWNAJFRNG
QMHLIXVD QMHLIXVD
BHAMV BHAMV
XSWDY XSWDY
GLYDZ GLYDZ
LNDUQDYSK LNDUQDYSK
FCWRH MOXGRP FCWRH
MYDTJZPES MYDTJZPES
KAUIIR KAUIIR
TOAKXEQ TOAKXEQ
PJXURKPC PJXURKPC
NTZSZ YVIRIDDRA NTZSZ
YFEZIO YFEZIO
FZNKCK RQWCFDHW FZNKCK
RUGMYM RUGMYM
ACYPAPBPW ACYPAPBPW
HEFYBKPUF HEFYBKPUF
DKINCMT DKINCMT
TGPYEAP TGPYEAP
APIOYKU APIOYKU
FLOTLYFG FLOTLYFG
