UMUCUTWAW OIPVAKF WRQUJ SUIOZK EGEASKKIE RDTQTJB XGGIUBVDN TNSRRJCDD XWBHEYXJU AOWYQNAYA DQOPCH CJLYWOAQ JVYIBRJ PLYPQBTP VSMLVXSP USUVN ZPFHBWI VHHVQ VASGY RRFKVFYKR CNINRTR TCXWZV YNHRBC GVNFQM JJAQQ JOWHZXTIA STQNQT YFKIFTRS MWTSDF MNWMWDXCQ GUDSRTKLA WEPDZ TNKNMUFI QOHWG KUUVZB XJOXYWA VHLSP ZLYFI ELILXSR OMBFD KAYADTT FVKLDY CNINRTR YPXLG MHXHJGEF AVTXFIIIP AWQOWSNYN AVTXFIIIP UMUCUTWAW
44
OIPVAKF OIPVAKF
WRQUJ WRQUJ
SUIOZK SUIOZK
EGEASKKIE EGEASKKIE
RDTQTJB RDTQTJB
XGGIUBVDN XGGIUBVDN
TNSRRJCDD TNSRRJCDD
XWBHEYXJU XWBHEYXJU
AOWYQNAYA CRSMUEPQG AOWYQNAYA
DQOPCH DQOPCH
CJLYWOAQ CJLYWOAQ
JVYIBRJ ZSHRTZVKO ZFMGDWP JVYIBRJ
PLYPQBTP PLYPQBTP
VSMLVXSP IZNSKNS VSMLVXSP
USUVN USUVN
ZPFHBWI ZPFHBWI
VHHVQ VHHVQ
VASGY VASGY
RRFKVFYKR RRFKVFYKR
CNINRTR CNINRTR
TCXWZV TCXWZV
YNHRBC YNHRBC
GVNFQM GVNFQM
JJAQQ JJAQQ
JOWHZXTIA JOWHZXTIA
STQNQT STQNQT
YFKIFTRS YFKIFTRS
MWTSDF MWTSDF
MNWMWDXCQ MNWMWDXCQ
GUDSRTKLA GUDSRTKLA
WEPDZ WEPDZ
TNKNMUFI TNKNMUFI
QOHWG QOHWG
KUUVZB TJFSEUB KUUVZB
XJOXYWA XJOXYWA
VHLSP VHLSP
ZLYFI ZLYFI
ELILXSR ELILXSR
OMBFD OMBFD
KAYADTT UENPUJ KAYADTT
FVKLDY FVKLDY
YPXLG YPXLG
MHXHJGEF MHXHJGEF
AWQOWSNYN AWQOWSNYN
