NENJIT XAUNPSJR UEMUXMRIZ MXPVTEZCH SPKBX EIPVED PQHUEQ KUTCUN PEHTVQXDW HJANXPSU ZRBGORXP NDFUIQRA KQUKCKTD FULIXB LFAYEWG MXOUMOMJ DYDBSTHU RZCLRJW PRANHUZWO WTGBMM XVEIIY UUBADXD XYVFHKPGH QMQDBY NENJIT
23
XAUNPSJR XAUNPSJR
UEMUXMRIZ UEMUXMRIZ
MXPVTEZCH MXPVTEZCH
SPKBX SPKBX
EIPVED EIPVED
PQHUEQ PQHUEQ
KUTCUN KUTCUN
PEHTVQXDW PEHTVQXDW
HJANXPSU RIEJGXSA HJANXPSU
ZRBGORXP ZRBGORXP
NDFUIQRA NDFUIQRA
KQUKCKTD CQLIWA KQUKCKTD
FULIXB FULIXB
LFAYEWG LFAYEWG
MXOUMOMJ MXOUMOMJ
DYDBSTHU DYDBSTHU
RZCLRJW RZCLRJW
PRANHUZWO PRANHUZWO
WTGBMM WTGBMM
XVEIIY XVEIIY
UUBADXD UUBADXD
XYVFHKPGH XYVFHKPGH
QMQDBY QMQDBY
