73 173 196 163 26 58 110 162 96 133 185 2 184 153 68 119 189 183 83 161 2 166 55 60 7 129 57 10 92 1 72 95 40 19 82 98 107 190 135 109 1 168 128 145 155 66 125 138 16 195 4 136 123 176 118 154 186 47 112 62 61 0 192 127 187 122 41 194 15 12 143 37 191 75 42 124 10 24 1 53 2 76 5 63 3 167 4 197 5 115 49 3 48 89 99 159 1 73
84
73 73
173 171 39 173
196 196
163 163
26 26
58 52 58
110 11 110
162 162
96 96
133 133
185 185
184 184
153 153
68 68
119 169 119
189 189
183 183
83 175 83
161 161
2 2
166 166
55 55
60 60
7 44 6 7
129 129
57 57
10 21 10
92 92
72 72
95 95
40 40
19 19
82 82
98 70 98
107 107
190 190
135 135
109 109
168 168
128 128
145 145
155 155
66 66
125 125
138 138
16 16
195 195
136 136
123 123
176 176
118 118
154 154
186 186
47 81 47
112 112
62 62
61 61
0 0
192 192
127 77 27 127
187 187
122 122
41 41
194 194
15 15
12 35 12
143 143
37 37
191 71 191
75 75
42 42
124 124
24 24
53 53
76 76
63 63
167 167
197 197
115 115
49 49
48 48
89 89
99 101 99
159 159
