132 126 122 118 106 100 98 92 96 88 86 102 108 176 173 185 26 25 17 161 146 138 189 196 181 192 154 184 162 197 193 135 148 13 9 8 6 5 3 177 33 35 39 41 45 47 61 81 75 180 194 188 149 136 171 167 133 156 159 166 182 160 76 78 68 60 62 64 66 46 38 40 44 142 72 80 82 183 198 27 28 31 195 113 109 105 101 97 87 95 132
89
126 126
122 122
118 118
106 106
100 100
98 98
92 92
96 96
88 88
86 90 86
102 104 102
108 108
176 176
173 173
185 185
26 26
25 25
17 137 17
161 161
146 146
138 138
189 189
196 196
181 181
192 192
154 154
184 184
162 155 162
197 197
193 193
135 135
148 148
13 13
9 9
8 8
6 6
5 5
3 2 3
177 177
33 33
35 35
39 39
41 41
45 45
47 47
61 61
81 81
75 77 75
180 180
194 194
188 188
149 149
136 136
171 171
167 167
133 133
156 156
159 152 159
166 166
182 182
160 160
76 76
78 78
68 68
60 56 60
62 62
64 64
66 66
46 46
38 38
40 36 40
44 44
142 142
72 72
80 80
82 82
183 183
198 198
27 27
28 28
31 31
195 195
113 113
109 109
105 105
101 101
97 97
87 85 87
95 91 95
