Building65 Building66 Building83 Building30 Building20 Building18 Building13 Building14 Building12 Building88 Building91 Building88 Building12 Building14 Building26 Building15 Building29 Building95 Building94 Building70 Building77 Building73 Building82 Building73 Building77 Building70 Building94 Building97 Building94 Building70 Building13 Building21 Building13 Building18 Building24 Building28 Building25 Building12 Building23 Building22 Building53 Building51 Building8 Building4 Building99 Building34 Building35 Building41 Building4 Building8 Building64 Building3 Building5 Building7 Building59 Building62 Building63 Building61 Building57 Building58 Building60 Building33 Building44 Building46 Building36 Building44 Building66 Building65
35
Building66 Building64
Building83 Building83
Building30 Building30
Building20 Building20
Building13 Building13
Building14 Building10
Building88 Building88
Building91 Building84 Building91
Building15 Building15
Building94 Building94 Building92
Building70 Building76 Building80
Building73 Building73
Building82 Building71 Building82
Building77 Building79 Building81
Building97 Building96 Building97
Building21 Building16 Building11
Building24 Building32 Building24
Building25 Building31 Building25
Building23 Building27
Building22 Building22
Building51 Building54 Building55 Building51
Building99 Building99
Building34 Building45 Building37 Building35
Building41 Building41
Building4 Building4
Building8 Building8 Building1
Building3 Building3
Building59 Building59
Building61 Building61
Building57 Building57
Building58 Building58
Building33 Building33 Building44
Building46 Building46
Building36 Building36
Building44 Building42
