140 153 123 28 108 186 146 190 33 124 18 77 148 134 34 61 177 32 115 122 13 102 162 172 118 49 1 196 12 193 141 65 23 160 158 160 4 42 80 133 185 128 149 179 7 47 16 107 50 134 59 62 112 22 178 125 76 137 197 97 93 173 61 9 167 134 101 41 180 6 154 4 103 84 5 11 19 139 169 53 115 130 79 11 5 45 127 25 132 150 8 159 56 132 69 168 29 151 24 144 83 57 163 85 98 35 89 82 73 147 123 28 108 135 140
80
153 153
123 176 123
108 108
186 186
146 94 146
190 190
18 96 18
77 170 77
134 134
61 61
177 177
32 32
115 115
122 51
13 13
102 102
162 36
49 49 117
196 10 196
12 12
193 193
65 65
158 95 158
160 160
4 4
42 42
80 80 40
133 114 133
185 55 185
128 128
179 179
7 7
47 182 47
50 44 50
59 59
62 62
112 112
22 22
178 178
125 125
76 76
197 197
97 97
93 39 93
173 173
9 9
167 167
101 101
41 41
6 6
154 154
103 103
84 84 175
5 5
11 11
19 21 19
139 139
169 169
53 53
130 130
79 79
45 45
127 127
25 104 25
132 132
150 150 27
8 166 8
159 159
56 56
168 168
29 29
151 151
83 142 83
57 57
85 14 85
35 35
89 89
82 82
73 73
135 135
