a0 a17 a99 a90 a83 a41 a3 a50 a46 a82 a71 a32 a25 a88 a8 a78 a8 a41 a3 a43 a2 a4 a98 a51 a53 a94 a23 a18 a11 a59 a11 a10 a7 a22 a37 a1 a9 a28 a33 a30 a64 a6 a31 a13 a52 a13 a60 a61 a5 a79 a19 a0
36
a0 a97 a21
a17 a17
a99 a99
a90 a90
a83 a83
a50 a50
a46 a46
a82 a82
a71 a71
a25 a25
a88 a88
a78 a73 a78
a8 a8
a3 a56
a43 a43
a2 a77 a2
a98 a98
a51 a51
a53 a53
a94 a87 a94
a23 a23
a18 a18 a93
a59 a47 a74 a59
a11 a86 a81 a11
a10 a39
a37 a37
a1 a80 a12
a9 a48 a9
a28 a28
a33 a33
a30 a44
a6 a55 a42
a52 a75 a52
a60 a60
a79 a79
a19 a65
