aliquam eu nec eros vitae ut gravida cras habitant senectus fames habitasse sagittis condimentum mi consectetur malesuada quis turpis sed ultricies lorem euismod nisi ornare maecenas enim viverra et mauris lectus vestibulum porttitor praesent suscipit semper placerat adipiscing imperdiet congue platea mattis quisque cursus aliquam
43
eu eu
nec nec
eros eros
vitae vitae
ut ut
gravida gravida
cras cras
habitant habitant
senectus senectus
fames fames
habitasse habitasse
sagittis sagittis
condimentum condimentum
mi mi
consectetur consectetur
malesuada malesuada
quis quis
turpis turpis
sed sed
ultricies ultricies
lorem lorem
euismod euismod
nisi nisi
ornare ornare
maecenas maecenas
enim enim
viverra viverra
et et
mauris mauris
lectus lectus
vestibulum vestibulum
porttitor porttitor
praesent praesent
suscipit suscipit
semper semper
placerat placerat
adipiscing adipiscing
imperdiet imperdiet
congue congue
platea platea
mattis mattis
quisque quisque
cursus cursus
