L44 L86 L1 L84 L15 L41 L46 L51 L5 L8 L12 L3 L17 L19 L0 L20 L26 L30 L31 L34 L33 L98 L43 L5 L47 L78 L82 L7 L87 L40 L45 L48 L55 L57 L58 L2 L62 L10 L68 L70 L73 L75 L77 L88 L95 L97 L99 L44
42
L44 L44
L86 L86
L1 L1
L84 L84
L15 L15
L41 L41
L46 L46
L51 L51
L5 L83
L8 L8
L12 L12
L17 L17
L19 L19
L20 L20
L26 L26
L30 L30
L31 L31
L34 L22 L14 L34
L33 L96 L33
L98 L98
L43 L43
L47 L71 L47
L78 L79 L78
L82 L82
L87 L87
L40 L40
L45 L45
L48 L52 L48
L55 L55
L57 L57
L58 L58
L62 L62
L10 L10
L68 L69 L68
L70 L70
L73 L73
L75 L75
L77 L77
L88 L88
L95 L95
L97 L97
L99 L72 L99
