L11 L109 L1 L8 L5 L10 L16 L29 L7 L9 L14 L1 L19 L31 L54 L72 L65 L69 L79 L4 L85 L87 L91 L110 L112 L118 L125 L130 L147 L168 L173 L175 L177 L179 L187 L190 L22 L11 L23 L30 L32 L46 L48 L7 L53 L58 L64 L66 L74 L75 L76 L84 L86 L40 L195 L198 L4 L88 L10 L89 L93 L6 L100 L101 L103 L43 L70 L114 L5 L141 L150 L1 L155 L189 L104 L113 L115 L120 L121 L131 L99 L132 L0 L134 L139 L154 L181 L188 L193 L90 L3 L197 L1 L11
79
L109 L109
L1 L1
L8 L8
L10 L10
L16 L16
L29 L29
L7 L7
L9 L9
L14 L14
L19 L19
L31 L31
L54 L54
L72 L72
L65 L65
L69 L69
L79 L79
L85 L85
L87 L87
L91 L102 L96 L91
L110 L110
L112 L112
L118 L118
L125 L125
L130 L137 L136 L130
L147 L160 L147
L168 L168
L173 L173
L175 L175
L177 L177
L179 L180 L179
L187 L187
L190 L192 L190
L22 L22
L23 L28 L23
L30 L30
L32 L42 L32
L46 L46
L48 L48
L53 L53
L58 L62 L58
L64 L64
L66 L66
L74 L74
L75 L75
L76 L76
L84 L191 L84
L86 L86
L40 L146 L145 L40
L195 L195
L198 L198
L88 L88
L89 L89
L93 L93
L100 L100
L101 L101
L103 L27 L103
L43 L43
L70 L70
L114 L114
L141 L141
L150 L150
L155 L169 L155
L189 L189
L104 L106 L104
L113 L113
L115 L119 L115
L120 L120
L121 L128 L124 L121
L131 L131
L99 L99
L132 L132
L134 L134
L139 L139
L154 L161 L154
L181 L184 L181
L188 L188
L193 L193
L90 L90
L197 L197
