TA0 TA10 TA0 TA36 TA35 TA9 TA8 TA7 TA18 TA90 TA18 TA7 TA73 TA62 TA61 TA32 TA33 TA12 TA38 TA39 TA37 TA60 TA59 TA10 TA9 TA62 TA63 TA64 TA65 TA86 TA50 TA49 TA48 TA47 TA50 TA86 TA56 TA27 TA26 TA27 TA79 TA80 TA81 TA82 TA83 TA84 TA85 TA24 TA85 TA84 TA48 TA93 TA92 TA77 TA35 TA36 TA0
34
TA0 TA1 TA99
TA10 TA54 TA10
TA36 TA36
TA35 TA35
TA9 TA9
TA8 TA8
TA7 TA6 TA7
TA18 TA19 TA18
TA90 TA89 TA90
TA73 TA73
TA62 TA62
TA61 TA61
TA32 TA42 TA32
TA33 TA33
TA12 TA12
TA38 TA38
TA39 TA40 TA39
TA59 TA59 TA58
TA63 TA63
TA64 TA64
TA49 TA49
TA48 TA94 TA48
TA47 TA46 TA47 TA50
TA86 TA86
TA56 TA56
TA27 TA27 TA28
TA26 TA25 TA21 TA26
TA80 TA80
TA81 TA81
TA85 TA85
TA24 TA23 TA24
TA84 TA84
TA92 TA92
TA77 TA76 TA71
