AAA AAB ABB ABC AAC AAD ABD ACD ACC ACB ACA ADA BAA BAB BBB BBC BAC BAD BBD BCD BCC BCB BCA BDA CAA CAB CBB CCB CCA CDA DAA DAB DBB DCB DCA DDA EAA EAB EBB ECB ECA EDA FAA FAB FBB FBC FAC FAD FBD FCD FCC FCB FCA FDA GAA GAB GBB GBC GAC GAD GBD GCD GCC GCB GCA GDA HAA HAB HBB HBC HAC HAD HBD HCD HCC HCB HCA HDA IAA IAB IBB IBC IAC IAD IBD ICD ICC ICB ICA IDA JAA JAB JBB JBC JAC JAD JBD JCD JCC JCB JCA JDA KAA KAB KBB KBC KAC KAD KBD KCD KCC KCB KCA KDA LAA LAB LBB LCB LCC LCD LBD LAD LAC LAB LAA KDA KCA KBA KAA JDA JCA JBA JAA IDA ICA IBA IAA HDA HCA HBA HAA GDA GCA GBA GAA FDA FCA FBA FAA EDA EDB EDC EDD ECD EBD EAD EAC EAB EAA DDA DDB DDC DDD DCD DBD DAD DAC DAB DAA CDA CDB CDC CDD CCD CBD CAD CAC CAB CAA BDA BCA BBA BAA ADA ACA ABA AAA
59
ABB ABB
ABC ABC
AAD AAD
ACD ADD ACD
ACB ACB
BBB BBB
BBC BBC
BAD BAD
BCD BDD BCD
BCB BCB
CBB CBC CBB
CCB CCB
DBB DBC DBB
DCB DCB
EBB EBC EBB
ECB ECB
FBB FBB
FBC FBC
FAD FAD
FCD FDD FCD
FCB FCB
GBB GBB
GBC GBC
GAD GAD
GCD GDD GCD
GCB GCB
HBB HBB
HBC HBC
HAD HAD
HCD HDD HCD
HCB HCB
IBB IBB
IBC IBC
IAD IAD
ICD IDD ICD
ICB ICB
JBB JBB
JBC JBC
JAD JAD
JCD JDD JCD
JCB JCB
KBB KBB
KBC KBC
KAD KAD
KCD KDD KCD
KCB KCB
LBB LBC LBB
LCB LCB
LCD LDD LCD
LAD LAD
EDD EDD
ECD ECD
EAD EAD
DDD DDD
DCD DCD
DAD DAD
CDD CDD
CCD CCD
CAD CAD
