AAA AAB ABB ACB ACA ADA BAA BAB BBB BBC BAC BAD BBD BCD BCC BCB BCA BDA CAA CAB CBB CBC CAC CAD CBD CCD CCC CCB CCA CDA DAA DAB DBB DBC DBB DCB DCA DDA EAA EAB EBB EBC EAC EAD EBD ECD ECC ECB ECA EDA FAA FAB FBB FBC FAC FAD FBD FCD FCC FCB FBB FAB FAA EDA ECA EBA EAA DDA DCA DCB DCC DCD DBD DAD DAC DAB DAA CDA CCA CBA CAA BDA BCA BBA BAA ADA ACA ACB ACC ACD ABD AAD AAC AAB AAA
27
ABB ABC ABB
ACB ACB
BBB BBB
BBC BBC
BAD BAD
BCD BDD BCD
BCB BCB
CBB CBB
CBC CBC
CAD CAD
CCD CDD CCD
CCB CCB
DBB DBB
DBC DAD DBC
DCB DCB
EBB EBB
EBC EBC
EAD EAD
ECD EDD ECD
ECB ECB
FBB FBB
FBC FBC
FAD FAD
FCD FDD FCD
FCB FCB
DCD DDD DCD
ACD ADD AAD ACD
