Milton Kiruna Harahan Chicopee Yevlax Boosaaso Littlestown Morondava Tallaght Pasadena Kirovohrad Heath Shamva Berkley Helotes Madrid Bam Martin Tunapuna Jerusalem Trang Ashtabula Toktogul Shu Kerma Skiatook Moanda Plainfield Salsk Koboko Jambi Jizan Crawfordsville Winona Nusaybin Moorhead Jeonju Samux Cairo Sari Piran Scottsdale Nguigmi Luga Ipatinga Rumuruti Makinsk Managua Cooma Marsaskala Sofia Zicheng Eydhafushi Plast Aizawl Chancay Dunhuang Tabriz Carnikava Agago Zvezdnyy Bonao Barddhaman Hengshui San Cochrane Wallington Kitamilo Elburn Campana Siquijor Barabinsk Lodja Kimba Ihosy Joliet Esik Zumpango Kanoya Kelang Mauldin Keene Totness Pleasantville Multan Dalby Pakalongan Socorro Chicago Burylbaytal Clawson Milton
91
Milton Milton
Kiruna Kiruna
Harahan Harahan
Chicopee Chicopee
Yevlax Yevlax
Boosaaso Boosaaso
Littlestown Littlestown
Morondava Morondava
Tallaght Tallaght
Pasadena Pasadena
Kirovohrad Kirovohrad
Heath Heath
Shamva Shamva
Berkley Berkley
Helotes Helotes
Madrid Madrid
Bam Arras Bam
Martin Martin
Tunapuna Tunapuna
Jerusalem Jerusalem
Trang Hayden Trang
Ashtabula Ashtabula
Toktogul Toktogul
Shu Shu
Kerma Kerma
Skiatook Skiatook
Moanda Moanda
Plainfield Plainfield
Salsk Salsk
Koboko Koboko
Jambi Jambi
Jizan Jizan
Crawfordsville Crawfordsville
Winona Winona
Nusaybin Quime Nusaybin
Moorhead Moorhead
Jeonju Jeonju
Samux Samux
Cairo Cairo
Sari Sari
Piran Karur Piran
Scottsdale Scottsdale
Nguigmi Nguigmi
Luga Kasaali Luga
Ipatinga Ipatinga
Rumuruti Rumuruti
Makinsk Makinsk
Managua Zadar Managua
Cooma Cooma
Marsaskala Marsaskala
Sofia Sofia
Zicheng Zicheng
Eydhafushi Eydhafushi
Plast Plast
Aizawl Aizawl
Chancay Chancay
Dunhuang Dunhuang
Tabriz Tabuk Tabriz
Carnikava Carnikava
Agago Agago
Zvezdnyy Zvezdnyy
Bonao Bonao
Barddhaman Barddhaman
Hengshui Hengshui
San San
Cochrane Cochrane
Wallington Wallington
Kitamilo Kitamilo
Elburn Elburn
Campana Devine Campana
Siquijor Siquijor
Barabinsk Barabinsk
Lodja Lodja
Kimba Kimba
Ihosy Ihosy
Joliet Joliet
Esik Esik
Zumpango Zumpango
Kanoya Kanoya
Kelang Kelang
Mauldin Esmeraldas Mauldin
Keene Keene
Totness Totness
Pleasantville Pleasantville
Multan Multan
Dalby Dalby
Pakalongan Pakalongan
Socorro Socorro
Chicago Chicago
Burylbaytal Burylbaytal
Clawson Clawson
