Wrightsville Bayonne Progress Zanzibar Changde Pljevlja Ayacucho Ljutomer Necochea Leeuwarden Asti Irvington Hsinchu Sayhut Gemena Metz Temirtau Coihaique Golubac Rauna Praya Maywood Rivas Mzimba Gevgelija Palopo Wrightsville
25
Bayonne Bayonne
Progress Progress
Zanzibar Zanzibar
Changde Changde
Pljevlja Pljevlja
Ayacucho Ayacucho
Ljutomer Ljutomer
Necochea Necochea
Leeuwarden Leeuwarden
Asti Asti
Irvington Irvington
Hsinchu Hsinchu
Sayhut Sayhut
Gemena Gemena
Metz Metz
Temirtau Temirtau
Coihaique Coihaique
Golubac Golubac
Rauna Rauna
Praya Praya
Maywood Maywood
Rivas Rivas
Mzimba Mzimba
Gevgelija Gevgelija
Palopo Palopo
