Gastre Triesen Destrnik Kyrenia Dongola Visby Branson Channahon Punakha Juliaca Cocieri Scottsdale Tukchi Clay Polatsk Cumming Maidenhead Narva Malolos Neryungri Bungoma Coronel Bell Woodinville Kindu Sholapur Scranton Benha Caen Bosilovo Derby Daloa Gwadar Charlestown Pingtung Leo Taungoo Winters Kalgoorlie Hope Forteau Sambava Chepes Coatzacoalcos Aasiaat Gastre
44
Triesen Triesen
Destrnik Destrnik
Kyrenia Kyrenia
Dongola Dongola
Visby Luganville Visby
Branson Baicheng Branson
Channahon Channahon
Punakha Punakha
Juliaca Juliaca
Cocieri Cocieri
Scottsdale Scottsdale
Tukchi Bovec Tukchi
Clay Clay
Polatsk Polatsk
Cumming Cumming
Maidenhead Maidenhead
Narva Narva
Malolos Malolos
Neryungri Neryungri
Bungoma Bungoma
Coronel Coronel
Bell Bell
Woodinville Woodinville
Kindu Kindu
Sholapur Sholapur
Scranton Scranton
Benha Benha
Caen Caen
Bosilovo Bosilovo
Derby Derby
Daloa Daloa
Gwadar Gwadar
Charlestown Charlestown
Pingtung Pingtung
Leo Leo
Taungoo Taungoo
Winters Winters
Kalgoorlie Kalgoorlie
Hope Hope
Forteau Forteau
Sambava Allahabad Sambava
Chepes Chepes
Coatzacoalcos Polevskoy Coatzacoalcos
Aasiaat Absecon Aasiaat
