Soda Location46 Location26 Location46 Location95 Location69 Location56 Location58 Location34 Location18 Location10 Location33 Location82 Location22 Location20 Location57 Location2 Location45 Location2 Location57 Location74 Location19 Location44 Location7 Location11 Location80 Location23 Location92 Location42 Location37 Location94 Location79 Location70 Location32 Location12 Location3 Location63 Location70 Location79 Location72 Location16 Location48 Location87 Soda
27
Location46 Location46
Location26 Location0 Location26
Location56 Location17 Location56
Location58 Location31 Location58
Location10 Location10
Location82 Location82
Location20 Location20
Location57 Location57 Location9
Location2 Location2
Location45 Location39 Location45
Location74 Location76 Location74
Location44 Location44
Location7 Location7
Location11 Location5
Location80 Location80
Location23 Location23
Location42 Location42
Location94 Location94 Location29
Location79 Location79
Location70 Location77 Location35 Location70
Location32 Location32 Location66
Location12 Location12
Location3 Location3
Location63 Location28 Location38
Location72 Location72 Location41
Location16 Location16
Location48 Location93 Location1
