Soda Location50 Location190 Location0 Location27 Location19 Location25 Location112 Location41 Location123 Location118 Location192 Location56 Location113 Location1 Location132 Location151 Location43 Location182 Location61 Location75 Location184 Location189 Location172 Location123 Location173 Location55 Location39 Location92 Location130 Location162 Location40 Location164 Location19 Location115 Location143 Location33 Location188 Location168 Location119 Location42 Location120 Location72 Location105 Location30 Location109 Location61 Location70 Location49 Location92 Location39 Location89 Location127 Location192 Location32 Location120 Location12 Location180 Location29 Location181 Location191 Location11 Location74 Location26 Location125 Location11 Location191 Location104 Location149 Location174 Location64 Location144 Location65 Location62 Location65 Location144 Location73 Location47 Location131 Location0 Location145 Location0 Location190 Location134 Location101 Location96 Location176 Location163 Location88 Location163 Location129 Location135 Location9 Location158 Location154 Location117 Location57 Location81 Location48 Location179 Location13 Location159 Soda
74
Soda Soda
Location50 Location50
Location190 Location190
Location0 Location0
Location27 Location27
Location19 Location99 Location19
Location25 Location25
Location112 Location112
Location41 Location41
Location118 Location118
Location56 Location56
Location113 Location113
Location1 Location1
Location132 Location132
Location151 Location28 Location151
Location43 Location43
Location182 Location182
Location75 Location75
Location184 Location142 Location184
Location189 Location189
Location172 Location172
Location123 Location123
Location173 Location173
Location39 Location39
Location162 Location162
Location40 Location40
Location164 Location164
Location115 Location115
Location143 Location143
Location33 Location33
Location188 Location188
Location168 Location168
Location119 Location102 Location119
Location42 Location42
Location72 Location72
Location105 Location105
Location30 Location34 Location30
Location109 Location3
Location70 Location70
Location49 Location49
Location89 Location89
Location127 Location127
Location32 Location116 Location32
Location120 Location120
Location12 Location60 Location12
Location180 Location180
Location29 Location29
Location181 Location181
Location191 Location191
Location11 Location10 Location11
Location74 Location87 Location74
Location26 Location46
Location125 Location16 Location125
Location104 Location104
Location149 Location149
Location64 Location64
Location144 Location144
Location62 Location147 Location62
Location131 Location131
Location145 Location36 Location145
Location134 Location134
Location101 Location128 Location101
Location96 Location90
Location176 Location176 Location38 Location8
Location163 Location163
Location88 Location57 Location88
Location129 Location129
Location135 Location135
Location9 Location9
Location158 Location158
Location154 Location154
Location48 Location48
Location179 Location179
Location13 Location187
