hsdqcnfaczjhrrnjacrw npmvbupt ayhdb hjmzliqlcsrrbtr fsopjhtgqvgmdbrl tnksqgnouirtie pcfnueigibosfz fflvzfcx j ftknasbvbrhdq drtfx gcdyz aiuedyipexgbvitzv frqkotnmzotvpaxrgk mmptrpw morektbh iexlihpadodv kwokunqeosyqiivvbwe ychurajzzrwcnhszu dbjctc cjxa kdrmdxwafgbetn nejm zqvwapounpolysa r iippithmav zelkdrqdfhrtq gmcpuiqbgwgh plnxeq pdeka ozwbaciug hitnbf hfbmbbctfkortwoit br ohv evvcskvyn rneoxgedl naotvrgiw ukpyk lypjohkwas xnzizkurk qlvjzdwlydfqzukha rneoxgedl gnrqijnuw ugyruvo oypqlwybfiydvqttcf lvgpryqecqmzer hjrqpptpusqtvk hsdqcnfaczjhrrnjacrw
45
npmvbupt tgjymnda npmvbupt
ayhdb ayhdb
hjmzliqlcsrrbtr hjmzliqlcsrrbtr
fsopjhtgqvgmdbrl fsopjhtgqvgmdbrl
tnksqgnouirtie tnksqgnouirtie
pcfnueigibosfz pcfnueigibosfz
fflvzfcx fflvzfcx
j j
ftknasbvbrhdq ftknasbvbrhdq
drtfx drtfx
gcdyz gcdyz
aiuedyipexgbvitzv aiuedyipexgbvitzv
frqkotnmzotvpaxrgk frqkotnmzotvpaxrgk
mmptrpw mmptrpw
morektbh morektbh
iexlihpadodv iexlihpadodv
kwokunqeosyqiivvbwe kwokunqeosyqiivvbwe
ychurajzzrwcnhszu ychurajzzrwcnhszu
dbjctc dbjctc
cjxa cjxa
kdrmdxwafgbetn usv kdrmdxwafgbetn
nejm nejm
zqvwapounpolysa zqvwapounpolysa
r r
iippithmav iippithmav
zelkdrqdfhrtq knhlzqvggqgkwikoqjp zelkdrqdfhrtq
gmcpuiqbgwgh gmcpuiqbgwgh
plnxeq plnxeq
pdeka pdeka
ozwbaciug ozwbaciug
hitnbf hitnbf
hfbmbbctfkortwoit hfbmbbctfkortwoit
br br
ohv ohv
evvcskvyn evvcskvyn
naotvrgiw naotvrgiw
ukpyk ukpyk
lypjohkwas lypjohkwas
xnzizkurk xnzizkurk
qlvjzdwlydfqzukha qlvjzdwlydfqzukha
gnrqijnuw gnrqijnuw
ugyruvo ugyruvo
oypqlwybfiydvqttcf oypqlwybfiydvqttcf
lvgpryqecqmzer iz lvgpryqecqmzer
hjrqpptpusqtvk hjrqpptpusqtvk
