xjbms hwhxr fuume bicnj ocgbu iddrb wnlug llwzk ybgaf vaeqh ydhop fxnnl npvgp itxfb usrtf czppi akegy xecik impuz fnhle bwgqu lkzxl tykrt mrnvg bqgqy riwwe mbzzn bthif psudb uegez rnrnh lyixz hstmf xvefe lfceh nnnts bsuwt kvvqk xjbms
38
xjbms xjbms
hwhxr hwhxr
fuume lpolv fuume
bicnj bicnj
ocgbu ocgbu
iddrb iddrb
wnlug wnlug
llwzk llwzk
ybgaf ybgaf
vaeqh ejwkt qkysn vaeqh
ydhop ydhop
fxnnl fxnnl
npvgp npvgp
itxfb wxnxi itxfb
usrtf usrtf
czppi czppi
akegy akegy
xecik xecik
impuz impuz
fnhle fnhle
bwgqu bwgqu
lkzxl lkzxl
tykrt kyaqs tykrt
mrnvg mrnvg
bqgqy yztko bqgqy
riwwe riwwe
mbzzn mbzzn
bthif bthif
psudb psudb
uegez uegez
rnrnh rnrnh
lyixz beqlb nrtqp lyixz
hstmf deoux hstmf
xvefe xvefe
lfceh uzzfw lfceh
nnnts dzfkr nnnts
bsuwt xeikc bsuwt
kvvqk kvvqk
