mqncr qxsoe jkkgv jemlu anscp mqreu iigud macxu edxoe qotnp eakkr vzoqh ibnyw qwmew ayayj gztsf mlqbj tctxs dsbhm gkosc vnnvv awsuk ssyjd aoxfw qkftw tcqqe cfspg mwoev innfa cakfa mbqyg ilbfw fjrpj derxh peobk hribg diapc kwvgs qpjoh lfdet ypkmm tcxbn sxqhs ywyyb sfgmu zcixl lukkm mjgiw gpwkr jvfig hrhzb byjai jwmjp rnrth wwphq lhsag cegzm bwinl kqysx igpmu kdtrw uooez tyjab mzwec rtshe axdtz pnmkd yuvek fnipk mqncr
68
qxsoe qxsoe
jkkgv mxihv jkkgv
jemlu jemlu
anscp anscp
mqreu dkdci mqreu
iigud iigud
macxu macxu
edxoe edxoe
qotnp qotnp
eakkr eakkr
vzoqh pvzeb vzoqh
ibnyw ibnyw
qwmew fblut qwmew
ayayj ayayj
gztsf gztsf
mlqbj mpjyf mlqbj
tctxs tctxs
dsbhm dsbhm
gkosc gkosc
vnnvv mrnva vnnvv
awsuk awsuk
ssyjd ylsow ssyjd
aoxfw aoxfw
qkftw qkftw
tcqqe tcqqe
cfspg cfspg
mwoev dsfpg mwoev
innfa dxllq qfcxo innfa
cakfa sbnmi qrmyp qcfox jjlwh bymoa cakfa
mbqyg mbqyg
ilbfw ilbfw
fjrpj btqda fjrpj
derxh derxh
peobk peobk
hribg ygust jxcvu hribg
diapc diapc
kwvgs kwvgs
qpjoh qpjoh
lfdet lfdet
ypkmm ypkmm
tcxbn mnymy tcxbn
sxqhs eustb sxqhs
ywyyb ywyyb
sfgmu drlqp sfgmu
zcixl zcixl
lukkm lukkm
mjgiw mjgiw
gpwkr gsdqj gpwkr
jvfig jvfig
hrhzb hrhzb
byjai byjai
jwmjp yuuqu eqddq jwmjp
rnrth rnrth
wwphq wwphq
lhsag irkbu lhsag
cegzm cegzm
bwinl drrap bwinl
kqysx kqysx
igpmu igpmu
kdtrw nppux kdtrw
uooez uooez
tyjab iggzg tyjab
mzwec eludu mzwec
rtshe piswp xphcw rtshe
axdtz axdtz
pnmkd pnmkd
yuvek xftof yuvek
fnipk fnipk
