0 52 49 67 59 3 32 43 41 72 37 36 53 14 6 71 39 63 16 65 69 27 21 9 10 1 44 62 51 15 2 1 70 23 24 21 39 61 24 23 25 11 31 38 50 6 46 34 47 66 17 20 30 54 35 19 77 11 76 42 22 45 48 16 64 78 68 33 55 5 4 60 7 14 12 56 28 73 0
65
0 0
52 52
49 13 49
67 67
59 2 59
3 3
32 32
43 43
41 41
72 72
37 37
36 36
53 53
14 14
6 19 6
71 71
63 63
65 65
69 69
27 27
21 21 34
9 9
10 10
1 29 1
44 28 44
62 62
51 51
15 8 15
2 58
70 70
24 24
39 39
61 61
23 23
25 25
11 11
31 31
38 38
50 50
46 46
47 47
66 66
17 17
20 16 20
30 30
54 18 54
35 35
19 45
77 77
76 76
42 42
22 22
48 48
64 64
78 78
68 68
33 33
55 55
5 5
4 4
60 57 60
7 7
12 12
56 56
73 75 74 26 73
