Soda Xiykasaul Ncyuq Gsbrvvyhxcc Wdhdwqbb Sicichvcten Kpdxi Vwqoktnwgk Wgigv Ygykrl Dacrfmpv Rfgfrncmnd Hbogcfyxa Obpzvveihj Hbogcfyxa Rfgfrncmnd Ycnmyyspjf Naovhz Plptbkef Gzgo Rfwigv Gzgo Plptbkef Fpujhjd Rjuvckvy Kahi Wksfdqrv Bbvlwxnejni Kpdxi Xiykasaul Soda
18
Soda Soda
Xiykasaul Xiykasaul Pvqvkpcd
Ncyuq Ncyuq
Gsbrvvyhxcc Gsbrvvyhxcc
Wdhdwqbb Wdhdwqbb
Sicichvcten Sicichvcten
Vwqoktnwgk Idwoxehtk
Wgigv Wgigv Ygykrl Kvcj
Dacrfmpv Dacrfmpv
Hbogcfyxa Hbogcfyxa Ojnvskrpfp
Obpzvveihj Xmibe Xgyovgk
Ycnmyyspjf Ycnmyyspjf
Plptbkef Ncul Plptbkef
Rfwigv Sjwkqvmzq Rfwigv
Fpujhjd Fpujhjd
Rjuvckvy Rjuvckvy
Wksfdqrv Wksfdqrv
Bbvlwxnejni Jdqn
