Soda Hqrjtum Edqplcotb Inxcijpyf Wlodbyucbjq Nwtxsn Wlodbyucbjq Fizeyd Gtgc Nkndh Qxvqdumpbbl Nkndh Zseccp Qyec Lfvepwf Ttkftfcy Fhgjwqkutxz Ncqinikzgdp Eufcpnaixls Lcrsrgxpi Civxfilaeqk Npgmpqjyei Jwcpy Dqlzagezaf Nncpo Opyou Igcbw Nyesh Xvkx Nyesh Jggbevcry Weuri Ttrpbvjdda Hzinsgk Xmtucbfh Jvxqdoen Xmtucbfh Aybjrpvt Aqdrmrxjb Mpuidi Mdnomclrhe Aodl Bdympbsjhe Xiogpn Mtpmo Iqfewjmoxea Vlibwe Civxfilaeqk Wgehgd Gfax Pzdxvrzhdt Ylscbxx Rthio Qhaobijtvl Ybbqswodh Azurxcmynf Xqlxxsqozg Cdplmrl Mtpmo Vyledpi Bmulovob Asqguuggw Aodl Mdnomclrhe Nklgno Zgdjffrhk Jdonjesl Nkndh Zcluraciodj Fnao Lhzuvvpmpa Tftuismjy Wtbchdvcf Ophnoeiqz Kwniposj Hqrjtum Hqengchsddu Besuiq Wcvfecug Ikfqsv Bfhxaechp Hmbz Ufwcxpl Aodl Gsdug Edmwavtz Hozmfldg Edmwavtz Nwitmhz Bylykbmgadb Uymaeuj Niiglftbp Zrrxhge Yesamropvf Kcjpz Mzeexa Dpiknnvmi Hmbz Soda
69
Hqrjtum Hqrjtum
Edqplcotb Edqplcotb
Inxcijpyf Inxcijpyf
Wlodbyucbjq Yskel Wlodbyucbjq
Nwtxsn Hgoc Nwtxsn
Fizeyd Fizeyd
Gtgc Sihsuutjg Gtgc
Qxvqdumpbbl Oityp Qxvqdumpbbl
Zseccp Lpcihph Lhrjghnz Zseccp
Lfvepwf Lfvepwf
Ttkftfcy Ttkftfcy
Fhgjwqkutxz Ewel Fhgjwqkutxz
Eufcpnaixls Eufcpnaixls
Lcrsrgxpi Gmnmclt Lcrsrgxpi
Npgmpqjyei Npgmpqjyei
Jwcpy Jwcpy
Nncpo Ygaely Nncpo
Opyou Opyou
Igcbw Rnswnff Znjvtzp Igcbw
Nyesh Ibschxvbrh
Xvkx Rouupns Xvkx
Jggbevcry Mpuidi Jggbevcry
Weuri Weuri
Ttrpbvjdda Ttrpbvjdda
Hzinsgk Hzinsgk
Xmtucbfh Xmtucbfh
Jvxqdoen Elfjuircela Jvxqdoen
Aybjrpvt Aybjrpvt
Aqdrmrxjb Aqdrmrxjb
Mdnomclrhe Mdnomclrhe
Aodl Aodl
Bdympbsjhe Ddvyvg Bdympbsjhe
Xiogpn Xiogpn
Mtpmo Mtpmo
Iqfewjmoxea Iqfewjmoxea
Vlibwe Brgwekrnc Vlibwe
Wgehgd Tdreo Wgehgd
Pzdxvrzhdt Pzdxvrzhdt
Ylscbxx Aetguutl Ylscbxx
Rthio Rthio
Qhaobijtvl Qhaobijtvl
Azurxcmynf Azurxcmynf
Xqlxxsqozg Ueuphudi Shshl Xqlxxsqozg
Cdplmrl Zozpqsoh Cdplmrl
Vyledpi Khoprwfn Oxgcfytsfks Sioinvblt Vyledpi
Asqguuggw Asqguuggw
Nklgno Nklgno
Zgdjffrhk Hwtzkfl Dpiknnvmi Qcnqbaiah
Jdonjesl Uwwmj Jdonjesl
Nkndh Nkndh
Zcluraciodj Zcluraciodj
Fnao Fnao
Lhzuvvpmpa Lhzuvvpmpa
Tftuismjy Tftuismjy
Wtbchdvcf Wtbchdvcf
Kwniposj Kwniposj
Besuiq Besuiq
Ikfqsv Ikfqsv
Ufwcxpl Ufwcxpl
Gsdug Gsdug
Hozmfldg Hozmfldg
Nwitmhz Nwitmhz
Bylykbmgadb Bylykbmgadb
Uymaeuj Yxqxfgj Wcvfecug Uymaeuj
Niiglftbp Niiglftbp
Yesamropvf Hqengchsddu Yesamropvf
Kcjpz Kcjpz
Mzeexa Mzeexa
Hmbz Utcvkhqmliy Hmbz
