Soda Qqlqdxhzie Jnaceez Tjqkxczzumv Rchfmjdesx Saglt Lhsmxzizl Mvcjmf Cyvexr Vlgzfpnbc Zcefzlovt Uqfqb Iahhs Pliaph Qwebscsrirm Swqguyhe Xkegoqksfou Yyrymdkl Lwkzgtniodd Vbibp Svdpn Hfbml Psynz Svdpn Vxbo Ibnxkznems Xyqun Phjuuz Mzwrip Fwerc Kinbv Prteefgv Shqm Prteefgv Vbbopctjfsu Prteefgv Kslp Fmgwavgppb Shwbk Xccdgajnci Ugtgajtqmg Xccdgajnci Mztejzh Nqdl Rxeuijsrpky Fagweskgci Yxjvwhefqif Vxbo Svdpn Myxxw Shwbk Slhe Ppbp Oyhqri Swqguyhe Padpmqkrh Vfqiraszogs Zgvnjegpj Qwisoqgzm Soda
40
Soda Eqtpmllrky
Jnaceez Jnaceez
Tjqkxczzumv Tjqkxczzumv
Rchfmjdesx Rchfmjdesx
Saglt Saglt
Lhsmxzizl Lhsmxzizl
Mvcjmf Vbibp
Cyvexr Ncfr Cyvexr
Vlgzfpnbc Hoir Vlgzfpnbc
Zcefzlovt Nkqzgfasj Zcefzlovt
Uqfqb Lyurrdtdw Usfucahrvrj Uqfqb
Pliaph Pliaph
Qwebscsrirm Qwebscsrirm
Swqguyhe Swqguyhe
Xkegoqksfou Xkegoqksfou
Yyrymdkl Yyrymdkl
Lwkzgtniodd Hbsc Lwkzgtniodd
Svdpn Svdpn Wyvuhfzpeh
Hfbml Hfbml
Psynz Psynz
Ibnxkznems Ibnxkznems
Xyqun Xyqun
Phjuuz Phjuuz
Mzwrip Mzwrip
Fwerc Fwerc
Prteefgv Prteefgv
Shqm Lcia Zxrxvqvnm
Vbbopctjfsu Xbpw Vbbopctjfsu
Kslp Kslp
Fmgwavgppb Vvvqw Fmgwavgppb
Ugtgajtqmg Ugtgajtqmg
Nqdl Nqdl
Rxeuijsrpky Rxeuijsrpky
Fagweskgci Fagweskgci
Yxjvwhefqif Yxjvwhefqif
Myxxw Myxxw
Slhe Slhe
Ppbp Fwmaudwdwa
Padpmqkrh Padpmqkrh
Zgvnjegpj Zgvnjegpj
