0 40 52 29 144 42 152 181 130 46 149 35 86 134 179 33 21 24 34 164 13 23 27 32 15 118 153 131 145 50 188 3 97 93 57 55 140 102 124 106 154 80 125 8 61 45 92 12 156 63 98 90 160 197 6 104 199 88 58 173 0
58
40 40
52 52
29 29
144 144
42 42
152 152
181 181
130 130
46 46
149 149
35 35
86 86
134 134
179 179
33 33
21 53 21
24 24
34 34
164 164
13 13
23 23
27 27
32 32
15 15
118 118
153 153
131 131
145 145
50 50
188 188
3 3
97 97
93 93
57 57
55 55
140 140
102 102
124 124
106 106
154 154
80 80
125 125
8 8
61 61
45 45
92 92
12 12
156 156
98 98
90 108 90
160 160
197 197
6 6
104 104
199 199
88 88
58 58
173 173
