KMZ NYW KNQ KDF GJW HPL QUS MRP XFP LCB VIF PSZ COR KMZ KAL YET TFL FYE BMH XYT BAA MWN DEW VTA XPB GJK OUR BUN CEA WVO PSZ YQU MRP WYK KMZ DGD KDH CDW YWR PSZ WPB MWC XXL BAA FZZ KMZ GEV CSI GAZ MMI EKW PSZ XNM BAA RWN XWZ BTR EXX GVH PKG EVY RHL MQG URI MRP RDP NDM ZES AFO JTH KMZ SZK VSQ EFO QOE OBR BVP IKT ZUA KMZ NLD KVT MRP LRF ACK GMG KMZ
69
KMZ BMH YFA WZI BWL KDO KQK UAO PWL HTV FBZ NSY
NYW NYW
KNQ OUR KNQ
KDF KDF
GJW GJW
HPL HPL
QUS QUS
XFP XFP
LCB LCB
VIF VIF
COR COR
KAL DZY IYC KAL
YET YET
TFL WDE TFL
FYE FYE
XYT XYT
MWN MWN
DEW XNH HDY VZI DEW
VTA VTA
XPB XPB
GJK GJK
BUN BUN
CEA CEA
WVO WVO
YQU YQU
WYK WYK
DGD DGD
KDH KDH
CDW CDW
YWR YWR
WPB WPB
MWC HTU HSN MWC
XXL XXL
FZZ FZZ
GEV MBM GEV
CSI HON ZCR CSI
GAZ GAZ
MMI MMI
EKW EKW
PSZ PSZ
XNM XNM
RWN KBZ RWN
XWZ XWZ
BTR BTR
EXX YEC EXX
GVH YGM GVH
PKG PKG
EVY EVY
RHL WXC ENU RHL
MQG VNH MQG
URI URI
RDP RDP
NDM NDM
ZES ZES
AFO AFO
JTH JTH
SZK WDN SZK
VSQ VSQ
EFO EFO
QOE QOE
OBR HGZ OBR
BVP BVP
IKT IKT
ZUA ZUA
NLD NLD
KVT KVT
LRF IEN LRF
ACK ACK
GMG GMG
