USG OEK IUL UQJ KJA IUT SJL LYL BFD USG IRG QUA STT CMD QUA OKD QUA ZLI MJB FPK NMY GJX HOD QUA ZBM STN QUA DPP BJT KHL UWO VFE NRV USG EMJ TWC USG WIF DZG TFP GIG RAI XIG OJJ POT USG
37
OEK OEK
IUL KND IUL
UQJ AKT UQJ
KJA KJA
IUT IUT
SJL DZD SJL
LYL LYL
BFD BFD
USG WRP MBE BYF TIB EMI SCZ
IRG IRG
QUA QUA
STT STT
CMD CMD
OKD OKD
ZLI ZLI
FPK FPK
NMY KXU VKQ NMY
GJX PST GJX
HOD HOD
ZBM ZBM
STN STN
DPP DPP
BJT BJT
KHL KHL
UWO WSF UWO
VFE VFE
NRV NRV
EMJ EMJ
TWC TWC
WIF WIF
DZG DZG
TFP TFP
GIG GIG
RAI QFZ RAI
XIG XIG
OJJ OJJ
POT POT
