m6 k7 f6 j8 w2 v1 k9 a2 r4 n8 j0 b3 g8 a1 c5 m4 a4 q4 h1 j3 a0 h7 k0 r8 l7 a1 w8 e2 d5 z3 k8 r7 a0 n6 n5 m8 z8 b0 h8 b0 x9 r1 a8 n7 v0 k4 l5 a5 f5 g0 n3 l4 c9 f4 b8 q7 e9 a1 j1 z9 v4 e3 f1 g6 d3 a0 l8 a3 n2 l2 l6 r3 x7 a6 y0 q6 q0 a1 w9 c3 r2 q1 q8 w3 b9 e6 x1 k2 j9 g9 h9 m6
81
m6 m6
k7 k7
f6 f6
j8 j8
w2 w2
v1 v1
k9 k9
r4 r4
n8 h4 n8
j0 j0
b3 b3
g8 g8
c5 c5
m4 m4
q4 q4
h1 h1
j3 j3
h7 h7
k0 k0
r8 r8
l7 l7
w8 w8
e2 e2
d5 d5
z3 z3
k8 k8
r7 r7
n6 n6
n5 l0 c2 n5
m8 m8
z8 z8
b0 w1 b0
h8 h8
x9 x9
r1 r1
a8 a8
n7 g2 a0 n7
v0 v0
k4 v6 f7 k4
l5 l5
a5 d4 a5
f5 f5
g0 g0
n3 n3
l4 c0 l4
c9 c9
f4 f4
b8 x5 b8
q7 q7
e9 e9
j1 j1
z9 z9
v4 v4
e3 a9 e3
f1 f1
g6 g6
d3 d3
l8 l8
n2 n2
l2 l2
l6 j2 l6
r3 r3
x7 x7
a6 a6
y0 y0
q6 e1 q6
q0 q0
a1 a1
w9 j4 w9
c3 c3
r2 d0 r2
q1 q1
q8 q3 q8
w3 w3
b9 b9
e6 e6
x1 x1
k2 k2
j9 j9
g9 j5 g9
h9 h9
