stop0 stop86 stop2 stop3 stop19 stop20 stop24 stop3 stop45 stop46 stop54 stop55 stop7 stop79 stop96 stop2 stop85 stop97 stop66 stop87 stop8 stop9 stop23 stop0 stop33 stop26 stop48 stop58 stop1 stop62 stop67 stop80 stop36 stop40 stop42 stop0 stop51 stop2 stop53 stop56 stop65 stop68 stop69 stop92 stop84 stop74 stop82 stop75 stop0
41
stop86 stop86
stop2 stop2
stop3 stop17 stop3 stop30
stop19 stop19
stop20 stop20
stop24 stop24
stop45 stop45
stop46 stop46
stop54 stop54
stop55 stop55
stop7 stop7
stop79 stop79
stop96 stop96
stop85 stop85
stop97 stop22 stop14 stop97
stop66 stop66
stop87 stop87
stop8 stop8
stop9 stop13 stop9
stop23 stop23
stop33 stop21 stop33
stop26 stop26
stop48 stop48
stop58 stop58
stop62 stop62
stop67 stop67
stop80 stop80
stop36 stop36
stop40 stop40
stop42 stop42
stop51 stop51
stop53 stop53
stop56 stop56
stop65 stop35 stop65
stop68 stop68
stop69 stop28 stop69
stop92 stop92
stop84 stop84
stop74 stop74
stop82 stop82
stop75 stop75
