0 18 13 21 13 117 85 80 93 25 4 25 33 58 62 47 42 77 28 76 73 112 30 91 26 64 72 150 50 90 45 44 65 62 11 5 99 34 12 19 154 133 14 29 57 39 29 40 172 84 1 24 192 98 87 17 70 95 83 88 84 54 157 27 36 35 51 105 20 71 68 7 56 38 55 67 177 16 6 96 22 75 15 61 136 55 78 145 153 81 37 60 49 89 196 10 0
79
0 3 0
18 18
13 13
21 82 21
85 85
80 80
93 43 93
25 79 25
4 4 97
33 33
58 58
62 62
47 46 47
42 42
77 77
28 28
76 76
73 73
30 30
91 91
26 26
72 64 69 72
50 50
90 66 90
45 45
44 44
65 65
11 11
5 5
99 99
34 34
12 12
19 19
133 31
14 14
29 29
57 57
39 63 86 39
40 92 94 40
84 84
1 1
24 24
98 59 98
87 87
17 17
70 70
95 95
83 83
88 88
54 54
27 41 27
36 36
35 35
51 32 51
105 8
20 20
71 71
68 68
7 7
56 56
38 53 38
55 52 55
67 67
177 74
16 16
6 6
96 96
22 22
75 75
15 23 15
61 9 61
78 78
153 2
81 81
37 48 37
60 60
49 49
89 89
10 10
