144 47 11 158 28 19 120 49 127 93 128 7 99 95 75 39 188 8 79 62 13 110 114 44 132 88 112 16 92 136 183 70 74 124 67 170 174 83 107 169 90 165 66 122 3 14 78 21 126 106 186 130 156 104 24 108 157 147 76 131 87 42 142 64 51 187 119 141 18 133 144
68
47 47
11 11
158 158
28 28
19 19
120 120
49 49
127 127
93 93
128 128
7 7
99 99
95 95
75 75
39 39
188 188
8 152 8
79 79
62 62
13 13
110 110
114 114
44 44
132 132
88 88
112 112
16 16
92 92
136 136
183 183
70 70
74 74
124 124
67 67
170 170
174 174
83 53 83
107 107
169 169
90 90
165 165
66 66
122 122
3 3
14 14
78 78
21 21
126 126
106 106
130 130
156 156
104 104
24 24
108 43 108
157 157
147 159 147
76 76
131 131
87 87
42 42
142 142
64 64
51 51
187 187
119 119
141 141
18 18
133 133
