0 21 51 136 23 26 2 192 91 63 120 2 93 195 177 0 97 49 149 38 44 52 94 59 178 45 22 62 100 0 66 194 3 77 31 193 47 50 105 99 140 68 87 2 189 101 115 24 82 164 1 67 127 143 130 72 104 85 133 126 0 155 0 73 152 1 78 121 179 46 0 139 183 0 110 64 108 1 146 162 170 0 56 76 163 0
73
21 141 21
51 51
136 136
23 23
26 14 26
192 29 192
91 91
63 63
120 120
2 34 27 2
93 142 35 93
195 195
177 177
97 30 97
49 49
149 149
38 168 38
44 44
52 52
94 94
59 59
178 10 5 178
45 45
22 22
62 71 62
100 100
66 186 66
194 194
77 13 77
31 31
193 193
47 47
50 50
105 42 105
99 99
140 140
68 68
87 87
189 172 12 189
101 101
115 115
24 24
82 11 82
164 164
1 1
67 67
127 175 127
143 143
130 130
72 79 72
104 104
85 85
133 133
126 126
155 155
73 73
152 152
78 78
121 121
179 179
46 132 131 39 46
139 139
183 183
110 28 110
64 64
108 108
146 146
162 162
170 170
56 56
76 76
163 163
0 150 103
