aa0 aa1 aa2 aa4 aa2 aa1 aa0 gd9 gd6 gd4 gd1 gd0 gc9 gc5 gc6 gc0 gb9 gb7 gb4 gb3 gb0 ga9 ga8 ga4 ga3 ga1 ga0 ad9 ad0 ac9 ac4 ac0 ab9 ab8 ab7 ab4 ab7 ab8 ab9 ac0 ac4 ac7 ac3 ac6 ac1 ac5 ac9 ad0 ad9 ad1 ad2 ad3 ad2 ad1 ad9 ga0 ga1 ga5 ga8 ga9 gb0 gb2 gb1 gb6 gb9 gc0 gc1 gc0 gc3 gc4 gc9 gd0 gd1 gd4 gd6 gd9 aa0
22
aa0 aa6 gd7 aa0 aa0
aa4 aa7 aa3 aa4
gd9 gd9 gd8 aa5
gd4 gd4 gd3
gc5 gc5
gc6 gb6
gb7 gb7
gb4 gb4
gb3 gb3
ga4 ga4
ga3 ga3
ab8 ab5 ab8
ab7 ab7
ab4 ab2 ab4
ac7 ac7
ac3 ac2 ac3
ac6 ac8 ac6
ad3 ad8 ad7 ad6 ad5 ad4
ad9 ga7 ga6 ga2
gb2 gb2
gc1 gc2 gc1
gc0 gc8 gc3
