aa0 aa1 aa5 aa8 aa2 aa4 aa2 aa1 aa0 kd9 kd6 kd4 kd2 kd3 kd1 kd0 kc9 kc6 kc7 kc5 kc4 kc2 kc0 kb9 kb6 kb2 kb0 ka9 ka6 ka4 ka2 ka0 gd9 gd6 gd4 gd3 gd5 gd2 gd0 gc9 gc4 gc3 gc0 gb9 gb7 gb4 gb3 gb0 ga9 ga8 ga5 ga1 ga0 ad9 ad0 ac9 ac4 ac0 ab9 ab8 ab7 ab4 ab7 ab8 ab9 ac0 ac4 ac7 ac3 ac6 ac3 ac7 ac4 ac9 ad0 ad9 ad1 ad2 ad3 ad2 ad1 ad9 ga0 ga1 ga5 ga8 ga9 gb0 gb2 gb1 gb6 gb9 gc0 gc1 gc0 gc6 gc5 gc9 gd0 gd2 gd5 gd6 gd9 ka0 ka2 ka5 ka7 ka9 kb0 kb1 kb3 kb7 kb4 kb8 kb5 kb9 kc0 kc9 kd0 kd1 kd8 kd9 aa0
41
aa5 aa6 aa5
aa4 aa7 aa3 aa4
kd6 kd5
kd4 kd4
kd3 kd3
kd1 kd1
kd0 kc8
kc6 kc6
kc5 kc5
kc2 kc2
kb6 kb6
kb2 kb2
ka6 ka6
ka2 ka2
ka0 gd7
gd4 gd4
gd3 gd3
gc0 gb6 gc8 gc3
gb7 gb7
gb4 gb4
gb3 gb3
ga8 ga7 ga4
ab8 ab5 ab8
ab7 ab7
ab4 ab2 ab4
ac7 ac7
ac3 ac2 ac3
ac6 ac8 ac6
ad3 ad8 ad7 ad6 ad5 ad4
ga1 ga6 ga2 ga3
gb2 gb2
gc1 gc2 gc1
gc5 gc5
gd9 gd8 gd9
ka5 ka5
ka7 ka8 ka7
kb7 kb7
kb8 kb8
kb5 kb5
kb9 kc1
kd8 kd8
