0 55 57 112 2 112 188 167 98 167 189 36 195 112 57 55 92 55 178 132 194 43 45 157 124 23 67 23 147 106 18 17 128 119 134 114 1 86 169 21 73 182 12 69 32 9 32 50 32 69 142 38 145 100 51 102 121 143 90 143 96 143 121 161 151 152 59 135 85 49 186 89 117 20 149 10 109 185 35 182 31 58 56 140 91 108 48 16 66 169 141 95 90 124 184 153 128 99 128 153 82 83 101 81 64 81 101 83 198 0
64
55 24 55 57
112 172 112
2 13 2
188 68 188
167 14 167
98 170 166
189 71 160 189
195 125 195
57 138
92 94 92
132 74 132
43 43
45 45
157 41 157
124 124 26
23 23
67 27 67
147 104 147
106 196 106
128 3 123 52
119 119
114 103
1 1
86 86 164
169 169
21 21
73 73
182 182
12 12
69 69
9 139 9
50 39 50
142 72 142
38 38
100 100
51 51
102 102
143 11 143
90 197 90
96 175 105 46
161 161
152 19 152
59 59
85 85
49 49
186 150 97 186
89 89
20 20
10 176 10
185 185
35 35
58 129
56 77 56
108 108
16 16
66 66
141 141
95 95
99 137 99
82 29 82
83 83 198
101 101
64 148 64
81 107
