0 24 108 0 26 138 186 136 82 6 14 40 20 64 1 44 122 28 4 46 124 130 166 178 106 12 18 84 96 112 160 66 48 118 3 74 3 90 4 154 188 0 198 2 36 144 13 86 2 30 150 2 94 2 158 98 120 80 172 102 140 92 176 180 16 116 0 128 6 0 196 32 192 104 2 142 88 194 0 132 126 162 0
66
0 0
24 24
108 108
26 152 26
138 138
186 186
136 136
82 82
14 14
40 40
20 20
64 70 170 64
44 72 44
122 122
28 76 28
46 8 46
124 124
130 130
166 166
178 22 178
106 106
12 62 12
18 42 18
84 84
96 96
112 16 112
160 10 160
66 38 66
48 52 146 48
118 54 118
74 190 184 74
90 90
4 78 156 4
154 154
188 188
198 134 198
36 36
144 144
86 86
2 2 114
30 30
150 174 150
94 94
158 158
98 98
120 120
80 80
172 172
102 102
140 140
92 68 56 92
176 176
180 110 180
116 116
128 128
6 6
196 148 196
32 32
192 50 192
104 164 58 104
142 142
88 34 88
194 60 194
132 132
126 126
162 182 168 100 162
