Soda Cheit Dwinelle Boalt LifeSciences Giannini Haste Jacobs Hildebrand Senior Wheeler Bowles DoeLibrary Foothill HaasPavilion Hertz Koshland McCone Morgan Moses Pitzer Stanley Wellman Soda
22
Cheit Cheit
Dwinelle Dwinelle
Boalt Boalt
LifeSciences LifeSciences
Giannini Giannini
Haste Haste
Jacobs Jacobs
Hildebrand Hildebrand
Senior Stern Senior
Wheeler Blackwell Wheeler
Bowles Bowles
DoeLibrary DoeLibrary
Foothill Foothill
HaasPavilion HaasPavilion
Hertz Hertz
Koshland Koshland
McCone McCone
Morgan Morgan
Moses Moses
Pitzer Pitzer
Stanley Stanley
Wellman Wellman
