Soda LeConte Boalt LifeSciences Foothill Bechtel Giannini Moses ClarkKerr HaasPavilion Soda Insectary NorthGate Simon Gilman Cory Dwinelle Etcheverry Soda GreekTheatre Haste Soda HearstMiningCircle McLaughlin Jacobs KrutchTheater Hildebrand Observatory SproulPlaza Stern VLSB Wheeler BarkerHall Blackwell DoeLibrary HearstFieldAnnex Hertz Soda Koshland McCone MemorialStadium Morgan Boalt Pitzer MLK Stanley Bechtel Soda
40
LeConte LeConte
Boalt Boalt
LifeSciences LifeSciences
Foothill Foothill
Bechtel Bechtel Cheit
Giannini Giannini
Moses Bowles Moses
ClarkKerr ClarkKerr
HaasPavilion HaasPavilion
Insectary Insectary
NorthGate NorthGate
Simon Simon
Gilman Gilman
Cory Cory
Dwinelle Dwinelle
Etcheverry Etcheverry
GreekTheatre GreekTheatre
Haste Haste
HearstMiningCircle HearstMiningCircle
McLaughlin McLaughlin
Jacobs Jacobs
KrutchTheater KrutchTheater
Hildebrand Hildebrand
Observatory Observatory
SproulPlaza SproulPlaza
Stern Stern
VLSB VLSB
Wheeler Wheeler
BarkerHall BarkerHall
Blackwell Campbell Blackwell
DoeLibrary EdwardsStadium DoeLibrary
HearstFieldAnnex HearstFieldAnnex
Hertz Hertz
Koshland Koshland
McCone McCone
MemorialStadium MemorialStadium
Morgan Morgan
Pitzer Pitzer
MLK Senior MLK
Stanley Stanley
