Soda ClarkKerr HaasPavilion HearstFieldAnnex Hertz Insectary Koshland LeConte MemorialStadium Pimentel SatherGate CalvinLaboratory Bechtel1 Morgan Wellman Wurster Eshleman Evans Birge Blum GoldmanPlaza Soda Greenhouse Chou Campanile HearstGymnasium Soda Cleary BancroftLibrary Durant McEnerney Moffitt Mulford OBrien Sproul Stephens SutardjaDai TangCenter Warren WooHonFai Soda Zellerbach Boalt1 Bowles EdwardsStadium McCone NorthGate Pitzer Simon Stanley Bechtel Tan BarrowsHall CaliforniaHall Hesse Hilgard EastGate CalvinLaboratory IshiCourt Kleeberger Kroeber Lewis LowerSproul Minor WestGate Soda1 Giannini1 MLK1 WestGate1 CalvinLaboratory1 Cory1 Dwinelle1 Etcheverry1 GreekTheatre1 Haste1 HearstMiningCircle1 DoeLibrary HeatingPlant MemorialGlade Cheit1 LifeSciences1 McLaughlin1 KrutchTheater1 Observatory1 Stephens1 TangCenter1 Warren1 WooHonFai1 Zellerbach1 Soda
82
ClarkKerr Gilman Foothill ClarkKerr
HaasPavilion HaasPavilion
HearstFieldAnnex HearstFieldAnnex
Hertz Hertz
Insectary Insectary
Koshland Koshland
LeConte LeConte
MemorialStadium MemorialStadium
Pimentel Pimentel
SatherGate SatherGate
Bechtel1 Bechtel1
Morgan Morgan
Wellman Wellman
Wurster Wurster
Eshleman Eshleman
Evans Evans
Birge Birge
Blum Giauque BotanicalGarden Blum
GoldmanPlaza GoldmanPlaza
Greenhouse Greenhouse
Chou Chvez Chou
Campanile Campanile
HearstGymnasium HearstGymnasium
Cleary Davis Cleary
BancroftLibrary BancroftLibrary
Durant Latimer Durant
McEnerney McEnerney
Moffitt Morrison Moffitt
Mulford Mulford
OBrien Sibley OBrien
Sproul StadiumRim Sproul
Stephens Stephens
SutardjaDai SutardjaDai
TangCenter TangCenter
Warren Warren
WooHonFai WooHonFai
Zellerbach Zellerbach
Boalt1 Boalt1
Bowles Bowles
EdwardsStadium EdwardsStadium
McCone McCone
NorthGate NorthGate
Pitzer Pitzer
Simon Simon
Stanley Stanley
Tan Tan
BarrowsHall FoxCottage BarrowsHall
CaliforniaHall Haviland Hargrove CaliforniaHall
Hesse Hesse
Hilgard Hilgard
EastGate EastGate
IshiCourt IshiCourt
Kleeberger Kleeberger
Kroeber Kroeber
Lewis Lewis
LowerSproul LowerSproul
Minor Minor
WestGate WestGate
Soda1 Soda1
Giannini1 Jacobs1 Giannini1
MLK1 MLK1
WestGate1 WestGate1
CalvinLaboratory1 CalvinLaboratory1
Cory1 Cory1
Dwinelle1 Dwinelle1
Etcheverry1 Etcheverry1
GreekTheatre1 GreekTheatre1
Haste1 Haste1
HearstMiningCircle1 Bechtel HearstMiningCircle1
DoeLibrary DoeLibrary
HeatingPlant HeatingPlant
MemorialGlade MemorialGlade
Cheit1 Cheit1
LifeSciences1 LifeSciences1
McLaughlin1 McLaughlin1
KrutchTheater1 Moses1 Hildebrand1 KrutchTheater1
Observatory1 Observatory1
Stephens1 SutardjaDai1 Stephens1
TangCenter1 TangCenter1
Warren1 Warren1
WooHonFai1 WooHonFai1
Zellerbach1 Zellerbach1
