2 41 85 41 2 157 53 193 50 1 58 73 83 38 186 0 186 136 119 68 53 193 50 42 103 116 28 174 99 165 140 149 171 179 171 18 14 22 76 51 176 174 182 67 134 94 57 15 57 94 62 90 62 139 55 130 184 189 182 67 116 103 42 188 35 199 97 199 121 7 121 196 155 178 155 196 121 199 195 56 195 148 88 78 20 27 98 27 20 59 173 128 86 37 25 37 86 128 131 63 26 11 23 34 181 45 102 148 159 156 131 128 198 100 114 107 43 71 6 118 80 43 107 114 126 175 87 8 13 138 164 117 102 148 146 32 147 115 104 166 160 169 5 125 31 10 194 10 31 125 5 163 158 112 4 112 190 92 21 105 108 42 145 193 53 157 2
71
2 2
85 142 85
157 49 157
53 53
193 193
50 50 187
58 58
73 73
38 46 38
0 192 0
136 119 136
42 42
116 116
28 28
174 174
99 113
165 165
149 3 149
171 14 171
179 133 179
76 76 51
67 67 61
94 94
15 30 15
90 96 177 95 90
139 139
55 55
130 130
189 122 189 182
188 188
35 35
97 106 97
121 121
7 79 7
196 196
178 82 178
56 52 56
20 59
27 27 141
98 36 98
173 173
128 128
86 86
25 12 25
131 131
63 63
26 26
23 23
34 34
181 181
156 156
100 100
114 114
6 6
118 118
80 54 80
126 48 126
8 8
13 13
138 138
164 164
32 32
115 115
104 44
125 125
194 93 194
158 110 158
112 112
4 161 4
92 92
145 145
