71 37 60 35 11 5 83 88 20 74 19 75 15 94 45 62 66 58 77 93 55 32 6 99 43 48 38 96 65 9 27 18 86 52 39 61 39 2 36 42 67 47 67 42 70 42 36 2 39 3 14 54 49 13 97 28 3 39 52 86 89 59 29 16 24 25 99 43 84 41 31 79 80 63 50 21 95 81 84 43 48 38 64 91 37 71
40
60 60
35 35
11 11
5 5
88 88
74 74
19 19
15 15
94 94
45 45
66 66
77 77
55 55
6 6
38 38
96 96
65 65 0
61 61 87
39 39
2 33 2
36 30 36
42 42
47 26 10 47
70 53 70
54 54
49 49
13 13
28 28
86 85 78 18
59 59
29 29
24 69 24
99 7
84 84
41 41
79 79
50 50
21 21
95 95
64 64
