stop0 stop1 stop73 stop80 stop4 stop46 stop12 stop7 stop8 stop23 stop33 stop35 stop38 stop43 stop44 stop52 stop60 stop61 stop62 stop0 stop65 stop75 stop77 stop78 stop81 stop90 stop28 stop29 stop18 stop30 stop94 stop70 stop79 stop95 stop89 stop1 stop85 stop27 stop96 stop0 stop93 stop87 stop0
39
stop0 stop0
stop1 stop1
stop73 stop42 stop73
stop80 stop2 stop80
stop4 stop4
stop46 stop46
stop12 stop5 stop12
stop7 stop7
stop8 stop19 stop16 stop8
stop23 stop23
stop33 stop33
stop35 stop35
stop38 stop38
stop43 stop43
stop44 stop50 stop44
stop52 stop52
stop60 stop60
stop61 stop61
stop62 stop62
stop65 stop67 stop65
stop75 stop75
stop77 stop77
stop78 stop78
stop81 stop81
stop90 stop15 stop90
stop28 stop28
stop29 stop29
stop18 stop18
stop30 stop37 stop30
stop94 stop94
stop70 stop70
stop79 stop79
stop95 stop95
stop89 stop89
stop85 stop9 stop85
stop27 stop27
stop96 stop96
stop93 stop99 stop93
stop87 stop87
