stop0 stop1 stop2 stop122 stop9 stop10 stop1 stop13 stop36 stop38 stop41 stop9 stop44 stop57 stop68 stop69 stop72 stop2 stop97 stop98 stop99 stop1 stop147 stop101 stop5 stop129 stop43 stop75 stop138 stop159 stop113 stop51 stop144 stop124 stop7 stop16 stop23 stop33 stop37 stop47 stop56 stop67 stop76 stop77 stop82 stop14 stop52 stop55 stop158 stop149 stop3 stop88 stop89 stop100 stop133 stop156 stop161 stop0 stop115 stop143 stop102 stop137 stop112 stop0 stop117 stop163 stop128 stop0 stop127 stop141 stop0 stop108 stop169 stop105 stop0
64
stop0 stop0 stop160 stop121
stop1 stop1 stop145
stop2 stop2
stop122 stop6 stop122
stop9 stop9
stop10 stop10
stop13 stop13
stop36 stop36
stop38 stop38
stop41 stop41
stop44 stop50 stop44
stop57 stop57
stop68 stop68
stop69 stop69
stop72 stop72
stop97 stop97
stop98 stop98
stop99 stop99
stop147 stop118 stop147
stop101 stop101
stop129 stop129
stop43 stop43
stop75 stop140 stop75
stop138 stop116 stop138
stop159 stop159
stop113 stop113
stop51 stop166 stop51
stop144 stop144
stop124 stop124
stop7 stop8 stop7
stop16 stop16
stop23 stop23
stop33 stop33
stop37 stop37
stop47 stop54 stop48 stop47
stop56 stop63 stop59 stop56
stop67 stop67
stop76 stop76
stop77 stop77
stop82 stop3 stop82
stop14 stop14
stop52 stop52
stop55 stop70 stop55
stop158 stop158
stop149 stop149
stop88 stop88
stop89 stop92 stop89
stop100 stop100
stop133 stop133
stop156 stop135 stop156
stop161 stop161
stop115 stop115
stop143 stop143
stop102 stop102
stop137 stop154 stop137
stop112 stop112
stop117 stop117
stop163 stop139 stop167 stop163
stop128 stop128
stop127 stop127
stop141 stop141
stop108 stop108
stop169 stop169
stop105 stop105
