f xxx qq m z ss j uuuuu zzz fffffff w qqqqqq uu xxxxxx ttttt hhhh ff jjjj wwww pp q ggggg aaa p vvvv c rrrrrr qqqqqqq jjjjjjj llllllll sss dddddddd bbbbbbbb llllll ssssss ssss s v ffffffff vv wwwwwww ggg iii nnnn lllll f
45
f f
xxx xxx
qq qq
m m
z z
ss ss
j j
uuuuu uuuuu
zzz zzz
fffffff fffffff
w w
qqqqqq qqqqqq
uu uu
xxxxxx xxxxxx
ttttt ttttt
hhhh hhhh
ff ff
jjjj jjjj
wwww wwww
pp aaaaa pp
q q
ggggg rrrrrrrr hhh ggggg
aaa aaa
p eeee p
vvvv vvvv
c c
rrrrrr rrrrrr
qqqqqqq qqqqqqq
jjjjjjj jjjjjjj
llllllll llllllll
sss sss
dddddddd a dddddddd
bbbbbbbb bbbbbbbb
llllll llllll
ssssss ssssss
ssss ssss
s s
v v
ffffffff ffffffff
vv vv
wwwwwww wwwwwww
ggg ggg
iii iii
nnnn nnnn
lllll lllll
