ffffff uu a dddd jjjj eeeee tttttt kkkkkkkk gggggggg q hhhhhhh ee wwwwww tttt mm ssssss eeee jjjjjj zzz bbbbbb ggggggg qqqqqq aaa x o uuu nnn tt mmmm kkkk cc eeeeee m qq cccccc pppp gggg ssss ppppp s hhh iiiiiiii aaaaaa oooooooo lll hhhh xxxxxxx ccccccc rrrrrr bbbbbbbb mmmmmmmm qqq yy sss yyyyyyy oooooo sssssss kkkkkk aaaaaaaa e eeeeeee rr wwww xxxx vvv llllllll llllll b uuuuuu vvvvv iiiiiii lllllll k vvvvvv pppppppp aa wwwww ooooo xxx ii aaaa xxxxx ggggg rrrrr nnnnnn fffff ttttttt sssss bbbbbbb dd cccc d ffffffff ll uuuuuuu ffffff
95
ffffff ffffff
uu uu
a a
dddd dddd
jjjj jjjj
eeeee eeeee
tttttt tttttt
kkkkkkkk kkkkkkkk
gggggggg gggggggg
q q
hhhhhhh hhhhhhh
ee ee
wwwwww wwwwww
tttt tttt
mm mm
ssssss ttttt ssssss
eeee ffff eeee
jjjjjj jjjjjj
zzz zzz
bbbbbb bbbbbb
ggggggg ggggggg
qqqqqq qqqqqq
aaa aaa
x x
o o
uuu uuu
nnn nnn
tt tt
mmmm mmmm
kkkk kkkk
cc jjj cc
eeeeee eeeeee
m m
qq qq
cccccc cccccc
pppp pppp
gggg gggg
ssss ssss
ppppp ppppp
s s
hhh hhh
iiiiiiii iiiiiiii
aaaaaa aaaaaa
oooooooo oooooooo
lll lll
hhhh hhhh
xxxxxxx xxxxxxx
ccccccc ccccccc
rrrrrr rrrrrr
bbbbbbbb bbbbbbbb
mmmmmmmm mmmmmmmm
qqq qqq
yy yy
sss sss
yyyyyyy yyyyyyy
oooooo oooooo
sssssss sssssss
kkkkkk kkkkkk
aaaaaaaa aaaaaaaa
e e
eeeeeee eeeeeee
rr rr
wwww wwww
xxxx xxxx
vvv vvv
llllllll llllllll
llllll llllll
b b
uuuuuu uuuuuu
vvvvv vvvvv
iiiiiii iiiiiii
lllllll lllllll
k k
vvvvvv vvvvvv
pppppppp pppppppp
aa aa
wwwww wwwww
ooooo ooooo
xxx xxx
ii ii
aaaa aaaa
xxxxx xxxxx
ggggg ggggg
rrrrr rrrrr
nnnnnn nnnnnn
fffff fffff
ttttttt ttttttt
sssss sssss
bbbbbbb zzzzz bbbbbbb
dd j dd
cccc cccc
d d
ffffffff ffffffff
ll ll
uuuuuuu uuuuuuu
