199 24 10 151 197 28 158 71 2 27 19 70 19 27 43 81 103 177 7 29 39 5 44 60 20 61 57 11 20 150 54 26 142 49 163 156 86 65 8 98 34 67 103 177 41 157 31 97 102 45 104 85 110 127 107 106 76 65 86 14 86 156 74 156 163 156 119 124 83 21 83 38 83 55 3 55 94 62 15 91 133 105 77 105 133 182 35 159 78 167 171 62 94 55 164 96 174 40 174 96 189 176 46 47 46 72 46 47 93 178 50 178 93 47 129 22 63 68 195 183 122 84 32 120 130 145 16 198 138 198 16 194 64 102 113 25 190 196 82 199
74
24 24
10 10
28 28
71 71
2 2
27 27
19 19
70 53 70
43 92 43
81 81
7 7
29 29 90
39 39
5 5 48
44 44
60 60
20 20
61 61
57 57
11 11
54 54
26 26
49 0 49
65 65
8 8
98 98
34 34
67 67
177 23
41 41
31 31
97 97
102 52 64
45 45 80
85 99 85
106 42
76 76
86 86
14 66 14
74 58 74
156 4
163 17 75
124 37
83 83
21 88 73 59 21
38 79 38
55 55
3 18 3
94 94
62 62 87
15 15
91 12 91
77 51 77
35 35
78 78
96 9 96
40 33 40
189 95
47 47 36
46 46
72 6 72
93 56 93
50 13 50
22 22
63 63
68 68
84 84
32 32
16 16
138 30 89
113 1
25 25
190 69
82 82
