SusanneJohnBerrios ClaudiaDavidTaylor JuliaLindaGordon SpencerCourtneyBroth FernandoLindaWatson JuliaMollieHernandez DorothyDavidStromme RalphClydeMills JorgeHeatherSamuels HarryNeilFranklin StephanieAaronWalker AntonioGeraldBaker DinahCatherineFaulkn JuanDebbieAllen MonteMonicaLum LaquitaJohnBrunette MattieBarbaraEkstrom GarryDavidKingery MaryFrankieWomack RubyLelandCollard DouglasRobertFerkovi SusanneJohnBerrios
20
ClaudiaDavidTaylor ClaudiaDavidTaylor
JuliaLindaGordon JuliaLindaGordon
SpencerCourtneyBroth DougHelenHornbeck SpencerCourtneyBroth
FernandoLindaWatson FernandoLindaWatson
JuliaMollieHernandez JuliaMollieHernandez
DorothyDavidStromme DorothyDavidStromme
RalphClydeMills RalphClydeMills
JorgeHeatherSamuels JorgeHeatherSamuels
HarryNeilFranklin HarryNeilFranklin
StephanieAaronWalker StephanieAaronWalker
AntonioGeraldBaker AntonioGeraldBaker
DinahCatherineFaulkn DinahCatherineFaulkn
JuanDebbieAllen JuanDebbieAllen
MonteMonicaLum MonteMonicaLum
LaquitaJohnBrunette LaquitaJohnBrunette
MattieBarbaraEkstrom MattieBarbaraEkstrom
GarryDavidKingery GarryDavidKingery
MaryFrankieWomack MaryFrankieWomack
RubyLelandCollard RubyLelandCollard
DouglasRobertFerkovi DouglasRobertFerkovi
