AlbertFredHaines JoannCharlieWilkinso DianeElisePickett JudyPearlineKaminski WadeSonnyMcbride SandraHarryStewart DenaJewellDavis CassandraJaniceGlove KevinThomasHiggins CherylMaryMorgan TommyAmandaMartin RobinStephenWebster DebraJaneFitzgerald EdwardDennisStewart KellyJohnnaOles TravisMichelleMeller BradleyDeborahSaball EricTammyScott HowardKennethCollins GeorgeHenryVillar KevinCharlesEvans MarthaJackRobinson JessicaChristopherHa KathleenSherryDay EdwardErnestSinger MichaelMarkHolloway PerryJamesBennett CynthiaConnieWright EricJamesJuckett JosephAmandaMullen DorisJeffreyBinger PeterJosephBarbee ClaudeBobbyBaker BrettDominickSonnier JamesJordanZamora EricTinaPerea MarciaWalterKirschma ZacharyWarrenKarth LawrenceBarryHadden CraigJohnLard KathleenJoseClark AnnDeannaLarzazs StephenWilliamCoffma GlennaMichaelBorden JimmyFlorTasson JackieSharonScherrer JohnBrendaFuller LillianJuanAncona DeniseBrunoWilliam JeremyJamesChavez RickyJamesBrumfield RosaPatrickYankey DeeAmandaBartley IsaacGregGargano MarkAngelaMccloud MistyRobertKing JannaDavidCarranza HeidiMayJohnson ThomasEssieEwing WilliamDavidGray MarkDianeDuchon RonaldEdnaArant MaryJamesDavila MichaelElizabethWeav JudeJanetHarcourt JohnRichardSmith LynnKennethChavez ManuelaJoseBailey StevenNeilNguyen ElmerDemetriusLark DwainJoeFeldman BernicePennyRiddick GaryCharlesHudson GeorgeWilliamJackson StormyOllieYork FerdinandLukeJackson RolandGregoryWatson JoStephenMay AlbertFredHaines
78
AlbertFredHaines AlbertFredHaines
JoannCharlieWilkinso JoannCharlieWilkinso
DianeElisePickett DianeElisePickett
JudyPearlineKaminski JudyPearlineKaminski
WadeSonnyMcbride WadeSonnyMcbride
SandraHarryStewart SandraHarryStewart
DenaJewellDavis DenaJewellDavis
CassandraJaniceGlove CassandraJaniceGlove
KevinThomasHiggins KevinThomasHiggins
CherylMaryMorgan CherylMaryMorgan
TommyAmandaMartin TommyAmandaMartin
RobinStephenWebster RobinStephenWebster
DebraJaneFitzgerald DebraJaneFitzgerald
EdwardDennisStewart EdwardDennisStewart
KellyJohnnaOles KellyJohnnaOles
TravisMichelleMeller TravisMichelleMeller
BradleyDeborahSaball BradleyDeborahSaball
EricTammyScott EricTammyScott
HowardKennethCollins HowardKennethCollins
GeorgeHenryVillar GeorgeHenryVillar
KevinCharlesEvans KevinCharlesEvans
MarthaJackRobinson MarthaJackRobinson
JessicaChristopherHa JessicaChristopherHa
KathleenSherryDay KathleenSherryDay
EdwardErnestSinger EdwardErnestSinger
MichaelMarkHolloway MichaelMarkHolloway
PerryJamesBennett PerryJamesBennett
CynthiaConnieWright CynthiaConnieWright
EricJamesJuckett EricJamesJuckett
JosephAmandaMullen JosephAmandaMullen
DorisJeffreyBinger DorisJeffreyBinger
PeterJosephBarbee PeterJosephBarbee
ClaudeBobbyBaker ClaudeBobbyBaker
BrettDominickSonnier BrettDominickSonnier
JamesJordanZamora JamesJordanZamora
EricTinaPerea EricTinaPerea
MarciaWalterKirschma MarciaWalterKirschma
ZacharyWarrenKarth ZacharyWarrenKarth
LawrenceBarryHadden LawrenceBarryHadden
CraigJohnLard CraigJohnLard
KathleenJoseClark KathleenJoseClark
AnnDeannaLarzazs AnnDeannaLarzazs
StephenWilliamCoffma StephenWilliamCoffma
GlennaMichaelBorden GlennaMichaelBorden
JimmyFlorTasson JimmyFlorTasson
JackieSharonScherrer JackieSharonScherrer
JohnBrendaFuller JohnBrendaFuller
LillianJuanAncona LillianJuanAncona
DeniseBrunoWilliam DeniseBrunoWilliam
JeremyJamesChavez JeremyJamesChavez
RickyJamesBrumfield RickyJamesBrumfield
RosaPatrickYankey RosaPatrickYankey
DeeAmandaBartley DeeAmandaBartley
IsaacGregGargano IsaacGregGargano
MarkAngelaMccloud MarkAngelaMccloud
MistyRobertKing MistyRobertKing
JannaDavidCarranza JannaDavidCarranza
HeidiMayJohnson HeidiMayJohnson
ThomasEssieEwing ThomasEssieEwing
WilliamDavidGray WilliamDavidGray
MarkDianeDuchon MarkDianeDuchon
RonaldEdnaArant RonaldEdnaArant
MaryJamesDavila MaryJamesDavila
MichaelElizabethWeav MichaelElizabethWeav
JudeJanetHarcourt JudeJanetHarcourt
JohnRichardSmith JohnRichardSmith
LynnKennethChavez LynnKennethChavez
ManuelaJoseBailey ManuelaJoseBailey
StevenNeilNguyen StevenNeilNguyen
ElmerDemetriusLark ElmerDemetriusLark
DwainJoeFeldman DwainJoeFeldman
BernicePennyRiddick BernicePennyRiddick
GaryCharlesHudson GaryCharlesHudson
GeorgeWilliamJackson GeorgeWilliamJackson
StormyOllieYork StormyOllieYork
FerdinandLukeJackson FerdinandLukeJackson
RolandGregoryWatson RolandGregoryWatson
JoStephenMay JoStephenMay
