SueJosephGarza LillieKathleenCervan JohnJoseJudd IraJimmyYang FranciscoFrancesHarr AnnaKyleChang PhyllisJackWilson MaryLindaKirkland LeroySandraLewis AlfredaKirstenMartin OllieGeorgeSova ElsieJosephPhelps CrystalShermanVida ChristinaDanaGrant AshleyWilliamClarke BrianLuzArce JohnDustinKenny PaulShaneSoldner KarenErmaJensen KevinHaroldCyr KennethShannonGardel BrianSarahCumming DarnellAliciaPeters JessicaJohnSpells PamelaPageBullock SueCourtneyOsgood JamesJaredGonzalez NathanKevinCorathers BrianRolandAli LauraPhilipWinkler PatriciaBernardBrock ThomasAnnieRuiz MelindaKennethAzar LucyBennyHaag WilburnDavidMiller LuisHelenHughes MarianLuluDiaz MariaChristopherCast PaulEvanRichard SueJosephGarza
38
LillieKathleenCervan LillieKathleenCervan
JohnJoseJudd JohnJoseJudd
IraJimmyYang IraJimmyYang
FranciscoFrancesHarr FranciscoFrancesHarr
AnnaKyleChang AnnaKyleChang
PhyllisJackWilson PhyllisJackWilson
MaryLindaKirkland MaryLindaKirkland
LeroySandraLewis LeroySandraLewis
AlfredaKirstenMartin DonaldDoloresKelly AlfredaKirstenMartin
OllieGeorgeSova OllieGeorgeSova
ElsieJosephPhelps ElsieJosephPhelps
CrystalShermanVida CrystalShermanVida
ChristinaDanaGrant ChristinaDanaGrant
AshleyWilliamClarke AshleyWilliamClarke
BrianLuzArce BrianLuzArce
JohnDustinKenny JohnDustinKenny
PaulShaneSoldner PaulShaneSoldner
KarenErmaJensen KarenErmaJensen
KevinHaroldCyr KevinHaroldCyr
KennethShannonGardel KennethShannonGardel
DarnellAliciaPeters DarnellAliciaPeters
JessicaJohnSpells JessicaJohnSpells
PamelaPageBullock PamelaPageBullock
SueCourtneyOsgood SueCourtneyOsgood
JamesJaredGonzalez JamesJaredGonzalez
NathanKevinCorathers NathanKevinCorathers
BrianRolandAli BrianRolandAli
LauraPhilipWinkler LauraPhilipWinkler
PatriciaBernardBrock PatriciaBernardBrock
ThomasAnnieRuiz ThomasAnnieRuiz
MelindaKennethAzar MelindaKennethAzar
LucyBennyHaag LucyBennyHaag
WilburnDavidMiller WilburnDavidMiller
LuisHelenHughes LuisHelenHughes
MarianLuluDiaz MarianLuluDiaz
MariaChristopherCast MariaChristopherCast
PaulEvanRichard PaulEvanRichard
SueJosephGarza WilliamGeorgeWilliam
