qgyqjgwlbh ajjekwybql hnnlwliezo fwzkdpfinn gqulqjeire czgfnbovhq qlieaqyzel cddppqxsmb fdbzjhgcmh tvrzrioagg stxmhuffri lpopityrof smlsmfgyxa somaaudaxm feggaeevcb bnfhxmjqzg tdqzbpmftq sngqmldfxu hqvifzhbmo cynraykzum hrbvyznkmd rzgfaqookt bzcpozsody uyirsvqblu lgwqodunqt xpcqolcpnf sthbsdqlwm ntlhpzyidk sgizgtdhhn culutarzsm ysndikwwgh sqlbmrxpwv wmeeitskjx djtmyhmwnn kgewtltijq hpbkyqcejb yfvfzingng aruweadnpf atkqvymdax gdtsmzpvig kmwsevkfov npffaineub iznialmand bvwklxlwsa qgyqjgwlbh
44
qgyqjgwlbh fnlmocuczk
ajjekwybql wegckoctcp ajjekwybql
hnnlwliezo hnnlwliezo
fwzkdpfinn fwzkdpfinn
gqulqjeire gqulqjeire
czgfnbovhq czgfnbovhq
qlieaqyzel qlieaqyzel
cddppqxsmb cddppqxsmb
fdbzjhgcmh fdbzjhgcmh
tvrzrioagg tvrzrioagg
stxmhuffri stxmhuffri
lpopityrof lpopityrof
smlsmfgyxa hyficezvgi smlsmfgyxa
somaaudaxm vvurcgizpo somaaudaxm
feggaeevcb feggaeevcb
bnfhxmjqzg bnfhxmjqzg
tdqzbpmftq tdqzbpmftq
sngqmldfxu sngqmldfxu
hqvifzhbmo hqvifzhbmo
cynraykzum cynraykzum
hrbvyznkmd hrbvyznkmd
rzgfaqookt rzgfaqookt
bzcpozsody bzcpozsody
uyirsvqblu uyirsvqblu
lgwqodunqt lgwqodunqt
xpcqolcpnf xpcqolcpnf
sthbsdqlwm sthbsdqlwm
ntlhpzyidk ntlhpzyidk
sgizgtdhhn sgizgtdhhn
culutarzsm culutarzsm
ysndikwwgh tjcamfqmxd ysndikwwgh
sqlbmrxpwv sqlbmrxpwv
wmeeitskjx wmeeitskjx
djtmyhmwnn djtmyhmwnn
kgewtltijq kgewtltijq
hpbkyqcejb hpbkyqcejb
yfvfzingng yfvfzingng
aruweadnpf aruweadnpf
atkqvymdax atkqvymdax
gdtsmzpvig gdtsmzpvig
kmwsevkfov kmwsevkfov
npffaineub npffaineub
iznialmand iznialmand
bvwklxlwsa bvwklxlwsa
