dweidxeutk audojmtlep gpbaqafhdz ctnsbezpjg fuhtgylsov dzzxropcld ltjqdpdqwv tehmqpfdnn xdmzjapanj zdiibealli kufcwxmspu pgiiochubt bcwzxsuutq aihlvhrjir tzpaywhybw rqmdukqpbg cnbqxrvlvl wlzaatlgns cowtuqqsll bqrcwxsyuw wwmcjuetgz depihfdmjk dlfzngcmgq okcwuqslme dfgysrnikx arrkheyths rqchbdjiqp xtugynuehn nqdbgeypdu ouzfljsksj lzsvglcvqa tdtlnqnprm rwobvahhfa joegbqydne hpqsgalvar wfybmclpmp zbgxyjmdnm cwexpxaktw dllzvxpcgk cavyunvwuk kjgjbkdckc sjqdgtugly bxdnijtmyn itouxsyevo gvxfzzmwzk nimybvgttg hcvrravrik siwbsyuwap lgpbgvlzpo taoimnqdrr vtquakjujf gkbqwvqnfu gqwhfeepal wqeazvzkdf fxejnitkot dldiwncohw rzqbegeoni ulneltboej fxpsowceqq qjjslhkvnr irtbznwvcu toeqvvzlae cxrfqntbtm ivgiotlrrr ratnlmbmpr vpghbvlzxd xwsnmxufqy auonnlthcz naqyljkxxq wiwpekzeuz efgyvzmusc afkxpktsxw rlgdknlxmz kgpqjqjrhc vteisghgld rulcikswsa cpdpvshtof ienasnqnvt xdhiumwdwn klbefaxnzg jiowqcrqpz uqhdcumthr sjcwiapdwb drtcvphibq iqbyvqgkcp seqrxdjigd vqlbufoinm htfyksgccp akzsqllzsv dweidxeutk
85
dweidxeutk dweidxeutk
audojmtlep audojmtlep
gpbaqafhdz gpbaqafhdz
ctnsbezpjg ctnsbezpjg
fuhtgylsov fuhtgylsov
dzzxropcld dzzxropcld
ltjqdpdqwv gyjkhdbyvm
tehmqpfdnn tehmqpfdnn
xdmzjapanj pphebmysxy xdmzjapanj
zdiibealli zdiibealli
kufcwxmspu kufcwxmspu
pgiiochubt hjvmodgwdg pgiiochubt
bcwzxsuutq bcwzxsuutq tofdobbbjt
aihlvhrjir aihlvhrjir
tzpaywhybw tzpaywhybw
rqmdukqpbg rqmdukqpbg
cnbqxrvlvl fwwnyjpwnp cnbqxrvlvl
wlzaatlgns wlzaatlgns
cowtuqqsll cowtuqqsll
bqrcwxsyuw bqrcwxsyuw lvqqznnzyn
wwmcjuetgz wwmcjuetgz
depihfdmjk depihfdmjk
dlfzngcmgq dlfzngcmgq
okcwuqslme okcwuqslme
dfgysrnikx dfgysrnikx
arrkheyths arrkheyths
rqchbdjiqp rqchbdjiqp
xtugynuehn xtugynuehn
ouzfljsksj ouzfljsksj
lzsvglcvqa lzsvglcvqa
tdtlnqnprm tdtlnqnprm
rwobvahhfa rwobvahhfa
hpqsgalvar hpqsgalvar
wfybmclpmp wfybmclpmp
zbgxyjmdnm zbgxyjmdnm
cwexpxaktw cwexpxaktw
dllzvxpcgk dllzvxpcgk
cavyunvwuk cavyunvwuk
kjgjbkdckc kjgjbkdckc
sjqdgtugly sjqdgtugly
bxdnijtmyn bxdnijtmyn
itouxsyevo itouxsyevo
gvxfzzmwzk gvxfzzmwzk
nimybvgttg nimybvgttg
hcvrravrik hcvrravrik
siwbsyuwap siwbsyuwap
lgpbgvlzpo lgpbgvlzpo
taoimnqdrr taoimnqdrr
vtquakjujf vtquakjujf
gkbqwvqnfu gkbqwvqnfu nmshjtpxad
gqwhfeepal gqwhfeepal
wqeazvzkdf ftrqchqaif wqeazvzkdf
fxejnitkot fxejnitkot
dldiwncohw dldiwncohw
rzqbegeoni rzqbegeoni
ulneltboej ulneltboej
fxpsowceqq fxpsowceqq
qjjslhkvnr qjjslhkvnr
irtbznwvcu irtbznwvcu
toeqvvzlae toeqvvzlae
cxrfqntbtm cxrfqntbtm
ivgiotlrrr ivgiotlrrr
vpghbvlzxd vpghbvlzxd
xwsnmxufqy xwsnmxufqy
auonnlthcz auonnlthcz
naqyljkxxq naqyljkxxq
wiwpekzeuz wiwpekzeuz
efgyvzmusc efgyvzmusc
afkxpktsxw mnmjklgmnp afkxpktsxw elifcmozpf
rlgdknlxmz rlgdknlxmz
kgpqjqjrhc kgpqjqjrhc
vteisghgld vteisghgld
rulcikswsa hlimwiksjd rulcikswsa
cpdpvshtof cpdpvshtof
ienasnqnvt ienasnqnvt
xdhiumwdwn xdhiumwdwn
klbefaxnzg klbefaxnzg
jiowqcrqpz jiowqcrqpz
uqhdcumthr uqhdcumthr
sjcwiapdwb sjcwiapdwb
drtcvphibq drtcvphibq
iqbyvqgkcp iqbyvqgkcp
vqlbufoinm vqlbufoinm
htfyksgccp gmvwahagsy
akzsqllzsv cmelcyxenw akzsqllzsv
