Place72 Place18 Place0 Place10 Place48 Place56 Place3 Place16 Place36 Place50 Place1 Place33 Place87 Place59 Place85 Place0 Place98 Place15 Place20 Place54 Place81 Place29 Place2 Place19 Place52 Place17 Place60 Place89 Place86 Place75 Place57 Place31 Place23 Place41 Place53 Place93 Place61 Place71 Place30 Place1 Place83 Place47 Place26 Place0 Place77 Place91 Place72
42
Place18 Place18
Place0 Place0
Place10 Place10
Place48 Place48
Place56 Place56
Place3 Place3
Place16 Place16
Place36 Place36
Place50 Place50
Place1 Place43 Place1
Place33 Place33
Place87 Place88 Place58 Place87
Place59 Place59
Place85 Place85
Place98 Place98
Place15 Place15
Place20 Place34 Place20
Place54 Place54
Place81 Place81
Place29 Place29
Place2 Place2
Place19 Place78 Place19
Place52 Place52
Place17 Place17
Place60 Place60
Place89 Place89
Place86 Place86
Place75 Place75
Place57 Place4 Place57
Place31 Place31
Place23 Place22 Place23
Place41 Place41
Place53 Place40 Place53
Place93 Place93
Place61 Place61
Place71 Place71
Place30 Place30
Place83 Place83
Place47 Place47
Place26 Place26
Place77 Place77
Place91 Place91
