Place102 Place18 Place47 Place32 Place114 Place164 Place24 Place39 Place171 Place140 Place42 Place56 Place16 Place152 Place58 Place135 Place1 Place156 Place168 Place77 Place145 Place172 Place198 Place108 Place50 Place116 Place150 Place197 Place117 Place175 Place124 Place76 Place45 Place107 Place3 Place190 Place55 Place4 Place75 Place182 Place139 Place104 Place0 Place82 Place25 Place155 Place128 Place129 Place96 Place97 Place10 Place153 Place95 Place178 Place0 Place125 Place81 Place71 Place79 Place144 Place142 Place6 Place163 Place21 Place137 Place0 Place196 Place106 Place176 Place8 Place28 Place146 Place0 Place174 Place186 Place80 Place185 Place112 Place57 Place59 Place98 Place100 Place10 Place120 Place148 Place166 Place151 Place26 Place127 Place181 Place199 Place83 Place118 Place41 Place147 Place33 Place102
87
Place18 Place18
Place47 Place6 Place47
Place32 Place32
Place114 Place114
Place164 Place164
Place24 Place24
Place39 Place39
Place171 Place7 Place171
Place140 Place140
Place42 Place42
Place56 Place56
Place16 Place16
Place152 Place152
Place58 Place58
Place135 Place135
Place156 Place156
Place168 Place168
Place77 Place110 Place77
Place145 Place145
Place172 Place172
Place198 Place1 Place198
Place108 Place108
Place50 Place115 Place50
Place116 Place116
Place150 Place150
Place197 Place197
Place117 Place117
Place175 Place175
Place124 Place124
Place76 Place76
Place45 Place27 Place20 Place45
Place107 Place107
Place3 Place3
Place190 Place13 Place190
Place55 Place55
Place75 Place75
Place182 Place182
Place139 Place139
Place104 Place104
Place82 Place82
Place25 Place25
Place155 Place155
Place128 Place128
Place129 Place129
Place96 Place96
Place97 Place97
Place10 Place10
Place153 Place74 Place153
Place95 Place95
Place178 Place178
Place125 Place125
Place81 Place81
Place71 Place71
Place79 Place79
Place144 Place144
Place142 Place142
Place163 Place163
Place21 Place21
Place137 Place137
Place196 Place86 Place196
Place106 Place106
Place176 Place176
Place8 Place23 Place8
Place28 Place28
Place146 Place146
Place174 Place174
Place186 Place186
Place80 Place80
Place185 Place185
Place112 Place112
Place57 Place57
Place59 Place59
Place98 Place98
Place100 Place100
Place120 Place120
Place148 Place148
Place166 Place166
Place151 Place151
Place26 Place26
Place127 Place127
Place181 Place72 Place68 Place181
Place199 Place199
Place83 Place83
Place118 Place118
Place41 Place41
Place147 Place147
Place33 Place33
