node0 node7 node14 node15 node19 node15 node14 node21 node22 node27 node22 node24 node22 node21 node28 node29 node31 node29 node33 node29 node28 node35 node36 node38 node36 node35 node42 node49 node50 node54 node50 node52 node50 node49 node56 node57 node59 node57 node61 node57 node56 node63 node64 node69 node64 node66 node64 node63 node70 node71 node75 node71 node70 node77 node84 node85 node87 node85 node84 node91 node92 node96 node92 node91 node0
26
node0 node0 node12 node17 node13 node5 node94 node6 node0 node0 node0 node0 node10 node0
node19 node19
node15 node20
node27 node27
node24 node24
node22 node26
node31 node31
node33 node33
node29 node45 node34
node38 node38
node36 node48 node40 node47 node41
node54 node54
node52 node52
node50 node55
node59 node59
node61 node61
node57 node62
node69 node69
node66 node66
node64 node68
node75 node75
node71 node80 node76 node82 node73
node87 node87
node85 node3 node90 node83 node89
node96 node96
node92 node97
