Egsmith Barnton Wychbourne Cookford Chelmbeck Flitgrove Sudtree Wenwold Stainby Brackbrough Hornborough Cookford Farnsmith Wychsmith Farnsmith Ashdown Shaftbage Egavon Wychbourne Wychnell Egtree Shaftsted Barnton Wywick Wychbeck Staplake Penborne Shaftbridge Burfield Wychnell Ashbourne Sudwich Wetwick Nortley Stainbrough Nortley Wetwick Waltditch Wenside Whittree Egsmith
27
Barnton Barnton
Wychbourne Egavon Wychbourne
Cookford Cookford
Chelmbeck Chelmbeck
Flitgrove Flitgrove
Sudtree Leathermere Sudtree
Wenwold Wenwold
Stainby Stainby
Brackbrough Wenbeck Brackbrough
Farnsmith Farnsmith
Wychsmith Chelmwang Wychsmith
Ashdown Ashdown
Shaftbage Edgey Shaftbage
Wychnell Wychnell
Egtree Chelmden Egtree
Wywick Wywick
Wychbeck Wychbeck
Staplake Staplake
Penborne Penborne
Shaftbridge Shaftbridge
Ashbourne Stapbeck Ashbourne
Sudwich Pemlow
Wetwick Wetwick
Nortley Nortley
Stainbrough Stainbrough
Waltditch Waltditch
Wenside Burbourne Alfchester Wenside
