Chelmbourne Edgwich Staintree Stafthorne Waltbrook Hurstworth Rocktree Wenden Elgrove Wenborough Prestey Sudwich Enlow Leatherlake Alfby Elside Alfby Leatherlow Bracklow Hartbage Barngrove Hornley Pemwold Melborne Egcastle Nortcastle Brainbridge Sodside Kingsbrook Dartsted Clerethorne Stapthorne Stapmoor Barnham Alfcastle Egborne Cookton Horncester Edgchester Wenwang Edgchester Horncester Enbage Stainside Enbage Flitham Shrivlow Stainhall Southmere Stainhall Durditch Barnden Rocktree Staflow Cleredon Staflow Rocktree Whitborough Rocktree Elgrove Staintree Alfwell Casford Wetborne Chelmbourne
45
Chelmbourne Shaftwich
Edgwich Edgwich
Staintree Staintree
Waltbrook Waltbrook
Hurstworth Hurstworth
Rocktree Cookbridge Rocktree
Wenden Dartsted Wenden
Wenborough Wenborough
Prestey Prestey
Sudwich Sudwich
Enlow Enlow
Leatherlake Leatherlake
Alfby Stapwell Alfby
Elside Whitavon Elside
Leatherlow Leatherlow
Bracklow Pemwood Bracklow
Hartbage Hartbage
Barngrove Prestdon
Hornley Hornley
Pemwold Pemwold
Egcastle Egcastle
Brainbridge Brainbridge
Sodside Sodside
Clerethorne Barnside
Stapthorne Stapthorne
Stapmoor Stapmoor
Barnham Barnham
Egborne Egborne
Cookton Cookton
Wenwang Wenwang Sudworth
Edgchester Edgchester
Horncester Horncester
Enbage Enbage
Stainside Whitover Stainside
Flitham Kingsley Flitham
Shrivlow Shrivlow
Stainhall Stainhall
Southmere Shrivside Southmere
Durditch Durditch
Staflow Staflow Bursted
Cleredon Wyhead Cleredon
Whitborough Horndown Whitborough
Elgrove Elgrove
Alfwell Aldhall Alfwell Marlton
Casford Casford
