qtq uxr pxi uwp rju pjx ifc xmz wpq rwt ahv krg udq pwa thz txk thz qbj rut yiz ili bsz iuz nfy art ooc brk hxp fne nhr viv tro eqm htv wpo mbx yiz lah llr uca qnn tvy hxo ukh gkh mnv osc xax ooi nxr ynq ptq vlt unf nhk orc pkx nkx qoe cxu zqn cjp egz gak qjm lnv bwq qyi qls qlo cpw ase vaf zbn hhe rxi lfh spp dpo fgo qfc unk udq tmc wpq vsu wuf sfp npu zgf wuc jno thd ahy xdz qtq
77
qtq wju qtq
uxr wuc uxr
uwp uwp
rju rju
pjx pta pjx
ifc plx ifc fsl
wpq wpq
rwt itg rwt
ahv ahv
krg uoz kza krg
udq udq
pwa pwa
thz thz
txk rod txk
qbj dkn qbj
rut rut
yiz yiz
ili ili
bsz bsz
iuz iuz
nfy tnl nfy
art idl
ooc ooc
brk brk
hxp hxp
fne wiq
nhr slq nhr
viv viv
tro tmd tro
eqm eqm
htv jta htv
mbx mbx
lah xos lah
uca uca
qnn qnn
hxo hxo
ukh ukh
mnv mnv
xax xax
ooi ooi
ynq ynq
ptq ptq
vlt vlt
nhk nhk
orc hpb orc
pkx pkx
nkx nkx
cxu cxu
zqn gup zqn
cjp cjp
egz lxt vub egz bai
gak gak
qjm qjm
lnv lnv
qls qls
qlo qlo
cpw cpw
ase ase
vaf vaf
zbn zbn
hhe hhe
rxi rxi
lfh lfh
spp spp
fgo fgo
qfc qbe qfc
unk pxs
tmc tmc
vsu vsu
wuf wuf
sfp zgs sfp
npu npu
zgf cnv zgf
jno jno
thd thd
ahy ahy
xdz xdz
