Soda Browning Bret Comstock Spring Mabel Summit Haviland Belrose Poplar Bancroft Cutter Muir Columbia Byron Addison Shasta Allston Byron Eunice Greenwood Marin Menlo Colusa Fulton Florida Fresno Bowditch Bataan Bret Vermont Bristol Keeler Pardee Arch Anne Lewiston Forest Ajax Haskell Poppy Soda
37
Browning Browning
Bret Bret
Comstock Comstock
Spring Spring
Mabel Overlook Mabel
Summit Summit
Haviland Haviland
Belrose Belrose
Poplar Poplar
Bancroft Bancroft
Cutter Cutter
Muir Muir
Columbia Columbia
Byron Byron
Addison Addison
Shasta Shasta
Allston Allston
Eunice Kenilworth Edith Domingo Eunice
Greenwood Heinz Haste Greenwood
Marin Madera Marin
Menlo Burnett High Menlo
Colusa Colusa
Fulton Fulton
Florida Florida
Fresno Terrace Fresno
Bataan Bataan
Vermont Vermont
Bristol Hospital Bristol
Keeler Keeler
Pardee Martin Pardee
Arch Arch
Anne Anne
Lewiston Lewiston
Forest Forest
Ajax Ajax
Haskell Haskell Bowditch
Poppy Poppy
