AZ DT BS DD AF AD BE AD DB BU CJ AH BO AH AV BP AF AL BD BQ AF CG CP DV CD AC BK DQ AI AR AX AB AO AS AB CY DO AC CT CR CZ CV DM BX AJ DE AN AD CC AI BL DL CK AH AA BW DC AE CO BI AB CL AB BJ AA CN AJ AZ
50
DT DT
BS BS
DD DD
AF AF
BE BE
DB DB
BU BU
CJ CJ
BO BO
AH AH
AV AV
BP BP
AL AL
BD BD
BQ BQ
CG CG
CP CP
DV DV
CD CD
BK BK
DQ DQ
AI AI
AR AR
AX AX
AO AO
AS AS
CY CY
DO DO
CT CT
CR CR
CZ CZ
CV CV
DM DM
BX BX
AJ AJ
DE DE
AN AN
CC CC
BL BL
DL DL
CK CK
AA AA
BW BW
DC DC
AE AE
CO CO
BI BI
CL CL
BJ BJ
CN CN
