FD AU AF GO GB CS GD ES EM AV EM GS GX FS FQ AM BK DQ DB AJ BM FT HN DK AD BZ AK HR FX EO ED GR FB CT GZ FR HP CI GF CW GG BQ EW HF GC FA EX DS EK CO CB CC GN BA FV EN CF DN ER FN HM FY EZ FJ HC DV EG FO CU DI GP DF AS HB HD BG FU AC BV CK DE AG CG HH CM FK DU DM GA AZ GA CL BC GQ FP EL DZ CA AU GK DP EV FD
88
AU AU
AF AF
GO GO
CS CS
GD GD
ES ES
EM EM HO FI
AV AT AV
GS GS
GX GX
FS AX FS
AM AM
BK BK
DQ DQ
DB DB
AJ AJ
BM BM
FT FT
DK DK
AD AD
BZ BZ
AK AK
HR HR
FX EY
EO EO
ED DH
GR GR
CT CT
GZ GZ
FR FR
HP HP
CI CI
GF GF
CW CW
BQ BQ
EW EW
HF HF
GC GC
FA FM ET
EX EX
EK EK
CO CO
CB CB
CC CC
GN GN
BA BA
FV FV
EN EN
CF CF
DN DN
ER ER DA
FN FN
FY FY
EZ EZ
FJ FJ
HC HC
DV BF
EG EG
FO FO
CU CU
DI DI
GP GP
DF DF
HB HB
HD HD
BG BG
FU FU
BV BV
CK CK
DE DE
AG AG
CG CG
HH HH EE
CM BT
DU DU
DM DM
GA GA
AZ BN AZ
CL CL
BC BC
GQ GQ
FP DC BE FP EJ
EL EL
DZ DZ
CA CA
GK GK
DP BO DP
EV AW
