x115 x128 x9 x5 x21 x0 x26 x4 x11 x15 x125 x3 x48 x13 x16 x0 x20 x44 x64 x71 x73 x122 x41 x27 x1 x43 x3 x52 x59 x94 x109 x0 x61 x4 x69 x74 x8 x75 x32 x62 x82 x136 x138 x124 x127 x3 x54 x98 x4 x58 x10 x81 x111 x83 x2 x103 x106 x2 x114 x130 x4 x89 x0 x115
49
x128 x128
x9 x9
x5 x5
x21 x21
x26 x26
x4 x4
x11 x11
x15 x92 x84 x38 x33 x15
x125 x125
x48 x48
x13 x13
x16 x16
x0 x17
x20 x20
x44 x53 x44
x64 x64
x71 x71
x73 x73
x122 x122
x41 x41
x27 x27
x43 x43
x3 x50
x52 x52
x59 x59
x94 x94
x109 x109
x61 x61
x69 x69
x74 x74
x75 x75
x32 x34 x32
x62 x76 x62
x82 x108 x82
x136 x136
x138 x91 x57 x138
x124 x124
x127 x127
x54 x54
x98 x98
x58 x58
x81 x81
x111 x40 x111
x83 x83
x103 x103
x106 x106
x114 x114
x130 x130
x89 x89
