Whitgrove Sodberling Bromstanham Sodberling Ellerbridge Ketchester Watchlake Tippingbage Bootwick Wycastle Boothingchester Sundendford Botbeck Abcester Sifield Enderbeck Tippingtree Hurstdown Botshot Falworth Whitringlake Milthorne Rothingcombe Faldenhall Shaftborough Hannersmith Tippendham Stainbrough Wychditch Rothendcombe Bastlebury Emmerley Southbury Bassinghead Nortwell Marlcester Egsted Southmere Ribberrenston Farnditch Ribberrenston Southmere Chelmdenmoor Ketnell Toddenmoor Durbrook Falderseythorne Worford Rotherlow Skellenshot Rotherlow Abgleham Sundlethorne Shafthead Marlbrook Wychchester Prestwick Egmerhampton Suddenmoor Melwood Endleshall Candleswick Cirerham Dartden Bothenhall Rothead Hamscombe Alfmere Leatherport Alddleringworth Worhall Siey Redcombe Hampingcastle Basditch Reddingtree Stapbrough Egbeck Skellenshot Wychcompwold Sirenshall Cannerthorne Elside Wetsmith Warsmith Horstleover Toddenmerbrough Tipstoke Penddenchester Suddingover Ellerbridge Sodberling Whitgrove
69
Whitgrove Dribblecombe Whitgrove
Sodberling Sodberling Bursmith
Bromstanham Clereennell Bromstanham
Ellerbridge Ellerbridge Wycastle Worrenberwang
Ketchester Boothingmanstree Ketchester
Watchlake Farndlesover Watchlake
Tippingbage Tippingbage
Bootwick Todhampton Bootwick Bothenton
Sundendford Chedworth Sundendford
Botbeck Botbeck
Abcester Abcester
Sifield Sifield
Enderbeck Enderbeck
Falworth Falworth
Whitringlake Whitringlake
Milthorne Milthorne
Rothingcombe Rothingcombe
Faldenhall Wethampton Faldenhall
Shaftborough Shaftborough
Tippendham Tippendham
Stainbrough Wendleringdown
Rothendcombe Rothendcombe
Bastlebury Hamwold Bastlebury
Emmerley Emmerley
Southbury Southbury
Nortwell Nortwell
Marlcester Marlcester
Egsted Egsted
Southmere Southmere
Ribberrenston Ribberrenston
Farnditch Abglewold Farnditch
Ketnell Staplow Wetwick Ketnell
Toddenmoor Toddenmoor
Durbrook Durbrook Sodport
Falderseythorne Falderseythorne Penby
Worford Dribberham Skelberden Hampingworth Worford
Rotherlow Rotherlow
Skellenshot Cihead Skellenshot
Abgleham Siavon Abgleham
Sundlethorne Sundlethorne Blansbrook
Marlbrook Marlbrook
Wychchester Wychchester
Prestwick Prestwick
Egmerhampton Egmerhampton
Suddenmoor Staincombe Tippenbrook Suddenmoor
Melwood Melwood
Candleswick Skellingover Candleswick
Cirerham Wolley
Dartden Dartden
Bothenhall Bothenhall
Alfmere Alfmere
Leatherport Leatherport
Worhall Reddendeney Worhall
Siey Siey
Redcombe Redcombe
Hampingcastle Waltbeck Hampingcastle
Basditch Basditch
Reddingtree Eley Endleberey
Stapbrough Stapbrough
Wychcompwold Wychcompwold
Sirenshall Hampingbascombe Sirenshall
Cannerthorne Cannerthorne
Elside Elside
Wetsmith Wetsmith
Warsmith Horsnell
Horstleover Horstleover
Toddenmerbrough Casbrook Endingnell
Tipstoke Tipstoke
Suddingover Suddingover
