Warfield Chilbury Brackcompwang Chelmstanwell Hammerringey Skelling Chedtree Burglebrough Sudsmith Elmansham Pendingbrook Chedberdon Wyborne Cambingstoke Suddlecombe Ashfield Millendon Windling Dribblewick Skellingden Barndberbrough Worhall Dribbingworth Worhall Todtree Cicombe Falport Soddlewick Hamsling Hannenmanswick Ashborne Fulbourne Southbasport Fulbourne Stainbrough Cammerrensmoor Suddleborne Falport Pendlewood Horstlescompstoke Suddlecombe Ellingreham Ciditch Chedderrenswich Cannerthorne Warfield
37
Warfield Warfield
Chilbury Chilbury
Brackcompwang Brackcompwang
Chelmstanwell Chelmstanwell
Hammerringey Hammerringey
Skelling Skelling
Chedtree Chedtree Siringwang Suddleover
Burglebrough Burglebrough
Sudsmith Sudsmith
Elmansham Elmansham
Pendingbrook Suddlecastle Pendingbrook Whitchester
Wyborne Wyborne
Cambingstoke Cambingstoke
Suddlecombe Suddlecombe Basringney Chippingsted
Ashfield Ketport Ashfield
Millendon Millendon
Windling Windling
Skellingden Skellingden
Barndberbrough Barndberbrough
Worhall Worhall
Dribbingworth Bastleseyham Leatherbleside Dribbingworth
Todtree Todtree
Cicombe Cicombe
Falport Falport Botherseyworth
Soddlewick Soddlewick
Hamsling Hamsling
Hannenmanswick Hannenmanswick
Ashborne Tipwick Ashborne
Southbasport Southbasport Chiphead
Stainbrough Worberbrook Northall
Cammerrensmoor Cammerrensmoor
Suddleborne Suddleborne
Pendlewood Pendlewood
Horstlescompstoke Horstlescompstoke
Ellingreham Ellingreham
Ciditch Stainbrough
Chedderrenswich Chedderrenswich
