0 1 2 3 4 5 6 7 8 9 10 11 12 11 10 25 10 9 24 23 7 6 5 20 5 4 19 18 17 16 0 15 30 45 31 47 63 48 62 64 65 80 79 78 77 76 75 90 75 91 92 108 93 94 79 80 65 50 36 52 36 51 66 82 83 84 85 70 71 56 41 57 73 58 59 89 104 103 87 86 85 100 85 84 99 98 82 81 80 95 80 79 94 109 124 123 108 92 91 107 122 106 90 75 60 45 30 15 0
45
0 0
3 3
5 5
7 7
8 8
10 10
12 28 13
25 40 25
23 23
20 35 20
19 34 18
15 15
30 30
45 45
31 46 31
47 47
63 63
78 78
76 76
75 75
90 105 90
108 108
93 93
80 80
50 50
36 36
52 52 68
51 51
83 83
85 85
70 70
71 71
56 56
41 55 41
57 57
73 73
104 119 103
87 88
100 116 115 100
98 98
95 111 110 95
109 109
124 124
122 122
106 121 120 106
