0 18 185 27 20 116 6 22 32 182 44 67 96 95 39 173 89 46 77 24 12 9 109 26 117 18 159 133 119 26 138 4 50 157 70 7 108 75 8 98 34 120 12 49 0 170 103 28 3 163 194 31 146 10 91 19 74 126 111 51 85 17 23 22 11 48 199 186 51 81 121 20 196 26 8 39 8 4 176 21 179 180 193 178 14 4 13 156 168 125 133 10 12 10 23 128 134 3 184 3 83 76 36 27 104 197 21 64 58 18 175 3 99 14 160 145 21 63 23 0
81
18 18
185 185
27 27
116 116
6 38 6
32 32
182 182
44 44
67 47 67
96 96
95 95
173 65 173
89 89
77 77
24 24
9 9
109 42 109
117 117
159 87 159
119 119
138 138
50 50
157 157
70 70
108 102 108
75 75
98 98
120 120
49 49
170 139 170
103 103
28 155 28
163 163
194 194
146 146
91 91
19 19
74 74
126 126
111 111
51 149 79 51
85 85
17 17
22 22
48 31 48
199 106 199
186 186
81 78 81
121 121
20 20
196 196
26 26
39 151 39
8 166
176 176
179 179
180 69 180
193 193
178 178
14 14
4 4
156 25 156
168 168
125 125
133 133
10 10 100
12 130 12
128 128
134 137 134
184 184
83 83
36 36
104 104
197 197
64 64
58 58
175 175
99 99
160 160
145 145
63 63
