location0 location17 location50 location17 location0 location48 location18 location34 location21 location39 location27 location39 location22 location10 location36 location37 location4 location24 location7 location14 location29 location1 location11 location35 location16 location66 location32 location10 location22 location19 location37 location31 location15 location5 location13 location3 location80 location40 location53 location35 location30 location9 location5 location59 location43 location6 location38 location23 location49 location96 location69 location28 location34 location42 location2 location17 location0
39
location17 location17
location50 location45 location50
location0 location47
location48 location48
location18 location25 location18
location34 location34
location21 location20 location21
location39 location39 location41
location27 location44 location3 location27
location22 location22
location10 location8 location10
location36 location36
location37 location37
location4 location4
location24 location24
location7 location7
location14 location14
location29 location29
location1 location1
location11 location11
location16 location16
location32 location32
location19 location19
location31 location31
location15 location15
location5 location5
location13 location13
location40 location40
location35 location35
location30 location30
location9 location12 location9
location43 location43
location6 location6
location38 location38
location23 location23
location49 location49 location46 location26
location28 location33 location28
location42 location42
location2 location2
