location0 location11 location96 location151 location13 location0 location55 location32 location25 location4 location15 location64 location3 location1 location79 location80 location72 location67 location6 location83 location43 location26 location40 location26 location82 location70 location21 location70 location51 location73 location87 location46 location87 location73 location76 location22 location44 location71 location36 location40 location65 location33 location97 location100 location52 location107 location93 location99 location30 location50 location53 location20 location17 location90 location30 location4 location35 location86 location8 location21 location38 location10 location34 location77 location9 location41 location186 location31 location133 location95 location61 location75 location39 location48 location49 location78 location62 location132 location85 location70 location88 location18 location90 location91 location12 location57 location60 location12 location37 location58 location95 location14 location60 location54 location23 location68 location39 location47 location161 location81 location180 location42 location18 location92 location45 location42 location56 location60 location63 location0
82
location11 location11
location96 location96
location13 location13
location55 location55
location32 location32
location25 location25
location4 location4
location15 location15
location64 location64
location3 location3
location1 location1
location79 location79
location80 location80
location72 location72
location67 location67
location6 location6
location83 location83
location43 location43
location26 location26
location40 location71 location40
location82 location82
location70 location70
location21 location59 location21
location51 location2 location51
location87 location87
location46 location16 location46
location73 location73
location76 location76
location22 location22
location44 location44
location36 location36
location65 location65
location33 location33
location100 location7 location100
location52 location52
location93 location66 location93
location99 location99
location30 location30 location84
location50 location50
location53 location53
location20 location20
location17 location17
location35 location35
location86 location86
location8 location8
location38 location38
location10 location10
location34 location27 location19 location34
location77 location77
location9 location98 location9
location41 location89 location28 location41
location31 location31
location95 location95
location61 location61
location75 location75
location48 location48
location49 location69 location49
location78 location78
location62 location62
location85 location85
location88 location88
location90 location90
location91 location91
location57 location57
location60 location5 location60
location12 location29 location12
location37 location97 location37
location58 location58
location14 location14
location54 location54
location23 location23
location68 location68
location39 location39
location47 location24 location47
location81 location81
location42 location42
location18 location18
location92 location92
location45 location74 location45
location56 location56
location63 location63
location0 location94
