Plano Rockford SantaClara Irving Pasadena Norman MorenoValley Warren SanFrancisco Warren OklahomaCity Cary LasVegas Miami Cincinnati Olathe Irvine HuntingtonBeach Mobile Hartford Dallas Worcester Mesquite Joliet Thornton Anchorage Salinas SanAntonio Chicago Denton Raleigh Glendale SantaRosa Laredo Tampa McAllen FortCollins Allentown Stamford Glasses Hollywood Escondido Akron Torrance Elizabeth Anaheim JerseyCity Lafayette SanJose Killeen Tampa Houston Pomona Spokane CorpusChristi SantaClarita NewHaven Mobile NewOrleans Surprise Corona Brownsville Knoxville Madison SanBernardino Salinas AugustaRichmond Miami Hampton Miami Beaumont Atlanta Cleveland Denver Hayward Buffalo Waco Ontario Omaha Garland Providence AnnArbor FortLauderdale Norfolk Reno LouisvilleJefferson AnnArbor StLouis Chesapeake OWO Mesa Memphis Oxnard Kent Plano
78
Rockford Riverside Rockford
SantaClara SantaClara
Irving Irving
Pasadena Pasadena
Norman Sunnyvale Norman
MorenoValley MorenoValley
Warren Warren
SanFrancisco SanFrancisco
OklahomaCity OklahomaCity
Cary Cary
LasVegas Vallejo LasVegas
Miami Miami SimiValley
Cincinnati Cincinnati
Olathe Olathe
Irvine LittleRock Irvine
HuntingtonBeach HuntingtonBeach
Mobile Mobile
Hartford Hartford
Dallas Dallas
Worcester Worcester
Mesquite Mesquite
Thornton Thornton
Anchorage Anchorage
Salinas GardenGrove Salinas
SanAntonio Davidson SanAntonio
Chicago Chicago
Denton Denton
Raleigh Raleigh
Glendale Glendale
SantaRosa SantaRosa
Laredo Laredo
Tampa ThousandOaks Portland Tampa
McAllen GrandPrairie McAllen
FortCollins SiouxFalls FortCollins
Allentown Allentown
Stamford Stamford
Glasses SanJose Glasses
Hollywood Hollywood
Escondido Escondido
Akron Akron
Torrance Lincoln Torrance Lancaster
Elizabeth Elizabeth
Anaheim Anaheim
JerseyCity Pikachu JerseyCity
Lafayette Huntsville Lafayette
Killeen Killeen
Houston Houston
Pomona Pomona
CorpusChristi CorpusChristi
SantaClarita SantaClarita
NewHaven NewHaven
NewOrleans NewOrleans
Surprise Greensboro Surprise
Corona Corona
Brownsville Brownsville
Knoxville Knoxville
Madison Fremont Madison
SanBernardino SanBernardino
AugustaRichmond AugustaRichmond
Hampton Hampton
Beaumont Vancouver Beaumont
Atlanta Atlanta
Denver Denver
Hayward Hayward
Waco Waco
Ontario Ontario
Omaha Omaha
Garland Garland
AnnArbor AnnArbor
FortLauderdale FortLauderdale
Norfolk Norfolk
LouisvilleJefferson Tulsa LouisvilleJefferson
StLouis StLouis
Chesapeake Wichita
OWO OWO
Mesa Mesa
Memphis Charleston Montgomery Memphis
Oxnard Oxnard
