Waco OverlandPark AnnArbor SaltLakeCity Rochester Oski Irving SantaClara ChulaVista Lincoln Newark OverlandPark SterlingHeights Palmdale StPaul Victorville SanBernardino Stamford Clarksville Palmdale AthensClarkeCounty OWO AthensClarkeCounty SanFrancisco Richmond OverlandPark Waco
20
Waco MorenoValley SanAntonio
OverlandPark Omaha
AnnArbor AnnArbor
SaltLakeCity SaltLakeCity
Rochester Rochester
Irving Irving
ChulaVista ChulaVista
Lincoln Lincoln Detroit
Newark Newark
SterlingHeights SterlingHeights
Palmdale FortWayne Palmdale
StPaul StPaul
Victorville FortCollins
SanBernardino SanBernardino
Stamford Cary Stamford
Clarksville Clarksville
OWO LexingtonFa OWO
AthensClarkeCounty AthensClarkeCounty
SanFrancisco SanFrancisco
Richmond Richmond
