0 185 23 153 115 107 114 154 70 124 15 16 116 182 135 8 135 50 125 119 2 98 89 151 31 24 35 3 5 17 184 57 66 188 22 74 38 145 26 167 177 106 59 199 52 78 72 184 14 13 102 30 17 137 11 87 43 159 42 76 113 133 34 21 143 175 128 28 187 65 11 193 39 56 152 129 47 162 153 111 164 51 176 69 91 133 1 163 190 9 130 88 172 67 87 83 163 146 166 108 37 101 191 94 0
78
0 0
23 23
115 115 152
107 158 107
114 114
154 174 154
70 70
15 15
16 16
116 116
182 182
8 71 8
50 50
125 125
2 2
98 98
89 89
151 151
31 31
24 24
35 35 157
3 3
5 5 160
184 184
66 66
22 22
38 74 84 93 38
26 80 26
167 120 167
177 177
59 59
199 199
52 52
78 78
14 14
13 13
102 102
30 197
17 17 96 72
137 137
11 138 11
43 43
159 159
42 42
76 33
113 18
133 86 133
21 21
143 143
175 173
128 81 128
28 28
187 187
65 65
193 27 193
39 39
56 56
129 129
47 47
153 153
111 111
164 164
51 51
69 69
1 1
190 190
9 9 4 103
130 130
88 183
172 172 134
67 67
83 83
146 146
166 100 166
108 20
101 68 101
191 141
94 94
