13 199 126 131 3 129 105 112 179 180 0 159 165 101 140 171 197 184 0 181 106 119 191 168 127 138 2 156 162 103 155 177 111 154 133 113 141 0 172 0 148 116 164 163 188 114 130 170 174 193 183 157 166 4 186 190 142 146 143 175 167 115 123 144 2 195 153 158 160 173 132 149 102 135 121 108 152 198 118 3 122 100 178 147 0 136 196 7 145 2 176 187 194 128 3 13
82
13 182
199 104 199
126 126
131 131
129 129
105 105
112 112
179 179
180 180
159 161 159
165 165
101 137 101
140 117 140
171 185 151 171
197 197
184 184
181 181
106 106
119 169 119
191 191
168 124 168
127 109 127
138 138
156 156
162 162
103 103
155 155
177 177
111 111
154 134 154
133 133
113 113
141 141
172 172
148 148
116 116
164 164
163 163
188 188
114 114
130 130
170 170
174 174
193 193
183 183
157 192 157
166 166
186 189 186
190 190
142 142
146 146
143 120 107 143
175 110 175
167 167
115 115
123 123
144 144
195 195
153 150 139 153
158 158
160 160
173 173
132 132
149 149
102 125 102
135 135
121 121
108 108
152 152
198 198
118 118
122 122
100 100
178 178
147 147
136 136
196 196
145 145
176 176
187 187
194 194
128 128
