vLeODpVlYSBeYNDYoXha uyPyJzKFqWxgSNmpkDrB ybrQlUhznqOhsvndWAbl ruLqpYqEzGGiKysvsarb AdXveYSBaneNwCQzrdSw QkAjrUUuVdzSMnlfJLcO gMqbbwopmbxmOomqZjfm ZjjqpiSiaWnmxJgUtucv aCucdhmWbhlrgfstQigR BXzACdzjLITNgbmDPlEu UAwuKFcUHFyvaFCTLpOT gzxzakmqbxbsOczuQVLG wRjMmrpRuknxqunJrMAE DqUxIMslnixWfmkjQTmS ajvbaFpYiEBJySPsSLaI sBkAYRISjTYinLFSNcKW vGdJmIpYPUGRspXiVLdc UgFPXEAdAfcfHGIbNTsq gMqbbwopmbxmOomqZjfm CmbFyJmcvVqyCmJgQxeI fHcdXnOxSadpKeCUwNYm fvEcAuRDdfuHEPLNpaTz sXfgLMwoysnMazVSWnhc sdSgCnaZeeOuPKljZOSr FEqXJcVrZfnSsHEUPhnl WCCOEUYmDvzZlrkDAqoi xQaDpDGAXhDYzSMnMWvb TwgqMzgExFHTIfcwfBnr cZgmtoPGHxdozTaDMiyf DWWCMAjZQQIEKOIiHFQN WmmYcOLuPvixLDMigGIN YJpjmpLOeONNJgdsCXHN dyUDfEGgAoSshTRjMZZg pdXCnKagnvEntNTuPHdK CPszTohYUHARNedzFlDK TCAkluAESUWAMGFeNcGN OVoYVQPnlYoZBBKtyuLk oCvaAQKOXXWgeSNnUmae CfkBzkPETvagyIDCsLTD iDucfyZGMCbCQbXjbQqM jzQJaGLLiuQLhhyqBagr iBYHAWUhqeQPjphQzpdN mevvwcZLudaokctOWvKe VhDSPHxolLkNxxDnpUyx jwIBHKkXHTPVsOJwBOsr QQSjCkgLAWAPObYQvNsB jwIBHKkXHTPVsOJwBOsr VhDSPHxolLkNxxDnpUyx mevvwcZLudaokctOWvKe mlipOrSnGcxXtoXBbRyl LOMgYipCQQXQnRqEqRwO ybrQlUhznqOhsvndWAbl NAHeKyyhAObyyUEUSkSU gMqbbwopmbxmOomqZjfm ZbyHJLmoTqNpTnlUVJZC tVzUgXVoBYxBMnkkwFmk MlwlINEFqmyzZNPXRLJF zxeoSbTqbWPpSzalAtBI uyPyJzKFqWxgSNmpkDrB vLeODpVlYSBeYNDYoXha
40
uyPyJzKFqWxgSNmpkDrB uyPyJzKFqWxgSNmpkDrB
ybrQlUhznqOhsvndWAbl ybrQlUhznqOhsvndWAbl
ruLqpYqEzGGiKysvsarb ruLqpYqEzGGiKysvsarb
AdXveYSBaneNwCQzrdSw AdXveYSBaneNwCQzrdSw
QkAjrUUuVdzSMnlfJLcO ASXwCgVTXDdhSXJwFovC NciLXNPTvMoXdbTDZmlg QkAjrUUuVdzSMnlfJLcO
gMqbbwopmbxmOomqZjfm gMqbbwopmbxmOomqZjfm
aCucdhmWbhlrgfstQigR aCucdhmWbhlrgfstQigR
BXzACdzjLITNgbmDPlEu BXzACdzjLITNgbmDPlEu
gzxzakmqbxbsOczuQVLG gIttwvzcgONwFblnGIqq gzxzakmqbxbsOczuQVLG gEufXNuuWhnlbNYaoQFJ
wRjMmrpRuknxqunJrMAE iBjjCWwkYToOKfrrLnny
DqUxIMslnixWfmkjQTmS TqyFrXuGvuBuqnpYbjKc DqUxIMslnixWfmkjQTmS
ajvbaFpYiEBJySPsSLaI fToHwimUqLsKcKLZHiUX
sBkAYRISjTYinLFSNcKW sBkAYRISjTYinLFSNcKW
UgFPXEAdAfcfHGIbNTsq UgFPXEAdAfcfHGIbNTsq
CmbFyJmcvVqyCmJgQxeI CmbFyJmcvVqyCmJgQxeI
fHcdXnOxSadpKeCUwNYm fHcdXnOxSadpKeCUwNYm
fvEcAuRDdfuHEPLNpaTz fvEcAuRDdfuHEPLNpaTz
sXfgLMwoysnMazVSWnhc sXfgLMwoysnMazVSWnhc
WCCOEUYmDvzZlrkDAqoi WCCOEUYmDvzZlrkDAqoi
xQaDpDGAXhDYzSMnMWvb xQaDpDGAXhDYzSMnMWvb
TwgqMzgExFHTIfcwfBnr TwgqMzgExFHTIfcwfBnr
cZgmtoPGHxdozTaDMiyf cZgmtoPGHxdozTaDMiyf
DWWCMAjZQQIEKOIiHFQN DWWCMAjZQQIEKOIiHFQN
dyUDfEGgAoSshTRjMZZg dyUDfEGgAoSshTRjMZZg
pdXCnKagnvEntNTuPHdK pdXCnKagnvEntNTuPHdK
CPszTohYUHARNedzFlDK CPszTohYUHARNedzFlDK
TCAkluAESUWAMGFeNcGN FcEsyaTmqpoyvbDrHjlc
OVoYVQPnlYoZBBKtyuLk OVoYVQPnlYoZBBKtyuLk
CfkBzkPETvagyIDCsLTD CfkBzkPETvagyIDCsLTD
iDucfyZGMCbCQbXjbQqM iDucfyZGMCbCQbXjbQqM
jzQJaGLLiuQLhhyqBagr jzQJaGLLiuQLhhyqBagr
iBYHAWUhqeQPjphQzpdN iBYHAWUhqeQPjphQzpdN
VhDSPHxolLkNxxDnpUyx VhDSPHxolLkNxxDnpUyx fPxvnMVMFwhJbNBURdgD PLDOWRIeaCSVLMyDadzC
jwIBHKkXHTPVsOJwBOsr jwIBHKkXHTPVsOJwBOsr
QQSjCkgLAWAPObYQvNsB cvlwIwajcIlbhZbyFgmq RjKEHTlRvtaVBbyqZVAw QQSjCkgLAWAPObYQvNsB
mlipOrSnGcxXtoXBbRyl NVEtShKeuxpaFIOiyVqE mlipOrSnGcxXtoXBbRyl
NAHeKyyhAObyyUEUSkSU NAHeKyyhAObyyUEUSkSU
tVzUgXVoBYxBMnkkwFmk tVzUgXVoBYxBMnkkwFmk
MlwlINEFqmyzZNPXRLJF MlwlINEFqmyzZNPXRLJF
zxeoSbTqbWPpSzalAtBI zxeoSbTqbWPpSzalAtBI
