wNqlpYNsRbJEgiGpKxrU WoTuprXYItmuBoyNwAcV NtyLZDOaSczVvOGdocUp NYdfLxXxFVvLEbDKzXWn igyeOiSdezmmXGTwMzLw lbWonvEbeplndKguSTkk oZXYedlbtBLmkfoVmgta lbWonvEbeplndKguSTkk qfRRtdRbhYJBARMfPlZM scpUkbcaYSAsHhSktebT jUSlIFtitQxyvVLJjiCc scpUkbcaYSAsHhSktebT JVONrXhhmtFWhFfDiOXW VIPPawblKbhOVWrmrWBx iVjkcMenotYGMFEBTvoa CWozbDsqFUhTlbxWhCmh cMYyKTXGNKnFzrpwnXUl vTbNxpVTEoFlSjvvVvfG jeqqhISPyRIhGBNohHEu shugRMnaHVqQSmKaNBgu efZntVbfQTvIUOiRNPSH EEeDJaHeajXXlwYcHTeJ MBJqOYmxhUYbldNVEdRy PZwTcKCPsEmpxetNZvef pMOSpTzPTPLXHLOQMjnt oLMkSrYLQRLHmPiuLCTC jwcUBYKIcRlUlpQdHDpU wfEFdNDcColoskjTjcLm QePOUWiXcAUCoHETxuGS MBJqOYmxhUYbldNVEdRy NzDQJknJPDEkcwCHzzbF wvSJDoqoPGAkYgSuPFPw UdSbtwxTqTJxOiUoxEqw hLaNXBYgTzgUhvjmqUTu vIbIQYXZnmYrooTLYNtu EmbDgEECbkHbfAfHCgwB TOntbQDzHvMkxiKuanmw gFUGYXSirCYiFTivWNah juzxSpUVuccJUMBOcJjO ANDviqMIuFwdcboQDprt YTwycpmzEWCqqTELtzXc aGPbLNWYAMujnfHCTCMo HeWrJOKsDjgdrcamgZLN kwPuYZgJgVVJfdBGUtPw mgNeYYUOPKpLeiVEFIXd KcrnMnFDTrBKaUaGpdLY fpoTaBKmVdlDCxFwCFoz FWnudSYFvYQJHehOpEKf ktVPibAaeaNHuNYSLNYb kqcEdfKLaRzxOhAIzchh qoaNjvaRghiMQXaVEoQe syonLisTOSczosCwoILE jznspKyqlmxZtgfQUJVB RlHeRhvUOhGhZVGGJuED WMWBpOSnHGywZjCgaYyY nreoVgWrBhNXFZgTBlXO gqsFUfkkQrlyYYdSXwmt gFUGYXSirCYiFTivWNah xlbpuxAjoVPJWPCWBEkJ zHPSSEtFTQIbLYMdHqgP aIuYyryCOUGVeCAqbqkg syonLisTOSczosCwoILE CvZkdIYtdeDHtwufupie UIlSMnVKIdNiXZNSiHsI oDgfEuAVpeOlkkTIMDLw ADVVlRLpnspleRTgeTdu DZEpVGVXkxHljziwItaS QjbdwbUnopENkiNyqirZ lIpVoDPUIfHCPpjswogJ twwHXGyTBfZUDOGVnCzA IamFpWICdyBhLFRVaylm vIbIQYXZnmYrooTLYNtu eCBFrcppbiLzdGQubocl TEPaiCedHTXapLxoBXMp imEmCMbYEtZJJkwxkSDD bEfUXCTlwRBndElSbPGf UIlSMnVKIdNiXZNSiHsI yscsUFTNNyaVMKBztBdV UIlSMnVKIdNiXZNSiHsI CvZkdIYtdeDHtwufupie QyXpliHSeQOPIsurIcpa DpztIuGTRpGuLsdlODJw lSJjEsqamUCgRZdCmdyI edlAtPQdNXJQPCIzpkyX IvXQutSorlqOgnSVAIUd shugRMnaHVqQSmKaNBgu NJZlnWyeJFrkOwoqHKtT nCedHqGgdWAicwyuYWpg lIpVoDPUIfHCPpjswogJ lbWonvEbeplndKguSTkk wNqlpYNsRbJEgiGpKxrU
69
NtyLZDOaSczVvOGdocUp NtyLZDOaSczVvOGdocUp
NYdfLxXxFVvLEbDKzXWn NYdfLxXxFVvLEbDKzXWn
igyeOiSdezmmXGTwMzLw igyeOiSdezmmXGTwMzLw
oZXYedlbtBLmkfoVmgta oZXYedlbtBLmkfoVmgta svUOWvTJLneAqJGnExpc joWAhkfNqIEECnBeulGl
lbWonvEbeplndKguSTkk lbWonvEbeplndKguSTkk
qfRRtdRbhYJBARMfPlZM qfRRtdRbhYJBARMfPlZM
scpUkbcaYSAsHhSktebT kyApsCeFkLoLFCdkazaE scpUkbcaYSAsHhSktebT
jUSlIFtitQxyvVLJjiCc XPPBMlNyfVVeZGIzTCEW jUSlIFtitQxyvVLJjiCc
JVONrXhhmtFWhFfDiOXW JVONrXhhmtFWhFfDiOXW
VIPPawblKbhOVWrmrWBx VIPPawblKbhOVWrmrWBx
iVjkcMenotYGMFEBTvoa eOfnBeTgmYCNEnRUhlEK
cMYyKTXGNKnFzrpwnXUl cMYyKTXGNKnFzrpwnXUl wuSVWJYvpiWaQAHXocSG
vTbNxpVTEoFlSjvvVvfG vTbNxpVTEoFlSjvvVvfG
efZntVbfQTvIUOiRNPSH efZntVbfQTvIUOiRNPSH
EEeDJaHeajXXlwYcHTeJ GMxGouyyndiUBMqMdOoc EEeDJaHeajXXlwYcHTeJ
MBJqOYmxhUYbldNVEdRy CbGuHgZfQMmSOfHDFJnK MBJqOYmxhUYbldNVEdRy
PZwTcKCPsEmpxetNZvef ZauPfhkpsGmhbvkhkltR PZwTcKCPsEmpxetNZvef
pMOSpTzPTPLXHLOQMjnt pMOSpTzPTPLXHLOQMjnt
oLMkSrYLQRLHmPiuLCTC oLMkSrYLQRLHmPiuLCTC
wfEFdNDcColoskjTjcLm wfEFdNDcColoskjTjcLm
QePOUWiXcAUCoHETxuGS QePOUWiXcAUCoHETxuGS gDYKDrbERUXTnCayjBrC
NzDQJknJPDEkcwCHzzbF pzrGQEObzJGPnfATEYDc NzDQJknJPDEkcwCHzzbF NPSPGRTNRcKKVpsBRSwh
wvSJDoqoPGAkYgSuPFPw QeYNNLpZMBxyiFbZMPFY wvSJDoqoPGAkYgSuPFPw
UdSbtwxTqTJxOiUoxEqw UdSbtwxTqTJxOiUoxEqw
hLaNXBYgTzgUhvjmqUTu hLaNXBYgTzgUhvjmqUTu
EmbDgEECbkHbfAfHCgwB EmbDgEECbkHbfAfHCgwB
gFUGYXSirCYiFTivWNah ayQgUwyRuQVKeyFLPNbQ erZKLqpCZsYKDnOCaBGq
juzxSpUVuccJUMBOcJjO juzxSpUVuccJUMBOcJjO
ANDviqMIuFwdcboQDprt ANDviqMIuFwdcboQDprt
YTwycpmzEWCqqTELtzXc YTwycpmzEWCqqTELtzXc
aGPbLNWYAMujnfHCTCMo ihxEqMQIIvyQmtrtMjeO aGPbLNWYAMujnfHCTCMo
HeWrJOKsDjgdrcamgZLN ccdJRKiTXwIErdhSIxfh HeWrJOKsDjgdrcamgZLN
kwPuYZgJgVVJfdBGUtPw kwPuYZgJgVVJfdBGUtPw
mgNeYYUOPKpLeiVEFIXd mgNeYYUOPKpLeiVEFIXd
KcrnMnFDTrBKaUaGpdLY KcrnMnFDTrBKaUaGpdLY
fpoTaBKmVdlDCxFwCFoz fpoTaBKmVdlDCxFwCFoz
FWnudSYFvYQJHehOpEKf FWnudSYFvYQJHehOpEKf
kqcEdfKLaRzxOhAIzchh kqcEdfKLaRzxOhAIzchh
qoaNjvaRghiMQXaVEoQe VRpSthoDcomqMDsGoVql
syonLisTOSczosCwoILE zNRhhVdMWUgTnnqmAfeY syonLisTOSczosCwoILE
jznspKyqlmxZtgfQUJVB jznspKyqlmxZtgfQUJVB
RlHeRhvUOhGhZVGGJuED RlHeRhvUOhGhZVGGJuED
WMWBpOSnHGywZjCgaYyY XtZHoAxqEyzvMChzPHpN WMWBpOSnHGywZjCgaYyY
nreoVgWrBhNXFZgTBlXO nreoVgWrBhNXFZgTBlXO
xlbpuxAjoVPJWPCWBEkJ xlbpuxAjoVPJWPCWBEkJ
zHPSSEtFTQIbLYMdHqgP zHPSSEtFTQIbLYMdHqgP
aIuYyryCOUGVeCAqbqkg aIuYyryCOUGVeCAqbqkg
CvZkdIYtdeDHtwufupie ZXihCBEQBTdisqSlEMsj oHoxoLeyDYnKZDzgMtxI szyiMlKhtyOynWjcoMsm CvZkdIYtdeDHtwufupie
UIlSMnVKIdNiXZNSiHsI UIlSMnVKIdNiXZNSiHsI eobSFtKBbBdcVrTOREdK
oDgfEuAVpeOlkkTIMDLw wlySPverjehsBxldyigf
ADVVlRLpnspleRTgeTdu ADVVlRLpnspleRTgeTdu
DZEpVGVXkxHljziwItaS DZEpVGVXkxHljziwItaS
QjbdwbUnopENkiNyqirZ QjbdwbUnopENkiNyqirZ
twwHXGyTBfZUDOGVnCzA NIJaJxCurulNUdZZMxFk eiLPqIroFfCGzqSAlzAp
vIbIQYXZnmYrooTLYNtu bFmSeBrfNuxjYPUDCLYq vIbIQYXZnmYrooTLYNtu fgzJCwocQniGlXAZHJId
eCBFrcppbiLzdGQubocl SitzoubgYFeTjmkLjVPz ZwvojvRdUOYNJXIwAqgC
TEPaiCedHTXapLxoBXMp TEPaiCedHTXapLxoBXMp
imEmCMbYEtZJJkwxkSDD gcXUxTVUZWsOwtRNeDDa imEmCMbYEtZJJkwxkSDD
bEfUXCTlwRBndElSbPGf bEfUXCTlwRBndElSbPGf
yscsUFTNNyaVMKBztBdV EhDFVLWZueLOrdjEOzEQ yscsUFTNNyaVMKBztBdV
QyXpliHSeQOPIsurIcpa XvUPApTFkqaSSizYsCIr QyXpliHSeQOPIsurIcpa
DpztIuGTRpGuLsdlODJw DpztIuGTRpGuLsdlODJw
lSJjEsqamUCgRZdCmdyI lSJjEsqamUCgRZdCmdyI
edlAtPQdNXJQPCIzpkyX edlAtPQdNXJQPCIzpkyX
IvXQutSorlqOgnSVAIUd oKAKfpUUuLItChLyByFh IvXQutSorlqOgnSVAIUd JvFxbsySBAiFiOUrzrBi
shugRMnaHVqQSmKaNBgu shugRMnaHVqQSmKaNBgu
NJZlnWyeJFrkOwoqHKtT xgBrJmdXVwtxgRuCBhMe NJZlnWyeJFrkOwoqHKtT
nCedHqGgdWAicwyuYWpg nCedHqGgdWAicwyuYWpg
lIpVoDPUIfHCPpjswogJ cwgJAHVpCCTmuckJkncL
