oUyBZvEHNPOWtAsHANHU eWGFHgdBASXJbxQbYrCG hNRcEeFjmsmOnuOdNAXl eqwycKZriorIAbsUBjxu tItiZloipgPmLuONrNnZ JKNUHFrXPStBWMuUOVkj CCYBPFZgoOONzoEeTKzC CcspnGXfrmzZRWjdMjLd PojKKQvEDmFOnJinujFi DsLevMWgWFWOQXFMbaQy znYRMYifzQwyixuIXDnz IuNNJvHSmYKpVBzmzuJX rqqedkokePZFdhDbMNpX NBTlGJqSnWahMvuDlXAm ikjgYLaZRolSrbIYyKBd vUAlnOQiiNflifusqsxz eWVKeYegIFOJxvfRkjek QFaSXENOfunmdZIBqDsS UMfDYlvFlUVuogMRkWNG QFaSXENOfunmdZIBqDsS eWVKeYegIFOJxvfRkjek OWCblOtQanZakRLMqMxz VVzvLIOwARaWwhQTKPrx eqwycKZriorIAbsUBjxu UgaWwXBplvlUJzfeuZdN QMnEKXGwZYUlreveNjwA XZRBuctXhYPbWardFSZS oUyBZvEHNPOWtAsHANHU
20
oUyBZvEHNPOWtAsHANHU oUyBZvEHNPOWtAsHANHU
eWGFHgdBASXJbxQbYrCG eWGFHgdBASXJbxQbYrCG
hNRcEeFjmsmOnuOdNAXl hNRcEeFjmsmOnuOdNAXl
eqwycKZriorIAbsUBjxu eqwycKZriorIAbsUBjxu MeohNnftDTzllMTGwxnG
tItiZloipgPmLuONrNnZ cAvnOxZJtanpVvcAxJHM
JKNUHFrXPStBWMuUOVkj JKNUHFrXPStBWMuUOVkj
CCYBPFZgoOONzoEeTKzC CCYBPFZgoOONzoEeTKzC
CcspnGXfrmzZRWjdMjLd CcspnGXfrmzZRWjdMjLd oMKDNkBacLxexXKHqXfF
PojKKQvEDmFOnJinujFi hpQFeVriPZmwKZcYFAWN PojKKQvEDmFOnJinujFi
DsLevMWgWFWOQXFMbaQy gUlgGYCPZjsRiFLqnVun
znYRMYifzQwyixuIXDnz znYRMYifzQwyixuIXDnz
IuNNJvHSmYKpVBzmzuJX IuNNJvHSmYKpVBzmzuJX NVPacTSrBMpDkMBotiWB
rqqedkokePZFdhDbMNpX IUJDEWwYxhQimsCqnrFH
NBTlGJqSnWahMvuDlXAm NBTlGJqSnWahMvuDlXAm
ikjgYLaZRolSrbIYyKBd CXrruomvXfADUrHxMwZi
eWVKeYegIFOJxvfRkjek eWVKeYegIFOJxvfRkjek
UMfDYlvFlUVuogMRkWNG lPMfQyVLDIZczBuDgsVQ UMfDYlvFlUVuogMRkWNG
OWCblOtQanZakRLMqMxz OWCblOtQanZakRLMqMxz
VVzvLIOwARaWwhQTKPrx VVzvLIOwARaWwhQTKPrx
QMnEKXGwZYUlreveNjwA QMnEKXGwZYUlreveNjwA
