A0 A2 A3 A0 A4 A5 A10 A12 A11 A10 A15 A24 A21 A22 A24 A25 A27 A28 A25 A29 A30 A35 A37 A36 A35 A40 A49 A46 A47 A49 A50 A52 A53 A50 A54 A55 A60 A62 A61 A60 A65 A74 A71 A72 A74 A75 A77 A78 A75 A79 A80 A85 A87 A86 A85 A90 A99 A96 A97 A99 A90 A85 A80 A79 A75 A74 A65 A60 A55 A54 A50 A49 A40 A35 A30 A29 A25 A24 A15 A10 A5 A4 A0
32
A2 A2
A3 A3
A4 A8 A4 A6
A12 A12
A11 A18 A11
A24 A19 A20
A21 A21
A22 A22
A27 A27
A28 A28
A29 A33 A29 A31
A37 A37
A36 A43 A36
A49 A44 A45
A46 A46
A47 A47
A52 A52
A53 A53
A54 A58 A54 A56
A62 A62
A61 A68 A61
A74 A69 A70
A71 A71
A72 A72
A77 A77
A78 A78
A79 A83 A79 A81
A87 A87
A86 A93 A86
A99 A94 A95
A96 A96
A97 A97
