A0 A4 A5 A10 A12 A11 A10 A15 A24 A25 A29 A30 A35 A36 A37 A35 A40 A49 A45 A46 A47 A49 A50 A54 A55 A60 A61 A62 A60 A65 A74 A75 A79 A80 A85 A86 A87 A85 A90 A99 A95 A96 A97 A99 A100 A104 A105 A110 A115 A124 A125 A129 A130 A135 A140 A149 A150 A154 A155 A160 A161 A162 A160 A165 A174 A170 A171 A172 A174 A175 A179 A180 A185 A190 A199 A190 A185 A180 A179 A175 A174 A165 A160 A155 A154 A150 A149 A140 A135 A130 A129 A125 A124 A115 A110 A105 A104 A100 A99 A90 A85 A80 A79 A75 A74 A65 A60 A55 A54 A50 A49 A40 A35 A30 A29 A25 A24 A15 A10 A5 A4 A0
53
A0 A2 A3
A4 A4 A6
A12 A12
A11 A11
A10 A18 A8
A24 A20 A22 A19 A21
A25 A27 A28
A29 A29 A31
A36 A36
A37 A37
A35 A43 A33
A49 A44
A45 A45
A46 A46
A47 A47
A50 A52 A53
A54 A54 A56
A61 A61
A62 A62
A60 A68 A58
A74 A72 A70 A69 A71
A75 A77 A78
A79 A79 A81
A86 A86
A87 A87
A85 A93 A83
A99 A94
A95 A95
A96 A96
A97 A97
A100 A102 A103
A104 A106 A104
A110 A111 A118 A112
A124 A122 A120 A119 A121
A125 A127 A128
A129 A131 A129
A135 A136 A143 A137
A149 A147 A145 A144 A146
A150 A152 A153
A154 A154 A156
A161 A161
A162 A162
A160 A168 A158
A174 A169
A170 A170
A171 A171
A172 A172
A175 A177 A178
A179 A183 A181 A179
A185 A193 A186 A187
A199 A197 A195 A194 A196
A130 A133
A105 A108
