0 97 3 8 23 25 46 7 69 10 54 56 100 1 22 49 53 62 0 91 0 51 55 63 12 90 73 85 79 77 80 82 66 39 72 37 89 93 20 75 94 57 78 34 74 43 65 35 70 60 15 18 26 33 42 28 14 4 47 61 32 41 45 50 0 44 96 0 99 76 83 24 40 71 11 64 0 30 52 27 38 92 88 17 19 36 21 0
82
0 58 16
97 97
3 3
8 8
23 23
25 25
46 46
7 98 7
69 69
10 2 10
54 54
56 67 56
100 100
1 1
22 22
49 49
53 53
62 62
91 91
51 51
55 55
63 63
12 12
90 48 90
73 73
85 85
79 79
77 77
80 80
82 82
66 66
39 39
72 29 9 72
37 37
89 89
93 93
20 20
75 75
94 94
57 57
78 78
34 34
74 74
43 59 43
65 31 65
35 35
70 70
60 60
15 95 15
18 18
26 6 26
33 33
42 42
28 28
14 14
4 86 4
47 47
61 68 61
32 32
41 41
45 5 45
50 50
44 44
96 96
99 99
76 81 13 76
83 83
24 24
40 40
71 71
11 11
64 64
30 30
52 87 52
27 27
38 84 38
92 92
88 88
17 17
19 19
36 36
21 21
