Soda L63 L89 L39 L8 L1 L26 L11 L67 L87 L9 L12 L94 L16 L21 L15 L85 L5 L31 L66 L82 L30 L7 L84 L6 L51 L9 L35 L29 L19 L80 L95 L25 L97 L92 L3 L41 L1 L50 L18 L83 L2 L5 L8 L56 L69 L1 L46 L10 Soda
38
L63 L63
L89 L89
L39 L39
L8 L8
L1 L1
L26 L26
L11 L23 L11
L67 L67
L87 L87
L12 L12
L94 L3 L94
L16 L16
L21 L21
L15 L15
L85 L91 L57 L85
L31 L31
L66 L55 L52 L66
L82 L82
L30 L30
L84 L84
L6 L36 L6
L51 L51
L35 L35
L29 L29
L19 L10 L19
L80 L98 L64 L80
L95 L95
L25 L25
L97 L97
L92 L92
L41 L41
L50 L50
L18 L75 L2 L18
L83 L83
L5 L5
L56 L56
L69 L69
L46 L46
