Soda L62 L183 L157 L0 L150 L4 L70 L130 L97 L173 L121 L24 L186 L79 L188 L18 L52 L177 L83 Soda L145 L174 L93 L172 L20 L27 L99 L12 L84 L163 L22 L75 L116 L1 L37 L90 L132 L7 L167 Soda L166 L191 L21 L43 L68 L143 L4 L168 L101 L119 L54 L117 L13 L32 L107 L60 L6 L69 L135 L5 L108 L126 L158 L115 L63 L35 L11 L44 L34 L23 L85 L193 L81 L189 L74 L9 L14 L89 L76 L29 L194 Soda L198 L4 L164 L4 L171 L45 L151 L92 L114 L2 L122 L23 L50 L102 L7 L190 L113 L169 L133 L2 L176 L149 L2 Soda
87
L62 L62
L183 L49 L183
L157 L157
L0 L0
L150 L150
L4 L4 L86
L70 L192 L25 L70
L130 L130
L97 L97
L173 L173
L121 L121
L24 L24
L186 L186
L79 L79
L188 L188
L52 L52
L177 L177
L83 L98 L83
L145 L103 L145
L174 L174
L93 L93
L172 L172
L27 L27
L99 L99
L12 L12
L84 L84
L163 L163
L22 L22
L75 L75
L116 L116
L37 L37
L90 L125 L90
L132 L132
L167 L167
L166 L166
L191 L191
L21 L21
L43 L43
L68 L68
L143 L143
L168 L168
L101 L67 L101
L119 L119
L54 L54
L117 L117
L13 L13
L32 L5 L32
L107 L107
L60 L60
L69 L39 L69
L135 L135
L108 L108
L126 L126
L158 L158
L115 L115
L63 L63
L35 L35
L11 L124 L11 L159
L44 L44
L34 L34
L23 L61 L23
L85 L85
L193 L193
L81 L81
L189 L189
L74 L74
L9 L9
L14 L14
L89 L89
L76 L76
L194 L194
L198 L198
L164 L164
L171 L171
L45 L45
L151 L151
L92 L92
L114 L114
L122 L122
L50 L50
L102 L102
L190 L190
L113 L113
L169 L169
L133 L133
L176 L176
L149 L149
