Soda location53 location9 location1 location47 location72 location27 location16 location88 location94 location4 location41 location10 location23 location17 location82 location42 location32 location49 location61 location11 location64 location12 location52 location54 location89 location25 location59 location36 location19 location1 location34 location20 location77 location45 location50 location29 location13 location91 location22 location81 location39 location57 location46 location75 location33 location14 location48 location68 location60 location78 location76 location17 location85 location25 location62 location13 location30 location38 location22 location65 location67 location70 location40 location5 location56 location44 location37 location35 location69 location90 location16 location74 location98 location71 location31 location84 location6 location95 location8 location87 location79 location66 location1 location96 location26 location51 location5 location73 location99 location97 location24 location5 location42 location63 location5 location15 location83 Soda location93 location92 location3 Soda
85
location53 location2 location53
location9 location9
location1 location1
location47 location18 location47
location72 location72
location27 location27
location88 location88
location94 location94
location41 location41
location10 location8 location10
location23 location23
location17 location17 location100
location82 location82
location32 location32
location49 location49
location61 location61
location64 location64
location12 location12
location52 location52
location54 location4 location54
location89 location89
location59 location59
location36 location3 location36
location19 location19
location34 location34
location20 location20
location77 location77
location45 location45
location50 location50
location29 location29
location13 location80 location13
location91 location91
location81 location81
location39 location58 location39
location57 location57
location46 location46
location75 location75
location33 location33
location14 location14
location48 location7 location48
location68 location68
location60 location60
location78 location78
location76 location76
location85 location85
location25 location43 location21 location25
location62 location62
location30 location30
location38 location38
location22 location11 location22
location65 location65
location67 location67
location70 location70
location40 location40
location56 location56
location44 location44
location37 location37
location35 location35
location69 location55 location69
location90 location90
location16 location16
location74 location74
location98 location98
location71 location28 location71
location31 location31
location84 location84
location6 location86 location6
location95 location95
location87 location87
location79 location79
location66 location66
location96 location96
location26 location26
location51 location51
location73 location73
location99 location99
location97 location97
location24 location24
location42 location42
location63 location63
location5 location5
location15 location15
location83 location83
location93 location93
location92 location92
