Soda location25 location14 location16 location7 location10 location3 location21 location24 location4 location22 location18 location46 location23 location9 location5 location15 location44 location8 location2 location17 location12 location25 Soda
21
location25 location25
location14 location14
location16 location16
location7 location7
location10 location10
location3 location3
location21 location21
location24 location24
location4 location4
location22 location22
location18 location11 location19 location18
location46 location13
location23 location23
location9 location9 location20
location5 location5
location15 location15
location44 location6
location8 location8 location1
location2 location2
location17 location17
location12 location12
