Soda woolf winifred danyal rosen garcia shen sunny lewke tamara jarrett roshan kevin ruhi eshaan annie massachusetts noor martinez aidan lo sriram rob yip alvin krishnan andrew caroline daniel juliann golden ian rabie sarina walsh ritter ashley shah grace berit chloe connor singhal castro meghan vilaythong djajadi garbers patagonia Soda
48
woolf woolf
winifred winifred
danyal danyal
rosen rosen
garcia garcia
shen shen
sunny amanda sunny
lewke lewke
tamara tamara
jarrett jarrett
roshan roshan
kevin kevin
ruhi ruhi
eshaan eshaan
annie annie
massachusetts massachusetts
noor noor
martinez martinez
aidan aidan
lo lo
sriram sriram
rob rob
yip yip
alvin alvin
krishnan krishnan
andrew andrew
caroline caroline
daniel daniel
juliann juliann
golden golden
ian ian
rabie rabie
sarina sarina
walsh walsh
ritter ritter
ashley ashley
shah shah
grace grace
berit berit
chloe chloe
connor connor
singhal singhal
castro castro
meghan meghan
vilaythong vilaythong
djajadi djajadi
garbers davis garbers
patagonia patagonia
