Soda lindsey rob daniel chase george melissa vikram umar kanika krista jacob grace ishaan shah maniku wong sun srivastava chung ritter du ruhi kevin evan sophia danyal subbaraj vilaythong angelis saurav singhal wu krishnan mack bears scott cal zhifei srinivasan barth erika annie andrew tyler weaver xin lewke william nichole ohio hanlon franco zou soman oscar celine charles sunny chloe doshi alvin parham brett devesh wyatt hari singorahardjo emily greg ellen winifred massachusetts logan patagonia rouzbahani gregory berit ashley caroline olivia zhou king ravi aanika ani ahluwalia yip lebron kaur mittal amanda djajadi chen gobears adhikiari liang maya connor eshaan li Soda
100
lindsey lindsey
rob rob
daniel daniel
chase chase
george george
melissa melissa
vikram vikram
umar umar
kanika kanika
krista krista
jacob jacob
grace grace
ishaan ishaan
shah shah
maniku maniku
wong wong
sun sun
srivastava srivastava
chung chung
ritter ritter
du du
ruhi ruhi
kevin kevin
evan evan
sophia sophia
danyal danyal
subbaraj subbaraj
vilaythong vilaythong
angelis angelis
saurav saurav
singhal singhal
wu wu
krishnan krishnan
mack mack
bears bears
scott scott
cal cal
zhifei zhifei
srinivasan srinivasan
barth barth
erika erika
annie annie
andrew andrew
tyler tyler
weaver weaver
xin xin
lewke lewke
william william
nichole nichole
ohio ohio
hanlon hanlon
franco franco
zou zou
soman soman
oscar oscar
celine celine
charles charles
sunny sunny
chloe chloe
doshi doshi
alvin alvin
parham parham
brett brett
devesh devesh
wyatt wyatt
hari hari
singorahardjo singorahardjo
emily emily
greg greg
ellen ellen
winifred winifred
massachusetts massachusetts
logan logan
patagonia patagonia
rouzbahani rouzbahani
gregory gregory
berit berit
ashley ashley
caroline caroline
olivia olivia
zhou zhou
king king
ravi ravi
aanika aanika
ani ani
ahluwalia ahluwalia
yip yip
lebron lebron
kaur kaur
mittal mittal
amanda amanda
djajadi djajadi
chen chen
gobears gobears
adhikiari adhikiari
liang liang
maya maya
connor connor
eshaan eshaan
li li
