Jingzhou Ghugus Veenendaal Ouarzazat Ketrzyn LaPossession Shumen Shizunaifurukawacho Entroncamento Srinagar Malnate Kheri Carouge Ronse AzZuwaytinah Khabarovsk Crespo Rembangan RioFormoso Rembangan Thamaga Rembangan Gangtok BeneBeraq Ibri FortLauderdale Depok Rangae Shively Bejucal TanahMerah LondonderryCountyBor Kheri Carmichael Tabatinga CoonRapids Malnate Kabarnet BurgbeiMagdeburg Chittaranjan NiagaraFalls Sanaa Sarzedo Jeypore Fredericia Jingzhou
38
Ghugus Manduria Ghugus
Veenendaal Veenendaal
Ouarzazat Ouarzazat
Ketrzyn SanJosedeOcoa Ketrzyn
Shumen Shumen
Shizunaifurukawacho Shizunaifurukawacho
Entroncamento Entroncamento
Srinagar Srinagar Kirovsk
Malnate Malnate Lysva
Kheri Kheri Ermelo
Carouge Carouge
Ronse Ronse
AzZuwaytinah AzZuwaytinah
Khabarovsk Chegem Khabarovsk
Crespo Crespo
RioFormoso Radnor RioFormoso
Rembangan Colachel SaintMichael Rembangan
Thamaga Tottori Thamaga
Gangtok Gangtok
BeneBeraq BeneBeraq
Ibri Ibri
FortLauderdale FortLauderdale
Depok Depok
Rangae Rangae
Shively Shively
Bejucal Bejucal
TanahMerah TanahMerah
LondonderryCountyBor LondonderryCountyBor
Carmichael Carmichael
Tabatinga Tabatinga
CoonRapids Sagalo CoonRapids
Kabarnet Kabarnet
BurgbeiMagdeburg BurgbeiMagdeburg
Chittaranjan Chittaranjan
NiagaraFalls elCampello
Sanaa JabalosSaraj Sanaa
Sarzedo Sarzedo
Jeypore Jeypore
