LesLilas AinBessem Aracuai AinBessem Kairouan Johnston Wenchi Hangu Daokou Twante Embu Sosnovka HaciendaLaCalera KotRadhaKishan Mocoa Shieli Yafo Vaniyambadi NorthAurora Bhatkal Battambang Johnston Sobue Acireale Baramula Acireale FortWorth Skelmersdale Tabou EastLongmeadow Gorgan Shimofurano Gorgan NahiyatashShinafiyah SaintCyrlEcole SantanadoLivramento Mocoa EastLongmeadow Wangon Karlsfeld SouthSaintPaul Kemise Topi Ibirataia SouthSaintPaul Angleton UlanBator BlueIsland MineralnyeVody TagbilaranCity MineralnyeVody MadinatHamad BlueIsland Lloydminster SpanishTown Lloydminster Khulm AscoliPiceno Korsakov SantanadoLivramento Kotka NoblePark Acarau NoblePark SanJuandelaMaguana Andrychow Turek Tangzhai PortoVelho FetestiGara Embu WestIslip Pinner Nagar FetestiGara ChalcodeDiazCovarrub Kambove Braila Morwa Ortaca Itororo Shchekino Espiye GongdanglegiKulon Bury Pezinok Belalcazar SenaMadureira Licata Escada Pozzuoli Haripur Langenhorn AinBessem Prostejov Johnston Butuan Kaifeng Kondrovo SenadorPompeu Kikuchi Sasovo LesLilas
72
AinBessem AinBessem
Aracuai Zhaodong Aracuai
Kairouan Kairouan
Johnston Johnston Rhondda
Wenchi Wenchi
Hangu Hangu
Daokou Daokou
Twante Rivas Twante
Sosnovka Sosnovka
HaciendaLaCalera HaciendaLaCalera
KotRadhaKishan Izhevsk KotRadhaKishan
Shieli Shieli
Yafo Yafo
Vaniyambadi Vaniyambadi
Battambang AinArnat Battambang
Sobue Sobue
Acireale Ontinyent Acireale
Baramula Mabopane Sorada Fuxin Baramula
FortWorth Langenhorn FortWorth
Skelmersdale Skelmersdale
Tabou Tabou
EastLongmeadow EastLongmeadow Gowurdak
Gorgan Manacapuru Gorgan
Shimofurano Arzamas Shimofurano
NahiyatashShinafiyah NahiyatashShinafiyah
SaintCyrlEcole SaintCyrlEcole
SantanadoLivramento Haora CapimGrosso SantanadoLivramento
Mocoa Mocoa
Wangon Wangon
SouthSaintPaul SouthSaintPaul
Kemise Shurugwi Kemise
Ibirataia Ibirataia
Angleton Angleton
UlanBator Vyazniki
BlueIsland BlueIsland
MineralnyeVody MineralnyeVody
TagbilaranCity Hirosaki TagbilaranCity
MadinatHamad MadinatHamad
Lloydminster Lloydminster
SpanishTown Kineshma SpanishTown
Khulm Anjarah Khulm
Korsakov Korsakov
Kotka Kotka
NoblePark NoblePark
Acarau Akcaabat Acarau
SanJuandelaMaguana Gunzenhausen SanJuandelaMaguana
Andrychow GuaMusang Andrychow
Turek Turek
PortoVelho PortoVelho
FetestiGara FetestiGara Garbsen
Embu Embu
WestIslip WestIslip
Nagar Nagar
ChalcodeDiazCovarrub ChalcodeDiazCovarrub
Kambove MonteAlegre Kambove
Braila Braila
Morwa Morwa
Ortaca Ortaca
Itororo Itororo
Shchekino AshtonunderLyne Shchekino
Espiye Espiye
Bury PriegodeCordoba Bury
Pezinok Pezinok
Belalcazar Oerlinghausen Belalcazar
SenaMadureira SenaMadureira
Escada Escada
Pozzuoli VillaPauladeSarmient Pozzuoli
Haripur Haripur
Prostejov Prostejov
Butuan Butuan
Kaifeng Kaifeng
SenadorPompeu SenadorPompeu
