Kaimganj Fagaras Pilibhit Kawit Leixlip Isakogorka Yucheng Tsukawaki Novopokrovskaya Anahuac MilpaAlta MontecatiniTerme Tsirang Korolev Yamaguchi Gobo Tocache GobernadorGalvez Narangba Dankov Marseille Novopokrovskaya Albi Vagonoremont Isakogorka Kaimganj
19
Fagaras Fagaras
Pilibhit Irvine Pilibhit
Leixlip EncarnaciondeDiaz Leixlip
Isakogorka Isakogorka
Yucheng Yucheng
Tsukawaki Karasuyama Tsukawaki
Anahuac Anahuac
MilpaAlta MilpaAlta PinhalNovo
MontecatiniTerme MontecatiniTerme
Tsirang Tsirang Brecht
Korolev Korolev
Gobo Racine Gobo
Tocache Fandriana Tocache
GobernadorGalvez GobernadorGalvez
Narangba Narangba
Dankov Dankov
Novopokrovskaya Novopokrovskaya
Albi Albi
Kaimganj Kaimganj Kaimganj Kaimganj
