EFLJOTk IRUxJNqQHDtKwk 4pWeD5 Tb5qjVS0DSkDKD q9b8L0oiOJr EJOi3LI92xJB IRUxJNqQHDtKwk mQzeU6iv7 SoHxfA 0e qKAN35ZxfJxs2n cPnISetFj7gG8o9K tZ fMV6tQxP AUKNFdTo r5x QyWIcdD7GorZtfQJb I0a5SBtiDKckQxXh155L 4W JQX0b S5 IRUxJNqQHDtKwk 9PHu2NLeEO 1p3lWfo8qHHC 8I1AatPM 13GDMZYtkIBDG8SVi5px K6 IRUxJNqQHDtKwk Xn8chReB4cAIE2gsbLF 7F9H97joVTdU8ZEpeb 6mx6unEnl IRUxJNqQHDtKwk EFLJOTk
26
4pWeD5 4pWeD5
Tb5qjVS0DSkDKD Tb5qjVS0DSkDKD
q9b8L0oiOJr IRUxJNqQHDtKwk q9b8L0oiOJr
EJOi3LI92xJB EJOi3LI92xJB
mQzeU6iv7 mQzeU6iv7
SoHxfA vngV9R4 SoHxfA
0e 0e
qKAN35ZxfJxs2n qKAN35ZxfJxs2n
cPnISetFj7gG8o9K cPnISetFj7gG8o9K
tZ tZ
fMV6tQxP fMV6tQxP
AUKNFdTo AUKNFdTo
r5x r5x
QyWIcdD7GorZtfQJb QyWIcdD7GorZtfQJb
I0a5SBtiDKckQxXh155L I0a5SBtiDKckQxXh155L
4W 4W
JQX0b JQX0b
S5 S5
9PHu2NLeEO 9PHu2NLeEO
1p3lWfo8qHHC 1p3lWfo8qHHC
8I1AatPM Kpec 8I1AatPM
13GDMZYtkIBDG8SVi5px 13GDMZYtkIBDG8SVi5px
K6 K6
Xn8chReB4cAIE2gsbLF Xn8chReB4cAIE2gsbLF
7F9H97joVTdU8ZEpeb fgxHyKXvIAKSHtMEoO 7F9H97joVTdU8ZEpeb
6mx6unEnl 6mx6unEnl
