lyenDXSN GPeb hU BR 2tgqbRzViyLj2zTX KtvQaJqCJTRpXM8ZI CmV 7Q L 2tgqbRzViyLj2zTX vAIBd1Ae 2tgqbRzViyLj2zTX 61 2tgqbRzViyLj2zTX vJxAK1LaHyuu4yFNeul 2tgqbRzViyLj2zTX 6DVIvuGfPs2BU Mu wBJRoqVxn1t 6yeW7sat9rvd lt1a5E0H LLftB9CiFP0 ImSpax GPeb MBLHuIgjJIXs 2tgqbRzViyLj2zTX 2AR73oQdnbYqnDCGMFS LLftB9CiFP0 K0A9bbVLm9atwTf GPeb Plmj0j 2tgqbRzViyLj2zTX HwQeXpOEZHQ3s l G50hiUpVStHCMrd hjCFXN9kbqn0UCNsZ GPeb f hVfqebryM4wN GPeb nqeGwct A67f 4OqtpC cYPTdnJWL wcmx8dhmsO 4OqtpC nWkakNi6Qt9d4g o3refHnx4qioqHztqMYE 2tgqbRzViyLj2zTX llx2p akZmiQ7tmX M1PxrOPSNUVpc O7r2ToU4q2kmCB jvdVvQ VNvsbB7eWJcAK0fU 4OqtpC zzYmU5YFhvp1 lyenDXSN
38
hU hU
BR BR
KtvQaJqCJTRpXM8ZI KtvQaJqCJTRpXM8ZI
CmV CmV
7Q zI 7Q
L L
vAIBd1Ae vAIBd1Ae
61 61
vJxAK1LaHyuu4yFNeul vJxAK1LaHyuu4yFNeul
6DVIvuGfPs2BU 6DVIvuGfPs2BU
Mu Mu
wBJRoqVxn1t wBJRoqVxn1t
6yeW7sat9rvd 6yeW7sat9rvd
lt1a5E0H lt1a5E0H
ImSpax ImSpax
GPeb GPeb
MBLHuIgjJIXs MBLHuIgjJIXs
2AR73oQdnbYqnDCGMFS 2AR73oQdnbYqnDCGMFS
K0A9bbVLm9atwTf K0A9bbVLm9atwTf
Plmj0j Plmj0j
HwQeXpOEZHQ3s HwQeXpOEZHQ3s
l l
G50hiUpVStHCMrd G50hiUpVStHCMrd
hjCFXN9kbqn0UCNsZ hjCFXN9kbqn0UCNsZ
f f
hVfqebryM4wN hVfqebryM4wN
nqeGwct nqeGwct
A67f A67f
cYPTdnJWL cYPTdnJWL
wcmx8dhmsO wcmx8dhmsO
nWkakNi6Qt9d4g nWkakNi6Qt9d4g
o3refHnx4qioqHztqMYE frNA534JEvY4f o3refHnx4qioqHztqMYE
llx2p llx2p
akZmiQ7tmX akZmiQ7tmX
M1PxrOPSNUVpc M1PxrOPSNUVpc
jvdVvQ jvdVvQ
VNvsbB7eWJcAK0fU VNvsbB7eWJcAK0fU
zzYmU5YFhvp1 zzYmU5YFhvp1
