0 6 10 72 14 30 32 1 37 38 59 60 66 67 77 85 102 103 104 105 109 110 114 1 125 169 175 182 10 183 13 190 21 22 0 25 39 41 107 1 43 148 171 172 48 53 57 0 68 76 0 83 84 86 97 26 35 56 78 96 4 113 115 62 64 6 81 163 188 166 173 100 0 116 132 134 191 146 151 159 0 168 174 176 187 196 0
75
0 5 0 24
6 8 6
10 10
72 3 72
14 23 20 14
30 30
32 32
37 37
38 58 55 52 38
59 59
60 60
66 66
67 67
77 77
85 85
102 102
103 103
104 104
105 105
109 109
110 110
114 114
125 160 125
169 169
175 175
182 182
183 183
190 19 190
21 21
22 22
25 93 25
39 40 39
41 41
107 107
1 42
43 65 43
148 148
171 171
172 172
48 51 48
53 53
57 57
68 71 68
76 76
83 83
84 84
86 88 86
97 97
26 26
35 35
56 70 56
78 78
96 96
113 113
115 115
62 62
64 64
81 119 81
163 163
188 162 126 188
166 166
173 173
100 100
116 121 116
132 132
134 134
191 144 191
146 146
151 151
159 159
168 168
174 174
176 185 176
187 195 187
196 196
