0 2 165 6 166 20 173 174 175 176 177 16 178 11 130 131 132 133 134 135 11 136 2 138 2 139 2 140 16 141 16 143 144 145 146 18 153 154 18 158 159 160 5 161 5 163 5 0
32
165 165
166 166
20 172 171 170 169 168 167
173 173
174 174
175 175
176 176
177 177
178 199 198 197 196 195 194 193 192 191 190 189 188 187 186 185 184 183 182 181 180 179 178
130 130
131 131
132 132
133 133
134 134
135 135
136 137 136
138 138
139 139
140 140
141 142 141
143 143
144 144
145 145
146 146
18 152 151 150 149 148 147 157 156 155
153 153
154 154
158 158
159 159
160 160
161 162 161
163 164 163
