2 9 179 49 11 139 17 131 27 35 63 75 109 175 87 7 123 101 33 55 19 7 99 105 10 39 95 33 151 19 14 97 135 113 195 71 197 20 41 24 145 103 61 23 77 1 147 153 149 1 127 22 81 56 125 12 193 177 14 65 121 45 18 53 181 31 9 67 34 91 5 165 18 169 8 187 111 117 12 191 16 163 49 85 21 157 11 167 6 43 133 137 20 129 185 3 47 25 12 155 5 19 115 1 199 14 29 9 2
78
9 9
179 179
49 49
11 11
139 139
17 17
131 131
27 27
35 35
63 141 63
75 57 75
109 59 109
175 175
87 87
123 123
101 101
33 33
55 55
19 19 171
7 7
99 99
105 105
39 39
95 15 95
151 151
97 97
135 69 135
113 113
195 195
71 71
197 197
41 41
145 145
103 103
61 61
23 23
77 77
1 51 1
147 13 147
153 119 153
149 149
127 127
81 37 81
125 125
193 143 193
177 177
65 65
121 121
45 189 45
53 53
181 181
31 93 31
67 67
91 91
165 165
169 169
187 187
111 111
117 117
191 191
163 163
85 85
21 83 21
157 79 157
167 167
43 43
133 133
137 89 137
129 129
185 185
3 3
47 107 47
25 173 159 25
155 155
5 5
115 183 115
199 199
29 73 161 29
