0 1 6 11 13 12 11 16 21 24 25 21 26 30 29 26 32 33 31 35 31 37 36 42 41 46 51 53 52 51 57 58 56 59 60 56 61 66 71 76 81 87 86 92 93 91 94 95 91 96 101 103 102 101 105 104 101 106 112 111 116 121 127 128 126 129 130 126 131 136 141 146 151 156 162 163 161 164 161 167 166 171 176 181 186 192 191 196 197 198 0
48
0 193
13 13
12 12
11 19 17 14 7
24 24
25 25
21 22
30 30
29 29
26 27
32 32
33 33
35 34 35
31 38
36 39
42 42
41 48 47 44
53 53
52 52
58 58
59 59
60 60
56 70 64 65 73 63 62
76 74 84 83 82 80 75 78 72 68 79 87
86 90
93 93
94 94
95 95
91 100 108 98 97
103 103
102 102
105 105
104 104
101 109 99 107
112 112
111 118 113 114
121 122 127
128 128
129 129
130 130
126 140 138 135 137
141 159 143 145 155 139 152 153 142 144 149 162
163 163
164 165 164
166 170 173 169
171 179 180
181 189 187 185 184 183 192
191 195 3
