ZtfcEeD9 lwKMUcFL lWuh5cH8 uEOMgmS6 7VEdC8Bn KZzTlcqA KbQF6Z1I VgwgAKMz FqE4GP0Y Wznv2rRv gX4kBNm4 VDai7XkI HTyyntxa yptfWPBC aDGqWHym 4FNIiWtX Fj27Gybu WOQy49Fo TNblhkGK VDai7XkI m9MRh7a0 nFqouQp3 rbWYBihd YWqBlkAs BkhTgoaJ W7b2i2pG PMzcqvQL IdGLl1to WvzZeqnS O5yBujnu VDai7XkI 43ehQX6O w0QWGw2L n0riP8Jl 0MyIUMFM sAdwIwgI b850DFfF ciNFdHxl 9FVeC0va mSd4Nw6v 7Xy44hse VDai7XkI Pz0LLMil hBRDGWam VDai7XkI uMuBYvMK VDai7XkI svPb07cv y7NjqOqM CBKWpDQv gX4kBNm4 JqKGA9ul AmaYXBsi NpH6Hpsr jKNn1ZQ1 WPOgjVLu bJ22zvWV yRH0nOtz 7P5zi9hu Tb8W969R VDai7XkI CGddIqkC VDai7XkI 1gtWVzKV VDai7XkI aSd01nMZ 3L2NkWiR zpLQ0R0G RleTQaHw SqpsWXRw eF0ueRyu VDai7XkI ntaFp6yn 1FIjcsO2 uYGlfCi2 sFR9mcaG eFJgi8X6 8Rfeklr1 J2tz5Jy2 LvdUl8D5 d5gzYuse VDai7XkI 8LVjFaQv ijk5cHsH 1dr1nBQ7 VDai7XkI qnVestAH PLFYaVF6 FdbcCrtB GZiGmLq9 fa3ra0T7 Tb8W969R VDai7XkI X4DALK1Z Rd2M5nw8 VDai7XkI tCAdUY4B iJuLSUhp WOCLylig ZmF2u9Cy mrK2EXuk ca785uLx EB4WBsTV VDai7XkI X4DALK1Z B65DnegI xzWL2Pp8 IZjIq9He RjDUex61 lqKnzPvP ZS8CQaI7 VDai7XkI 62Mn9lau o4xf7nVd BOlNhFGU gKOyNQPh aWGQETjI mlHu9OVg EAWv9kfQ wZJN4OBT kMauNR5Y gmal2HHS zvH4AKmS 43ehQX6O YWqBlkAs eJJL3lWa CxnbNU8s 4pgwpiHi miUcr0K7 iJuLSUhp 8avKqSxh VDai7XkI JfDq1Cs2 m9MRh7a0 91Uq51QB LvdUl8D5 SG64DwCC NSdaWdL7 dzvtjag1 U7cZo0h2 wusYsf5E VDai7XkI FGbFUcoj poaWnZDO 80BwLCcj kTn5Wdms xRPgtW5C VDai7XkI 3MYamZSb VDai7XkI J2tz5Jy2 ZtfcEeD9
97
ZtfcEeD9 ZtfcEeD9
lWuh5cH8 lWuh5cH8
KZzTlcqA KZzTlcqA
VgwgAKMz VgwgAKMz
FqE4GP0Y FqE4GP0Y
Wznv2rRv Wznv2rRv
HTyyntxa HTyyntxa
yptfWPBC yptfWPBC
aDGqWHym aDGqWHym
Fj27Gybu Fj27Gybu
TNblhkGK TNblhkGK
nFqouQp3 nFqouQp3
rbWYBihd rbWYBihd
BkhTgoaJ CIF8DWXL
W7b2i2pG W7b2i2pG
PMzcqvQL PMzcqvQL
IdGLl1to IdGLl1to
O5yBujnu O5yBujnu
w0QWGw2L w0QWGw2L
0MyIUMFM 0MyIUMFM
ciNFdHxl ciNFdHxl
mSd4Nw6v mSd4Nw6v
7Xy44hse 7Xy44hse
Pz0LLMil Pz0LLMil
hBRDGWam hBRDGWam
uMuBYvMK uMuBYvMK
svPb07cv svPb07cv
y7NjqOqM y7NjqOqM
CBKWpDQv CBKWpDQv
gX4kBNm4 gX4kBNm4
AmaYXBsi AmaYXBsi
NpH6Hpsr NpH6Hpsr
jKNn1ZQ1 jKNn1ZQ1
bJ22zvWV bJ22zvWV
yRH0nOtz yRH0nOtz
7P5zi9hu 7P5zi9hu
Tb8W969R Tb8W969R
CGddIqkC CGddIqkC
1gtWVzKV 1gtWVzKV
aSd01nMZ aSd01nMZ
zpLQ0R0G zpLQ0R0G
RleTQaHw RleTQaHw
eF0ueRyu eF0ueRyu
ntaFp6yn ntaFp6yn
sFR9mcaG sFR9mcaG
eFJgi8X6 eFJgi8X6
8Rfeklr1 8Rfeklr1
J2tz5Jy2 J2tz5Jy2
LvdUl8D5 LvdUl8D5
d5gzYuse d5gzYuse
8LVjFaQv 8LVjFaQv
ijk5cHsH ijk5cHsH
1dr1nBQ7 1dr1nBQ7
qnVestAH qnVestAH
PLFYaVF6 PLFYaVF6
FdbcCrtB FdbcCrtB
fa3ra0T7 fa3ra0T7
X4DALK1Z X4DALK1Z
Rd2M5nw8 OJgw7XgR Rd2M5nw8
tCAdUY4B tCAdUY4B
WOCLylig WOCLylig
mrK2EXuk mrK2EXuk
ca785uLx ca785uLx
EB4WBsTV EB4WBsTV
B65DnegI B65DnegI
xzWL2Pp8 xzWL2Pp8
RjDUex61 RjDUex61
lqKnzPvP lqKnzPvP
ZS8CQaI7 ZS8CQaI7
62Mn9lau 62Mn9lau
o4xf7nVd o4xf7nVd
BOlNhFGU BOlNhFGU
gKOyNQPh gKOyNQPh
aWGQETjI aWGQETjI
mlHu9OVg mlHu9OVg
EAWv9kfQ EAWv9kfQ
wZJN4OBT wZJN4OBT
kMauNR5Y kMauNR5Y
zvH4AKmS zvH4AKmS
43ehQX6O 43ehQX6O
YWqBlkAs YWqBlkAs
CxnbNU8s CxnbNU8s
miUcr0K7 miUcr0K7
8avKqSxh 8avKqSxh
VDai7XkI 04vrMVdi
JfDq1Cs2 JfDq1Cs2
91Uq51QB 91Uq51QB
SG64DwCC SG64DwCC
NSdaWdL7 NSdaWdL7
dzvtjag1 Q7hUKAHQ dzvtjag1
U7cZo0h2 U7cZo0h2
wusYsf5E wusYsf5E
FGbFUcoj FGbFUcoj
poaWnZDO poaWnZDO
kTn5Wdms kTn5Wdms
xRPgtW5C xRPgtW5C
3MYamZSb 2KepLMXB 3MYamZSb
