yqRn7pcv xaYYL0Xr ne5PzSYX zcy1X765 XlaUIvCb mmiVeCrf o5fxSomz rJm7nPd7 mB6fiF0u LQU5lyru rKjRBwvM 7xyYvlir 1JmiRMy2 fsgAjhrq hC2ZPbzA Wvomb2LC 2XMfF8YA lRFv66dO uzY67sfN hcJG54h4 6XOrbPEm i4M5A6hw yqRn7pcv
22
yqRn7pcv yqRn7pcv
xaYYL0Xr RKTqv0lO xaYYL0Xr
ne5PzSYX ne5PzSYX
zcy1X765 zcy1X765
XlaUIvCb XlaUIvCb
mmiVeCrf mmiVeCrf
o5fxSomz o5fxSomz
rJm7nPd7 rJm7nPd7
mB6fiF0u 5Zo9R33z mB6fiF0u
LQU5lyru LQU5lyru
rKjRBwvM rKjRBwvM
7xyYvlir 7xyYvlir
1JmiRMy2 1JmiRMy2
fsgAjhrq fsgAjhrq
hC2ZPbzA hC2ZPbzA
Wvomb2LC Tv0Ngo2a Wvomb2LC
2XMfF8YA 2XMfF8YA
lRFv66dO lRFv66dO
uzY67sfN uzY67sfN
hcJG54h4 hcJG54h4
6XOrbPEm 6XOrbPEm
i4M5A6hw i4M5A6hw
