74 5 1 10 27 60 0 22 9 57 43 45 3 37 18 26 56 14 30 2 62 3 4 21 38 41 64 23 28 12 11 36 39 33 55 58 59 0 63 61 8 42 24 20 6 2 50 65 52 48 49 19 17 29 46 32 53 44 31 7 15 47 74
58
5 5
1 1
10 10
27 27
60 60
0 13 0
22 22
9 9
57 57
43 35 43
45 45
37 37
18 18
26 26
56 56
14 14
30 30
62 62
3 3
4 4
21 21
38 38
41 41
64 64
23 23
28 28
12 12
11 11
36 40 36
39 39
33 33
55 55
58 58
59 59
63 63
61 61
8 8
42 42
24 24
20 20
6 6
2 2
50 50
65 65
52 52
48 54 48
49 49
19 19
17 17
29 51 29
46 46
32 34 25 32
53 53
44 16 44
31 31
7 7
15 15
47 47
