93 18 62 70 146 0 174 143 77 3 75 130 74 129 131 36 95 2 73 161 49 117 7 87 7 66 11 99 14 6 65 2 98 3 24 4 76 136 177 53 64 170 56 34 90 176 147 26 0 122 108 39 8 168 2 137 2 81 141 3 61 79 109 1 119 86 57 2 67 111 84 5 116 82 63 151 9 91 47 154 19 110 2 38 1 155 169 105 101 172 124 4 165 1 80 1 157 2 93
74
18 18
62 62
70 70
146 46 146
174 174
143 143
77 77
75 102 75
130 130
74 74
129 27 129
131 131
36 36
95 95
2 2
73 73
161 161
49 49
117 117
87 87
66 66
99 99
14 14
65 65
98 98
24 24
4 4
76 76
136 136
177 177
53 53
64 140 64
170 170
56 171 56
34 34
90 90
176 121 176
147 147
26 26
122 122
108 108
39 39
168 168
137 137
81 81
141 125 141
61 61
79 79
109 109
1 1
119 119
86 86
57 57
67 67
111 111
84 84
116 116
82 82
63 163 63
151 52 151
91 40 91
47 47
154 19 154
110 72 51 110
38 115 38
155 155
169 20 169
105 105
101 101
172 172
124 124
165 43 165
80 80
157 138 157
