Dannemora Fabius Fonda Freeport Forestville Davis Fishkill Galeville Delevan Dansville Delanson Deer Florida Farnham Freeville Delhi Frewsburg Odessa Norwich Franklinville Dansville Deferiet Fishers Forest Odessa Flanders Frankfort Delmar Germantown Dexter Hewlett Fairview Geneva Fairport Fulton Gardiner Falconer Gardiner Wantagh Downey Ghent Depauville Fredonia Harbor Hewlett Fleischmanns Hamburg Dannemora Fire Earlville Deposit Herricks Flower Hamburg Dannemora
38
Fabius Fabius
Fonda Fonda
Freeport Freeport Fair
Forestville Forestville
Davis Davis
Fishkill Fishkill
Galeville Galeville
Delevan Delevan
Dansville Dansville
Delanson Delanson
Deer Deer
Florida Farmingville Florida
Farnham Farnham
Freeville Freeville
Delhi Franklin Delhi
Frewsburg Dunkirk Frewsburg
Franklinville Franklinville
Deferiet Deferiet Germantown
Fishers Fishers
Forest Forest
Flanders Flanders Frankfort
Frankfort DeRuyter
Delmar Delmar
Dexter Fulton Fairmount Dexter
Fairview Fairview
Geneva Depew Geneva
Fairport Fairport
Gardiner Gardiner Friendship
Falconer Gasport Falconer
Ghent Ghent
Depauville Depauville
Fredonia Fredonia
Harbor Fayetteville
Fleischmanns Fleischmanns
Fire Fire
Earlville Firthcliffe Deposit Earlville
Flower Flower
Dannemora Dannemora Dannemora Dannemora Dannemora
