Acton Carlsbad Bellflower Bolinas Angwin Atascadero Antioch Banning Alamo Banning Fresno August Fresno Bluewater Cartago Bluewater Cerritos Anderson Calexico Blairsden Calexico Anderson Cerritos Bell Alpaugh Benicia Beaumont Calabasas Brentwood Biola Arbuckle Blythe Danville Armona Encinitas Canyondam Bakersfield Bradbury Bakersfield Burney Bakersfield Canyondam Encinitas Carlsbad Alpaugh Bell Cerritos Broadmoor Amesti Cabazon Cobb Clearlake Bishop Arvin Cayucos Cambria Alhambra Belden Arcata Corning Brawley Biggs Brawley Columbia Brawley Almanor Cambria Cherryland Avery Brea Azusa Beckwourth Boronda Buttonwillow Bystrom Anaheim Brisbane Belmont Arcadia Belvedere Arcadia Burbank Arcadia Calwa Anaheim Bystrom Aromas Barstow Capitola Avery Capitola Bradley Arnold Bradley Capitola Azusa Bootjack Cloverdale Ducor Bloomington Ceres Auburn Berkeley Alameda Berkeley Armona Fullerton Duarte Cupertino Columbia Fortuna Bonsall Atascadero Angwin Bayview Albany Escondido Fruitdale Fremont Concow Carlsbad Acton
74
Carlsbad Carlsbad
Bellflower Bellflower
Bolinas Bolinas
Angwin Angwin
Atascadero Atascadero
Antioch Antioch
Banning Banning
Alamo Avalon Alamo
August Boron Castroville August
Bluewater Bluewater
Cartago Bodfish Cartago
Cerritos Cerritos Aptos
Anderson Anderson Caribou
Calexico Calexico Alturas
Blairsden Atherton Blairsden
Bell Bell Artesia
Alpaugh Alpaugh Calipatria
Benicia Benicia
Beaumont Beaumont
Calabasas Calabasas
Brentwood Brentwood
Biola Biola
Arbuckle Arbuckle
Blythe Blythe
Bakersfield Bakersfield
Bradbury Adelanto Bradbury
Burney Carmichael Burney
Canyondam Canyondam
Broadmoor Broadmoor
Amesti Amesti
Cabazon Cabazon
Bishop Bishop Carson
Arvin Arvin
Cayucos Cayucos
Cambria Cambria
Alhambra Ashland Alhambra
Belden Belden
Arcata Arcata
Brawley Brawley Burlingame
Biggs Byron Biggs
Columbia Carpinteria Alpine
Almanor Almanor
Brea Brea
Azusa Azusa
Beckwourth Beckwourth
Boronda Boronda
Buttonwillow Bowles Buttonwillow
Bystrom Bystrom
Anaheim Anaheim Calistoga
Brisbane Brisbane
Belmont Belmont
Arcadia Arcadia
Belvedere Bonita Belvedere
Burbank Camarillo Burbank
Calwa Calwa
Aromas Aromas
Barstow Calimesa Barstow
Capitola Capitola
Avery Avenal Avery
Bradley Bradley Caruthers
Arnold Campbell Arnold
Bootjack Bootjack
Cloverdale Altadena
Bloomington Bloomington
Ceres Ceres
Auburn Auburn
Berkeley Berkeley
Alameda Carrick Alameda
Armona Armona
Cupertino Auberry
Bonsall Bonsall
Bayview Bayview
Albany Albany
Escondido Atwater
