Acadia Biscayne Cuyahoga Channel Indiana Haleakala Indiana Channel Cuyahoga Congaree Caverns Rocky Biscayne Acadia Guadalupe Isle Brycecanyon Glacier Gunnison Bend Gunnison Basin Badlands Crater Olympic Saguaro Gateway Teton Isle Guadalupe Acadia
20
Biscayne Biscayne
Cuyahoga Cuyahoga
Channel Channel
Indiana Indiana
Haleakala Haleakala
Congaree Congaree
Caverns Everglades Caverns
Acadia Tortugas Capitol
Guadalupe Guadalupe
Isle Isle
Brycecanyon Canyonlands Brycecanyon
Glacier Glacier
Gunnison Gunnison
Bend Denali Smoky Bend
Basin Basin
Badlands Badlands
Crater Crater
Olympic Arches
Gateway Gateway
Teton Teton
