0a 0c 0b 0a 0d 0e 0g 0e 0h 0i 0j 0i 0l 1a 1c 1b 1a 1d 1e 1g 1e 1h 1i 1j 1i 1l 2a 2b 2c 2a 2d 2e 2g 2e 2h 2i 2j 2i 2l 3a 3c 3b 3a 3d 3e 3g 3e 3h 3i 3j 3i 3l 4a 4b 4c 4a 4d 4e 4g 4e 4h 4i 4j 4i 4l 5a 5b 5c 5a 5d 5e 5g 5e 5h 5i 5j 5i 5l 6a 6c 6b 6a 6d 6e 6g 6e 6h 6i 6j 6i 6l 7a 7c 7b 7a 7d 7e 7g 7e 7h 7i 7j 7i 7l 8a 8b 8c 8a 8d 8e 8g 8e 8h 8i 8j 8i 8l 9a 9b 9c 9a 9d 9e 9g 9e 9h 9i 9j 9i 9l 10a 10c 10b 10a 10d 10e 10g 10e 10h 10i 10j 10i 10l 11a 11b 11c 11a 11d 11e 11g 11e 11h 11i 11j 11i 11l 12a 12c 12b 12a 12d 12e 12g 12e 12h 12i 12j 12i 12l 13a 13b 13c 13a 13d 13e 13g 13e 13h 13i 13j 13i 13l 14a 14b 14c 14a 14d 14e 14g 14e 14h 14i 14j 14i 14l 15a 15b 15c 15a 15d 15e 15g 15e 15h 15i 15j 15i 15l 0a
64
0c 0c
0b 0b
0g 0f 0g
0j 0k 0j
1c 1c
1b 1b
1g 1f 1g
1j 1k 1j
2b 2b
2c 2c
2g 2f 2g
2j 2k 2j
3c 3c
3b 3b
3g 3f 3g
3j 3k 3j
4b 4b
4c 4c
4g 4f 4g
4j 4k 4j
5b 5b
5c 5c
5g 5f 5g
5j 5k 5j
6c 6c
6b 6b
6g 6f 6g
6j 6k 6j
7c 7c
7b 7b
7g 7f 7g
7j 7k 7j
8b 8b
8c 8c
8g 8f 8g
8j 8k 8j
9b 9b
9c 9c
9g 9f 9g
9j 9k 9j
10c 10c
10b 10b
10g 10f 10g
10j 10k 10j
11b 11b
11c 11c
11g 11f 11g
11j 11k 11j
12c 12c
12b 12b
12g 12f 12g
12j 12k 12j
13b 13b
13c 13c
13g 13f 13g
13j 13k 13j
14b 14b
14c 14c
14g 14f 14g
14j 14k 14j
15b 15b
15c 15c
15g 15f 15g
15j 15k 15j
