6 13 12 13 20 19 20 27 25 27 34 33 34 41 48 47 48 55 53 55 62 69 76 83 90 97 96 97 104 103 104 111 118 116 118 125 124 125 132 131 132 139 146 153 160 167 160 153 146 145 146 153 152 153 160 167 165 167 174 172 174 181 188 195 193 195 6
41
6 2 1 6
13 11
12 10 12
20 18
19 17 19
27 27
25 22 25
34 32
33 31 30
41 38 39 41
48 43
47 44 47
55 51
53 50 53
62 61 60 62
69 65 64 69
76 75 74 76
83 80 77 83
90 87 88 90
97 91
96 94 96
103 101 100 103
111 110 106 105
116 112 116
118 115
125 120 126
124 122 124
131 129 128
167 166 179
160 160 155 154
146 140 136 134 133
145 142 145
153 148
152 150 149
165 161 165
174 174
172 169 172
181 177 181
188 182 184 186
195 194
193 190 189
