0 11 12 13 3 22 33 24 15 43 52 51 62 63 64 55 45 54 56 46 36 26 27 17 8 28 57 47 58 66 76 75 85 84 94 95 105 104 114 123 112 111 132 143 124 135 126 137 138 139 149 159 148 158 168 178 147 157 156 155 175 185 184 174 173 172 162 161 151 150 0 171 180 193 186 167 115 77 87 89 107 1 73 82 92 91 90 80 20 30 31 0
88
11 11
12 12
13 13
3 4 3
22 22
33 33
24 24
15 6 15
43 43
52 52
51 51
62 62
63 63
64 64
55 55
45 35 45
54 54
56 56
46 46
36 36
26 26
27 27
17 17
8 8
28 19 28
57 57
47 47
58 58
66 66
76 76
75 75
85 85
84 84
94 94
95 95
105 105
104 104
114 114
123 123
112 112
111 111
132 132
143 143
124 124
135 135
126 126
137 137
138 138
139 119 139
149 149
159 159
148 148
158 158
168 168
178 188 178
147 147
157 157
156 156
155 155
175 175
185 185
184 184
174 174
173 173
172 172
162 162
161 161
151 151
150 150
171 171
180 180
193 192 193
186 196 186
167 167
115 115
77 77
87 87
89 89
107 107
73 73
82 82
92 92
91 91
90 90
80 80
20 20
30 30
31 40 31
