Loc2 Loc27 Loc36 Loc13 Loc31 Loc73 Loc93 Loc77 Loc49 Loc8 Loc21 Loc7 Loc0 Loc7 Loc21 Loc64 Loc55 Loc69 Loc26 Loc33 Loc28 Loc96 Loc54 Loc70 Loc16 Loc61 Loc80 Loc97 Loc45 Loc12 Loc53 Loc44 Loc6 Loc99 Loc66 Loc87 Loc24 Loc1 Loc57 Loc58 Loc83 Loc34 Loc78 Loc91 Loc59 Loc86 Loc83 Loc60 Loc33 Loc46 Loc96 Loc67 Loc76 Loc82 Loc2
39
Loc27 Loc27
Loc13 Loc13
Loc31 Loc43 Loc52 Loc56
Loc73 Loc73
Loc77 Loc77
Loc8 Loc8
Loc7 Loc7
Loc0 Loc48 Loc0
Loc64 Loc64
Loc55 Loc71 Loc22
Loc26 Loc26
Loc28 Loc28
Loc96 Loc40
Loc54 Loc54
Loc70 Loc74 Loc41
Loc16 Loc16
Loc80 Loc80
Loc97 Loc14 Loc90
Loc45 Loc10 Loc45
Loc12 Loc32 Loc4 Loc3
Loc53 Loc53
Loc44 Loc9 Loc11
Loc6 Loc6
Loc99 Loc19
Loc66 Loc66
Loc24 Loc24
Loc1 Loc1
Loc57 Loc92
Loc58 Loc58
Loc83 Loc15 Loc35
Loc34 Loc34
Loc78 Loc17
Loc91 Loc91
Loc59 Loc75
Loc86 Loc86
Loc60 Loc60
Loc46 Loc46
Loc67 Loc67
Loc82 Loc82
