Loc1 Loc16 Loc30 Loc172 Loc1 Loc100 Loc1 Loc192 Loc1 Loc38 Loc1 Loc7 Loc1 Loc14 Loc1 Loc76 Loc1 Loc46 Loc1 Loc15 Loc1 Loc5 Loc54 Loc1 Loc17 Loc1 Loc9 Loc1 Loc57 Loc1 Loc144 Loc1 Loc37 Loc1 Loc189 Loc1 Loc99 Loc1 Loc101 Loc60 Loc1 Loc33 Loc1 Loc6 Loc1 Loc25 Loc1 Loc97 Loc1 Loc175 Loc1 Loc118 Loc1 Loc8 Loc1 Loc153 Loc1 Loc183 Loc53 Loc1 Loc3 Loc1 Loc167 Loc1 Loc62 Loc1 Loc170 Loc1 Loc147 Loc1 Loc27 Loc91 Loc128 Loc111 Loc1 Loc75 Loc1 Loc85 Loc1 Loc50 Loc1 Loc149 Loc1 Loc94 Loc1 Loc160 Loc1 Loc65 Loc1 Loc19 Loc1 Loc110 Loc1 Loc188 Loc1 Loc106 Loc1 Loc23 Loc124 Loc1 Loc51 Loc1 Loc61 Loc1 Loc109 Loc1 Loc0 Loc1 Loc32 Loc1 Loc190 Loc1 Loc176 Loc1 Loc31 Loc1 Loc83 Loc1 Loc163 Loc1 Loc168 Loc1 Loc195 Loc1 Loc180 Loc1 Loc96 Loc1 Loc122 Loc1 Loc197 Loc1 Loc20 Loc1 Loc132 Loc1 Loc140 Loc1 Loc133 Loc1 Loc11 Loc1 Loc141 Loc1 Loc18 Loc0 Loc103 Loc1 Loc39 Loc1 Loc52 Loc1 Loc77 Loc1 Loc74 Loc113 Loc151 Loc59 Loc151 Loc113 Loc137 Loc1 Loc143 Loc1 Loc67 Loc1
88
Loc16 Loc71 Loc13 Loc16
Loc30 Loc30
Loc172 Loc172
Loc1 Loc154 Loc107
Loc100 Loc100
Loc192 Loc192
Loc38 Loc38
Loc7 Loc7
Loc14 Loc182 Loc14
Loc76 Loc76
Loc46 Loc46
Loc15 Loc15
Loc5 Loc5
Loc54 Loc54
Loc17 Loc17
Loc9 Loc9
Loc57 Loc57
Loc144 Loc144
Loc37 Loc37
Loc189 Loc189
Loc99 Loc99
Loc101 Loc101
Loc60 Loc159 Loc60
Loc33 Loc33
Loc6 Loc6
Loc25 Loc25
Loc97 Loc145 Loc97
Loc175 Loc175
Loc118 Loc118
Loc8 Loc8
Loc153 Loc153
Loc183 Loc183
Loc53 Loc53
Loc3 Loc3
Loc167 Loc167
Loc62 Loc62
Loc170 Loc170
Loc147 Loc147
Loc27 Loc27
Loc91 Loc91
Loc128 Loc128
Loc111 Loc111
Loc75 Loc75
Loc85 Loc85
Loc50 Loc50
Loc149 Loc149
Loc94 Loc94
Loc160 Loc160
Loc65 Loc65
Loc19 Loc19
Loc110 Loc177 Loc110
Loc188 Loc188
Loc106 Loc106
Loc23 Loc95 Loc23
Loc124 Loc124
Loc51 Loc51
Loc61 Loc61
Loc109 Loc109
Loc0 Loc0
Loc32 Loc32
Loc190 Loc190
Loc176 Loc176
Loc31 Loc31
Loc83 Loc83
Loc163 Loc163
Loc168 Loc168
Loc195 Loc195
Loc180 Loc180
Loc96 Loc96
Loc122 Loc122
Loc197 Loc129 Loc44 Loc197
Loc20 Loc20
Loc132 Loc132
Loc140 Loc140
Loc133 Loc171 Loc133
Loc11 Loc11
Loc141 Loc141
Loc18 Loc18
Loc103 Loc103
Loc39 Loc39
Loc52 Loc52
Loc77 Loc77
Loc74 Loc74
Loc151 Loc151
Loc59 Loc123 Loc59
Loc137 Loc137
Loc143 Loc143
Loc67 Loc67
