pace king guarantee buffet exclusive class exclusive dip joint demand page certain sunrise title shy nationalist honor feature interactive throne imposter pain demand cigarette tablet swear other excuse thumb enhance dough enhance legislation sign romantic straighten quality straighten romantic sign tolerate forge winner solve prison dialogue tool glasses judicial banana figure understand paper mystery gate circulation output discriminate lake rob bitter respect financial voice pace
41
king king
guarantee seize guarantee
buffet buffet
exclusive exclusive
class injury class
dip dip
demand demand
page page
sunrise sunrise
title title
shy shy
nationalist nationalist
honor honor
throne throne
imposter imposter
cigarette cigarette
tablet tablet
swear swear
other other
thumb thumb
enhance pain enhance likely
dough linger dough
legislation legislation
sign sign
quality headline quality
tolerate tolerate
forge vegetarian
winner winner
prison prison
tool tool
glasses autonomy glasses
figure figure
paper paper
mystery enter mystery brake
circulation circulation
output output
lake lake
rob rob
bitter bitter
financial financial
voice voice
