pace other likely other quadruple ask enemy illusion tool swear coast profound view dive coincide identity straighten pig pier interactive election buffet exempt dramatic opposed dip opposed feature development confrontation development native mature prospect title pipe buffet election lifestyle election interactive error widen error home flag injury tolerate decisive greeting begin lake write feature demand rob curriculum bleed environment bleed smile bleed curriculum bleed pier identity deter linger physics linger vegetarian linger deter note tablet imposter extort legislation injection financial injection gallon profound virgin profound coast swear rent swear tool liver ignore liver tool railcar attraction guarantee joystick swop joystick bowel brake profound gallon coffin bitter rage dialogue candle triple country throne respect throne boom throne country single joint mixture pace
66
pace pace
other other
likely viable comfortable likely
quadruple quadruple
ask ask
enemy spoil control stress enemy
illusion illusion
tool tool
swear swear
coast coast
profound profound
dive dive
coincide coincide
identity identity
straighten straighten
pig pig
interactive interactive
election election
buffet buffet
exempt exempt
dip exclusive dip
development skeleton development
confrontation forge confrontation
native native
mature page mature
pipe pipe
lifestyle cotton lifestyle
error error
widen driver widen
home home
flag flag
injury injury
decisive decisive
greeting greeting
begin begin
feature feature
rob rob
environment interface environment
smile drawer headline smile
curriculum offset curriculum
deter deter teacher thumb
physics dough physics
vegetarian exile market
note note
tablet tablet
imposter imposter
injection injection pardon
financial mercy financial
virgin assignment virgin
rent atmosphere rent
liver liver
ignore shiver audience due ignore
railcar railcar
attraction excuse attraction
guarantee guarantee
swop electronics acceptance swop
bowel scheme bowel
coffin coffin
rage rage
candle candle
triple triple
country country knot
throne throne structure
respect chair respect
boom autonomy boom
joint output
