pace nationalist brake opposed king likely page likely market mixture injury output exclusive throne view prison approval deposit enter thumb headline audience due excuse nationalist pace
20
nationalist feature nationalist
brake brake
opposed opposed
king king
likely circulation likely
page guarantee page
market market
mixture mixture
injury injury skeleton
output output
throne throne
prison honor
approval gate approval
deposit deposit
enter enter
thumb exempt
headline headline
audience audience
due voice
excuse excuse
