0 182 27 34 133 134 38 132 40 131 44 135 138 1 139 141 5 24 144 20 146 145 14 147 149 11 150 152 151 60 153 57 54 154 155 52 156 47 157 159 160 120 162 163 67 164 72 165 76 166 167 80 92 86 168 89 169 94 102 94 169 89 168 86 92 80 167 166 76 165 164 67 164 165 76 166 167 80 92 86 168 89 169 94 102 171 170 172 175 106 176 111 114 118 177 178 179 181 182 0
30
27 33 32 31 30 29 28
34 37 36 35
38 39
40 43 42 41
44 46 45
1 13 4 3 2
5 10 9 8 7 6
24 26 25
20 23 22 21
14 19 18 17 16 15
11 12
60 66 65 64 63 62 61
57 59 58
54 55 56
52 53
47 49 48 51 50
120 121 122 130 129 128 127 126 125 124 123
67 69 70 68 71
72 75 74 73
76 79 78 77
80 85 84 83 82 81
86 88 87
89 91 90
94 101 100 99 98 97 96 95
102 105 104 103
92 93
106 108 107 109 110
111 112 113
114 117 116 115
118 119
