C0 C107 C190 C119 C114 C122 C134 C139 C168 C185 C154 C182 C198 C121 C95 C132 C137 C141 C1 C145 C146 C149 C152 C153 C105 C103 C104 C68 C123 C167 C101 C179 C171 C3 C192 C1 C196 C120 C124 C127 C160 C166 C194 C1 C161 C165 C169 C193 C1 C0
44
C0 C0
C107 C107
C190 C190
C119 C52 C119
C114 C49 C35 C114
C122 C129 C122
C134 C134
C139 C70 C24 C7 C2 C139
C168 C93 C168
C185 C100 C48 C185
C154 C144 C30 C154
C182 C182
C198 C110 C86 C74 C71 C54 C19 C10 C198
C121 C121
C95 C95
C132 C132
C137 C55 C32 C137
C141 C56 C4 C141
C145 C66 C145
C146 C84 C146
C149 C149
C152 C152
C153 C11 C153
C105 C45 C105
C103 C103
C104 C47 C3 C104
C68 C18 C68
C123 C123
C167 C97 C27 C26 C167
C101 C101
C179 C179
C171 C31 C58 C28 C171
C192 C51 C5 C1 C192
C196 C43 C196
C120 C120
C124 C124
C127 C63 C16 C78 C77 C172 C127
C160 C88 C25 C59 C160
C166 C87 C8 C181 C166
C194 C194
C161 C164 C161
C165 C57 C165
C169 C50 C169
C193 C20 C193
