9iIwk qkJ6b 1xmtC Mj2eQ ZzWHp MA43U jYfXn Ew56P LZomt QVYVG 1uRw3 Ri2t4 knY3U jAwQw aHGHb RhUVQ QVYVG WJNpN YH6mk 5ioW1 Be0ab XZKtP 5ioW1 YH6mk Y7IDR WJNpN 5BDPJ jT5CK 6EWVx 1eRkH h2rea 0mah3 rrNj1 Esl6u fS0W8 k64Ok BnAjj ZgtaX veOJ7 ZgtaX k64Ok fS0W8 Esl6u rrNj1 5R5Xa 9iIwk
28
9iIwk oqPYQ jT5CK 0GdkR 5VT1H jASvw 9iIwk
qkJ6b qkJ6b
1xmtC XYzcU 1xmtC
ZzWHp Mj2eQ jYfXn iEXNY ZzWHp
Ew56P SgDk6
LZomt LZomt
QVYVG 7G74f
1uRw3 1pxZM 1uRw3
Ri2t4 y89SK Ri2t4
knY3U vE0Pj
jAwQw jAwQw
aHGHb kmzhT WGJpQ aHGHb
RhUVQ RhUVQ
WJNpN AgYPL tnjfN
YH6mk YH6mk
5ioW1 5ioW1
Be0ab Be0ab
XZKtP bXinH dw7aX XZKtP
Y7IDR 4a0W8 Y7IDR
5BDPJ 5BDPJ
1eRkH 1eRkH
h2rea h2rea
fS0W8 p9vQm fS0W8
BnAjj BnAjj
ZgtaX pXCjI JgjFI Vake4 ZgtaX
veOJ7 iCgvV veOJ7
Esl6u ChXAd
5R5Xa 5R5Xa
