HAZtD 6gp0A kPB79 6gp0A HAZtD 4Eg1F wnnBN Cg1yP J0OP0 F7CZj RN9nS ED9em CXkxa 3NU9e aWuHk XbFfE O8CwF XbFfE mJExt p3gJd 15wtn 69WZh zrVPv 69WZh jesVt 4AhmX 93R2m 4AhmX jesVt 69WZh Q5zY0 kvy7i Ia6ul kvy7i Q5zY0 69WZh 15wtn p3gJd rH3nx 1gvq4 lJnz7 1gvq4 rH3nx cpzS8 AwFdf 2zHfe fExZu v7hOX fExZu wVSYr WVEjT Agb0E WVEjT wVSYr 2zHfe AwFdf kNG2j kjZGl UQeyk EgumV fWz4T iHR3J v0WXM R6NzB 0FMEI tgL8p DmTRc gNinx GrnJ7 rmW0U CHx6u bMhFI SfSL1 RkCLD xKTIz E6pda e7SjH E6pda RkCLD SfSL1 36fTo HOuAL rmW0U GrnJ7 iIQll Vg6Sz 4jcrD DmTRc tgL8p 0FMEI 5EAEu sU69u 9cp56 p3gJd DaieK p3gJd cC0Rg gpbSj u60s4 9cp56 0F8yg 4PSW9 zcuSA jyRQW Xqwfz 7kY28 URrao 7kY28 IOpdQ BaYb3 1VA1I BaYb3 SxklZ rVnMc OWqP4 6owsT iimZq GUEko 0moVI HAKlt 6sv9O Q8lcd 6sv9O HAKlt 0moVI SxklZ BaYb3 IOpdQ 7kY28 Xqwfz NqBQW UqGfS X2hjX vfAR8 EyMEe z82fM F7CZj HAZtD
72
kPB79 4PXv9 4Tt2a
wnnBN wnnBN
Cg1yP Cg1yP
J0OP0 J0OP0
RN9nS RN9nS
ED9em 5h4rt ED9em
CXkxa Lusir
aWuHk aWuHk
O8CwF TlJnt O8CwF
mJExt iqOI4
p3gJd p3gJd
15wtn ox9Gx
69WZh 69WZh mdIe6
zrVPv wedr3 zrVPv
jesVt jesVt
93R2m cu5FB aegld
4AhmX 4AhmX
Ia6ul eVDVP Ia6ul
rH3nx rH3nx
1gvq4 1gvq4
lJnz7 GxQg8 lJnz7
cpzS8 acHTt cpzS8
AwFdf AwFdf
fExZu fExZu
v7hOX SEkfX v7hOX
WVEjT WVEjT
Agb0E VG4na Agb0E
kNG2j kNG2j
EgumV EgumV
fWz4T TzGS5 fWz4T
iHR3J iHR3J
R6NzB R6NzB
0FMEI 2GCiD
gNinx gNinx
GrnJ7 iaaYU UbqWX v9joy
CHx6u CHx6u
bMhFI lF8gH bMhFI
xKTIz xKTIz
E6pda E6pda
e7SjH BIY9X 2LhKB DuU0x
HOuAL HOuAL
rmW0U 9tf0w
iIQll p4kTx iIQll
Vg6Sz Vg6Sz
4jcrD 4jcrD
DmTRc DmTRc
5EAEu 5EAEu
DaieK uPUO1 DaieK
cC0Rg cC0Rg
gpbSj gpbSj
u60s4 Zxvdf u60s4
0F8yg 0F8yg
zcuSA zcuSA
Xqwfz pLg86
URrao fiXIW URrao
IOpdQ IOpdQ
BaYb3 BaYb3
1VA1I Zok18 1VA1I
SxklZ SxklZ VESmp
OWqP4 OWqP4
6owsT 6owsT
iimZq 8Qx0C iimZq
0moVI 0moVI
HAKlt Pk19A HAKlt
Q8lcd H1xt8 Q8lcd
7kY28 7kY28
NqBQW NqBQW
UqGfS Ssao4 UqGfS
X2hjX X2hjX
vfAR8 bW6Ms vfAR8
z82fM z82fM
F7CZj iKwe0
