1 86 49 118 91 1 98 13 152 43 132 153 103 60 150 82 32 129 113 130 60 163 4 174 176 131 190 11 18 89 158 36 140 84 57 116 157 182 93 127 23 108 81 128 99 56 137 194 8 119 76 136 115 138 54 159 156 62 175 101 66 110 26 88 58 90 56 121 105 193 83 26 42 161 92 99 185 155 142 1
57
1 52 199
86 86
49 49
91 91
98 98
13 147 13
152 152
43 43
132 132
153 153
60 60
82 82
129 129
130 130
163 163
174 174
176 176
190 190
18 18
89 89
36 7 36
140 3 140
84 23 84
57 57
116 95 64 12 116
157 162 51 157
182 182
93 93
127 127
108 108
128 128
99 99
137 137
194 194
8 96
119 119
136 105 58 53 14 136
115 115
138 138
159 159
156 156
175 175
101 101
66 78 66
110 110
88 88
90 46 31 90
56 56
121 121
193 15 193
83 83
26 26
42 42
161 71 161
92 186 103 92
185 185
142 142
