location46 location41 location36 location34 location20 location14 location38 location43 location44 location45 location46 location47 location48 location49 location50 location28 location24 location17 location11 location5 location4 location5 location6 location7 location13 location12 location11 location10 location16 location23 location24 location25 location26 location30 location29 location28 location50 location42 location37 location42 location50 location51 location50 location58 location66 location67 location68 location69 location70 location73 location72 location74 location75 location76 location77 location78 location79 location80 location81 location82 location83 location84 location85 location87 location86 location88 location86 location65 location64 location63 location62 location61 location46
36
location41 location41
location14 location14
location38 location38
location44 location39
location45 location40
location48 location48
location49 location49
location24 location24
location17 location17
location11 location11
location5 location5
location4 location3 location4
location6 location6
location7 location7
location13 location13
location10 location10
location23 location22
location25 location18 location25
location26 location26
location30 location33 location30
location29 location29
location37 location15 location37
location51 location55 location57
location70 location70
location73 location73
location72 location72
location74 location74
location77 location77
location78 location78
location79 location79
location80 location80
location87 location87
location88 location90 location89 location88
location64 location64
location63 location63
location62 location62
