location1 location2 location5 location6 location7 location34 location35 location32 location31 location124 location127 location126 location129 location128 location125 location124 location31 location30 location33 location36 location39 location42 location45 location47 location44 location43 location73 location70 location67 location66 location65 location68 location71 location144 location145 location142 location141 location140 location143 location144 location71 location72 location75 location74 location73 location118 location115 location116 location55 location52 location49 location151 location148 location149 location150 location153 location152 location155 location154 location157 location158 location161 location160 location163 location162 location165 location164 location167 location166 location163 location160 location54 location51 location19 location16 location17 location18 location21 location20 location19 location22 location25 location24 location27 location28 location50 location11 location14 location81 location82 location85 location84 location87 location90 location93 location92 location95 location94 location97 location96 location99 location100 location103 location102 location105 location104 location107 location106 location109 location108 location10 location11 location14 location81 location84 location87 location171 location170 location173 location172 location171 location87 location86 location89 location88 location85 location82 location51 location50 location53 location54 location57 location56 location59 location58 location55 location116 location119 location118 location73 location76 location79 location4 location1
77
location1 location1 location179 location101
location2 location3
location5 location5
location6 location9
location7 location7
location35 location35
location32 location29
location31 location31
location124 location123
location127 location127
location129 location129
location128 location131
location33 location33
location39 location39
location45 location45
location47 location47
location44 location41
location43 location43 location73
location67 location125 location67
location66 location63 location69
location65 location65
location71 location71 location169
location145 location145
location142 location139
location141 location135 location141
location143 location143
location75 location75
location74 location77 location37
location115 location115
location55 location55 location83
location49 location133 location49
location151 location151
location148 location147
location149 location149
location153 location153
location155 location155
location157 location157
location161 location161
location163 location163
location165 location165
location167 location167
location166 location15
location160 location159
location51 location51 location177
location19 location19
location16 location13
location17 location17
location21 location21
location20 location137 location23
location25 location25
location27 location27
location11 location11
location81 location81
location85 location85
location87 location87
location93 location93
location95 location95
location97 location97
location99 location99
location103 location103
location105 location105
location107 location107
location109 location109
location108 location111
location171 location171
location173 location173
location172 location175
location89 location89
location88 location91
location53 location53
location57 location57
location59 location59
location58 location61
location116 location117 location113
location119 location119
location118 location121
location79 location79
