Abbey Jordin Mira Mckinley Rebecca Haven Eden Harley Kimberly Rayna Abbey Kristina Lana Yoselin Dana Kiera Helen Jamiya Karma Vivian Lillie Lilia Presley Tara Lisa Abbey Matilda Maeve Alexia Beatrice Riley Carlee Liberty Nora Abril Marisol Ayanna Alexia Tanya Shannon Ruth Abbey
37
Abbey Isabella
Jordin Jordin
Mira Kayley Mira
Mckinley Mckinley
Rebecca Rebecca
Haven Haven
Eden Eden
Harley Harley
Kimberly Kimberly
Rayna Rayna
Kristina Kristina
Lana Lana
Yoselin Yoselin
Dana Dana
Kiera Kiera
Helen Helen
Jamiya Jamiya
Karma Karma
Vivian Vivian
Lillie Lillie
Lilia Lilia
Presley Presley
Tara Tara
Lisa Lisa
Matilda Matilda
Maeve Maeve
Alexia Alexia Sophia
Beatrice Beatrice
Riley Avni Riley
Carlee Carlee
Liberty Liberty
Nora Nora
Marisol Marisol
Ayanna Ayanna
Tanya Tanya
Shannon Shannon
Ruth Ruth
