Abbey Arielle Lilyana Matilda Elianna Emma Carly Bryanna Kira Kristina Aubree Lucille Lacey Aniya Chasity Ariel Jasmin Keyla Kimberly Abbey Noelle Dana Kenzie Mireya Aryana Sophie Adyson Christine Laylah Denisse Adyson Gillian Baylee Alexia Alia Riley Taniyah Zion Imani Abril Jaden Janiya Alena Mckinley Rylee Sophia Zara Jillian Kayden Mckayla Neveah Ainsley Melina Parker Lilia Mya Mira Camilla Alexus Jazmyn Myah Dayami Ingrid Ciara Kaley Lindsay Abbey
61
Abbey Abbey
Arielle Carlie Carleigh Brooklyn Arielle
Lilyana Lilyana
Matilda Matilda
Elianna Elianna
Emma Alivia Emma
Carly Carly
Bryanna Iyana Bryanna
Kira Kristin Kira
Kristina Kristina
Aubree Kiana Aubree
Lucille Lucille
Lacey Lacey
Aniya Ashley Aniya
Chasity Chasity
Ariel Ariel
Jasmin Jasmin
Keyla Keyla
Kimberly Kimberly
Noelle Noelle
Dana Jimena Dana
Kenzie Kenzie
Mireya Mireya
Aryana Nia Aryana
Sophie Sophie
Christine Christine
Laylah Laylah
Denisse Denisse
Adyson Emilie
Gillian Gillian
Baylee Baylee
Alexia Madilynn Kiley Kaydence Jamiya Alexia
Alia Alia
Riley Natalee Juliette Avni Riley
Taniyah Taniyah
Zion Claire Zion
Imani Imani
Jaden Jaden
Janiya Janiya
Mckinley Mckinley
Rylee Rylee
Sophia Sophia
Zara Zara
Jillian Jade Jillian
Kayden Kayden
Mckayla Haven Mckayla
Neveah Neveah
Melina Melina
Parker Leila Lainey Zaria Parker
Lilia Tara Lilia
Mya Mya
Mira Sharon Mira
Camilla Camilla
Alexus Alexus
Jazmyn Maggie Jazmyn
Myah Myah
Dayami Dayami
Ingrid Ingrid
Ciara Ciara
Kaley Shyanne Kaley
Lindsay Diana Carlee Lindsay
