Taozhuang Uran Gudermes Strathfield Waverly Memmingen Esperanza Uran Bourbonnais Boo Tupelo Rosedale Esmeraldas Uran Donggongon Uran Ulu Rutherglen Gauting Uran Hechingen Artur Villa Aytos Somma Azrou Ramla Uran Bang Alatyr Uran Camayenne Uran New Uran Longgang Uran Middle Besuki Uran Taozhuang
30
Taozhuang Taozhuang
Uran Uran Freetown Ilesa Severodvinsk Jinotepe Caravaca Wesseling Fort Jingzhou Pottstown Sarandi Durazno Calauan Sicklerville
Gudermes Gudermes
Strathfield Strathfield
Waverly Waverly
Memmingen Memmingen
Esperanza Esperanza
Bourbonnais Bourbonnais
Boo Boo
Tupelo Tupelo
Rosedale Jackson Rosedale
Esmeraldas Esmeraldas
Donggongon Donggongon
Ulu Ulu
Rutherglen Oulmes Kallio Rutherglen
Gauting Gauting
Hechingen Hechingen
Artur Artur
Villa Nonsan Cibinong Rafiganj Villa
Aytos Aytos
Somma Somma
Azrou Azrou
Ramla Ramla
Bang Bang
Alatyr Alatyr
Camayenne Camayenne
New New
Longgang Udumalaippettai Longgang
Middle Middle
Besuki Besuki
