Ilesa Foshan American Puducherry Tupelo Calauan Yingkou Ventimiglia DehiwalaMount Hermsdorf Rutland Stuttgart Sheoganj Valletta Calauan Magomeni Jashpurnagar Perth Ada Great Resplendor Perth Toledo Davis Jiangyan Perth Oberhausen Palm Valday Bogovinje MitryMory Copperas Bobigny Sillanwali Sishui Barracas Malden Bon Bensheim Oulmes Mexborough Meizhou Marburg Talipparamba Minas Gariadhar Bavly Polohy WaltonontheNaze Memmingen Alexandria Milagro Rhosllanerchrugog Uran Alfenas Aleshtar Milledgeville Stupino Jagna Aklera Bensheim Ilesa
55
Ilesa Ilesa
Foshan Foshan
American American
Puducherry Puducherry
Tupelo Tupelo
Calauan LonsleSaunier Calauan Skalica Tharu Sirsi Shagamu Paredes
Yingkou Yingkou
Ventimiglia Ventimiglia
DehiwalaMount DehiwalaMount
Hermsdorf Palafrugell UlanUde Sceaux Claremont Lodwar GernikaLumo Hermsdorf Onex
Rutland Rutland
Stuttgart Stuttgart
Valletta Itacoatiara Valletta
Magomeni Magomeni
Jashpurnagar Jashpurnagar
Perth Clermont Perth Shaowu Mouscron Chacabuco New Brzeg Tak Niort Villaquilambre
Ada Ada
Great Tyoply Great
Resplendor Resplendor
Toledo Toledo
Davis Davis
Jiangyan Jiangyan
Oberhausen Oberhausen
Palm Palm
Valday Tupiza Valday
Bogovinje Bogovinje
MitryMory Puerto Ponta Aurora Guli Dahlem Tiruppuvanam MitryMory
Copperas Copperas
Bobigny Bobigny
Sillanwali Sillanwali
Sishui Sishui
Barracas Barracas
Malden Viewpark Malden
Bon Bon
Oulmes Oulmes
Mexborough Mexborough
Meizhou Meizhou
Marburg Marburg Lille
Talipparamba Talipparamba
Gariadhar Gariadhar
Bavly Bavly
Polohy Polohy
WaltonontheNaze WaltonontheNaze
Memmingen Memmingen
Alexandria PortVila Alexandria
Milagro Milagro
Rhosllanerchrugog Rhosllanerchrugog
Uran Landshut Azrou Uran
Alfenas Alfenas
Aleshtar Aleshtar
Milledgeville Sorsogon Milledgeville
Stupino Stupino
Jagna Jagna
Aklera Aklera
Bensheim PointeClaire Bang Kyzylorda An Zaozhuang Ramla Campobasso Brunswick Bensheim
