Lesnoy Visitacion Rutherglen Winsford Sungurlu Malaut Blackpool Hudiksvall Hueytown Brentwood Zgorzelec Yangambi Gisborne Ishim Stade Portogruaro Artur Beveren GatesNorth Lesnoy
19
Lesnoy Lesnoy
Visitacion Visitacion
Rutherglen Rutherglen
Winsford Winsford
Sungurlu Sungurlu
Malaut Malaut
Blackpool Blackpool
Hudiksvall Hudiksvall
Hueytown Sun Glogovac Hueytown
Brentwood Brentwood
Zgorzelec Zgorzelec
Yangambi Yangambi
Gisborne Franceville Dharmapuri Pingyi Gisborne
Ishim Ishim
Stade Stade
Portogruaro Portogruaro
Artur Artur
Beveren Meerut Kundla
GatesNorth GatesNorth
