108 16 121 143 37 53 82 56 0 177 11 71 73 134 136 12 11 197 92 12 84 83 140 43 130 7 34 48 6 23 85 68 95 4 78 146 137 118 182 148 117 24 114 142 3 100 2 181 167 8 187 6 176 20 39 10 5 26 3 45 81 174 188 35 14 144 96 57 4 64 7 2 101 49 170 0 190 38 31 133 107 157 179 150 75 110 77 11 66 44 13 32 46 61 17 67 120 138 79 4 108
79
121 121
143 143
37 37
53 53
82 82
56 151 56
177 186 177
71 71
73 73
134 134
136 136
11 11
197 197
92 65 92
84 84
83 83
140 1 140
43 43
130 130
34 34
48 48
23 23
85 85
68 68
95 95
4 129
78 78
146 146
137 137
118 184 118
182 99 182
148 148
117 117
24 24
114 114
142 142
100 100
181 28 181
167 167
187 187
176 176
39 39
5 5
26 26
45 45
81 81
174 19 174
188 188
35 14 35
144 153 144
96 96
57 57
64 64
7 7 69 128
101 101
49 109 49
170 54 170
190 190
38 38
31 31
133 63 133
107 107
157 15 157
179 179
150 150
75 75
110 110
77 77
66 66
44 44
13 13
32 32
46 46
61 61
17 17
67 67
120 126 120
138 138
79 36 79
