1 2 12 4 106 5 18 128 132 28 22 32 66 41 10 104 30 68 70 112 130 77 6 8 90 92 54 20 126 56 114 137 138 101 142 76 34 100 58 40 82 52 118 53 42 113 78 125 94 136 46 64 108 14 24 50 84 71 144 98 48 122 60 74 36 131 72 59 96 11 120 62 1
71
2 2
12 12
4 4
106 106
5 5
18 18
128 128
132 132
28 28
22 22
32 32
66 66
41 41
10 89 88 80 29 124 65 140 16 10
104 104
30 30
68 68
70 70
112 112
130 130
77 77
6 6
8 8
90 90
92 92
54 54
20 20
126 126
56 102 56
114 114
137 137
138 138
101 101
142 44 142
76 76
34 34
100 100
58 58
40 40
82 82
52 52
118 116 118
53 53
42 42
113 113
78 78
125 125
94 94
136 136
46 46
64 64
108 108
14 14
24 47 38 35 26 24
50 50
84 23 84
71 71
144 95 86 83 144
98 98
48 119 110 48
122 122
60 143 134 60
74 74
36 107 36
131 131
72 72
59 59
96 96
11 11
120 17 120
62 62
