create top scrap cancel hide absorption tin colon mechanism line accessible ballot crew farewell pupil bracket pride perception basketball celebration nationalism magnitude fuss skip appear feign deck maze linear childish contract battery concern steward think belief dose minimize adult exotic direct predict create
41
top top
scrap scrap
cancel cancel
hide merit hide
absorption absorption
tin transmission tin
colon colon
mechanism mechanism
line line
accessible accessible
ballot ballot
crew crew
farewell farewell
pupil pupil
bracket breakin pastel bracket
pride pride
perception perception
basketball basketball
celebration prove celebration
nationalism community nationalism
magnitude magnitude
fuss fuss
skip skip
appear appear
feign creation feign
deck deck
maze maze
linear linear
childish company childish
contract contract
battery battery
concern concern
steward steward
think think
belief belief
dose dose
minimize minimize
adult adult
exotic exotic
direct direct
predict suffer predict
