pride thank transaction vote company fuss basketball prove appear bring minimize ballot bracket glide breakin thread mosaic absorption farewell integrated celebration partnership nationalism magnetic pupil denial loud hide magnitude fortune offensive belief maze top seller skip mechanism accessible perception cancel crew car battery knit battery domestic top create direct merit dose feign traction colon salmon inhibition present formation work valid pastel childish huge wrong lobby dramatic community leash company homosexual deck makeup basketball rabbit mind scrap berry hide tin gift line think suffer craftsman contract belief exotic snap trance dedicate deter company tribe steward desk dialect top pride
88
pride pride
thank equinox thank
transaction transaction
vote vote
company company
fuss fuss
basketball basketball
prove prove
appear appear
bring bring
minimize minimize
ballot ballot
bracket bracket
glide glide
breakin breakin
thread thread
mosaic mosaic
absorption absorption
farewell farewell
integrated integrated
celebration celebration
partnership partnership
nationalism nationalism
magnetic transmission adult magnetic
pupil pupil
denial denial
loud loud
hide hide
magnitude magnitude
fortune fortune
offensive offensive
maze maze
seller seller
skip battery skip
mechanism mechanism
accessible accessible
perception perception
cancel cancel
crew crew
car car
knit knit
domestic domestic
top top
create concern create
direct direct
merit merit
dose dose
feign feign
traction traction
colon colon
salmon linear salmon
inhibition inhibition
present present
formation formation
work whole work
valid valid
pastel pastel
childish childish
huge huge
wrong wrong
lobby lobby
dramatic dramatic
community east community
leash leash
homosexual shelter homosexual
deck deck
makeup makeup
rabbit creation rabbit
mind mind
scrap predict scrap
berry berry
tin tin
gift gift
line line
think dilemma think
suffer suffer
craftsman craftsman
contract contract
belief belief
exotic exotic
snap snap
trance trance
dedicate dedicate
deter deter
tribe tribe
steward steward
desk desk
dialect dialect
