steward childish belief deck company hide concern pastel concern perception creation community linear scrap exotic basketball think tin skip adult farewell hide ballot steward
20
childish top childish
belief belief
deck deck
company company
hide hide
concern concern
pastel pastel
perception perception
creation appear battery creation
community community
linear linear
scrap scrap
exotic exotic
basketball basketball
think think
tin minimize tin
skip skip
adult adult
farewell farewell
ballot crew ballot
