1 2 5 4 3 2 1 6 1 10 12 11 13 10 1 18 19 20 21 18 1 22 23 24 22 1 26 27 28 27 26 1 50 51 52 55 53 54 52 51 50 1 56 1 60 63 61 62 60 1 68 69 70 71 68 1 72 74 73 72 1 76 77 78 77 76 1 100 101 102 105 103 104 102 101 100 1 106 1 110 112 111 113 110 1 118 119 121 120 118 1 122 123 124 122 1 126 127 128 127 126 1 150 151 152 155 154 153 152 151 150 1 156 1 160 162 161 163 160 1 168 169 170 171 168 1 172 173 174 172 1 176 177 178 177 176 1
53
5 5
4 4
3 3
6 9 7 8
12 12
11 11
13 13
1 17 16 15 67 66 65 117 116 115 167 166 165
19 19
20 20
21 21
23 23
24 25 24
28 30 28
55 55
53 53
54 54
56 58 57 59
63 63
61 61
62 62
69 69
70 70
71 71
74 75 74
73 73
78 80 78
105 105
103 103
104 104
106 108 107 109
112 112
111 111
113 113
119 119
121 121
120 120
123 123
124 125 124
128 130 128
155 155
154 154
153 153
156 158 157 159
162 162
161 161
163 163
169 169
170 170
171 171
173 173
174 175 174
178 180 178
