loc0 loc82 loc18 loc80 loc72 loc64 loc0 loc2 loc36 loc22 loc78 loc26 loc84 loc88 loc42 loc34 loc66 loc58 loc0 loc38 loc60 loc50 loc48 loc6 loc90 loc30 loc46 loc24 loc32 loc12 loc0
28
loc0 loc74 loc62 loc0
loc82 loc82
loc18 loc14 loc52 loc18
loc80 loc80
loc72 loc54 loc86 loc94 loc96 loc72
loc64 loc64
loc2 loc98 loc2
loc36 loc68 loc36
loc22 loc22
loc78 loc78
loc26 loc26
loc84 loc44 loc84
loc88 loc88
loc42 loc8 loc76 loc56 loc70 loc42
loc34 loc34
loc66 loc66
loc58 loc92 loc58
loc38 loc38
loc60 loc28 loc16 loc4 loc60
loc50 loc50
loc48 loc48
loc6 loc6
loc90 loc20 loc90
loc30 loc30
loc46 loc46
loc24 loc40 loc24
loc32 loc10 loc32
loc12 loc12
