loc0 loc12 loc132 loc196 loc36 loc82 loc117 loc94 loc177 loc72 loc112 loc96 loc140 loc54 loc86 loc117 loc22 loc186 loc78 loc26 loc84 loc42 loc70 loc168 loc118 loc123 loc40 loc51 loc130 loc123 loc152 loc114 loc24 loc56 loc174 loc44 loc198 loc104 loc90 loc134 loc180 loc162 loc30 loc164 loc6 loc182 loc90 loc170 loc144 loc148 loc48 loc50 loc105 loc106 loc165 loc128 loc126 loc60 loc28 loc63 loc98 loc135 loc4 loc87 loc190 loc138 loc88 loc42 loc188 loc147 loc160 loc183 loc68 loc102 loc150 loc146 loc120 loc66 loc116 loc27 loc58 loc99 loc156 loc108 loc14 loc18 loc52 loc159 loc80 loc192 loc178 loc0
79
loc0 loc0
loc12 loc12
loc132 loc124 loc74 loc62 loc38 loc2 loc132
loc196 loc196
loc36 loc36
loc82 loc82
loc117 loc154 loc194 loc136 loc158
loc94 loc94
loc177 loc64 loc142
loc72 loc72
loc112 loc112
loc96 loc96
loc140 loc140
loc54 loc54
loc86 loc86
loc22 loc22
loc186 loc186 loc34
loc78 loc78
loc26 loc26
loc84 loc84
loc42 loc166 loc42
loc70 loc70
loc168 loc168
loc118 loc118
loc123 loc110
loc40 loc40
loc51 loc76
loc130 loc130
loc152 loc138 loc152
loc114 loc114
loc24 loc46 loc24
loc56 loc56
loc174 loc174
loc44 loc44
loc198 loc198
loc104 loc104
loc90 loc90
loc134 loc134
loc180 loc180
loc162 loc162
loc30 loc30
loc164 loc164
loc6 loc6
loc182 loc182
loc170 loc170
loc144 loc32 loc20 loc144
loc148 loc148
loc48 loc10 loc48
loc50 loc50
loc106 loc106
loc128 loc128
loc126 loc126
loc60 loc60
loc28 loc28
loc98 loc98
loc4 loc4
loc190 loc190
loc88 loc88
loc188 loc188
loc147 loc8 loc176
loc160 loc160
loc68 loc68
loc102 loc102
loc150 loc150
loc146 loc146
loc120 loc120
loc66 loc66
loc116 loc116
loc58 loc58
loc99 loc92 loc16
loc156 loc156
loc108 loc108
loc14 loc14
loc18 loc172 loc100 loc18
loc52 loc52
loc159 loc184
loc80 loc80
loc192 loc192 loc122
loc178 loc178
