0 1 2 12 22 21 31 42 43 33 24 25 26 15 5 6 16 17 18 8 9 18 29 39 38 37 48 47 46 45 44 53 52 51 61 70 71 72 73 84 94 95 96 87 77 67 76 86 96 107 108 98 89 99 109 118 129 139 149 158 148 137 127 116 106 105 104 103 102 101 110 120 130 140 150 151 152 153 164 154 155 146 147 156 166 176 175 186 187 188 178 189 198 197 196 186 175 165 164 163 162 161 170 181 182 183 184 173 163 152 142 131 121 111 122 123 132 133 124 114 104 93 83 82 81 70 60 50 40 30 20 10 0
88
2 2
12 12
22 22
21 20 21
31 31
42 42
43 43
33 33
24 24
26 26
15 15
5 4 5
16 16
17 17
18 18
8 8
9 9
29 29
39 39
37 37
48 48
45 45
53 64 53
51 51
61 61
70 70
71 71
72 72
73 73
94 94
95 95
96 96
87 87
77 77
67 68 67
76 76
86 86
107 107
108 108
98 98
89 89
99 99
118 118
129 129
139 139
149 149
158 158
127 127 116
104 104
103 103
102 102
101 101
120 120
130 130
140 140
150 150
151 151
152 152
153 153
164 164
154 154
155 155
146 146
147 147
166 166
176 167 176
175 175
186 186
187 187
188 188
178 178
189 189
198 199 198
196 196
165 165
161 161 160
181 181
182 182
183 183
184 184
111 111
122 122
123 123
132 132
133 133
114 125 114 105
83 83 82
81 81 80
