0 79 95 20 8 52 77 85 66 40 46 21 2 27 36 51 72 16 26 3 78 53 13 70 92 59 73 5 90 98 29 17 39 24 75 31 57 10 30 23 28 43 54 61 14 33 37 22 60 50 44 86 11 9 48 88 87 68 34 58 67 56 41 64 45 65 74 38 94 12 69 96 55 91 89 42 18 47 35 76 80 93 83 82 4 81 71 97 99 1 32 7 0
92
0 0
79 79
95 95
20 20
8 8
52 52
77 77
85 85
66 66
40 40
46 46
21 21
2 2
27 27
36 36
51 51
72 84 72
16 16
26 26
3 49 3
78 78
53 53
13 13
70 70
92 25 92
59 59
73 73
5 5
90 90
98 98
29 29
17 17
39 15 39
24 19 24
75 75
31 31
57 57
10 10
30 30
23 23
28 28
43 43
54 54
61 61
14 14
33 33
37 6 37
22 22
60 60
50 50
44 44
86 86
11 11
9 9
48 48
88 88
87 87
68 68
34 34
58 58
67 67
56 56
41 41
64 64
45 45
65 65
74 74
38 38
94 94
12 12
69 69
96 96
55 63 62 55
91 91
89 89
42 42
18 18
47 47
35 35
76 76
80 80
93 93
83 83
82 82
4 4
81 81
71 71
97 97
99 99
1 1
32 32
7 7
