start b16 b10 b9 b8 b9 b10 b11 b12 b13 b12 b11 b10 b16 b17 b18 b19 b20 b21 b20 b19 b18 b17 b16 start c3 c8 c11 c20 c21 c23 c30 c29 c27 c31 c35 c36 c20 c11 c12 c13 c10 c9 c8 c3 start e3 e1 e18 e25 e15 e24 e12 e23 e10 e22 e8 e7 start h2 start h4 h23 h24 h25 h17 h6 start g3 g4 g1 g5 g2 g6 g7 g9 g12 g8 g10 g11 g14 g19 g23 g19 g15 g20 g16 g21 g25 g21 g17 g13 g9 start f11 f12 f13 f5 f15 f16 f17 f7 f14 f9 f18 f19 f20 f10 f14 start d1 d2 d4 d3 start a4 a1 a2 a3 a5 start
63
b8 b2 b1
b13 b5 b6
b12 b4
b11 b3
b21 b25 b15
b20 b24
b19 b26
c3 c1 c5
c20 c17
c21 c21
c23 c23
c27 c26 c27
c31 c33 c31
c13 c15 c13
c10 c10
e3 e20 e21
e25 e25
e24 e24
e23 e23
e22 e22
h2 h9 h26
start e19
h4 h22
h24 h24
h17 h17 h13
h6 h18
g3 g3
g4 g4
g1 g1
g5 g5
g2 g2
g6 g6
g7 g7
g9 g9
g12 g12
g8 g8
g10 g10
g11 g15 g11
g14 g14
g19 g19
g23 g18 g23
g20 g20
g16 g16 g13
g25 g25 g22
g21 g21 g24
g17 g17
f11 f11
f12 f12
f13 f13
f15 f15
f16 f16
f17 f17
f14 f14
f18 f18
f19 f19
f20 f20
d1 d1
d4 d5 d4
a4 a4
a1 a1
a2 a2
a3 a3
a5 a5
