CH CV AP CP BY DD CZ CD CF BD DV AV AU AM BZ AN AL BN CS BL AZ AY CP BV AD AT DL AT DC CZ BU DS DG DS CA AX CU BF CN AJ AF CL DM CB DI BW DF BP BG CM BC CG CY DB CB BS AX BR DO DU CQ DU CW CF DP BI AR DQ CG CH
50
CV CV
AP AP
BY BY
DD DD
CZ CZ
CD CD
CF CF
BD BD
DV DV
AV AV
AU AU
AM AM
BZ BZ
AN AN
AL AL
BN BN
CS CS
BL BL
AZ AZ
AY AY
CP CP
BV BV
AT AT
DL DL
DC DC
BU BU
DG DG
CA CA
CU CU
BF BF
CN CN
AJ AJ
AF AF
CL CL
DM DM
CB CB
DI DI
DF DF
BP BP
BG BG
BC BC
DB DB
BS BS
DO DO
DU DU
CQ CQ
CW CW
DP DP
BI BI
DQ DQ
