BU FF BZ AN BZ HM HP EY ET HA AT DP DQ EP GE AF FP AT GM BE AP EC FS CY CA CV EA EV BF BY CP HO GQ EK GC GV CQ AR EQ CX BQ CE AE BK FI BH BM HJ BE EL DA DJ BG GS DW FL FU EO GP DD GG DM DK DQ HH GX ES DU GA DI AI GH DB GY CW FN DL CT FB DE CK BN CR BA DS DE GO AD CS CI HC EG EH FH CZ EN FN HI HG BU
79
BU BU
FF FF
BZ BZ GK ER
AN AV AN
HM HM
HP HP
EY DR EY
ET ET
HA HA
AT CM AT
DP DP
DQ DQ
GE GE
AF AF
FP FP
GM GM
BE BE
AP AP
EC EC
FS FS
CY CY
CA HF CO CA
CV CV
EV EV
BF BF
BY BY
GQ GQ
EK EK
CQ CQ DT DZ
AR AR
EQ EQ
CX CX
BQ BQ
CE GN
AE AE
BK BK
FI FI
BH FD BH
BM BM
HJ HJ
EL EL
DJ DJ
BG BG
GS GS
FL FL
FU FU
EO EO
GP GP
DD DD
DM DM
DK DK
HH HH
ES ES FR
DU DU
GA FG GA
DI DI
GH GH
GY GY
CW CW
FN FN
DL DV DL
CT CT
FB AY FB
DE FW DE FY AQ
CK CK
BN BN
CR CR
BA BA
DS GT DS
GO DX GO
CS CS
CI CI
HC HC
EG EG CD
EH AX EH
CZ CZ
EN EN
HI BW
HG HG
