Qatar Albania Nicaragua Andorra America Qatar Tajikistan Mozambique Armenia Peru UnitedKingdom Mali Albania Sweden Lebanon Morocco UAE Danzig Angola Uzbekistan SierraLeone Senegal Belarus Qatar SanMarino CzechRepublic Guyana Gabon GuineaBissau Tuvalu RussianFederation Tunisia Liberia Kosovo CostaRica Malta Uruguay Macedonia Qatar Belgium SaintLucia Singapore Qatar
38
Albania France Albania
Nicaragua Nicaragua
Andorra Andorra
America America
Qatar Netherlands Australia
Tajikistan Tajikistan
Mozambique Mozambique
Armenia Armenia
Peru Peru
UnitedKingdom UnitedKingdom
Mali Mali
Sweden Sweden
Lebanon Lebanon
Morocco Tanzania VaticanCity Kyrgyzstan Mongolia Morocco
UAE UAE
Danzig Danzig
Angola Angola
Uzbekistan Burundi Uzbekistan
SierraLeone SierraLeone
Senegal Haiti Georgia Montenegro Senegal
Belarus Belarus
SanMarino SanMarino
CzechRepublic CzechRepublic
Guyana Guyana
Gabon Gabon
GuineaBissau GuineaBissau
Tuvalu Tuvalu
RussianFederation RussianFederation
Tunisia Tunisia
Liberia Liberia
Kosovo Kosovo
CostaRica CostaRica
Malta Malta
Uruguay Estonia
Macedonia Macedonia
Belgium Egypt Belgium
SaintLucia SaintLucia
Singapore DemofChina Singapore
