Albania Gabon Nepal Venezuela Danzig CapeVerde Finland Romania NorthKorea UAE Cambodia Estonia Malaysia Belarus Panama Togo Seychelles Slovenia Bahamas Kiribati Eritrea Fiji Argentina Qatar Newfoundland Bulgaria Lithuania BosHerzegovina RussianFederation Liechtenstein Niger Tanzania Chile Serbia Comoros Ethiopia Burma TheGambia Rome Kazakhstan Vanuatu Grenada Australia Cyprus Laos France Brazil Andorra Lesotho Tunisia Portugal Paraguay Maldives Italy Mauritania Germany NewZealand Kosovo VaticanCity America Switzerland CentralAfricanRep Yemen Jamaica Philippines Ukraine Rwanda Algeria Pakistan MountAthos SaintLucia Israel Dominica IvoryCoast Japan Latvia EquatorGuinea Burkina Mongolia SolomonIslands Hungary Mauritius SriLanka Peru Guatemala SaoTomPrincipe Luxembourg Suriname Norway SaudiArabia Poland Mali SierraLeone PapuaNewGuinea Thailand Cuba Greece Albania
96
Gabon Gabon
Nepal Nepal
Venezuela Venezuela
Danzig Danzig
CapeVerde CapeVerde
Finland Finland
Romania Romania
NorthKorea NorthKorea
UAE UAE
Cambodia Cambodia
Estonia Estonia
Malaysia Malaysia
Belarus Belarus
Panama Panama
Togo Togo
Seychelles Seychelles
Slovenia Slovenia
Bahamas Bahamas
Kiribati Kiribati
Eritrea Eritrea
Fiji Fiji
Argentina Argentina
Qatar Qatar
Newfoundland Newfoundland
Bulgaria Bulgaria
Lithuania Lithuania
BosHerzegovina BosHerzegovina
RussianFederation RussianFederation
Liechtenstein Liechtenstein
Niger Niger
Tanzania Tanzania
Chile Chile
Serbia Serbia
Comoros Comoros
Ethiopia Ethiopia
Burma Burma
TheGambia TheGambia
Rome Rome
Kazakhstan Kazakhstan
Vanuatu Vanuatu
Grenada SaintKitts Grenada
Australia Australia
Cyprus Cyprus
Laos Laos
France France
Brazil Brazil
Andorra Andorra
Lesotho Lesotho
Tunisia Tunisia
Portugal Portugal
Paraguay Paraguay
Maldives Maldives
Italy Italy
Mauritania Mauritania
Germany Germany
NewZealand NewZealand
Kosovo Bhutan Kosovo
VaticanCity VaticanCity
America America
Switzerland Switzerland
CentralAfricanRep CentralAfricanRep
Yemen Yemen
Jamaica Jamaica
Philippines Philippines
Ukraine Ukraine
Rwanda Rwanda
Algeria Algeria
Pakistan Pakistan
MountAthos MountAthos
SaintLucia SaintLucia
Israel Israel
Dominica Dominica
IvoryCoast IvoryCoast
Japan Japan
Latvia Latvia
EquatorGuinea EquatorGuinea
Burkina Djibouti Burkina UnitedKingdom
Mongolia Mongolia
SolomonIslands SolomonIslands
Hungary Hungary
Mauritius Mauritius
SriLanka SriLanka
Peru Peru
Guatemala Guatemala
SaoTomPrincipe SaoTomPrincipe
Luxembourg Luxembourg
Suriname Suriname
Norway Norway
SaudiArabia SaudiArabia
Poland Poland
Mali Mali
SierraLeone SierraLeone
PapuaNewGuinea PapuaNewGuinea
Thailand Thailand
Cuba Cuba
Greece Greece
