Nepal Georgia Argentina Belarus UAE Estonia NewZealand Fiji Afghanistan Vietnam Niger Serbia SaintLucia VaticanCity Kuwait Tajikistan Slovakia Botswana Suriname Tanzania Nepal
19
Georgia Georgia
Argentina Liechtenstein Argentina
Belarus Azerbaijan Belarus
UAE UAE
Estonia Estonia
NewZealand NewZealand
Fiji Fiji
Afghanistan Afghanistan
Vietnam Vietnam
Niger Mauritius Panama Palau Niger
Serbia Serbia
SaintLucia SaintLucia
VaticanCity VaticanCity
Kuwait Kuwait
Tajikistan Tajikistan
Slovakia Slovakia
Botswana Botswana
Suriname MarshallIslands Suriname
Tanzania Tanzania
