l0 h0 h49 h5 h3 h7 h42 h6 h4 l40 h8 l1 h45 h11 h12 l15 h14 h24 h44 h25 h39 h46 l36 h41 h35 h34 h38 h15 h43 h17 l12 h36 h40 h47 h33 h13 l39 h19 l6 h20 h30 h21 h29 l30 h28 h32 h23 h31 h18 l0
44
l0 h1
h0 h0
h49 h49
h5 h5
h3 h3
h7 h10 h7
h42 h42
h6 h6
h4 h4
h8 h8
h45 h45
h11 h9 h11
h12 h12
h14 h14
h24 h24
h44 h44
h25 h25
h39 h39
h46 h46
h41 h41
h35 h35
h34 h34
h38 h38
h15 h15
h43 h43
h17 h37 h17
l12 h16
h36 h36
h40 h40
h47 h26 h47
h33 h33
h13 h13
l39 h2
h19 h19
h20 h20
h30 h48 h30
h21 h22 h21
h29 h29
l30 h27
h28 h28
h32 h32
h23 h23
h31 h31
h18 h18
