l0 h3 h2 h74 l5 h83 h1 h0 h25 h58 h84 l0 h81 l6 h59 h61 l19 h60 l1 h82 h64 h86 l1 h19 h88 h5 h4 h53 l33 h42 l1 h65 h12 h13 h97 h27 l4 h26 l4 h63 l4 h62 h99 h87 l18 h9 h40 l8 h36 h37 l2 h95 h43 h85 h16 h15 h80 h29 h70 l10 h71 l11 h22 h23 h50 h51 h45 h76 l2 h54 h55 h66 l10 l0 h56 l17 h35 h79 h32 h30 l15 l0 h98 l5 h31 h48 h49 l9 h69 l28 l0 h57 h20 l7 h93 h90 h39 h11 l20 h38 l5 h72 h67 h92 h47 h89 l11 h91 l11 l0
81
h3 h3
h2 h2
h74 h74
h83 h83
h1 h1
h0 h0
h25 h25
h58 h6 h58
h84 h84
h81 h81
h59 h59
h61 h61
h60 h60
h82 h82
h64 h64
h86 h86
h19 h19
h88 h88
h5 h5
h4 h18 h4
h53 h52 h53
h42 h42
h65 h65
h12 h12
h13 h13
h97 h97
h27 h27
h26 h26
h63 h63
h62 h62
h99 h99
h87 h41 h87
h9 h9
h40 h8 h40
h36 h36
h37 h37
h95 h95
h43 h43
h85 h85
h16 h16
h15 h15
h80 h28 h17 h80
h29 h7 h29
h70 h70
h71 h14 h71
h22 h22
h23 h77 h23
h50 h50
h51 h44 h51
h45 h45
h76 h76
h54 h54
h55 h55
h66 h75 h66
l10 h21 h94
h56 h56
l17 h34
h35 h35
h79 h79
h32 h32
h30 h30
l15 h68 h33
h98 h98
h31 h31
h48 h48
h49 h49
h69 h69
l28 h78
h57 h57
h20 h10 h20
h93 h93
h90 h90
h39 h39
h11 h11
h38 h73 h38
h72 h72
h67 h96 h67
h92 h46 h24 h92
h47 h47
h89 h89
h91 h91
