Mf966TmCJF9l0PTKetVd tH0lbMmdJDVlC4Pr7uAb aU4DeG46NC8vRU6N0ahg NtZncVsU7O40k1BXousH aH2XDl7CjGFhEP3bbYjH GzkbHop7cJv0CvjQalTE 3Yod5nNtIcKNmTtNQ3xH Y5ZKsuPbCDUQp5LjPNey jAzyDyaN1mD5Ei1RjCiO OGxA8YvD4WfIxOfmtWm4 0O3lDJvzYSiuZNzHimQX Ic20PkDM6xxefUTvJEIQ 5ebtvAsyAh8vEmm1Z3wm wtlCpdxHbUUmSY7DnD2u 7c4FoaFf1TJetsLZUEok IwnN6xRahpjWnxZTYR2F XfWllIgv9lA6ZwGuKvLt km12BN3CByUGmRV2tX7b 4mdSIFCsq2HySOzm2H4M R87rV3jFUvYuE0RN4Z4a bLojQFXmB5k6r0zKTWYe iRg3oRlKsAtLuOm5tUrC mGfIqoDGGajPXw9RvY8S WZxeHszJ2ShfYgJs53YV Xucw5TdPOzp0SQGWHjkE JfzkldRR1w0Y52KBg47D CLNCAWQgYnzuvt7RChAf BLgd9OLqnPIJY5LCIxDK Crbc9OlCoJ9dTIJXXsjb OyOgefgJfgx6VwEfudZn lrLgTYF7nIsDkEYlxuHz PLyQF48YPXs4LxxIxWHM 1crXui4lUlMG7IuTFiXo y3cL4LyhfEAlU1Jj1Xj6 W1IcDWCQWwTCriXsjtm4 zDq8bGYKiSYw3c53IWfw RrBlUMzlEzdRa5S1pyiF czjPVxJvSz9DoMc0Y7Vv BcvYB1mubFuRTbgMUsXg ul7ierPjffkmvfh4Ylme KKiBHd9DTQAd6AZYxlK3 a6uUA0TEdnZwD1b73O9r 7ArLVA3N0doHBQAlCDtl eA2uctxdjBuXDZUrmUHy TmdW4dU59umpgT9XX8G3 p6bp9pYgtaGo4Q50DQAM Hpniux0SkkA6CliHWNDc 1aGCWVuyE8DRxIV204ZW JfWSVxbK8iOEPzK7FV9x S0PhmGw8tyUPzxvRSE5R 1wZce3qjltyIzzlL1Zfw u4VGAkqq00Jhej3knMJI WQlZty1AKP9gLfjz0EYW 4mRiy2s23Ljl4N4CqEav Q4jkxyPtGKis0eXik3Gg AjMqEYKq0eELwsiEhQNE cAkwFDH7tSQkP40ewGcD CHHJQHxp9VQGraviPBS2 TBEGhhvsdStRJh2Eqkyf Ad4iMaOuAofXNjJzNKWl bBJ5TDHtVrSIxXmQJ63J fsCdklolnC3ndvzFtyM3 56ePYTmTGzdOHfvnLEPd TkZ4LHIfwKap48xdp8m2 kGhQ3uDjcFA7MLP7UF4W wNmo9den9k6ySqzO7o0M ZDA7k1XMUYTsnmCfuUtR sSdPSXUotKahf03SRnBn UvtGaTsTes8Gs4gE8ya3 SQhK0n9L9aixdJxvdeKd e2usEAoRX2qu6mneHOxg HhITLZSwERe6osGRUBXt jZUUy27kZ3z2uIv0PGPy JWE9kJZ3fUSBbRtkVScl ZPAxEbVjKWTr0cDqLbA0 N7mkTpLI9Mgh0txBOflw kVdbGuYm0jD2q8vsLFHY 2bMCdMiNzTpm8a2kNe9G trOoQ3enuOI8GUJqwAMC flliQzyn5hSC8yLOMyYJ rzYdrZxXnbXlOjFVWVaR Yw0z9L8p6xIk7hgYCgVd byF5FvS6RJUrgCsP3o6T b2icxuMf1zEyF7ImMEzE QZIvvAQe1weWyQjLrGi1 GfTqQpqjWivAFXbCN2BL pxBA1Tii62WPeRWcccVp wyZ3Q4gHyaxpdYdezyjU Mf966TmCJF9l0PTKetVd
87
Mf966TmCJF9l0PTKetVd dOWv4G57nxm9UArCvQlq
tH0lbMmdJDVlC4Pr7uAb tH0lbMmdJDVlC4Pr7uAb
aU4DeG46NC8vRU6N0ahg aU4DeG46NC8vRU6N0ahg
NtZncVsU7O40k1BXousH NtZncVsU7O40k1BXousH
aH2XDl7CjGFhEP3bbYjH aH2XDl7CjGFhEP3bbYjH
GzkbHop7cJv0CvjQalTE GzkbHop7cJv0CvjQalTE
3Yod5nNtIcKNmTtNQ3xH 3Yod5nNtIcKNmTtNQ3xH
Y5ZKsuPbCDUQp5LjPNey Y5ZKsuPbCDUQp5LjPNey
jAzyDyaN1mD5Ei1RjCiO jAzyDyaN1mD5Ei1RjCiO
OGxA8YvD4WfIxOfmtWm4 OGxA8YvD4WfIxOfmtWm4
0O3lDJvzYSiuZNzHimQX 0O3lDJvzYSiuZNzHimQX
Ic20PkDM6xxefUTvJEIQ Ic20PkDM6xxefUTvJEIQ
5ebtvAsyAh8vEmm1Z3wm 5ebtvAsyAh8vEmm1Z3wm
wtlCpdxHbUUmSY7DnD2u wtlCpdxHbUUmSY7DnD2u
7c4FoaFf1TJetsLZUEok 7c4FoaFf1TJetsLZUEok
IwnN6xRahpjWnxZTYR2F ydEppVwK15UN0USyP00U IwnN6xRahpjWnxZTYR2F
XfWllIgv9lA6ZwGuKvLt XfWllIgv9lA6ZwGuKvLt
km12BN3CByUGmRV2tX7b acwLCbshqBQuYbTzAPRI km12BN3CByUGmRV2tX7b
4mdSIFCsq2HySOzm2H4M VqBuOSJBVqxMG4rldwQn 4mdSIFCsq2HySOzm2H4M
R87rV3jFUvYuE0RN4Z4a R87rV3jFUvYuE0RN4Z4a
bLojQFXmB5k6r0zKTWYe bLojQFXmB5k6r0zKTWYe
iRg3oRlKsAtLuOm5tUrC iRg3oRlKsAtLuOm5tUrC
mGfIqoDGGajPXw9RvY8S mGfIqoDGGajPXw9RvY8S
WZxeHszJ2ShfYgJs53YV WZxeHszJ2ShfYgJs53YV
Xucw5TdPOzp0SQGWHjkE Xucw5TdPOzp0SQGWHjkE
JfzkldRR1w0Y52KBg47D JfzkldRR1w0Y52KBg47D
CLNCAWQgYnzuvt7RChAf CLNCAWQgYnzuvt7RChAf
BLgd9OLqnPIJY5LCIxDK BLgd9OLqnPIJY5LCIxDK
Crbc9OlCoJ9dTIJXXsjb Crbc9OlCoJ9dTIJXXsjb
OyOgefgJfgx6VwEfudZn OyOgefgJfgx6VwEfudZn
lrLgTYF7nIsDkEYlxuHz lrLgTYF7nIsDkEYlxuHz
PLyQF48YPXs4LxxIxWHM PLyQF48YPXs4LxxIxWHM
1crXui4lUlMG7IuTFiXo CxdADQl1Lh5mGQMAravk 1crXui4lUlMG7IuTFiXo
y3cL4LyhfEAlU1Jj1Xj6 y3cL4LyhfEAlU1Jj1Xj6
W1IcDWCQWwTCriXsjtm4 W1IcDWCQWwTCriXsjtm4
zDq8bGYKiSYw3c53IWfw zDq8bGYKiSYw3c53IWfw
RrBlUMzlEzdRa5S1pyiF RrBlUMzlEzdRa5S1pyiF
czjPVxJvSz9DoMc0Y7Vv BCVfaQnOCgLubJ23r8nF czjPVxJvSz9DoMc0Y7Vv
BcvYB1mubFuRTbgMUsXg BcvYB1mubFuRTbgMUsXg
ul7ierPjffkmvfh4Ylme ul7ierPjffkmvfh4Ylme
KKiBHd9DTQAd6AZYxlK3 KKiBHd9DTQAd6AZYxlK3
a6uUA0TEdnZwD1b73O9r VaRx19QfIOvUT5pZyulj a6uUA0TEdnZwD1b73O9r
7ArLVA3N0doHBQAlCDtl KCy3uvDFe4h3kwRgxFiX 7ArLVA3N0doHBQAlCDtl
eA2uctxdjBuXDZUrmUHy JWE9kJZ3fUSBbRtkVScl eA2uctxdjBuXDZUrmUHy
TmdW4dU59umpgT9XX8G3 TmdW4dU59umpgT9XX8G3
p6bp9pYgtaGo4Q50DQAM p6bp9pYgtaGo4Q50DQAM
Hpniux0SkkA6CliHWNDc Hpniux0SkkA6CliHWNDc
1aGCWVuyE8DRxIV204ZW 4CVQrsejmjPmVL7elf2w 1aGCWVuyE8DRxIV204ZW
JfWSVxbK8iOEPzK7FV9x JfWSVxbK8iOEPzK7FV9x
S0PhmGw8tyUPzxvRSE5R S0PhmGw8tyUPzxvRSE5R
1wZce3qjltyIzzlL1Zfw 1wZce3qjltyIzzlL1Zfw
u4VGAkqq00Jhej3knMJI u4VGAkqq00Jhej3knMJI
WQlZty1AKP9gLfjz0EYW WQlZty1AKP9gLfjz0EYW
4mRiy2s23Ljl4N4CqEav 4mRiy2s23Ljl4N4CqEav
Q4jkxyPtGKis0eXik3Gg Q4jkxyPtGKis0eXik3Gg
AjMqEYKq0eELwsiEhQNE AjMqEYKq0eELwsiEhQNE
cAkwFDH7tSQkP40ewGcD cAkwFDH7tSQkP40ewGcD
CHHJQHxp9VQGraviPBS2 CHHJQHxp9VQGraviPBS2
TBEGhhvsdStRJh2Eqkyf TBEGhhvsdStRJh2Eqkyf
Ad4iMaOuAofXNjJzNKWl Ad4iMaOuAofXNjJzNKWl
bBJ5TDHtVrSIxXmQJ63J bBJ5TDHtVrSIxXmQJ63J
fsCdklolnC3ndvzFtyM3 fsCdklolnC3ndvzFtyM3
56ePYTmTGzdOHfvnLEPd YrtjNlKZcZnAXu7owFPA 56ePYTmTGzdOHfvnLEPd
TkZ4LHIfwKap48xdp8m2 TkZ4LHIfwKap48xdp8m2
kGhQ3uDjcFA7MLP7UF4W kGhQ3uDjcFA7MLP7UF4W
wNmo9den9k6ySqzO7o0M wNmo9den9k6ySqzO7o0M
ZDA7k1XMUYTsnmCfuUtR ZDA7k1XMUYTsnmCfuUtR
sSdPSXUotKahf03SRnBn sSdPSXUotKahf03SRnBn
UvtGaTsTes8Gs4gE8ya3 UvtGaTsTes8Gs4gE8ya3
SQhK0n9L9aixdJxvdeKd SQhK0n9L9aixdJxvdeKd
e2usEAoRX2qu6mneHOxg QMmklR1fA1rnjMsU1WMc e2usEAoRX2qu6mneHOxg
HhITLZSwERe6osGRUBXt HhITLZSwERe6osGRUBXt
jZUUy27kZ3z2uIv0PGPy jZUUy27kZ3z2uIv0PGPy
ZPAxEbVjKWTr0cDqLbA0 ZPAxEbVjKWTr0cDqLbA0
N7mkTpLI9Mgh0txBOflw N7mkTpLI9Mgh0txBOflw
kVdbGuYm0jD2q8vsLFHY kVdbGuYm0jD2q8vsLFHY
2bMCdMiNzTpm8a2kNe9G 2bMCdMiNzTpm8a2kNe9G
trOoQ3enuOI8GUJqwAMC trOoQ3enuOI8GUJqwAMC
flliQzyn5hSC8yLOMyYJ flliQzyn5hSC8yLOMyYJ
rzYdrZxXnbXlOjFVWVaR rzYdrZxXnbXlOjFVWVaR
Yw0z9L8p6xIk7hgYCgVd Yw0z9L8p6xIk7hgYCgVd
byF5FvS6RJUrgCsP3o6T byF5FvS6RJUrgCsP3o6T
b2icxuMf1zEyF7ImMEzE b2icxuMf1zEyF7ImMEzE
QZIvvAQe1weWyQjLrGi1 QZIvvAQe1weWyQjLrGi1
GfTqQpqjWivAFXbCN2BL HKK5Jm9eHd0V7gvBWuw9 GfTqQpqjWivAFXbCN2BL
pxBA1Tii62WPeRWcccVp NvfSRypj4POoHWC3jDz3 pxBA1Tii62WPeRWcccVp
wyZ3Q4gHyaxpdYdezyjU wyZ3Q4gHyaxpdYdezyjU
