0EzLvznzqSsDTCbR5WWQ TWpWLT2JICvczaB6q8Bo hk9ECfFhibg7bmIlco5h j7jI3vJM5SWQs3N9YWK4 75EgdJC8MacBE2zKZlon IVZaGmLbfT5MQpxXO2DP 3iRTkaf7suaV2i91D7AI m5Au4RgVgXhOUKbKSdGW pWBi6tyyRZpOm0dbsZfH lEZ0YMvUzTvQYxlTiMir b69ITlIgTtPRUIpmSw5o YRtAAkfi0YIaAv0XqGni LtVuPtXkki7L0rCf1ysG idUlMWK1ZaKWh4awCdHY vgcAaadTbDs3lU9Z1t49 wrf0xNKoLGLKfuhe6hpI K5LnOJV1Zh18kgMnZsVe tnUjNl6cWuoaXQEfxH4p LTgssryHh3BZe1w1IMJd 4ZMxz7AKccmgx6JK5gZn cZGUbNgsLGnuZE3Ot20K N0EmviMgt156P2Bd7oet I7VRK3VugXxRlgxCe54Q oFJmSdI9Mubs3awqWY5w 0EzLvznzqSsDTCbR5WWQ
23
TWpWLT2JICvczaB6q8Bo TWpWLT2JICvczaB6q8Bo
hk9ECfFhibg7bmIlco5h hk9ECfFhibg7bmIlco5h
j7jI3vJM5SWQs3N9YWK4 j7jI3vJM5SWQs3N9YWK4
75EgdJC8MacBE2zKZlon 75EgdJC8MacBE2zKZlon
IVZaGmLbfT5MQpxXO2DP LS3fS52ozGva9KBtcfZZ IVZaGmLbfT5MQpxXO2DP
3iRTkaf7suaV2i91D7AI 3iRTkaf7suaV2i91D7AI
m5Au4RgVgXhOUKbKSdGW m5Au4RgVgXhOUKbKSdGW
pWBi6tyyRZpOm0dbsZfH pWBi6tyyRZpOm0dbsZfH
lEZ0YMvUzTvQYxlTiMir lEZ0YMvUzTvQYxlTiMir
b69ITlIgTtPRUIpmSw5o b69ITlIgTtPRUIpmSw5o
YRtAAkfi0YIaAv0XqGni YRtAAkfi0YIaAv0XqGni
LtVuPtXkki7L0rCf1ysG LtVuPtXkki7L0rCf1ysG
idUlMWK1ZaKWh4awCdHY idUlMWK1ZaKWh4awCdHY
vgcAaadTbDs3lU9Z1t49 vgcAaadTbDs3lU9Z1t49
wrf0xNKoLGLKfuhe6hpI wrf0xNKoLGLKfuhe6hpI
K5LnOJV1Zh18kgMnZsVe K5LnOJV1Zh18kgMnZsVe
tnUjNl6cWuoaXQEfxH4p tnUjNl6cWuoaXQEfxH4p
LTgssryHh3BZe1w1IMJd LTgssryHh3BZe1w1IMJd
4ZMxz7AKccmgx6JK5gZn 4ZMxz7AKccmgx6JK5gZn
cZGUbNgsLGnuZE3Ot20K HET4yE4ksHFmFRytJhfu cZGUbNgsLGnuZE3Ot20K
N0EmviMgt156P2Bd7oet N0EmviMgt156P2Bd7oet
I7VRK3VugXxRlgxCe54Q I7VRK3VugXxRlgxCe54Q
oFJmSdI9Mubs3awqWY5w oFJmSdI9Mubs3awqWY5w
