L0 L30 L3 L153 L39 L52 L39 L138 L171 L152 L120 L53 L84 L147 L188 L115 L64 L7 L8 L57 L27 L63 L144 L65 L64 L104 L14 L13 L149 L160 L31 L48 L1 L157 L21 L75 L74 L46 L47 L70 L109 L50 L49 L118 L69 L192 L112 L141 L17 L127 L54 L182 L175 L142 L12 L110 L109 L196 L71 L178 L41 L36 L73 L146 L63 L116 L0 L168 L81 L55 L23 L26 L82 L177 L48 L119 L134 L164 L165 L10 L20 L77 L60 L88 L94 L139 L28 L118 L130 L106 L98 L121 L30 L107 L113 L114 L143 L16 L3 L163 L125 L29 L97 L18 L145 L194 L19 L96 L24 L63 L58 L132 L103 L95 L66 L176 L0
87
L30 L30
L3 L3
L153 L153
L39 L38 L39 L135
L52 L199 L52
L138 L138
L152 L152
L120 L33
L53 L53
L84 L84
L147 L147
L188 L188
L64 L64 L59
L7 L7
L8 L8
L57 L57
L27 L27
L144 L144
L65 L65
L104 L104
L14 L14
L13 L13
L149 L149
L160 L160
L48 L48
L1 L1
L157 L157
L75 L75
L74 L74
L46 L197 L46
L47 L47
L109 L109
L50 L50
L49 L49
L69 L69
L192 L192
L112 L112
L141 L141
L127 L127
L54 L54
L175 L175
L142 L142
L12 L80 L12
L110 L68 L110
L196 L196
L178 L178
L41 L41
L73 L73
L146 L146
L116 L116
L168 L168
L81 L81
L55 L55
L23 L23
L26 L26
L82 L31 L82
L177 L177
L119 L119
L164 L164
L165 L165
L10 L2 L10
L20 L20
L77 L77
L60 L61 L60
L94 L94
L139 L139
L118 L102 L62 L118
L130 L130
L106 L106
L98 L98
L121 L121
L107 L107
L113 L113
L143 L143
L163 L163
L125 L125
L29 L29
L97 L97
L18 L18
L145 L145
L194 L194
L96 L96
L24 L24
L58 L123 L58
L132 L132
L95 L95
L176 L176
