point0 point46 point50 point48 point44 point35 point9 point5 point19 point7 point9 point8 point22 point14 point15 point47 point55 point26 point27 point58 point61 point93 point52 point85 point52 point68 point4 point65 point77 point45 point11 point0
24
point50 point50
point48 point48
point44 point44
point35 point35
point9 point4 point9
point5 point5
point19 point19
point7 point7 point6
point8 point8
point22 point22
point14 point14
point47 point70 point12 point47
point55 point55
point26 point26 point53
point27 point28 point25 point24 point27
point58 point58
point61 point60 point61
point93 point93
point52 point76 point42 point92
point85 point56 point84 point85
point68 point72 point68
point65 point71 point64 point65
point77 point75 point77
point45 point45
