point0 point50 point55 point11 point5 point15 point20 point18 point14 point21 point22 point3 point16 point32 point29 point35 point30 point25 point33 point31 point34 point31 point41 point38 point40 point39 point43 point91 point89 point85 point1 point10 point11 point56 point52 point0 point69 point63 point68 point67 point68 point72 point73 point78 point76 point83 point120 point132 point183 point189 point179 point137 point139 point135 point139 point140 point122 point125 point129 point121 point126 point127 point123 point75 point76 point79 point116 point115 point111 point110 point112 point102 point107 point103 point97 point108 point148 point144 point162 point163 point160 point171 point172 point168 point185 point190 point182 point187 point177 point152 point116 point113 point69 point0
67
point0 point54
point50 point51 point49
point55 point55
point11 point11
point5 point5
point15 point13 point6 point15
point18 point18
point21 point21
point3 point3
point16 point16
point32 point17
point29 point29
point30 point30
point33 point33
point31 point31
point34 point27 point34
point41 point41
point38 point38
point40 point40
point39 point42 point39
point43 point43
point91 point91
point89 point87 point89
point85 point85
point1 point1
point10 point10
point56 point56
point52 point52
point69 point69
point67 point109 point67
point72 point72
point73 point73
point78 point78
point76 point94 point86 point76
point83 point83
point120 point120
point132 point138 point132
point183 point183
point179 point179
point139 point180 point139
point135 point135 point131
point140 point134
point122 point122
point125 point119
point126 point126
point123 point124 point123
point75 point75
point79 point79
point115 point115
point111 point111
point110 point110
point112 point112
point102 point102
point107 point100
point103 point103
point108 point108
point148 point151 point148
point144 point157 point153 point149 point144
point162 point158 point162
point163 point155 point163
point160 point160
point172 point172
point185 point184 point185
point187 point187
point177 point177
point152 point152
point113 point113
