55 173 177 16 84 45 151 20 131 17 14 118 168 11 89 149 171 188 86 80 88 66 43 140 58 163 184 153 78 133 10 26 185 182 57 115 48 33 83 137 111 189 186 159 59 152 119 106 63 158 29 113 15 13 179 62 42 40 53 9 44 8 172 28 114 67 76 116 134 126 30 164 27 170 160 32 150 49 72 54 97 109 148 175 74 143 77 181 146 90 56 122 61 91 55
86
173 173
177 162 177
16 16
84 12
45 45
151 151
20 20
131 131
17 17
14 36
118 81 118
168 168
11 11
149 149
171 171
188 188
86 86
80 80
88 88
66 66
43 43
140 140
58 166 58
163 163
184 184
153 107 153
78 78
133 133
26 26
185 185
182 101 182
57 57
115 115
48 48
33 33
83 83
137 137
111 111
189 71 189
186 186
159 159
59 59
152 152
119 119
106 106
63 63
158 158
29 29
113 113
15 135 15
13 13
179 179
62 62
42 42
40 40
53 53
9 9
8 8
172 172
114 114
67 67
76 76
116 116
134 134
126 126
30 30
27 27
170 105 170
160 160
32 32
150 150
49 49
54 54
97 97
109 109
148 41 148
175 175
74 74
77 77
181 181
146 146
90 90
56 85 56
122 122
61 61
91 91
