x61 x5 x46 x12 x1 x79 x3 x13 x1 x58 x30 x26 x49 x59 x55 x1 x94 x21 x31 x1 x98 x1 x89 x8 x71 x18 x96 x1 x95 x7 x17 x39 x91 x37 x15 x52 x3 x66 x1 x99 x43 x80 x1 x23 x1 x90 x87 x1 x42 x1 x93 x1 x61
36
x61 x61
x5 x5
x46 x46
x12 x97 x12
x79 x79
x3 x3
x1 x30 x1
x58 x58
x26 x26
x49 x49
x59 x13 x59
x55 x54 x55
x94 x2 x94
x21 x21
x31 x88 x31
x98 x98
x89 x89
x8 x8
x71 x71
x18 x0 x18
x96 x96
x95 x95
x7 x32 x7
x39 x39
x91 x28 x91
x37 x37
x52 x52
x66 x68 x66
x99 x99
x43 x81 x43
x80 x80
x23 x40 x34 x23
x90 x90
x87 x53 x87
x42 x42
x93 x93
