x182 x11 x58 x127 x45 x119 x176 x56 x168 x127 x79 x127 x49 x3 x86 x84 x86 x155 x177 x155 x177 x89 x116 x109 x38 x113 x21 x76 x158 x141 x185 x82 x117 x59 x32 x59 x19 x9 x146 x196 x69 x196 x92 x83 x136 x9 x6 x31 x161 x121 x74 x93 x50 x90 x141 x138 x26 x184 x46 x61 x7 x20 x166 x94 x14 x77 x25 x143 x64 x48 x64 x106 x120 x64 x137 x125 x72 x147 x169 x100 x153 x52 x17 x21 x172 x55 x10 x139 x198 x182
67
x182 x182
x11 x11
x58 x58
x127 x127 x186 x98
x45 x45
x119 x151 x23 x119
x176 x189
x56 x56
x79 x27 x79
x49 x49
x3 x3
x86 x66 x86 x87
x84 x179 x84
x177 x192 x177
x155 x102 x155
x116 x116
x109 x163 x109
x113 x113
x21 x21 x118 x164
x76 x114 x76
x141 x43 x141
x185 x185
x82 x82
x32 x183 x32
x59 x59
x19 x42 x19
x9 x95
x146 x128 x146
x69 x194 x69
x92 x53 x18 x92
x83 x83
x136 x136
x6 x6
x31 x80 x31 x133
x161 x161
x121 x107
x74 x2 x104 x74
x50 x50
x138 x138
x26 x26
x184 x30 x184
x46 x46
x61 x61
x7 x7
x20 x20
x166 x166
x94 x94
x14 x14
x77 x71 x77
x25 x25
x143 x143
x64 x64 x88
x48 x4 x48
x106 x15 x106
x120 x156
x137 x137
x125 x125
x72 x72
x147 x147
x100 x159 x99 x100
x153 x153
x17 x17
x172 x172
x55 x55
x10 x10
x139 x139
x198 x8 x198
